[2023-03-22T01:33:39.060+0000] {taskinstance.py:1084} INFO - Dependencies all met for dep_context=non-requeueable deps ti=<TaskInstance: spark_examples.spark-task scheduled__2023-03-21T22:00:00+00:00 [queued]>
[2023-03-22T01:33:39.083+0000] {taskinstance.py:1084} INFO - Dependencies all met for dep_context=requeueable deps ti=<TaskInstance: spark_examples.spark-task scheduled__2023-03-21T22:00:00+00:00 [queued]>
[2023-03-22T01:33:39.083+0000] {taskinstance.py:1282} INFO - 
--------------------------------------------------------------------------------
[2023-03-22T01:33:39.083+0000] {taskinstance.py:1283} INFO - Starting attempt 1 of 1
[2023-03-22T01:33:39.084+0000] {taskinstance.py:1284} INFO - 
--------------------------------------------------------------------------------
[2023-03-22T01:33:39.115+0000] {taskinstance.py:1303} INFO - Executing <Task(SparkSubmitOperator): spark-task> on 2023-03-21 22:00:00+00:00
[2023-03-22T01:33:39.127+0000] {standard_task_runner.py:55} INFO - Started process 600 to run task
[2023-03-22T01:33:39.133+0000] {standard_task_runner.py:82} INFO - Running: ['***', 'tasks', 'run', 'spark_examples', 'spark-task', 'scheduled__2023-03-21T22:00:00+00:00', '--job-id', '257', '--raw', '--subdir', 'DAGS_FOLDER/spark.py', '--cfg-path', '/tmp/tmp6_j3g4mw']
[2023-03-22T01:33:39.134+0000] {standard_task_runner.py:83} INFO - Job 257: Subtask spark-task
[2023-03-22T01:33:39.361+0000] {task_command.py:388} INFO - Running <TaskInstance: spark_examples.spark-task scheduled__2023-03-21T22:00:00+00:00 [running]> on host c726f8549984
[2023-03-22T01:33:39.589+0000] {taskinstance.py:1511} INFO - Exporting the following env vars:
AIRFLOW_CTX_DAG_OWNER=truongvq
AIRFLOW_CTX_DAG_ID=spark_examples
AIRFLOW_CTX_TASK_ID=spark-task
AIRFLOW_CTX_EXECUTION_DATE=2023-03-21T22:00:00+00:00
AIRFLOW_CTX_TRY_NUMBER=1
AIRFLOW_CTX_DAG_RUN_ID=scheduled__2023-03-21T22:00:00+00:00
[2023-03-22T01:33:39.618+0000] {base.py:73} INFO - Using connection ID 'spark-connection' for task execution.
[2023-03-22T01:33:39.621+0000] {spark_submit.py:335} INFO - Spark-Submit cmd: spark-submit --master spark://vtn-truongvq:7077 --name arrow-spark --class com.viettel.truongvq.spark.Spark --verbose /opt/***/plugins/big-data-fundamentals.jar
[2023-03-22T01:33:40.052+0000] {spark_submit.py:488} INFO - /home/***/.local/lib/python3.7/site-packages/pyspark/bin/load-spark-env.sh: line 68: ps: command not found
[2023-03-22T01:33:47.100+0000] {spark_submit.py:488} INFO - Using properties file: null
[2023-03-22T01:33:47.853+0000] {spark_submit.py:488} INFO - Parsed arguments:
[2023-03-22T01:33:47.853+0000] {spark_submit.py:488} INFO - master                  spark://vtn-truongvq:7077
[2023-03-22T01:33:47.853+0000] {spark_submit.py:488} INFO - deployMode              null
[2023-03-22T01:33:47.853+0000] {spark_submit.py:488} INFO - executorMemory          null
[2023-03-22T01:33:47.853+0000] {spark_submit.py:488} INFO - executorCores           null
[2023-03-22T01:33:47.854+0000] {spark_submit.py:488} INFO - totalExecutorCores      null
[2023-03-22T01:33:47.854+0000] {spark_submit.py:488} INFO - propertiesFile          null
[2023-03-22T01:33:47.854+0000] {spark_submit.py:488} INFO - driverMemory            null
[2023-03-22T01:33:47.854+0000] {spark_submit.py:488} INFO - driverCores             null
[2023-03-22T01:33:47.854+0000] {spark_submit.py:488} INFO - driverExtraClassPath    null
[2023-03-22T01:33:47.854+0000] {spark_submit.py:488} INFO - driverExtraLibraryPath  null
[2023-03-22T01:33:47.854+0000] {spark_submit.py:488} INFO - driverExtraJavaOptions  null
[2023-03-22T01:33:47.854+0000] {spark_submit.py:488} INFO - supervise               false
[2023-03-22T01:33:47.854+0000] {spark_submit.py:488} INFO - queue                   null
[2023-03-22T01:33:47.854+0000] {spark_submit.py:488} INFO - numExecutors            null
[2023-03-22T01:33:47.855+0000] {spark_submit.py:488} INFO - files                   null
[2023-03-22T01:33:47.855+0000] {spark_submit.py:488} INFO - pyFiles                 null
[2023-03-22T01:33:47.855+0000] {spark_submit.py:488} INFO - archives                null
[2023-03-22T01:33:47.855+0000] {spark_submit.py:488} INFO - mainClass               com.viettel.truongvq.spark.Spark
[2023-03-22T01:33:47.855+0000] {spark_submit.py:488} INFO - primaryResource         file:/opt/***/plugins/big-data-fundamentals.jar
[2023-03-22T01:33:47.855+0000] {spark_submit.py:488} INFO - name                    arrow-spark
[2023-03-22T01:33:47.855+0000] {spark_submit.py:488} INFO - childArgs               []
[2023-03-22T01:33:47.855+0000] {spark_submit.py:488} INFO - jars                    null
[2023-03-22T01:33:47.855+0000] {spark_submit.py:488} INFO - packages                null
[2023-03-22T01:33:47.855+0000] {spark_submit.py:488} INFO - packagesExclusions      null
[2023-03-22T01:33:47.856+0000] {spark_submit.py:488} INFO - repositories            null
[2023-03-22T01:33:47.856+0000] {spark_submit.py:488} INFO - verbose                 true
[2023-03-22T01:33:47.856+0000] {spark_submit.py:488} INFO - 
[2023-03-22T01:33:47.856+0000] {spark_submit.py:488} INFO - Spark properties used, including those specified through
[2023-03-22T01:33:47.856+0000] {spark_submit.py:488} INFO - --conf and those from the properties file null:
[2023-03-22T01:33:47.856+0000] {spark_submit.py:488} INFO - 
[2023-03-22T01:33:47.856+0000] {spark_submit.py:488} INFO - 
[2023-03-22T01:33:47.856+0000] {spark_submit.py:488} INFO - 
[2023-03-22T01:33:49.384+0000] {spark_submit.py:488} INFO - Main class:
[2023-03-22T01:33:49.389+0000] {spark_submit.py:488} INFO - com.viettel.truongvq.spark.Spark
[2023-03-22T01:33:49.391+0000] {spark_submit.py:488} INFO - Arguments:
[2023-03-22T01:33:49.397+0000] {spark_submit.py:488} INFO - 
[2023-03-22T01:33:49.406+0000] {spark_submit.py:488} INFO - Spark config:
[2023-03-22T01:33:49.406+0000] {spark_submit.py:488} INFO - (spark.app.name,arrow-spark)
[2023-03-22T01:33:49.407+0000] {spark_submit.py:488} INFO - (spark.app.submitTime,1679448829252)
[2023-03-22T01:33:49.407+0000] {spark_submit.py:488} INFO - (spark.jars,file:/opt/***/plugins/big-data-fundamentals.jar)
[2023-03-22T01:33:49.407+0000] {spark_submit.py:488} INFO - (spark.master,spark://vtn-truongvq:7077)
[2023-03-22T01:33:49.407+0000] {spark_submit.py:488} INFO - (spark.submit.deployMode,client)
[2023-03-22T01:33:49.407+0000] {spark_submit.py:488} INFO - (spark.submit.pyFiles,)
[2023-03-22T01:33:49.409+0000] {spark_submit.py:488} INFO - Classpath elements:
[2023-03-22T01:33:49.409+0000] {spark_submit.py:488} INFO - file:/opt/***/plugins/big-data-fundamentals.jar
[2023-03-22T01:33:49.410+0000] {spark_submit.py:488} INFO - 
[2023-03-22T01:33:49.410+0000] {spark_submit.py:488} INFO - 
[2023-03-22T01:33:49.502+0000] {spark_submit.py:488} INFO - 23/03/22 01:33:49 INFO SparkContext: Running Spark version 3.3.2
[2023-03-22T01:33:49.651+0000] {spark_submit.py:488} INFO - 23/03/22 01:33:49 WARN NativeCodeLoader: Unable to load native-hadoop library for your platform... using builtin-java classes where applicable
[2023-03-22T01:33:49.862+0000] {spark_submit.py:488} INFO - 23/03/22 01:33:49 INFO ResourceUtils: ==============================================================
[2023-03-22T01:33:49.866+0000] {spark_submit.py:488} INFO - 23/03/22 01:33:49 INFO ResourceUtils: No custom resources configured for spark.driver.
[2023-03-22T01:33:49.868+0000] {spark_submit.py:488} INFO - 23/03/22 01:33:49 INFO ResourceUtils: ==============================================================
[2023-03-22T01:33:49.871+0000] {spark_submit.py:488} INFO - 23/03/22 01:33:49 INFO SparkContext: Submitted application: SparkExample
[2023-03-22T01:33:49.918+0000] {spark_submit.py:488} INFO - 23/03/22 01:33:49 INFO ResourceProfile: Default ResourceProfile created, executor resources: Map(cores -> name: cores, amount: 1, script: , vendor: , memory -> name: memory, amount: 1024, script: , vendor: , offHeap -> name: offHeap, amount: 0, script: , vendor: ), task resources: Map(cpus -> name: cpus, amount: 1.0)
[2023-03-22T01:33:49.965+0000] {spark_submit.py:488} INFO - 23/03/22 01:33:49 INFO ResourceProfile: Limiting resource is cpu
[2023-03-22T01:33:49.968+0000] {spark_submit.py:488} INFO - 23/03/22 01:33:49 INFO ResourceProfileManager: Added ResourceProfile id: 0
[2023-03-22T01:33:50.178+0000] {spark_submit.py:488} INFO - 23/03/22 01:33:50 INFO SecurityManager: Changing view acls to: default
[2023-03-22T01:33:50.182+0000] {spark_submit.py:488} INFO - 23/03/22 01:33:50 INFO SecurityManager: Changing modify acls to: default
[2023-03-22T01:33:50.185+0000] {spark_submit.py:488} INFO - 23/03/22 01:33:50 INFO SecurityManager: Changing view acls groups to:
[2023-03-22T01:33:50.186+0000] {spark_submit.py:488} INFO - 23/03/22 01:33:50 INFO SecurityManager: Changing modify acls groups to:
[2023-03-22T01:33:50.188+0000] {spark_submit.py:488} INFO - 23/03/22 01:33:50 INFO SecurityManager: SecurityManager: authentication disabled; ui acls disabled; users  with view permissions: Set(default); groups with view permissions: Set(); users  with modify permissions: Set(default); groups with modify permissions: Set()
[2023-03-22T01:33:51.556+0000] {spark_submit.py:488} INFO - 23/03/22 01:33:51 INFO Utils: Successfully started service 'sparkDriver' on port 44443.
[2023-03-22T01:33:51.809+0000] {spark_submit.py:488} INFO - 23/03/22 01:33:51 INFO SparkEnv: Registering MapOutputTracker
[2023-03-22T01:33:52.269+0000] {spark_submit.py:488} INFO - 23/03/22 01:33:52 INFO SparkEnv: Registering BlockManagerMaster
[2023-03-22T01:33:52.399+0000] {spark_submit.py:488} INFO - 23/03/22 01:33:52 INFO BlockManagerMasterEndpoint: Using org.apache.spark.storage.DefaultTopologyMapper for getting topology information
[2023-03-22T01:33:52.401+0000] {spark_submit.py:488} INFO - 23/03/22 01:33:52 INFO BlockManagerMasterEndpoint: BlockManagerMasterEndpoint up
[2023-03-22T01:33:52.452+0000] {spark_submit.py:488} INFO - 23/03/22 01:33:52 INFO SparkEnv: Registering BlockManagerMasterHeartbeat
[2023-03-22T01:33:52.503+0000] {spark_submit.py:488} INFO - 23/03/22 01:33:52 INFO DiskBlockManager: Created local directory at /tmp/blockmgr-75f7f205-540b-4328-baa9-4ba1eb266779
[2023-03-22T01:33:52.557+0000] {spark_submit.py:488} INFO - 23/03/22 01:33:52 INFO MemoryStore: MemoryStore started with capacity 434.4 MiB
[2023-03-22T01:33:52.671+0000] {spark_submit.py:488} INFO - 23/03/22 01:33:52 INFO SparkEnv: Registering OutputCommitCoordinator
[2023-03-22T01:33:53.929+0000] {spark_submit.py:488} INFO - 23/03/22 01:33:53 WARN Utils: Service 'SparkUI' could not bind on port 4040. Attempting port 4041.
[2023-03-22T01:33:53.945+0000] {spark_submit.py:488} INFO - 23/03/22 01:33:53 WARN Utils: Service 'SparkUI' could not bind on port 4041. Attempting port 4042.
[2023-03-22T01:33:53.950+0000] {spark_submit.py:488} INFO - 23/03/22 01:33:53 WARN Utils: Service 'SparkUI' could not bind on port 4042. Attempting port 4043.
[2023-03-22T01:33:53.953+0000] {spark_submit.py:488} INFO - 23/03/22 01:33:53 WARN Utils: Service 'SparkUI' could not bind on port 4043. Attempting port 4044.
[2023-03-22T01:33:53.956+0000] {spark_submit.py:488} INFO - 23/03/22 01:33:53 WARN Utils: Service 'SparkUI' could not bind on port 4044. Attempting port 4045.
[2023-03-22T01:33:53.958+0000] {spark_submit.py:488} INFO - 23/03/22 01:33:53 WARN Utils: Service 'SparkUI' could not bind on port 4045. Attempting port 4046.
[2023-03-22T01:33:53.960+0000] {spark_submit.py:488} INFO - 23/03/22 01:33:53 WARN Utils: Service 'SparkUI' could not bind on port 4046. Attempting port 4047.
[2023-03-22T01:33:53.962+0000] {spark_submit.py:488} INFO - 23/03/22 01:33:53 WARN Utils: Service 'SparkUI' could not bind on port 4047. Attempting port 4048.
[2023-03-22T01:33:53.964+0000] {spark_submit.py:488} INFO - 23/03/22 01:33:53 WARN Utils: Service 'SparkUI' could not bind on port 4048. Attempting port 4049.
[2023-03-22T01:33:53.968+0000] {spark_submit.py:488} INFO - 23/03/22 01:33:53 WARN Utils: Service 'SparkUI' could not bind on port 4049. Attempting port 4050.
[2023-03-22T01:33:54.055+0000] {spark_submit.py:488} INFO - 23/03/22 01:33:54 INFO Utils: Successfully started service 'SparkUI' on port 4050.
[2023-03-22T01:33:54.243+0000] {spark_submit.py:488} INFO - 23/03/22 01:33:54 INFO SparkContext: Added JAR file:/opt/***/plugins/big-data-fundamentals.jar at spark://c726f8549984:44443/jars/big-data-fundamentals.jar with timestamp 1679448829480
[2023-03-22T01:33:54.650+0000] {spark_submit.py:488} INFO - 23/03/22 01:33:54 INFO Executor: Starting executor ID driver on host c726f8549984
[2023-03-22T01:33:54.688+0000] {spark_submit.py:488} INFO - 23/03/22 01:33:54 INFO Executor: Starting executor with user classpath (userClassPathFirst = false): ''
[2023-03-22T01:33:54.773+0000] {spark_submit.py:488} INFO - 23/03/22 01:33:54 INFO Executor: Fetching spark://c726f8549984:44443/jars/big-data-fundamentals.jar with timestamp 1679448829480
[2023-03-22T01:33:55.041+0000] {spark_submit.py:488} INFO - 23/03/22 01:33:55 INFO TransportClientFactory: Successfully created connection to c726f8549984/172.23.0.7:44443 after 105 ms (0 ms spent in bootstraps)
[2023-03-22T01:33:55.086+0000] {spark_submit.py:488} INFO - 23/03/22 01:33:55 INFO Utils: Fetching spark://c726f8549984:44443/jars/big-data-fundamentals.jar to /tmp/spark-0a7a93e7-3552-4f9e-8d40-6b0b23418a08/userFiles-2d4020a9-a760-41c4-864e-2bc4420c86cd/fetchFileTemp17698048573164097503.tmp
[2023-03-22T01:33:55.699+0000] {spark_submit.py:488} INFO - 23/03/22 01:33:55 INFO Executor: Adding file:/tmp/spark-0a7a93e7-3552-4f9e-8d40-6b0b23418a08/userFiles-2d4020a9-a760-41c4-864e-2bc4420c86cd/big-data-fundamentals.jar to class loader
[2023-03-22T01:33:55.812+0000] {spark_submit.py:488} INFO - 23/03/22 01:33:55 INFO Utils: Successfully started service 'org.apache.spark.network.netty.NettyBlockTransferService' on port 37265.
[2023-03-22T01:33:55.813+0000] {spark_submit.py:488} INFO - 23/03/22 01:33:55 INFO NettyBlockTransferService: Server created on c726f8549984:37265
[2023-03-22T01:33:55.817+0000] {spark_submit.py:488} INFO - 23/03/22 01:33:55 INFO BlockManager: Using org.apache.spark.storage.RandomBlockReplicationPolicy for block replication policy
[2023-03-22T01:33:55.846+0000] {spark_submit.py:488} INFO - 23/03/22 01:33:55 INFO BlockManagerMaster: Registering BlockManager BlockManagerId(driver, c726f8549984, 37265, None)
[2023-03-22T01:33:55.905+0000] {spark_submit.py:488} INFO - 23/03/22 01:33:55 INFO BlockManagerMasterEndpoint: Registering block manager c726f8549984:37265 with 434.4 MiB RAM, BlockManagerId(driver, c726f8549984, 37265, None)
[2023-03-22T01:33:55.955+0000] {spark_submit.py:488} INFO - 23/03/22 01:33:55 INFO BlockManagerMaster: Registered BlockManager BlockManagerId(driver, c726f8549984, 37265, None)
[2023-03-22T01:33:55.961+0000] {spark_submit.py:488} INFO - 23/03/22 01:33:55 INFO BlockManager: Initialized BlockManager: BlockManagerId(driver, c726f8549984, 37265, None)
[2023-03-22T01:34:01.122+0000] {spark_submit.py:488} INFO - 23/03/22 01:34:01 INFO SparkContext: Starting job: lookup at Spark.scala:15
[2023-03-22T01:34:01.208+0000] {spark_submit.py:488} INFO - 23/03/22 01:34:01 INFO DAGScheduler: Got job 0 (lookup at Spark.scala:15) with 2 output partitions
[2023-03-22T01:34:01.210+0000] {spark_submit.py:488} INFO - 23/03/22 01:34:01 INFO DAGScheduler: Final stage: ResultStage 0 (lookup at Spark.scala:15)
[2023-03-22T01:34:01.212+0000] {spark_submit.py:488} INFO - 23/03/22 01:34:01 INFO DAGScheduler: Parents of final stage: List()
[2023-03-22T01:34:01.229+0000] {spark_submit.py:488} INFO - 23/03/22 01:34:01 INFO DAGScheduler: Missing parents: List()
[2023-03-22T01:34:01.263+0000] {spark_submit.py:488} INFO - 23/03/22 01:34:01 INFO DAGScheduler: Submitting ResultStage 0 (MapPartitionsRDD[3] at lookup at Spark.scala:15), which has no missing parents
[2023-03-22T01:34:01.819+0000] {spark_submit.py:488} INFO - 23/03/22 01:34:01 INFO MemoryStore: Block broadcast_0 stored as values in memory (estimated size 4.7 KiB, free 434.4 MiB)
[2023-03-22T01:34:02.015+0000] {spark_submit.py:488} INFO - 23/03/22 01:34:02 INFO MemoryStore: Block broadcast_0_piece0 stored as bytes in memory (estimated size 2.5 KiB, free 434.4 MiB)
[2023-03-22T01:34:02.039+0000] {spark_submit.py:488} INFO - 23/03/22 01:34:02 INFO BlockManagerInfo: Added broadcast_0_piece0 in memory on c726f8549984:37265 (size: 2.5 KiB, free: 434.4 MiB)
[2023-03-22T01:34:02.055+0000] {spark_submit.py:488} INFO - 23/03/22 01:34:02 INFO SparkContext: Created broadcast 0 from broadcast at DAGScheduler.scala:1513
[2023-03-22T01:34:02.148+0000] {spark_submit.py:488} INFO - 23/03/22 01:34:02 INFO DAGScheduler: Submitting 2 missing tasks from ResultStage 0 (MapPartitionsRDD[3] at lookup at Spark.scala:15) (first 15 tasks are for partitions Vector(0, 1))
[2023-03-22T01:34:02.158+0000] {spark_submit.py:488} INFO - 23/03/22 01:34:02 INFO TaskSchedulerImpl: Adding task set 0.0 with 2 tasks resource profile 0
[2023-03-22T01:34:02.452+0000] {spark_submit.py:488} INFO - 23/03/22 01:34:02 INFO TaskSetManager: Starting task 0.0 in stage 0.0 (TID 0) (c726f8549984, executor driver, partition 0, PROCESS_LOCAL, 4488 bytes) taskResourceAssignments Map()
[2023-03-22T01:34:02.559+0000] {spark_submit.py:488} INFO - 23/03/22 01:34:02 INFO Executor: Running task 0.0 in stage 0.0 (TID 0)
[2023-03-22T01:34:03.084+0000] {spark_submit.py:488} INFO - 23/03/22 01:34:03 INFO Executor: Finished task 0.0 in stage 0.0 (TID 0). 853 bytes result sent to driver
[2023-03-22T01:34:03.096+0000] {spark_submit.py:488} INFO - 23/03/22 01:34:03 INFO TaskSetManager: Starting task 1.0 in stage 0.0 (TID 1) (c726f8549984, executor driver, partition 1, PROCESS_LOCAL, 4491 bytes) taskResourceAssignments Map()
[2023-03-22T01:34:03.109+0000] {spark_submit.py:488} INFO - 23/03/22 01:34:03 INFO Executor: Running task 1.0 in stage 0.0 (TID 1)
[2023-03-22T01:34:03.141+0000] {spark_submit.py:488} INFO - 23/03/22 01:34:03 INFO TaskSetManager: Finished task 0.0 in stage 0.0 (TID 0) in 782 ms on c726f8549984 (executor driver) (1/2)
[2023-03-22T01:34:03.144+0000] {spark_submit.py:488} INFO - 23/03/22 01:34:03 INFO Executor: Finished task 1.0 in stage 0.0 (TID 1). 854 bytes result sent to driver
[2023-03-22T01:34:03.202+0000] {spark_submit.py:488} INFO - 23/03/22 01:34:03 INFO TaskSetManager: Finished task 1.0 in stage 0.0 (TID 1) in 110 ms on c726f8549984 (executor driver) (2/2)
[2023-03-22T01:34:03.204+0000] {spark_submit.py:488} INFO - 23/03/22 01:34:03 INFO TaskSchedulerImpl: Removed TaskSet 0.0, whose tasks have all completed, from pool
[2023-03-22T01:34:03.214+0000] {spark_submit.py:488} INFO - 23/03/22 01:34:03 INFO DAGScheduler: ResultStage 0 (lookup at Spark.scala:15) finished in 1.832 s
[2023-03-22T01:34:03.229+0000] {spark_submit.py:488} INFO - 23/03/22 01:34:03 INFO DAGScheduler: Job 0 is finished. Cancelling potential speculative or zombie tasks for this job
[2023-03-22T01:34:03.231+0000] {spark_submit.py:488} INFO - 23/03/22 01:34:03 INFO TaskSchedulerImpl: Killing all running tasks in stage 0: Stage finished
[2023-03-22T01:34:03.237+0000] {spark_submit.py:488} INFO - 23/03/22 01:34:03 INFO DAGScheduler: Job 0 finished: lookup at Spark.scala:15, took 2.101790 s
[2023-03-22T01:34:03.301+0000] {spark_submit.py:488} INFO - WrappedArray(Spark, Simple)23/03/22 01:34:03 INFO SparkContext: Invoking stop() from shutdown hook
[2023-03-22T01:34:03.333+0000] {spark_submit.py:488} INFO - 23/03/22 01:34:03 INFO SparkUI: Stopped Spark web UI at http://c726f8549984:4050
[2023-03-22T01:34:03.371+0000] {spark_submit.py:488} INFO - 23/03/22 01:34:03 INFO MapOutputTrackerMasterEndpoint: MapOutputTrackerMasterEndpoint stopped!
[2023-03-22T01:34:03.461+0000] {spark_submit.py:488} INFO - 23/03/22 01:34:03 INFO MemoryStore: MemoryStore cleared
[2023-03-22T01:34:03.463+0000] {spark_submit.py:488} INFO - 23/03/22 01:34:03 INFO BlockManager: BlockManager stopped
[2023-03-22T01:34:03.474+0000] {spark_submit.py:488} INFO - 23/03/22 01:34:03 INFO BlockManagerMaster: BlockManagerMaster stopped
[2023-03-22T01:34:03.486+0000] {spark_submit.py:488} INFO - 23/03/22 01:34:03 INFO OutputCommitCoordinator$OutputCommitCoordinatorEndpoint: OutputCommitCoordinator stopped!
[2023-03-22T01:34:03.502+0000] {spark_submit.py:488} INFO - 23/03/22 01:34:03 INFO SparkContext: Successfully stopped SparkContext
[2023-03-22T01:34:03.503+0000] {spark_submit.py:488} INFO - 23/03/22 01:34:03 INFO ShutdownHookManager: Shutdown hook called
[2023-03-22T01:34:03.504+0000] {spark_submit.py:488} INFO - 23/03/22 01:34:03 INFO ShutdownHookManager: Deleting directory /tmp/spark-d407a705-f2d3-47c1-84a3-6c3d54894dff
[2023-03-22T01:34:03.513+0000] {spark_submit.py:488} INFO - 23/03/22 01:34:03 INFO ShutdownHookManager: Deleting directory /tmp/spark-0a7a93e7-3552-4f9e-8d40-6b0b23418a08
[2023-03-22T01:34:03.738+0000] {taskinstance.py:1326} INFO - Marking task as SUCCESS. dag_id=spark_examples, task_id=spark-task, execution_date=20230321T220000, start_date=20230322T013339, end_date=20230322T013403
[2023-03-22T01:34:03.782+0000] {local_task_job.py:212} INFO - Task exited with return code 0
[2023-03-22T01:34:03.811+0000] {taskinstance.py:2585} INFO - 0 downstream tasks scheduled from follow-on schedule check
