[2023-03-20 16:01:30,183] {taskinstance.py:1179} INFO - Dependencies all met for <TaskInstance: FirstDAG.task scheduled__2023-03-20T15:00:00+00:00 [queued]>
[2023-03-20 16:01:30,195] {taskinstance.py:1179} INFO - Dependencies all met for <TaskInstance: FirstDAG.task scheduled__2023-03-20T15:00:00+00:00 [queued]>
[2023-03-20 16:01:30,195] {taskinstance.py:1376} INFO - 
--------------------------------------------------------------------------------
[2023-03-20 16:01:30,195] {taskinstance.py:1377} INFO - Starting attempt 1 of 1
[2023-03-20 16:01:30,195] {taskinstance.py:1378} INFO - 
--------------------------------------------------------------------------------
[2023-03-20 16:01:30,223] {taskinstance.py:1397} INFO - Executing <Task(PythonOperator): task> on 2023-03-20 15:00:00+00:00
[2023-03-20 16:01:30,227] {standard_task_runner.py:52} INFO - Started process 136 to run task
[2023-03-20 16:01:30,230] {standard_task_runner.py:79} INFO - Running: ['***', 'tasks', 'run', 'FirstDAG', 'task', 'scheduled__2023-03-20T15:00:00+00:00', '--job-id', '7', '--raw', '--subdir', 'DAGS_FOLDER/BasicDAG.py', '--cfg-path', '/tmp/tmpohrv05v5', '--error-file', '/tmp/tmpm1zvnsya']
[2023-03-20 16:01:30,230] {standard_task_runner.py:80} INFO - Job 7: Subtask task
[2023-03-20 16:01:30,302] {task_command.py:371} INFO - Running <TaskInstance: FirstDAG.task scheduled__2023-03-20T15:00:00+00:00 [running]> on host e015818566b4
[2023-03-20 16:01:30,448] {taskinstance.py:1591} INFO - Exporting the following env vars:
AIRFLOW_CTX_DAG_OWNER=***
AIRFLOW_CTX_DAG_ID=FirstDAG
AIRFLOW_CTX_TASK_ID=task
AIRFLOW_CTX_EXECUTION_DATE=2023-03-20T15:00:00+00:00
AIRFLOW_CTX_TRY_NUMBER=1
AIRFLOW_CTX_DAG_RUN_ID=scheduled__2023-03-20T15:00:00+00:00
[2023-03-20 16:01:30,450] {logging_mixin.py:115} INFO - First DAG executed Successfully!!
[2023-03-20 16:01:30,451] {python.py:173} INFO - Done. Returned value was: None
[2023-03-20 16:01:30,468] {taskinstance.py:1420} INFO - Marking task as SUCCESS. dag_id=FirstDAG, task_id=task, execution_date=20230320T150000, start_date=20230320T160130, end_date=20230320T160130
[2023-03-20 16:01:30,562] {local_task_job.py:156} INFO - Task exited with return code 0
[2023-03-20 16:01:30,600] {local_task_job.py:273} INFO - 0 downstream tasks scheduled from follow-on schedule check
