[2023-03-21T10:04:43.307+0000] {taskinstance.py:1084} INFO - Dependencies all met for dep_context=non-requeueable deps ti=<TaskInstance: spark_examples.spark-task scheduled__2023-03-20T00:00:00+00:00 [queued]>
[2023-03-21T10:04:43.316+0000] {taskinstance.py:1084} INFO - Dependencies all met for dep_context=requeueable deps ti=<TaskInstance: spark_examples.spark-task scheduled__2023-03-20T00:00:00+00:00 [queued]>
[2023-03-21T10:04:43.316+0000] {taskinstance.py:1282} INFO - 
--------------------------------------------------------------------------------
[2023-03-21T10:04:43.316+0000] {taskinstance.py:1283} INFO - Starting attempt 1 of 1
[2023-03-21T10:04:43.316+0000] {taskinstance.py:1284} INFO - 
--------------------------------------------------------------------------------
[2023-03-21T10:04:43.337+0000] {taskinstance.py:1303} INFO - Executing <Task(SparkSubmitOperator): spark-task> on 2023-03-20 00:00:00+00:00
[2023-03-21T10:04:43.341+0000] {standard_task_runner.py:55} INFO - Started process 5346 to run task
[2023-03-21T10:04:43.344+0000] {standard_task_runner.py:82} INFO - Running: ['***', 'tasks', 'run', 'spark_examples', 'spark-task', 'scheduled__2023-03-20T00:00:00+00:00', '--job-id', '10', '--raw', '--subdir', 'DAGS_FOLDER/spark.py', '--cfg-path', '/tmp/tmpkdrpd9q0']
[2023-03-21T10:04:43.344+0000] {standard_task_runner.py:83} INFO - Job 10: Subtask spark-task
[2023-03-21T10:04:43.391+0000] {task_command.py:388} INFO - Running <TaskInstance: spark_examples.spark-task scheduled__2023-03-20T00:00:00+00:00 [running]> on host 56fa21632e60
[2023-03-21T10:04:43.455+0000] {taskinstance.py:1511} INFO - Exporting the following env vars:
AIRFLOW_CTX_DAG_OWNER=truongvq
AIRFLOW_CTX_DAG_ID=spark_examples
AIRFLOW_CTX_TASK_ID=spark-task
AIRFLOW_CTX_EXECUTION_DATE=2023-03-20T00:00:00+00:00
AIRFLOW_CTX_TRY_NUMBER=1
AIRFLOW_CTX_DAG_RUN_ID=scheduled__2023-03-20T00:00:00+00:00
[2023-03-21T10:04:43.464+0000] {base.py:73} INFO - Using connection ID 'spark-connection' for task execution.
[2023-03-21T10:04:43.466+0000] {spark_submit.py:344} INFO - Spark-Submit cmd: spark-submit --master spark://vtn-truongvq:7077 --name arrow-spark --class com.viettel.truongvq.spark.Spark --verbose /home/truongvq/scala/big-data-fundamentals/target/big-data-fundamentals-1.0-SNAPSHOT.jar
[2023-03-21T10:04:43.572+0000] {spark_submit.py:495} INFO - /home/***/.local/lib/python3.7/site-packages/pyspark/bin/load-spark-env.sh: line 68: ps: command not found
[2023-03-21T10:04:43.573+0000] {spark_submit.py:495} INFO - JAVA_HOME is not set
[2023-03-21T10:04:43.584+0000] {taskinstance.py:1775} ERROR - Task failed with exception
Traceback (most recent call last):
  File "/home/airflow/.local/lib/python3.7/site-packages/airflow/providers/apache/spark/operators/spark_submit.py", line 157, in execute
    self._hook.submit(self._application)
  File "/home/airflow/.local/lib/python3.7/site-packages/airflow/providers/apache/spark/hooks/spark_submit.py", line 427, in submit
    f"Cannot execute: {self._mask_cmd(spark_submit_cmd)}. Error code is: {returncode}."
airflow.exceptions.AirflowException: Cannot execute: spark-submit --master spark://vtn-truongvq:7077 --name arrow-spark --class com.viettel.truongvq.spark.Spark --verbose /home/truongvq/scala/big-data-fundamentals/target/big-data-fundamentals-1.0-SNAPSHOT.jar. Error code is: 1.
[2023-03-21T10:04:43.589+0000] {taskinstance.py:1326} INFO - Marking task as FAILED. dag_id=spark_examples, task_id=spark-task, execution_date=20230320T000000, start_date=20230321T100443, end_date=20230321T100443
[2023-03-21T10:04:43.604+0000] {standard_task_runner.py:105} ERROR - Failed to execute job 10 for task spark-task (Cannot execute: spark-submit --master spark://vtn-truongvq:7077 --name arrow-spark --class com.viettel.truongvq.spark.Spark --verbose /home/truongvq/scala/big-data-fundamentals/target/big-data-fundamentals-1.0-SNAPSHOT.jar. Error code is: 1.; 5346)
[2023-03-21T10:04:43.636+0000] {local_task_job.py:212} INFO - Task exited with return code 1
[2023-03-21T10:04:43.692+0000] {taskinstance.py:2585} INFO - 0 downstream tasks scheduled from follow-on schedule check
