[2023-03-22T08:13:21.676+0000] {taskinstance.py:1084} INFO - Dependencies all met for dep_context=non-requeueable deps ti=<TaskInstance: CarFine.get_file manual__2023-03-22T08:13:20.863155+00:00 [queued]>
[2023-03-22T08:13:21.682+0000] {taskinstance.py:1084} INFO - Dependencies all met for dep_context=requeueable deps ti=<TaskInstance: CarFine.get_file manual__2023-03-22T08:13:20.863155+00:00 [queued]>
[2023-03-22T08:13:21.682+0000] {taskinstance.py:1282} INFO - 
--------------------------------------------------------------------------------
[2023-03-22T08:13:21.682+0000] {taskinstance.py:1283} INFO - Starting attempt 1 of 1
[2023-03-22T08:13:21.682+0000] {taskinstance.py:1284} INFO - 
--------------------------------------------------------------------------------
[2023-03-22T08:13:21.692+0000] {taskinstance.py:1303} INFO - Executing <Task(BashOperator): get_file> on 2023-03-22 08:13:20.863155+00:00
[2023-03-22T08:13:21.695+0000] {standard_task_runner.py:55} INFO - Started process 5191 to run task
[2023-03-22T08:13:21.697+0000] {standard_task_runner.py:82} INFO - Running: ['***', 'tasks', 'run', 'CarFine', 'get_file', 'manual__2023-03-22T08:13:20.863155+00:00', '--job-id', '372', '--raw', '--subdir', 'DAGS_FOLDER/CarFineDAG.py', '--cfg-path', '/tmp/tmp742b0slu']
[2023-03-22T08:13:21.697+0000] {standard_task_runner.py:83} INFO - Job 372: Subtask get_file
[2023-03-22T08:13:21.741+0000] {task_command.py:388} INFO - Running <TaskInstance: CarFine.get_file manual__2023-03-22T08:13:20.863155+00:00 [running]> on host ed9661b333ec
[2023-03-22T08:13:21.792+0000] {taskinstance.py:1511} INFO - Exporting the following env vars:
AIRFLOW_CTX_DAG_OWNER=***
AIRFLOW_CTX_DAG_ID=CarFine
AIRFLOW_CTX_TASK_ID=get_file
AIRFLOW_CTX_EXECUTION_DATE=2023-03-22T08:13:20.863155+00:00
AIRFLOW_CTX_TRY_NUMBER=1
AIRFLOW_CTX_DAG_RUN_ID=manual__2023-03-22T08:13:20.863155+00:00
[2023-03-22T08:13:21.793+0000] {subprocess.py:63} INFO - Tmp dir root location: 
 /tmp
[2023-03-22T08:13:21.793+0000] {subprocess.py:75} INFO - Running command: ['/bin/bash', '-c', 'wget -P /home/*** https://www.dl.dropboxusercontent.com/s/q1de0kkhhxp5vo9/data.json']
[2023-03-22T08:13:21.800+0000] {subprocess.py:86} INFO - Output:
[2023-03-22T08:13:21.803+0000] {subprocess.py:93} INFO - --2023-03-22 08:13:21--  https://www.dl.dropboxusercontent.com/s/q1de0kkhhxp5vo9/data.json
[2023-03-22T08:13:21.810+0000] {subprocess.py:93} INFO - Resolving www.dl.dropboxusercontent.com (www.dl.dropboxusercontent.com)... 162.125.81.15, 2620:100:6031:15::a27d:510f
[2023-03-22T08:13:21.886+0000] {subprocess.py:93} INFO - Connecting to www.dl.dropboxusercontent.com (www.dl.dropboxusercontent.com)|162.125.81.15|:443... connected.
[2023-03-22T08:13:22.578+0000] {subprocess.py:93} INFO - HTTP request sent, awaiting response... 200 OK
[2023-03-22T08:13:22.579+0000] {subprocess.py:93} INFO - Length: 259778 (254K) [text/plain]
[2023-03-22T08:13:22.579+0000] {subprocess.py:93} INFO - Saving to: ‘/home/***/data.json.7’
[2023-03-22T08:13:22.615+0000] {subprocess.py:93} INFO - 
[2023-03-22T08:13:22.779+0000] {subprocess.py:93} INFO -      0K .......... .......... .......... .......... .......... 19%  249K 1s
[2023-03-22T08:13:22.839+0000] {subprocess.py:93} INFO -     50K .......... .......... .......... .......... .......... 39%  841K 0s
[2023-03-22T08:13:22.879+0000] {subprocess.py:93} INFO -    100K .......... .......... .......... .......... .......... 59% 1.22M 0s
[2023-03-22T08:13:22.920+0000] {subprocess.py:93} INFO -    150K .......... .......... .......... .......... .......... 78% 1.18M 0s
[2023-03-22T08:13:22.947+0000] {subprocess.py:93} INFO -    200K .......... .......... .......... .......... .......... 98% 1.84M 0s
[2023-03-22T08:13:22.947+0000] {subprocess.py:93} INFO -    250K ...                                                   100% 6.87T=0.4s
[2023-03-22T08:13:22.947+0000] {subprocess.py:93} INFO - 
[2023-03-22T08:13:22.947+0000] {subprocess.py:93} INFO - 2023-03-22 08:13:22 (689 KB/s) - ‘/home/***/data.json.7’ saved [259778/259778]
[2023-03-22T08:13:22.947+0000] {subprocess.py:93} INFO - 
[2023-03-22T08:13:22.947+0000] {subprocess.py:97} INFO - Command exited with return code 0
[2023-03-22T08:13:22.967+0000] {taskinstance.py:1326} INFO - Marking task as SUCCESS. dag_id=CarFine, task_id=get_file, execution_date=20230322T081320, start_date=20230322T081321, end_date=20230322T081322
[2023-03-22T08:13:22.991+0000] {local_task_job.py:212} INFO - Task exited with return code 0
[2023-03-22T08:13:23.011+0000] {taskinstance.py:2585} INFO - 0 downstream tasks scheduled from follow-on schedule check
