[2023-03-22T08:30:01.060+0000] {taskinstance.py:1084} INFO - Dependencies all met for dep_context=non-requeueable deps ti=<TaskInstance: CarFine.get_file scheduled__2023-03-22T08:25:00+00:00 [queued]>
[2023-03-22T08:30:01.066+0000] {taskinstance.py:1084} INFO - Dependencies all met for dep_context=requeueable deps ti=<TaskInstance: CarFine.get_file scheduled__2023-03-22T08:25:00+00:00 [queued]>
[2023-03-22T08:30:01.067+0000] {taskinstance.py:1282} INFO - 
--------------------------------------------------------------------------------
[2023-03-22T08:30:01.067+0000] {taskinstance.py:1283} INFO - Starting attempt 1 of 1
[2023-03-22T08:30:01.067+0000] {taskinstance.py:1284} INFO - 
--------------------------------------------------------------------------------
[2023-03-22T08:30:01.076+0000] {taskinstance.py:1303} INFO - Executing <Task(BashOperator): get_file> on 2023-03-22 08:25:00+00:00
[2023-03-22T08:30:01.079+0000] {standard_task_runner.py:55} INFO - Started process 781 to run task
[2023-03-22T08:30:01.081+0000] {standard_task_runner.py:82} INFO - Running: ['***', 'tasks', 'run', 'CarFine', 'get_file', 'scheduled__2023-03-22T08:25:00+00:00', '--job-id', '418', '--raw', '--subdir', 'DAGS_FOLDER/CarFineDAG.py', '--cfg-path', '/tmp/tmpj6_wkimk']
[2023-03-22T08:30:01.081+0000] {standard_task_runner.py:83} INFO - Job 418: Subtask get_file
[2023-03-22T08:30:01.120+0000] {task_command.py:388} INFO - Running <TaskInstance: CarFine.get_file scheduled__2023-03-22T08:25:00+00:00 [running]> on host e343fe327102
[2023-03-22T08:30:01.169+0000] {taskinstance.py:1511} INFO - Exporting the following env vars:
AIRFLOW_CTX_DAG_OWNER=***
AIRFLOW_CTX_DAG_ID=CarFine
AIRFLOW_CTX_TASK_ID=get_file
AIRFLOW_CTX_EXECUTION_DATE=2023-03-22T08:25:00+00:00
AIRFLOW_CTX_TRY_NUMBER=1
AIRFLOW_CTX_DAG_RUN_ID=scheduled__2023-03-22T08:25:00+00:00
[2023-03-22T08:30:01.169+0000] {subprocess.py:63} INFO - Tmp dir root location: 
 /tmp
[2023-03-22T08:30:01.169+0000] {subprocess.py:75} INFO - Running command: ['/bin/bash', '-c', 'wget -P /home/*** https://www.dl.dropboxusercontent.com/s/q1de0kkhhxp5vo9/data.json']
[2023-03-22T08:30:01.176+0000] {subprocess.py:86} INFO - Output:
[2023-03-22T08:30:01.179+0000] {subprocess.py:93} INFO - --2023-03-22 08:30:01--  https://www.dl.dropboxusercontent.com/s/q1de0kkhhxp5vo9/data.json
[2023-03-22T08:30:01.334+0000] {subprocess.py:93} INFO - Resolving www.dl.dropboxusercontent.com (www.dl.dropboxusercontent.com)... 162.125.81.15, 2620:100:6031:15::a27d:510f
[2023-03-22T08:30:01.421+0000] {subprocess.py:93} INFO - Connecting to www.dl.dropboxusercontent.com (www.dl.dropboxusercontent.com)|162.125.81.15|:443... connected.
[2023-03-22T08:30:02.501+0000] {subprocess.py:93} INFO - HTTP request sent, awaiting response... 200 OK
[2023-03-22T08:30:02.502+0000] {subprocess.py:93} INFO - Length: 259778 (254K) [text/plain]
[2023-03-22T08:30:02.502+0000] {subprocess.py:93} INFO - Saving to: ‘/home/***/data.json.2’
[2023-03-22T08:30:02.503+0000] {subprocess.py:93} INFO - 
[2023-03-22T08:30:02.624+0000] {subprocess.py:93} INFO -      0K .......... .......... .......... .......... .......... 19%  406K 1s
[2023-03-22T08:30:02.708+0000] {subprocess.py:93} INFO -     50K .......... .......... .......... .......... .......... 39%  593K 0s
[2023-03-22T08:30:02.761+0000] {subprocess.py:93} INFO -    100K .......... .......... .......... .......... .......... 59%  951K 0s
[2023-03-22T08:30:02.801+0000] {subprocess.py:93} INFO -    150K .......... .......... .......... .......... .......... 78% 1.24M 0s
[2023-03-22T08:30:02.821+0000] {subprocess.py:93} INFO -    200K .......... .......... .......... .......... .......... 98% 2.43M 0s
[2023-03-22T08:30:02.821+0000] {subprocess.py:93} INFO -    250K ...                                                   100% 6.87T=0.3s
[2023-03-22T08:30:02.822+0000] {subprocess.py:93} INFO - 
[2023-03-22T08:30:02.822+0000] {subprocess.py:93} INFO - 2023-03-22 08:30:02 (794 KB/s) - ‘/home/***/data.json.2’ saved [259778/259778]
[2023-03-22T08:30:02.823+0000] {subprocess.py:93} INFO - 
[2023-03-22T08:30:02.823+0000] {subprocess.py:97} INFO - Command exited with return code 0
[2023-03-22T08:30:02.843+0000] {taskinstance.py:1326} INFO - Marking task as SUCCESS. dag_id=CarFine, task_id=get_file, execution_date=20230322T082500, start_date=20230322T083001, end_date=20230322T083002
[2023-03-22T08:30:02.861+0000] {local_task_job.py:212} INFO - Task exited with return code 0
[2023-03-22T08:30:02.882+0000] {taskinstance.py:2585} INFO - 1 downstream tasks scheduled from follow-on schedule check
