[2023-03-22T08:25:02.882+0000] {taskinstance.py:1084} INFO - Dependencies all met for dep_context=non-requeueable deps ti=<TaskInstance: CarFine.show_file scheduled__2023-03-22T08:20:00+00:00 [queued]>
[2023-03-22T08:25:02.890+0000] {taskinstance.py:1084} INFO - Dependencies all met for dep_context=requeueable deps ti=<TaskInstance: CarFine.show_file scheduled__2023-03-22T08:20:00+00:00 [queued]>
[2023-03-22T08:25:02.890+0000] {taskinstance.py:1282} INFO - 
--------------------------------------------------------------------------------
[2023-03-22T08:25:02.891+0000] {taskinstance.py:1283} INFO - Starting attempt 1 of 1
[2023-03-22T08:25:02.891+0000] {taskinstance.py:1284} INFO - 
--------------------------------------------------------------------------------
[2023-03-22T08:25:02.902+0000] {taskinstance.py:1303} INFO - Executing <Task(BashOperator): show_file> on 2023-03-22 08:20:00+00:00
[2023-03-22T08:25:02.909+0000] {standard_task_runner.py:55} INFO - Started process 362 to run task
[2023-03-22T08:25:02.913+0000] {standard_task_runner.py:82} INFO - Running: ['***', 'tasks', 'run', 'CarFine', 'show_file', 'scheduled__2023-03-22T08:20:00+00:00', '--job-id', '416', '--raw', '--subdir', 'DAGS_FOLDER/CarFineDAG.py', '--cfg-path', '/tmp/tmpbxp73cv3']
[2023-03-22T08:25:02.914+0000] {standard_task_runner.py:83} INFO - Job 416: Subtask show_file
[2023-03-22T08:25:02.971+0000] {task_command.py:388} INFO - Running <TaskInstance: CarFine.show_file scheduled__2023-03-22T08:20:00+00:00 [running]> on host e343fe327102
[2023-03-22T08:25:03.047+0000] {taskinstance.py:1511} INFO - Exporting the following env vars:
AIRFLOW_CTX_DAG_OWNER=***
AIRFLOW_CTX_DAG_ID=CarFine
AIRFLOW_CTX_TASK_ID=show_file
AIRFLOW_CTX_EXECUTION_DATE=2023-03-22T08:20:00+00:00
AIRFLOW_CTX_TRY_NUMBER=1
AIRFLOW_CTX_DAG_RUN_ID=scheduled__2023-03-22T08:20:00+00:00
[2023-03-22T08:25:03.048+0000] {subprocess.py:63} INFO - Tmp dir root location: 
 /tmp
[2023-03-22T08:25:03.048+0000] {subprocess.py:75} INFO - Running command: ['/bin/bash', '-c', 'cd /home/*** && ls']
[2023-03-22T08:25:03.064+0000] {subprocess.py:86} INFO - Output:
[2023-03-22T08:25:03.068+0000] {subprocess.py:93} INFO - data.json
[2023-03-22T08:25:03.068+0000] {subprocess.py:93} INFO - data.json.1
[2023-03-22T08:25:03.068+0000] {subprocess.py:97} INFO - Command exited with return code 0
[2023-03-22T08:25:03.107+0000] {taskinstance.py:1326} INFO - Marking task as SUCCESS. dag_id=CarFine, task_id=show_file, execution_date=20230322T082000, start_date=20230322T082502, end_date=20230322T082503
[2023-03-22T08:25:03.128+0000] {local_task_job.py:212} INFO - Task exited with return code 0
[2023-03-22T08:25:03.147+0000] {taskinstance.py:2585} INFO - 1 downstream tasks scheduled from follow-on schedule check
