[2023-03-22T08:50:01.125+0000] {taskinstance.py:1084} INFO - Dependencies all met for dep_context=non-requeueable deps ti=<TaskInstance: CarFine.get_file scheduled__2023-03-22T08:45:00+00:00 [queued]>
[2023-03-22T08:50:01.131+0000] {taskinstance.py:1084} INFO - Dependencies all met for dep_context=requeueable deps ti=<TaskInstance: CarFine.get_file scheduled__2023-03-22T08:45:00+00:00 [queued]>
[2023-03-22T08:50:01.131+0000] {taskinstance.py:1282} INFO - 
--------------------------------------------------------------------------------
[2023-03-22T08:50:01.132+0000] {taskinstance.py:1283} INFO - Starting attempt 1 of 1
[2023-03-22T08:50:01.132+0000] {taskinstance.py:1284} INFO - 
--------------------------------------------------------------------------------
[2023-03-22T08:50:01.143+0000] {taskinstance.py:1303} INFO - Executing <Task(BashOperator): get_file> on 2023-03-22 08:45:00+00:00
[2023-03-22T08:50:01.146+0000] {standard_task_runner.py:55} INFO - Started process 1892 to run task
[2023-03-22T08:50:01.148+0000] {standard_task_runner.py:82} INFO - Running: ['***', 'tasks', 'run', 'CarFine', 'get_file', 'scheduled__2023-03-22T08:45:00+00:00', '--job-id', '424', '--raw', '--subdir', 'DAGS_FOLDER/CarFineDAG.py', '--cfg-path', '/tmp/tmph7ovqzby']
[2023-03-22T08:50:01.149+0000] {standard_task_runner.py:83} INFO - Job 424: Subtask get_file
[2023-03-22T08:50:01.195+0000] {task_command.py:388} INFO - Running <TaskInstance: CarFine.get_file scheduled__2023-03-22T08:45:00+00:00 [running]> on host e343fe327102
[2023-03-22T08:50:01.256+0000] {taskinstance.py:1511} INFO - Exporting the following env vars:
AIRFLOW_CTX_DAG_OWNER=***
AIRFLOW_CTX_DAG_ID=CarFine
AIRFLOW_CTX_TASK_ID=get_file
AIRFLOW_CTX_EXECUTION_DATE=2023-03-22T08:45:00+00:00
AIRFLOW_CTX_TRY_NUMBER=1
AIRFLOW_CTX_DAG_RUN_ID=scheduled__2023-03-22T08:45:00+00:00
[2023-03-22T08:50:01.257+0000] {subprocess.py:63} INFO - Tmp dir root location: 
 /tmp
[2023-03-22T08:50:01.257+0000] {subprocess.py:75} INFO - Running command: ['/bin/bash', '-c', 'wget -P /home/*** https://www.dl.dropboxusercontent.com/s/q1de0kkhhxp5vo9/data.json']
[2023-03-22T08:50:01.265+0000] {subprocess.py:86} INFO - Output:
[2023-03-22T08:50:01.270+0000] {subprocess.py:93} INFO - --2023-03-22 08:50:01--  https://www.dl.dropboxusercontent.com/s/q1de0kkhhxp5vo9/data.json
[2023-03-22T08:50:01.426+0000] {subprocess.py:93} INFO - Resolving www.dl.dropboxusercontent.com (www.dl.dropboxusercontent.com)... 162.125.81.15, 2620:100:6035:15::a27d:550f
