[2023-03-21T07:45:30.456+0000] {taskinstance.py:1084} INFO - Dependencies all met for dep_context=non-requeueable deps ti=<TaskInstance: SecondDAG.print_date scheduled__2023-03-21T06:00:00+00:00 [queued]>
[2023-03-21T07:45:30.463+0000] {taskinstance.py:1084} INFO - Dependencies all met for dep_context=requeueable deps ti=<TaskInstance: SecondDAG.print_date scheduled__2023-03-21T06:00:00+00:00 [queued]>
[2023-03-21T07:45:30.463+0000] {taskinstance.py:1282} INFO - 
--------------------------------------------------------------------------------
[2023-03-21T07:45:30.463+0000] {taskinstance.py:1283} INFO - Starting attempt 1 of 1
[2023-03-21T07:45:30.463+0000] {taskinstance.py:1284} INFO - 
--------------------------------------------------------------------------------
[2023-03-21T07:45:30.473+0000] {taskinstance.py:1303} INFO - Executing <Task(_PythonDecoratedOperator): print_date> on 2023-03-21 06:00:00+00:00
[2023-03-21T07:45:30.476+0000] {standard_task_runner.py:55} INFO - Started process 94 to run task
[2023-03-21T07:45:30.478+0000] {standard_task_runner.py:82} INFO - Running: ['***', 'tasks', 'run', 'SecondDAG', 'print_date', 'scheduled__2023-03-21T06:00:00+00:00', '--job-id', '7', '--raw', '--subdir', 'DAGS_FOLDER/SecondDAG.py', '--cfg-path', '/tmp/tmph78_inyn']
[2023-03-21T07:45:30.478+0000] {standard_task_runner.py:83} INFO - Job 7: Subtask print_date
[2023-03-21T07:45:30.516+0000] {task_command.py:388} INFO - Running <TaskInstance: SecondDAG.print_date scheduled__2023-03-21T06:00:00+00:00 [running]> on host 4b2640dbf4e4
[2023-03-21T07:45:30.564+0000] {taskinstance.py:1511} INFO - Exporting the following env vars:
AIRFLOW_CTX_DAG_OWNER=***
AIRFLOW_CTX_DAG_ID=SecondDAG
AIRFLOW_CTX_TASK_ID=print_date
AIRFLOW_CTX_EXECUTION_DATE=2023-03-21T06:00:00+00:00
AIRFLOW_CTX_TRY_NUMBER=1
AIRFLOW_CTX_DAG_RUN_ID=scheduled__2023-03-21T06:00:00+00:00
[2023-03-21T07:45:30.564+0000] {logging_mixin.py:137} INFO - <class 'datetime.datetime'>
[2023-03-21T07:45:30.564+0000] {python.py:177} INFO - Done. Returned value was: None
[2023-03-21T07:45:30.571+0000] {taskinstance.py:1326} INFO - Marking task as SUCCESS. dag_id=SecondDAG, task_id=print_date, execution_date=20230321T060000, start_date=20230321T074530, end_date=20230321T074530
[2023-03-21T07:45:30.610+0000] {local_task_job.py:212} INFO - Task exited with return code 0
[2023-03-21T07:45:30.622+0000] {taskinstance.py:2585} INFO - 0 downstream tasks scheduled from follow-on schedule check
