[2023-03-22T07:53:28.916+0000] {taskinstance.py:1084} INFO - Dependencies all met for dep_context=non-requeueable deps ti=<TaskInstance: CarFine.get_file manual__2023-03-22T07:53:28.057496+00:00 [queued]>
[2023-03-22T07:53:28.923+0000] {taskinstance.py:1084} INFO - Dependencies all met for dep_context=requeueable deps ti=<TaskInstance: CarFine.get_file manual__2023-03-22T07:53:28.057496+00:00 [queued]>
[2023-03-22T07:53:28.923+0000] {taskinstance.py:1282} INFO - 
--------------------------------------------------------------------------------
[2023-03-22T07:53:28.923+0000] {taskinstance.py:1283} INFO - Starting attempt 1 of 1
[2023-03-22T07:53:28.923+0000] {taskinstance.py:1284} INFO - 
--------------------------------------------------------------------------------
[2023-03-22T07:53:28.933+0000] {taskinstance.py:1303} INFO - Executing <Task(BashOperator): get_file> on 2023-03-22 07:53:28.057496+00:00
[2023-03-22T07:53:28.936+0000] {standard_task_runner.py:55} INFO - Started process 3027 to run task
[2023-03-22T07:53:28.938+0000] {standard_task_runner.py:82} INFO - Running: ['***', 'tasks', 'run', 'CarFine', 'get_file', 'manual__2023-03-22T07:53:28.057496+00:00', '--job-id', '354', '--raw', '--subdir', 'DAGS_FOLDER/CarFineDAG.py', '--cfg-path', '/tmp/tmp6wx_lkxi']
[2023-03-22T07:53:28.938+0000] {standard_task_runner.py:83} INFO - Job 354: Subtask get_file
[2023-03-22T07:53:28.979+0000] {task_command.py:388} INFO - Running <TaskInstance: CarFine.get_file manual__2023-03-22T07:53:28.057496+00:00 [running]> on host ed9661b333ec
[2023-03-22T07:53:29.026+0000] {taskinstance.py:1511} INFO - Exporting the following env vars:
AIRFLOW_CTX_DAG_OWNER=***
AIRFLOW_CTX_DAG_ID=CarFine
AIRFLOW_CTX_TASK_ID=get_file
AIRFLOW_CTX_EXECUTION_DATE=2023-03-22T07:53:28.057496+00:00
AIRFLOW_CTX_TRY_NUMBER=1
AIRFLOW_CTX_DAG_RUN_ID=manual__2023-03-22T07:53:28.057496+00:00
[2023-03-22T07:53:29.026+0000] {subprocess.py:63} INFO - Tmp dir root location: 
 /tmp
[2023-03-22T07:53:29.027+0000] {subprocess.py:75} INFO - Running command: ['/bin/bash', '-c', 'wget -P /home/*** https://www.dl.dropboxusercontent.com/s/q1de0kkhhxp5vo9/data.json']
[2023-03-22T07:53:29.034+0000] {subprocess.py:86} INFO - Output:
[2023-03-22T07:53:29.037+0000] {subprocess.py:93} INFO - --2023-03-22 07:53:29--  https://www.dl.dropboxusercontent.com/s/q1de0kkhhxp5vo9/data.json
[2023-03-22T07:53:29.043+0000] {subprocess.py:93} INFO - Resolving www.dl.dropboxusercontent.com (www.dl.dropboxusercontent.com)... 162.125.81.15, 2620:100:6031:15::a27d:510f
[2023-03-22T07:53:29.150+0000] {subprocess.py:93} INFO - Connecting to www.dl.dropboxusercontent.com (www.dl.dropboxusercontent.com)|162.125.81.15|:443... connected.
[2023-03-22T07:53:29.877+0000] {subprocess.py:93} INFO - HTTP request sent, awaiting response... 200 OK
[2023-03-22T07:53:29.878+0000] {subprocess.py:93} INFO - Length: 259778 (254K) [text/plain]
[2023-03-22T07:53:29.878+0000] {subprocess.py:93} INFO - Saving to: ‘/home/***/data.json’
[2023-03-22T07:53:29.886+0000] {subprocess.py:93} INFO - 
[2023-03-22T07:53:30.086+0000] {subprocess.py:93} INFO -      0K .......... .......... .......... .......... .......... 19%  240K 1s
[2023-03-22T07:53:30.168+0000] {subprocess.py:93} INFO -     50K .......... .......... .......... .......... .......... 39%  606K 0s
[2023-03-22T07:53:30.212+0000] {subprocess.py:93} INFO -    100K .......... .......... .......... .......... .......... 59% 1.12M 0s
[2023-03-22T07:53:30.254+0000] {subprocess.py:93} INFO -    150K .......... .......... .......... .......... .......... 78% 1.16M 0s
[2023-03-22T07:53:30.289+0000] {subprocess.py:93} INFO -    200K .......... .......... .......... .......... .......... 98% 1.36M 0s
[2023-03-22T07:53:30.290+0000] {subprocess.py:93} INFO -    250K ...                                                   100% 6.87T=0.4s
[2023-03-22T07:53:30.290+0000] {subprocess.py:93} INFO - 
[2023-03-22T07:53:30.290+0000] {subprocess.py:93} INFO - 2023-03-22 07:53:30 (616 KB/s) - ‘/home/***/data.json’ saved [259778/259778]
[2023-03-22T07:53:30.290+0000] {subprocess.py:93} INFO - 
[2023-03-22T07:53:30.291+0000] {subprocess.py:97} INFO - Command exited with return code 0
[2023-03-22T07:53:30.320+0000] {taskinstance.py:1326} INFO - Marking task as SUCCESS. dag_id=CarFine, task_id=get_file, execution_date=20230322T075328, start_date=20230322T075328, end_date=20230322T075330
[2023-03-22T07:53:30.355+0000] {local_task_job.py:212} INFO - Task exited with return code 0
[2023-03-22T07:53:30.369+0000] {taskinstance.py:2585} INFO - 0 downstream tasks scheduled from follow-on schedule check
