[2023-03-21 13:43:38,871] {taskinstance.py:1179} INFO - Dependencies all met for <TaskInstance: FirstDAG.task scheduled__2023-03-21T12:00:00+00:00 [queued]>
[2023-03-21 13:43:38,883] {taskinstance.py:1179} INFO - Dependencies all met for <TaskInstance: FirstDAG.task scheduled__2023-03-21T12:00:00+00:00 [queued]>
[2023-03-21 13:43:38,883] {taskinstance.py:1376} INFO - 
--------------------------------------------------------------------------------
[2023-03-21 13:43:38,883] {taskinstance.py:1377} INFO - Starting attempt 1 of 1
[2023-03-21 13:43:38,883] {taskinstance.py:1378} INFO - 
--------------------------------------------------------------------------------
[2023-03-21 13:43:38,908] {taskinstance.py:1397} INFO - Executing <Task(PythonOperator): task> on 2023-03-21 12:00:00+00:00
[2023-03-21 13:43:38,912] {standard_task_runner.py:52} INFO - Started process 118 to run task
[2023-03-21 13:43:38,915] {standard_task_runner.py:79} INFO - Running: ['***', 'tasks', 'run', 'FirstDAG', 'task', 'scheduled__2023-03-21T12:00:00+00:00', '--job-id', '10', '--raw', '--subdir', 'DAGS_FOLDER/BasicDAG.py', '--cfg-path', '/tmp/tmp8022edyf', '--error-file', '/tmp/tmp05rpyuy1']
[2023-03-21 13:43:38,915] {standard_task_runner.py:80} INFO - Job 10: Subtask task
[2023-03-21 13:43:38,993] {task_command.py:371} INFO - Running <TaskInstance: FirstDAG.task scheduled__2023-03-21T12:00:00+00:00 [running]> on host e015818566b4
[2023-03-21 13:43:39,304] {taskinstance.py:1591} INFO - Exporting the following env vars:
AIRFLOW_CTX_DAG_OWNER=***
AIRFLOW_CTX_DAG_ID=FirstDAG
AIRFLOW_CTX_TASK_ID=task
AIRFLOW_CTX_EXECUTION_DATE=2023-03-21T12:00:00+00:00
AIRFLOW_CTX_TRY_NUMBER=1
AIRFLOW_CTX_DAG_RUN_ID=scheduled__2023-03-21T12:00:00+00:00
[2023-03-21 13:43:39,305] {logging_mixin.py:115} INFO - First DAG executed Successfully!!
[2023-03-21 13:43:39,305] {python.py:173} INFO - Done. Returned value was: None
[2023-03-21 13:43:39,318] {taskinstance.py:1420} INFO - Marking task as SUCCESS. dag_id=FirstDAG, task_id=task, execution_date=20230321T120000, start_date=20230321T134338, end_date=20230321T134339
[2023-03-21 13:43:39,407] {local_task_job.py:156} INFO - Task exited with return code 0
[2023-03-21 13:43:39,526] {local_task_job.py:273} INFO - 0 downstream tasks scheduled from follow-on schedule check
