[2023-03-21 13:43:35,095] {processor.py:153} INFO - Started process (PID=93) to work on /opt/airflow/dags/BasicDAG.py
[2023-03-21 13:43:35,095] {processor.py:641} INFO - Processing file /opt/airflow/dags/BasicDAG.py for tasks to queue
[2023-03-21 13:43:35,096] {logging_mixin.py:115} INFO - [2023-03-21 13:43:35,096] {dagbag.py:508} INFO - Filling up the DagBag from /opt/airflow/dags/BasicDAG.py
[2023-03-21 13:43:35,353] {processor.py:651} INFO - DAG(s) dict_keys(['FirstDAG']) retrieved from /opt/airflow/dags/BasicDAG.py
[2023-03-21 13:43:35,755] {logging_mixin.py:115} INFO - [2023-03-21 13:43:35,755] {dag.py:2420} INFO - Sync 1 DAGs
[2023-03-21 13:43:35,851] {logging_mixin.py:115} INFO - [2023-03-21 13:43:35,851] {dag.py:2972} INFO - Setting next_dagrun for FirstDAG to 2023-03-21T12:00:00+00:00, run_after=2023-03-21T13:00:00+00:00
[2023-03-21 13:43:35,952] {processor.py:161} INFO - Processing /opt/airflow/dags/BasicDAG.py took 0.863 seconds
[2023-03-21 13:44:06,024] {processor.py:153} INFO - Started process (PID=123) to work on /opt/airflow/dags/BasicDAG.py
[2023-03-21 13:44:06,024] {processor.py:641} INFO - Processing file /opt/airflow/dags/BasicDAG.py for tasks to queue
[2023-03-21 13:44:06,025] {logging_mixin.py:115} INFO - [2023-03-21 13:44:06,025] {dagbag.py:508} INFO - Filling up the DagBag from /opt/airflow/dags/BasicDAG.py
[2023-03-21 13:44:06,032] {processor.py:651} INFO - DAG(s) dict_keys(['FirstDAG']) retrieved from /opt/airflow/dags/BasicDAG.py
[2023-03-21 13:44:06,054] {logging_mixin.py:115} INFO - [2023-03-21 13:44:06,054] {dag.py:2420} INFO - Sync 1 DAGs
[2023-03-21 13:44:06,080] {logging_mixin.py:115} INFO - [2023-03-21 13:44:06,080] {dag.py:2972} INFO - Setting next_dagrun for FirstDAG to 2023-03-21T13:00:00+00:00, run_after=2023-03-21T14:00:00+00:00
[2023-03-21 13:44:06,112] {processor.py:161} INFO - Processing /opt/airflow/dags/BasicDAG.py took 0.091 seconds
[2023-03-21 13:44:36,178] {processor.py:153} INFO - Started process (PID=144) to work on /opt/airflow/dags/BasicDAG.py
[2023-03-21 13:44:36,192] {processor.py:641} INFO - Processing file /opt/airflow/dags/BasicDAG.py for tasks to queue
[2023-03-21 13:44:36,193] {logging_mixin.py:115} INFO - [2023-03-21 13:44:36,193] {dagbag.py:508} INFO - Filling up the DagBag from /opt/airflow/dags/BasicDAG.py
[2023-03-21 13:44:36,202] {processor.py:651} INFO - DAG(s) dict_keys(['FirstDAG']) retrieved from /opt/airflow/dags/BasicDAG.py
[2023-03-21 13:44:36,231] {logging_mixin.py:115} INFO - [2023-03-21 13:44:36,231] {dag.py:2420} INFO - Sync 1 DAGs
[2023-03-21 13:44:36,262] {logging_mixin.py:115} INFO - [2023-03-21 13:44:36,262] {dag.py:2972} INFO - Setting next_dagrun for FirstDAG to 2023-03-21T13:00:00+00:00, run_after=2023-03-21T14:00:00+00:00
[2023-03-21 13:44:36,398] {processor.py:161} INFO - Processing /opt/airflow/dags/BasicDAG.py took 0.223 seconds
[2023-03-21 13:45:06,475] {processor.py:153} INFO - Started process (PID=174) to work on /opt/airflow/dags/BasicDAG.py
[2023-03-21 13:45:06,475] {processor.py:641} INFO - Processing file /opt/airflow/dags/BasicDAG.py for tasks to queue
[2023-03-21 13:45:06,476] {logging_mixin.py:115} INFO - [2023-03-21 13:45:06,476] {dagbag.py:508} INFO - Filling up the DagBag from /opt/airflow/dags/BasicDAG.py
[2023-03-21 13:45:06,483] {processor.py:651} INFO - DAG(s) dict_keys(['FirstDAG']) retrieved from /opt/airflow/dags/BasicDAG.py
[2023-03-21 13:45:06,504] {logging_mixin.py:115} INFO - [2023-03-21 13:45:06,504] {dag.py:2420} INFO - Sync 1 DAGs
[2023-03-21 13:45:06,528] {logging_mixin.py:115} INFO - [2023-03-21 13:45:06,528] {dag.py:2972} INFO - Setting next_dagrun for FirstDAG to 2023-03-21T13:00:00+00:00, run_after=2023-03-21T14:00:00+00:00
[2023-03-21 13:45:06,592] {processor.py:161} INFO - Processing /opt/airflow/dags/BasicDAG.py took 0.120 seconds
[2023-03-21 13:45:36,656] {processor.py:153} INFO - Started process (PID=194) to work on /opt/airflow/dags/BasicDAG.py
[2023-03-21 13:45:36,710] {processor.py:641} INFO - Processing file /opt/airflow/dags/BasicDAG.py for tasks to queue
[2023-03-21 13:45:36,712] {logging_mixin.py:115} INFO - [2023-03-21 13:45:36,712] {dagbag.py:508} INFO - Filling up the DagBag from /opt/airflow/dags/BasicDAG.py
[2023-03-21 13:45:36,733] {processor.py:651} INFO - DAG(s) dict_keys(['FirstDAG']) retrieved from /opt/airflow/dags/BasicDAG.py
[2023-03-21 13:45:36,788] {logging_mixin.py:115} INFO - [2023-03-21 13:45:36,788] {dag.py:2420} INFO - Sync 1 DAGs
[2023-03-21 13:45:36,816] {logging_mixin.py:115} INFO - [2023-03-21 13:45:36,816] {dag.py:2972} INFO - Setting next_dagrun for FirstDAG to 2023-03-21T13:00:00+00:00, run_after=2023-03-21T14:00:00+00:00
[2023-03-21 13:45:36,853] {processor.py:161} INFO - Processing /opt/airflow/dags/BasicDAG.py took 0.200 seconds
[2023-03-21 13:46:06,916] {processor.py:153} INFO - Started process (PID=225) to work on /opt/airflow/dags/BasicDAG.py
[2023-03-21 13:46:06,917] {processor.py:641} INFO - Processing file /opt/airflow/dags/BasicDAG.py for tasks to queue
[2023-03-21 13:46:06,919] {logging_mixin.py:115} INFO - [2023-03-21 13:46:06,919] {dagbag.py:508} INFO - Filling up the DagBag from /opt/airflow/dags/BasicDAG.py
[2023-03-21 13:46:06,928] {processor.py:651} INFO - DAG(s) dict_keys(['FirstDAG']) retrieved from /opt/airflow/dags/BasicDAG.py
[2023-03-21 13:46:06,950] {logging_mixin.py:115} INFO - [2023-03-21 13:46:06,949] {dag.py:2420} INFO - Sync 1 DAGs
[2023-03-21 13:46:06,975] {logging_mixin.py:115} INFO - [2023-03-21 13:46:06,975] {dag.py:2972} INFO - Setting next_dagrun for FirstDAG to 2023-03-21T13:00:00+00:00, run_after=2023-03-21T14:00:00+00:00
[2023-03-21 13:46:07,079] {processor.py:161} INFO - Processing /opt/airflow/dags/BasicDAG.py took 0.166 seconds
[2023-03-21 13:46:37,155] {processor.py:153} INFO - Started process (PID=244) to work on /opt/airflow/dags/BasicDAG.py
[2023-03-21 13:46:37,204] {processor.py:641} INFO - Processing file /opt/airflow/dags/BasicDAG.py for tasks to queue
[2023-03-21 13:46:37,206] {logging_mixin.py:115} INFO - [2023-03-21 13:46:37,206] {dagbag.py:508} INFO - Filling up the DagBag from /opt/airflow/dags/BasicDAG.py
[2023-03-21 13:46:37,229] {processor.py:651} INFO - DAG(s) dict_keys(['FirstDAG']) retrieved from /opt/airflow/dags/BasicDAG.py
[2023-03-21 13:46:37,259] {logging_mixin.py:115} INFO - [2023-03-21 13:46:37,259] {dag.py:2420} INFO - Sync 1 DAGs
[2023-03-21 13:46:37,292] {logging_mixin.py:115} INFO - [2023-03-21 13:46:37,292] {dag.py:2972} INFO - Setting next_dagrun for FirstDAG to 2023-03-21T13:00:00+00:00, run_after=2023-03-21T14:00:00+00:00
[2023-03-21 13:46:37,412] {processor.py:161} INFO - Processing /opt/airflow/dags/BasicDAG.py took 0.264 seconds
[2023-03-21 13:47:07,466] {processor.py:153} INFO - Started process (PID=272) to work on /opt/airflow/dags/BasicDAG.py
[2023-03-21 13:47:07,466] {processor.py:641} INFO - Processing file /opt/airflow/dags/BasicDAG.py for tasks to queue
[2023-03-21 13:47:07,467] {logging_mixin.py:115} INFO - [2023-03-21 13:47:07,467] {dagbag.py:508} INFO - Filling up the DagBag from /opt/airflow/dags/BasicDAG.py
[2023-03-21 13:47:07,475] {processor.py:651} INFO - DAG(s) dict_keys(['FirstDAG']) retrieved from /opt/airflow/dags/BasicDAG.py
[2023-03-21 13:47:07,499] {logging_mixin.py:115} INFO - [2023-03-21 13:47:07,499] {dag.py:2420} INFO - Sync 1 DAGs
[2023-03-21 13:47:07,524] {logging_mixin.py:115} INFO - [2023-03-21 13:47:07,524] {dag.py:2972} INFO - Setting next_dagrun for FirstDAG to 2023-03-21T13:00:00+00:00, run_after=2023-03-21T14:00:00+00:00
[2023-03-21 13:47:07,978] {processor.py:161} INFO - Processing /opt/airflow/dags/BasicDAG.py took 0.514 seconds
[2023-03-21 13:47:38,077] {processor.py:153} INFO - Started process (PID=301) to work on /opt/airflow/dags/BasicDAG.py
[2023-03-21 13:47:38,077] {processor.py:641} INFO - Processing file /opt/airflow/dags/BasicDAG.py for tasks to queue
[2023-03-21 13:47:38,078] {logging_mixin.py:115} INFO - [2023-03-21 13:47:38,078] {dagbag.py:508} INFO - Filling up the DagBag from /opt/airflow/dags/BasicDAG.py
[2023-03-21 13:47:38,086] {processor.py:651} INFO - DAG(s) dict_keys(['FirstDAG']) retrieved from /opt/airflow/dags/BasicDAG.py
[2023-03-21 13:47:38,109] {logging_mixin.py:115} INFO - [2023-03-21 13:47:38,109] {dag.py:2420} INFO - Sync 1 DAGs
[2023-03-21 13:47:38,136] {logging_mixin.py:115} INFO - [2023-03-21 13:47:38,136] {dag.py:2972} INFO - Setting next_dagrun for FirstDAG to 2023-03-21T13:00:00+00:00, run_after=2023-03-21T14:00:00+00:00
[2023-03-21 13:47:38,199] {processor.py:161} INFO - Processing /opt/airflow/dags/BasicDAG.py took 0.125 seconds
[2023-03-21 13:48:08,279] {processor.py:153} INFO - Started process (PID=322) to work on /opt/airflow/dags/BasicDAG.py
[2023-03-21 13:48:08,333] {processor.py:641} INFO - Processing file /opt/airflow/dags/BasicDAG.py for tasks to queue
[2023-03-21 13:48:08,335] {logging_mixin.py:115} INFO - [2023-03-21 13:48:08,334] {dagbag.py:508} INFO - Filling up the DagBag from /opt/airflow/dags/BasicDAG.py
[2023-03-21 13:48:08,356] {processor.py:651} INFO - DAG(s) dict_keys(['FirstDAG']) retrieved from /opt/airflow/dags/BasicDAG.py
[2023-03-21 13:48:08,393] {logging_mixin.py:115} INFO - [2023-03-21 13:48:08,393] {dag.py:2420} INFO - Sync 1 DAGs
[2023-03-21 13:48:08,417] {logging_mixin.py:115} INFO - [2023-03-21 13:48:08,417] {dag.py:2972} INFO - Setting next_dagrun for FirstDAG to 2023-03-21T13:00:00+00:00, run_after=2023-03-21T14:00:00+00:00
[2023-03-21 13:48:08,517] {processor.py:161} INFO - Processing /opt/airflow/dags/BasicDAG.py took 0.246 seconds
[2023-03-21 13:48:38,590] {processor.py:153} INFO - Started process (PID=351) to work on /opt/airflow/dags/BasicDAG.py
[2023-03-21 13:48:38,591] {processor.py:641} INFO - Processing file /opt/airflow/dags/BasicDAG.py for tasks to queue
[2023-03-21 13:48:38,591] {logging_mixin.py:115} INFO - [2023-03-21 13:48:38,591] {dagbag.py:508} INFO - Filling up the DagBag from /opt/airflow/dags/BasicDAG.py
[2023-03-21 13:48:38,599] {processor.py:651} INFO - DAG(s) dict_keys(['FirstDAG']) retrieved from /opt/airflow/dags/BasicDAG.py
[2023-03-21 13:48:38,624] {logging_mixin.py:115} INFO - [2023-03-21 13:48:38,624] {dag.py:2420} INFO - Sync 1 DAGs
[2023-03-21 13:48:38,646] {logging_mixin.py:115} INFO - [2023-03-21 13:48:38,646] {dag.py:2972} INFO - Setting next_dagrun for FirstDAG to 2023-03-21T13:00:00+00:00, run_after=2023-03-21T14:00:00+00:00
[2023-03-21 13:48:38,668] {processor.py:161} INFO - Processing /opt/airflow/dags/BasicDAG.py took 0.080 seconds
[2023-03-21 13:49:08,734] {processor.py:153} INFO - Started process (PID=374) to work on /opt/airflow/dags/BasicDAG.py
[2023-03-21 13:49:08,804] {processor.py:641} INFO - Processing file /opt/airflow/dags/BasicDAG.py for tasks to queue
[2023-03-21 13:49:08,805] {logging_mixin.py:115} INFO - [2023-03-21 13:49:08,805] {dagbag.py:508} INFO - Filling up the DagBag from /opt/airflow/dags/BasicDAG.py
[2023-03-21 13:49:08,828] {processor.py:651} INFO - DAG(s) dict_keys(['FirstDAG']) retrieved from /opt/airflow/dags/BasicDAG.py
[2023-03-21 13:49:08,868] {logging_mixin.py:115} INFO - [2023-03-21 13:49:08,867] {dag.py:2420} INFO - Sync 1 DAGs
[2023-03-21 13:49:08,888] {logging_mixin.py:115} INFO - [2023-03-21 13:49:08,888] {dag.py:2972} INFO - Setting next_dagrun for FirstDAG to 2023-03-21T13:00:00+00:00, run_after=2023-03-21T14:00:00+00:00
[2023-03-21 13:49:08,914] {processor.py:161} INFO - Processing /opt/airflow/dags/BasicDAG.py took 0.183 seconds
[2023-03-21 13:49:38,984] {processor.py:153} INFO - Started process (PID=406) to work on /opt/airflow/dags/BasicDAG.py
[2023-03-21 13:49:39,237] {processor.py:641} INFO - Processing file /opt/airflow/dags/BasicDAG.py for tasks to queue
[2023-03-21 13:49:39,239] {logging_mixin.py:115} INFO - [2023-03-21 13:49:39,238] {dagbag.py:508} INFO - Filling up the DagBag from /opt/airflow/dags/BasicDAG.py
[2023-03-21 13:49:39,263] {processor.py:651} INFO - DAG(s) dict_keys(['FirstDAG']) retrieved from /opt/airflow/dags/BasicDAG.py
[2023-03-21 13:49:39,304] {logging_mixin.py:115} INFO - [2023-03-21 13:49:39,304] {dag.py:2420} INFO - Sync 1 DAGs
[2023-03-21 13:49:39,332] {logging_mixin.py:115} INFO - [2023-03-21 13:49:39,331] {dag.py:2972} INFO - Setting next_dagrun for FirstDAG to 2023-03-21T13:00:00+00:00, run_after=2023-03-21T14:00:00+00:00
[2023-03-21 13:49:39,539] {processor.py:161} INFO - Processing /opt/airflow/dags/BasicDAG.py took 0.564 seconds
[2023-03-21 13:50:09,629] {processor.py:153} INFO - Started process (PID=425) to work on /opt/airflow/dags/BasicDAG.py
[2023-03-21 13:50:09,648] {processor.py:641} INFO - Processing file /opt/airflow/dags/BasicDAG.py for tasks to queue
[2023-03-21 13:50:09,649] {logging_mixin.py:115} INFO - [2023-03-21 13:50:09,648] {dagbag.py:508} INFO - Filling up the DagBag from /opt/airflow/dags/BasicDAG.py
[2023-03-21 13:50:09,656] {processor.py:651} INFO - DAG(s) dict_keys(['FirstDAG']) retrieved from /opt/airflow/dags/BasicDAG.py
[2023-03-21 13:50:09,679] {logging_mixin.py:115} INFO - [2023-03-21 13:50:09,679] {dag.py:2420} INFO - Sync 1 DAGs
[2023-03-21 13:50:09,701] {logging_mixin.py:115} INFO - [2023-03-21 13:50:09,700] {dag.py:2972} INFO - Setting next_dagrun for FirstDAG to 2023-03-21T13:00:00+00:00, run_after=2023-03-21T14:00:00+00:00
[2023-03-21 13:50:09,726] {processor.py:161} INFO - Processing /opt/airflow/dags/BasicDAG.py took 0.100 seconds
[2023-03-21 13:50:39,780] {processor.py:153} INFO - Started process (PID=456) to work on /opt/airflow/dags/BasicDAG.py
[2023-03-21 13:50:39,780] {processor.py:641} INFO - Processing file /opt/airflow/dags/BasicDAG.py for tasks to queue
[2023-03-21 13:50:39,781] {logging_mixin.py:115} INFO - [2023-03-21 13:50:39,781] {dagbag.py:508} INFO - Filling up the DagBag from /opt/airflow/dags/BasicDAG.py
[2023-03-21 13:50:39,788] {processor.py:651} INFO - DAG(s) dict_keys(['FirstDAG']) retrieved from /opt/airflow/dags/BasicDAG.py
[2023-03-21 13:50:39,812] {logging_mixin.py:115} INFO - [2023-03-21 13:50:39,812] {dag.py:2420} INFO - Sync 1 DAGs
[2023-03-21 13:50:39,836] {logging_mixin.py:115} INFO - [2023-03-21 13:50:39,836] {dag.py:2972} INFO - Setting next_dagrun for FirstDAG to 2023-03-21T13:00:00+00:00, run_after=2023-03-21T14:00:00+00:00
[2023-03-21 13:50:39,860] {processor.py:161} INFO - Processing /opt/airflow/dags/BasicDAG.py took 0.083 seconds
[2023-03-21 13:51:09,916] {processor.py:153} INFO - Started process (PID=491) to work on /opt/airflow/dags/BasicDAG.py
[2023-03-21 13:51:09,927] {processor.py:641} INFO - Processing file /opt/airflow/dags/BasicDAG.py for tasks to queue
[2023-03-21 13:51:09,928] {logging_mixin.py:115} INFO - [2023-03-21 13:51:09,928] {dagbag.py:508} INFO - Filling up the DagBag from /opt/airflow/dags/BasicDAG.py
[2023-03-21 13:51:09,935] {processor.py:651} INFO - DAG(s) dict_keys(['FirstDAG']) retrieved from /opt/airflow/dags/BasicDAG.py
[2023-03-21 13:51:09,960] {logging_mixin.py:115} INFO - [2023-03-21 13:51:09,959] {dag.py:2420} INFO - Sync 1 DAGs
[2023-03-21 13:51:09,982] {logging_mixin.py:115} INFO - [2023-03-21 13:51:09,982] {dag.py:2972} INFO - Setting next_dagrun for FirstDAG to 2023-03-21T13:00:00+00:00, run_after=2023-03-21T14:00:00+00:00
[2023-03-21 13:51:10,009] {processor.py:161} INFO - Processing /opt/airflow/dags/BasicDAG.py took 0.095 seconds
[2023-03-21 13:51:40,069] {processor.py:153} INFO - Started process (PID=511) to work on /opt/airflow/dags/BasicDAG.py
[2023-03-21 13:51:40,069] {processor.py:641} INFO - Processing file /opt/airflow/dags/BasicDAG.py for tasks to queue
[2023-03-21 13:51:40,069] {logging_mixin.py:115} INFO - [2023-03-21 13:51:40,069] {dagbag.py:508} INFO - Filling up the DagBag from /opt/airflow/dags/BasicDAG.py
[2023-03-21 13:51:40,076] {processor.py:651} INFO - DAG(s) dict_keys(['FirstDAG']) retrieved from /opt/airflow/dags/BasicDAG.py
[2023-03-21 13:51:40,099] {logging_mixin.py:115} INFO - [2023-03-21 13:51:40,099] {dag.py:2420} INFO - Sync 1 DAGs
[2023-03-21 13:51:40,119] {logging_mixin.py:115} INFO - [2023-03-21 13:51:40,119] {dag.py:2972} INFO - Setting next_dagrun for FirstDAG to 2023-03-21T13:00:00+00:00, run_after=2023-03-21T14:00:00+00:00
[2023-03-21 13:51:40,150] {processor.py:161} INFO - Processing /opt/airflow/dags/BasicDAG.py took 0.084 seconds
[2023-03-21 13:52:10,212] {processor.py:153} INFO - Started process (PID=542) to work on /opt/airflow/dags/BasicDAG.py
[2023-03-21 13:52:10,241] {processor.py:641} INFO - Processing file /opt/airflow/dags/BasicDAG.py for tasks to queue
[2023-03-21 13:52:10,241] {logging_mixin.py:115} INFO - [2023-03-21 13:52:10,241] {dagbag.py:508} INFO - Filling up the DagBag from /opt/airflow/dags/BasicDAG.py
[2023-03-21 13:52:10,256] {processor.py:651} INFO - DAG(s) dict_keys(['FirstDAG']) retrieved from /opt/airflow/dags/BasicDAG.py
[2023-03-21 13:52:10,300] {logging_mixin.py:115} INFO - [2023-03-21 13:52:10,300] {dag.py:2420} INFO - Sync 1 DAGs
[2023-03-21 13:52:10,321] {logging_mixin.py:115} INFO - [2023-03-21 13:52:10,321] {dag.py:2972} INFO - Setting next_dagrun for FirstDAG to 2023-03-21T13:00:00+00:00, run_after=2023-03-21T14:00:00+00:00
[2023-03-21 13:52:10,340] {processor.py:161} INFO - Processing /opt/airflow/dags/BasicDAG.py took 0.130 seconds
[2023-03-21 13:52:40,400] {processor.py:153} INFO - Started process (PID=561) to work on /opt/airflow/dags/BasicDAG.py
[2023-03-21 13:52:40,401] {processor.py:641} INFO - Processing file /opt/airflow/dags/BasicDAG.py for tasks to queue
[2023-03-21 13:52:40,401] {logging_mixin.py:115} INFO - [2023-03-21 13:52:40,401] {dagbag.py:508} INFO - Filling up the DagBag from /opt/airflow/dags/BasicDAG.py
[2023-03-21 13:52:40,408] {processor.py:651} INFO - DAG(s) dict_keys(['FirstDAG']) retrieved from /opt/airflow/dags/BasicDAG.py
[2023-03-21 13:52:40,431] {logging_mixin.py:115} INFO - [2023-03-21 13:52:40,431] {dag.py:2420} INFO - Sync 1 DAGs
[2023-03-21 13:52:40,451] {logging_mixin.py:115} INFO - [2023-03-21 13:52:40,451] {dag.py:2972} INFO - Setting next_dagrun for FirstDAG to 2023-03-21T13:00:00+00:00, run_after=2023-03-21T14:00:00+00:00
[2023-03-21 13:52:40,475] {processor.py:161} INFO - Processing /opt/airflow/dags/BasicDAG.py took 0.077 seconds
[2023-03-21 13:53:10,533] {processor.py:153} INFO - Started process (PID=593) to work on /opt/airflow/dags/BasicDAG.py
[2023-03-21 13:53:10,576] {processor.py:641} INFO - Processing file /opt/airflow/dags/BasicDAG.py for tasks to queue
[2023-03-21 13:53:10,576] {logging_mixin.py:115} INFO - [2023-03-21 13:53:10,576] {dagbag.py:508} INFO - Filling up the DagBag from /opt/airflow/dags/BasicDAG.py
[2023-03-21 13:53:10,584] {processor.py:651} INFO - DAG(s) dict_keys(['FirstDAG']) retrieved from /opt/airflow/dags/BasicDAG.py
[2023-03-21 13:53:10,608] {logging_mixin.py:115} INFO - [2023-03-21 13:53:10,608] {dag.py:2420} INFO - Sync 1 DAGs
[2023-03-21 13:53:10,629] {logging_mixin.py:115} INFO - [2023-03-21 13:53:10,629] {dag.py:2972} INFO - Setting next_dagrun for FirstDAG to 2023-03-21T13:00:00+00:00, run_after=2023-03-21T14:00:00+00:00
[2023-03-21 13:53:10,654] {processor.py:161} INFO - Processing /opt/airflow/dags/BasicDAG.py took 0.123 seconds
[2023-03-21 13:53:40,718] {processor.py:153} INFO - Started process (PID=627) to work on /opt/airflow/dags/BasicDAG.py
[2023-03-21 13:53:40,718] {processor.py:641} INFO - Processing file /opt/airflow/dags/BasicDAG.py for tasks to queue
[2023-03-21 13:53:40,719] {logging_mixin.py:115} INFO - [2023-03-21 13:53:40,719] {dagbag.py:508} INFO - Filling up the DagBag from /opt/airflow/dags/BasicDAG.py
[2023-03-21 13:53:40,727] {processor.py:651} INFO - DAG(s) dict_keys(['FirstDAG']) retrieved from /opt/airflow/dags/BasicDAG.py
[2023-03-21 13:53:40,753] {logging_mixin.py:115} INFO - [2023-03-21 13:53:40,753] {dag.py:2420} INFO - Sync 1 DAGs
[2023-03-21 13:53:40,778] {logging_mixin.py:115} INFO - [2023-03-21 13:53:40,778] {dag.py:2972} INFO - Setting next_dagrun for FirstDAG to 2023-03-21T13:00:00+00:00, run_after=2023-03-21T14:00:00+00:00
[2023-03-21 13:53:40,800] {processor.py:161} INFO - Processing /opt/airflow/dags/BasicDAG.py took 0.085 seconds
[2023-03-21 13:54:10,859] {processor.py:153} INFO - Started process (PID=647) to work on /opt/airflow/dags/BasicDAG.py
[2023-03-21 13:54:10,990] {processor.py:641} INFO - Processing file /opt/airflow/dags/BasicDAG.py for tasks to queue
[2023-03-21 13:54:10,990] {logging_mixin.py:115} INFO - [2023-03-21 13:54:10,990] {dagbag.py:508} INFO - Filling up the DagBag from /opt/airflow/dags/BasicDAG.py
[2023-03-21 13:54:10,998] {processor.py:651} INFO - DAG(s) dict_keys(['FirstDAG']) retrieved from /opt/airflow/dags/BasicDAG.py
[2023-03-21 13:54:11,022] {logging_mixin.py:115} INFO - [2023-03-21 13:54:11,022] {dag.py:2420} INFO - Sync 1 DAGs
[2023-03-21 13:54:11,045] {logging_mixin.py:115} INFO - [2023-03-21 13:54:11,045] {dag.py:2972} INFO - Setting next_dagrun for FirstDAG to 2023-03-21T13:00:00+00:00, run_after=2023-03-21T14:00:00+00:00
[2023-03-21 13:54:11,170] {processor.py:161} INFO - Processing /opt/airflow/dags/BasicDAG.py took 0.313 seconds
[2023-03-21 13:54:41,230] {processor.py:153} INFO - Started process (PID=674) to work on /opt/airflow/dags/BasicDAG.py
[2023-03-21 13:54:41,230] {processor.py:641} INFO - Processing file /opt/airflow/dags/BasicDAG.py for tasks to queue
[2023-03-21 13:54:41,231] {logging_mixin.py:115} INFO - [2023-03-21 13:54:41,231] {dagbag.py:508} INFO - Filling up the DagBag from /opt/airflow/dags/BasicDAG.py
[2023-03-21 13:54:41,239] {processor.py:651} INFO - DAG(s) dict_keys(['FirstDAG']) retrieved from /opt/airflow/dags/BasicDAG.py
[2023-03-21 13:54:41,264] {logging_mixin.py:115} INFO - [2023-03-21 13:54:41,264] {dag.py:2420} INFO - Sync 1 DAGs
[2023-03-21 13:54:41,288] {logging_mixin.py:115} INFO - [2023-03-21 13:54:41,287] {dag.py:2972} INFO - Setting next_dagrun for FirstDAG to 2023-03-21T13:00:00+00:00, run_after=2023-03-21T14:00:00+00:00
[2023-03-21 13:54:41,359] {processor.py:161} INFO - Processing /opt/airflow/dags/BasicDAG.py took 0.131 seconds
[2023-03-21 13:55:11,423] {processor.py:153} INFO - Started process (PID=696) to work on /opt/airflow/dags/BasicDAG.py
[2023-03-21 13:55:11,429] {processor.py:641} INFO - Processing file /opt/airflow/dags/BasicDAG.py for tasks to queue
[2023-03-21 13:55:11,430] {logging_mixin.py:115} INFO - [2023-03-21 13:55:11,430] {dagbag.py:508} INFO - Filling up the DagBag from /opt/airflow/dags/BasicDAG.py
[2023-03-21 13:55:11,437] {processor.py:651} INFO - DAG(s) dict_keys(['FirstDAG']) retrieved from /opt/airflow/dags/BasicDAG.py
[2023-03-21 13:55:11,461] {logging_mixin.py:115} INFO - [2023-03-21 13:55:11,461] {dag.py:2420} INFO - Sync 1 DAGs
[2023-03-21 13:55:11,492] {logging_mixin.py:115} INFO - [2023-03-21 13:55:11,492] {dag.py:2972} INFO - Setting next_dagrun for FirstDAG to 2023-03-21T13:00:00+00:00, run_after=2023-03-21T14:00:00+00:00
[2023-03-21 13:55:11,561] {processor.py:161} INFO - Processing /opt/airflow/dags/BasicDAG.py took 0.141 seconds
[2023-03-21 13:55:41,637] {processor.py:153} INFO - Started process (PID=728) to work on /opt/airflow/dags/BasicDAG.py
[2023-03-21 13:55:41,638] {processor.py:641} INFO - Processing file /opt/airflow/dags/BasicDAG.py for tasks to queue
[2023-03-21 13:55:41,639] {logging_mixin.py:115} INFO - [2023-03-21 13:55:41,639] {dagbag.py:508} INFO - Filling up the DagBag from /opt/airflow/dags/BasicDAG.py
[2023-03-21 13:55:41,664] {processor.py:651} INFO - DAG(s) dict_keys(['FirstDAG']) retrieved from /opt/airflow/dags/BasicDAG.py
[2023-03-21 13:55:41,711] {logging_mixin.py:115} INFO - [2023-03-21 13:55:41,711] {dag.py:2420} INFO - Sync 1 DAGs
[2023-03-21 13:55:41,736] {logging_mixin.py:115} INFO - [2023-03-21 13:55:41,736] {dag.py:2972} INFO - Setting next_dagrun for FirstDAG to 2023-03-21T13:00:00+00:00, run_after=2023-03-21T14:00:00+00:00
[2023-03-21 13:55:41,936] {processor.py:161} INFO - Processing /opt/airflow/dags/BasicDAG.py took 0.308 seconds
[2023-03-21 13:56:12,016] {processor.py:153} INFO - Started process (PID=749) to work on /opt/airflow/dags/BasicDAG.py
[2023-03-21 13:56:12,043] {processor.py:641} INFO - Processing file /opt/airflow/dags/BasicDAG.py for tasks to queue
[2023-03-21 13:56:12,044] {logging_mixin.py:115} INFO - [2023-03-21 13:56:12,044] {dagbag.py:508} INFO - Filling up the DagBag from /opt/airflow/dags/BasicDAG.py
[2023-03-21 13:56:12,052] {processor.py:651} INFO - DAG(s) dict_keys(['FirstDAG']) retrieved from /opt/airflow/dags/BasicDAG.py
[2023-03-21 13:56:12,083] {logging_mixin.py:115} INFO - [2023-03-21 13:56:12,083] {dag.py:2420} INFO - Sync 1 DAGs
[2023-03-21 13:56:12,106] {logging_mixin.py:115} INFO - [2023-03-21 13:56:12,106] {dag.py:2972} INFO - Setting next_dagrun for FirstDAG to 2023-03-21T13:00:00+00:00, run_after=2023-03-21T14:00:00+00:00
[2023-03-21 13:56:12,274] {processor.py:161} INFO - Processing /opt/airflow/dags/BasicDAG.py took 0.262 seconds
[2023-03-21 13:56:42,334] {processor.py:153} INFO - Started process (PID=779) to work on /opt/airflow/dags/BasicDAG.py
[2023-03-21 13:56:42,335] {processor.py:641} INFO - Processing file /opt/airflow/dags/BasicDAG.py for tasks to queue
[2023-03-21 13:56:42,335] {logging_mixin.py:115} INFO - [2023-03-21 13:56:42,335] {dagbag.py:508} INFO - Filling up the DagBag from /opt/airflow/dags/BasicDAG.py
[2023-03-21 13:56:42,343] {processor.py:651} INFO - DAG(s) dict_keys(['FirstDAG']) retrieved from /opt/airflow/dags/BasicDAG.py
[2023-03-21 13:56:42,368] {logging_mixin.py:115} INFO - [2023-03-21 13:56:42,368] {dag.py:2420} INFO - Sync 1 DAGs
[2023-03-21 13:56:42,392] {logging_mixin.py:115} INFO - [2023-03-21 13:56:42,392] {dag.py:2972} INFO - Setting next_dagrun for FirstDAG to 2023-03-21T13:00:00+00:00, run_after=2023-03-21T14:00:00+00:00
[2023-03-21 13:56:42,644] {processor.py:161} INFO - Processing /opt/airflow/dags/BasicDAG.py took 0.312 seconds
[2023-03-21 13:57:12,742] {processor.py:153} INFO - Started process (PID=800) to work on /opt/airflow/dags/BasicDAG.py
[2023-03-21 13:57:12,885] {processor.py:641} INFO - Processing file /opt/airflow/dags/BasicDAG.py for tasks to queue
[2023-03-21 13:57:12,886] {logging_mixin.py:115} INFO - [2023-03-21 13:57:12,886] {dagbag.py:508} INFO - Filling up the DagBag from /opt/airflow/dags/BasicDAG.py
[2023-03-21 13:57:12,911] {processor.py:651} INFO - DAG(s) dict_keys(['FirstDAG']) retrieved from /opt/airflow/dags/BasicDAG.py
[2023-03-21 13:57:12,954] {logging_mixin.py:115} INFO - [2023-03-21 13:57:12,954] {dag.py:2420} INFO - Sync 1 DAGs
[2023-03-21 13:57:12,979] {logging_mixin.py:115} INFO - [2023-03-21 13:57:12,979] {dag.py:2972} INFO - Setting next_dagrun for FirstDAG to 2023-03-21T13:00:00+00:00, run_after=2023-03-21T14:00:00+00:00
[2023-03-21 13:57:12,999] {processor.py:161} INFO - Processing /opt/airflow/dags/BasicDAG.py took 0.261 seconds
[2023-03-21 13:57:43,068] {processor.py:153} INFO - Started process (PID=828) to work on /opt/airflow/dags/BasicDAG.py
[2023-03-21 13:57:43,086] {processor.py:641} INFO - Processing file /opt/airflow/dags/BasicDAG.py for tasks to queue
[2023-03-21 13:57:43,087] {logging_mixin.py:115} INFO - [2023-03-21 13:57:43,086] {dagbag.py:508} INFO - Filling up the DagBag from /opt/airflow/dags/BasicDAG.py
[2023-03-21 13:57:43,097] {processor.py:651} INFO - DAG(s) dict_keys(['FirstDAG']) retrieved from /opt/airflow/dags/BasicDAG.py
[2023-03-21 13:57:43,132] {logging_mixin.py:115} INFO - [2023-03-21 13:57:43,132] {dag.py:2420} INFO - Sync 1 DAGs
[2023-03-21 13:57:43,159] {logging_mixin.py:115} INFO - [2023-03-21 13:57:43,159] {dag.py:2972} INFO - Setting next_dagrun for FirstDAG to 2023-03-21T13:00:00+00:00, run_after=2023-03-21T14:00:00+00:00
[2023-03-21 13:57:43,190] {processor.py:161} INFO - Processing /opt/airflow/dags/BasicDAG.py took 0.125 seconds
[2023-03-21 13:58:13,254] {processor.py:153} INFO - Started process (PID=849) to work on /opt/airflow/dags/BasicDAG.py
[2023-03-21 13:58:13,254] {processor.py:641} INFO - Processing file /opt/airflow/dags/BasicDAG.py for tasks to queue
[2023-03-21 13:58:13,254] {logging_mixin.py:115} INFO - [2023-03-21 13:58:13,254] {dagbag.py:508} INFO - Filling up the DagBag from /opt/airflow/dags/BasicDAG.py
[2023-03-21 13:58:13,261] {processor.py:651} INFO - DAG(s) dict_keys(['FirstDAG']) retrieved from /opt/airflow/dags/BasicDAG.py
[2023-03-21 13:58:13,286] {logging_mixin.py:115} INFO - [2023-03-21 13:58:13,286] {dag.py:2420} INFO - Sync 1 DAGs
[2023-03-21 13:58:13,308] {logging_mixin.py:115} INFO - [2023-03-21 13:58:13,308] {dag.py:2972} INFO - Setting next_dagrun for FirstDAG to 2023-03-21T13:00:00+00:00, run_after=2023-03-21T14:00:00+00:00
[2023-03-21 13:58:13,330] {processor.py:161} INFO - Processing /opt/airflow/dags/BasicDAG.py took 0.079 seconds
[2023-03-21 13:58:43,408] {processor.py:153} INFO - Started process (PID=878) to work on /opt/airflow/dags/BasicDAG.py
[2023-03-21 13:58:43,457] {processor.py:641} INFO - Processing file /opt/airflow/dags/BasicDAG.py for tasks to queue
[2023-03-21 13:58:43,459] {logging_mixin.py:115} INFO - [2023-03-21 13:58:43,458] {dagbag.py:508} INFO - Filling up the DagBag from /opt/airflow/dags/BasicDAG.py
[2023-03-21 13:58:43,482] {processor.py:651} INFO - DAG(s) dict_keys(['FirstDAG']) retrieved from /opt/airflow/dags/BasicDAG.py
[2023-03-21 13:58:43,523] {logging_mixin.py:115} INFO - [2023-03-21 13:58:43,523] {dag.py:2420} INFO - Sync 1 DAGs
[2023-03-21 13:58:43,548] {logging_mixin.py:115} INFO - [2023-03-21 13:58:43,548] {dag.py:2972} INFO - Setting next_dagrun for FirstDAG to 2023-03-21T13:00:00+00:00, run_after=2023-03-21T14:00:00+00:00
[2023-03-21 13:58:43,562] {processor.py:161} INFO - Processing /opt/airflow/dags/BasicDAG.py took 0.163 seconds
[2023-03-21 13:59:13,624] {processor.py:153} INFO - Started process (PID=906) to work on /opt/airflow/dags/BasicDAG.py
[2023-03-21 13:59:13,624] {processor.py:641} INFO - Processing file /opt/airflow/dags/BasicDAG.py for tasks to queue
[2023-03-21 13:59:13,625] {logging_mixin.py:115} INFO - [2023-03-21 13:59:13,625] {dagbag.py:508} INFO - Filling up the DagBag from /opt/airflow/dags/BasicDAG.py
[2023-03-21 13:59:13,634] {processor.py:651} INFO - DAG(s) dict_keys(['FirstDAG']) retrieved from /opt/airflow/dags/BasicDAG.py
[2023-03-21 13:59:13,658] {logging_mixin.py:115} INFO - [2023-03-21 13:59:13,658] {dag.py:2420} INFO - Sync 1 DAGs
[2023-03-21 13:59:13,681] {logging_mixin.py:115} INFO - [2023-03-21 13:59:13,681] {dag.py:2972} INFO - Setting next_dagrun for FirstDAG to 2023-03-21T13:00:00+00:00, run_after=2023-03-21T14:00:00+00:00
[2023-03-21 13:59:13,695] {processor.py:161} INFO - Processing /opt/airflow/dags/BasicDAG.py took 0.074 seconds
[2023-03-21 13:59:43,758] {processor.py:153} INFO - Started process (PID=928) to work on /opt/airflow/dags/BasicDAG.py
[2023-03-21 13:59:43,808] {processor.py:641} INFO - Processing file /opt/airflow/dags/BasicDAG.py for tasks to queue
[2023-03-21 13:59:43,809] {logging_mixin.py:115} INFO - [2023-03-21 13:59:43,809] {dagbag.py:508} INFO - Filling up the DagBag from /opt/airflow/dags/BasicDAG.py
[2023-03-21 13:59:43,826] {processor.py:651} INFO - DAG(s) dict_keys(['FirstDAG']) retrieved from /opt/airflow/dags/BasicDAG.py
[2023-03-21 13:59:43,874] {logging_mixin.py:115} INFO - [2023-03-21 13:59:43,874] {dag.py:2420} INFO - Sync 1 DAGs
[2023-03-21 13:59:43,898] {logging_mixin.py:115} INFO - [2023-03-21 13:59:43,898] {dag.py:2972} INFO - Setting next_dagrun for FirstDAG to 2023-03-21T13:00:00+00:00, run_after=2023-03-21T14:00:00+00:00
[2023-03-21 13:59:43,910] {processor.py:161} INFO - Processing /opt/airflow/dags/BasicDAG.py took 0.155 seconds
[2023-03-21 14:00:13,965] {processor.py:153} INFO - Started process (PID=957) to work on /opt/airflow/dags/BasicDAG.py
[2023-03-21 14:00:13,965] {processor.py:641} INFO - Processing file /opt/airflow/dags/BasicDAG.py for tasks to queue
[2023-03-21 14:00:13,966] {logging_mixin.py:115} INFO - [2023-03-21 14:00:13,966] {dagbag.py:508} INFO - Filling up the DagBag from /opt/airflow/dags/BasicDAG.py
[2023-03-21 14:00:13,974] {processor.py:651} INFO - DAG(s) dict_keys(['FirstDAG']) retrieved from /opt/airflow/dags/BasicDAG.py
[2023-03-21 14:00:13,998] {logging_mixin.py:115} INFO - [2023-03-21 14:00:13,998] {dag.py:2420} INFO - Sync 1 DAGs
[2023-03-21 14:00:14,021] {logging_mixin.py:115} INFO - [2023-03-21 14:00:14,021] {dag.py:2972} INFO - Setting next_dagrun for FirstDAG to 2023-03-21T14:00:00+00:00, run_after=2023-03-21T15:00:00+00:00
[2023-03-21 14:00:14,036] {processor.py:161} INFO - Processing /opt/airflow/dags/BasicDAG.py took 0.075 seconds
[2023-03-21 14:00:44,094] {processor.py:153} INFO - Started process (PID=977) to work on /opt/airflow/dags/BasicDAG.py
[2023-03-21 14:00:44,106] {processor.py:641} INFO - Processing file /opt/airflow/dags/BasicDAG.py for tasks to queue
[2023-03-21 14:00:44,107] {logging_mixin.py:115} INFO - [2023-03-21 14:00:44,107] {dagbag.py:508} INFO - Filling up the DagBag from /opt/airflow/dags/BasicDAG.py
[2023-03-21 14:00:44,116] {processor.py:651} INFO - DAG(s) dict_keys(['FirstDAG']) retrieved from /opt/airflow/dags/BasicDAG.py
[2023-03-21 14:00:44,143] {logging_mixin.py:115} INFO - [2023-03-21 14:00:44,143] {dag.py:2420} INFO - Sync 1 DAGs
[2023-03-21 14:00:44,169] {logging_mixin.py:115} INFO - [2023-03-21 14:00:44,169] {dag.py:2972} INFO - Setting next_dagrun for FirstDAG to 2023-03-21T14:00:00+00:00, run_after=2023-03-21T15:00:00+00:00
[2023-03-21 14:00:44,198] {processor.py:161} INFO - Processing /opt/airflow/dags/BasicDAG.py took 0.107 seconds
[2023-03-21 14:01:14,256] {processor.py:153} INFO - Started process (PID=1006) to work on /opt/airflow/dags/BasicDAG.py
[2023-03-21 14:01:14,257] {processor.py:641} INFO - Processing file /opt/airflow/dags/BasicDAG.py for tasks to queue
[2023-03-21 14:01:14,257] {logging_mixin.py:115} INFO - [2023-03-21 14:01:14,257] {dagbag.py:508} INFO - Filling up the DagBag from /opt/airflow/dags/BasicDAG.py
[2023-03-21 14:01:14,265] {processor.py:651} INFO - DAG(s) dict_keys(['FirstDAG']) retrieved from /opt/airflow/dags/BasicDAG.py
[2023-03-21 14:01:14,288] {logging_mixin.py:115} INFO - [2023-03-21 14:01:14,288] {dag.py:2420} INFO - Sync 1 DAGs
[2023-03-21 14:01:14,309] {logging_mixin.py:115} INFO - [2023-03-21 14:01:14,309] {dag.py:2972} INFO - Setting next_dagrun for FirstDAG to 2023-03-21T14:00:00+00:00, run_after=2023-03-21T15:00:00+00:00
[2023-03-21 14:01:14,330] {processor.py:161} INFO - Processing /opt/airflow/dags/BasicDAG.py took 0.076 seconds
[2023-03-21 14:01:44,402] {processor.py:153} INFO - Started process (PID=1026) to work on /opt/airflow/dags/BasicDAG.py
[2023-03-21 14:01:44,430] {processor.py:641} INFO - Processing file /opt/airflow/dags/BasicDAG.py for tasks to queue
[2023-03-21 14:01:44,431] {logging_mixin.py:115} INFO - [2023-03-21 14:01:44,431] {dagbag.py:508} INFO - Filling up the DagBag from /opt/airflow/dags/BasicDAG.py
[2023-03-21 14:01:44,454] {processor.py:651} INFO - DAG(s) dict_keys(['FirstDAG']) retrieved from /opt/airflow/dags/BasicDAG.py
[2023-03-21 14:01:44,487] {logging_mixin.py:115} INFO - [2023-03-21 14:01:44,487] {dag.py:2420} INFO - Sync 1 DAGs
[2023-03-21 14:01:44,511] {logging_mixin.py:115} INFO - [2023-03-21 14:01:44,511] {dag.py:2972} INFO - Setting next_dagrun for FirstDAG to 2023-03-21T14:00:00+00:00, run_after=2023-03-21T15:00:00+00:00
[2023-03-21 14:01:44,587] {processor.py:161} INFO - Processing /opt/airflow/dags/BasicDAG.py took 0.194 seconds
[2023-03-21 14:02:14,661] {processor.py:153} INFO - Started process (PID=1056) to work on /opt/airflow/dags/BasicDAG.py
[2023-03-21 14:02:14,661] {processor.py:641} INFO - Processing file /opt/airflow/dags/BasicDAG.py for tasks to queue
[2023-03-21 14:02:14,662] {logging_mixin.py:115} INFO - [2023-03-21 14:02:14,662] {dagbag.py:508} INFO - Filling up the DagBag from /opt/airflow/dags/BasicDAG.py
[2023-03-21 14:02:14,669] {processor.py:651} INFO - DAG(s) dict_keys(['FirstDAG']) retrieved from /opt/airflow/dags/BasicDAG.py
[2023-03-21 14:02:14,694] {logging_mixin.py:115} INFO - [2023-03-21 14:02:14,694] {dag.py:2420} INFO - Sync 1 DAGs
[2023-03-21 14:02:14,715] {logging_mixin.py:115} INFO - [2023-03-21 14:02:14,715] {dag.py:2972} INFO - Setting next_dagrun for FirstDAG to 2023-03-21T14:00:00+00:00, run_after=2023-03-21T15:00:00+00:00
[2023-03-21 14:02:14,731] {processor.py:161} INFO - Processing /opt/airflow/dags/BasicDAG.py took 0.073 seconds
[2023-03-21 14:02:44,792] {processor.py:153} INFO - Started process (PID=1083) to work on /opt/airflow/dags/BasicDAG.py
[2023-03-21 14:02:44,809] {processor.py:641} INFO - Processing file /opt/airflow/dags/BasicDAG.py for tasks to queue
[2023-03-21 14:02:44,809] {logging_mixin.py:115} INFO - [2023-03-21 14:02:44,809] {dagbag.py:508} INFO - Filling up the DagBag from /opt/airflow/dags/BasicDAG.py
[2023-03-21 14:02:44,866] {processor.py:651} INFO - DAG(s) dict_keys(['FirstDAG']) retrieved from /opt/airflow/dags/BasicDAG.py
[2023-03-21 14:02:44,927] {logging_mixin.py:115} INFO - [2023-03-21 14:02:44,927] {dag.py:2420} INFO - Sync 1 DAGs
[2023-03-21 14:02:44,969] {logging_mixin.py:115} INFO - [2023-03-21 14:02:44,969] {dag.py:2972} INFO - Setting next_dagrun for FirstDAG to 2023-03-21T14:00:00+00:00, run_after=2023-03-21T15:00:00+00:00
[2023-03-21 14:02:44,985] {processor.py:161} INFO - Processing /opt/airflow/dags/BasicDAG.py took 0.196 seconds
[2023-03-21 14:03:15,058] {processor.py:153} INFO - Started process (PID=1104) to work on /opt/airflow/dags/BasicDAG.py
[2023-03-21 14:03:15,059] {processor.py:641} INFO - Processing file /opt/airflow/dags/BasicDAG.py for tasks to queue
[2023-03-21 14:03:15,059] {logging_mixin.py:115} INFO - [2023-03-21 14:03:15,059] {dagbag.py:508} INFO - Filling up the DagBag from /opt/airflow/dags/BasicDAG.py
[2023-03-21 14:03:15,067] {processor.py:651} INFO - DAG(s) dict_keys(['FirstDAG']) retrieved from /opt/airflow/dags/BasicDAG.py
[2023-03-21 14:03:15,090] {logging_mixin.py:115} INFO - [2023-03-21 14:03:15,090] {dag.py:2420} INFO - Sync 1 DAGs
[2023-03-21 14:03:15,110] {logging_mixin.py:115} INFO - [2023-03-21 14:03:15,110] {dag.py:2972} INFO - Setting next_dagrun for FirstDAG to 2023-03-21T14:00:00+00:00, run_after=2023-03-21T15:00:00+00:00
[2023-03-21 14:03:15,138] {processor.py:161} INFO - Processing /opt/airflow/dags/BasicDAG.py took 0.083 seconds
[2023-03-21 14:03:45,197] {processor.py:153} INFO - Started process (PID=1137) to work on /opt/airflow/dags/BasicDAG.py
[2023-03-21 14:03:45,211] {processor.py:641} INFO - Processing file /opt/airflow/dags/BasicDAG.py for tasks to queue
[2023-03-21 14:03:45,212] {logging_mixin.py:115} INFO - [2023-03-21 14:03:45,212] {dagbag.py:508} INFO - Filling up the DagBag from /opt/airflow/dags/BasicDAG.py
[2023-03-21 14:03:45,220] {processor.py:651} INFO - DAG(s) dict_keys(['FirstDAG']) retrieved from /opt/airflow/dags/BasicDAG.py
[2023-03-21 14:03:45,243] {logging_mixin.py:115} INFO - [2023-03-21 14:03:45,243] {dag.py:2420} INFO - Sync 1 DAGs
[2023-03-21 14:03:45,266] {logging_mixin.py:115} INFO - [2023-03-21 14:03:45,266] {dag.py:2972} INFO - Setting next_dagrun for FirstDAG to 2023-03-21T14:00:00+00:00, run_after=2023-03-21T15:00:00+00:00
[2023-03-21 14:03:45,283] {processor.py:161} INFO - Processing /opt/airflow/dags/BasicDAG.py took 0.089 seconds
[2023-03-21 14:04:15,344] {processor.py:153} INFO - Started process (PID=1160) to work on /opt/airflow/dags/BasicDAG.py
[2023-03-21 14:04:15,365] {processor.py:641} INFO - Processing file /opt/airflow/dags/BasicDAG.py for tasks to queue
[2023-03-21 14:04:15,366] {logging_mixin.py:115} INFO - [2023-03-21 14:04:15,366] {dagbag.py:508} INFO - Filling up the DagBag from /opt/airflow/dags/BasicDAG.py
[2023-03-21 14:04:15,374] {processor.py:651} INFO - DAG(s) dict_keys(['FirstDAG']) retrieved from /opt/airflow/dags/BasicDAG.py
[2023-03-21 14:04:15,396] {logging_mixin.py:115} INFO - [2023-03-21 14:04:15,396] {dag.py:2420} INFO - Sync 1 DAGs
[2023-03-21 14:04:15,420] {logging_mixin.py:115} INFO - [2023-03-21 14:04:15,420] {dag.py:2972} INFO - Setting next_dagrun for FirstDAG to 2023-03-21T14:00:00+00:00, run_after=2023-03-21T15:00:00+00:00
[2023-03-21 14:04:15,477] {processor.py:161} INFO - Processing /opt/airflow/dags/BasicDAG.py took 0.136 seconds
[2023-03-21 14:04:45,560] {processor.py:153} INFO - Started process (PID=1190) to work on /opt/airflow/dags/BasicDAG.py
[2023-03-21 14:04:45,561] {processor.py:641} INFO - Processing file /opt/airflow/dags/BasicDAG.py for tasks to queue
[2023-03-21 14:04:45,562] {logging_mixin.py:115} INFO - [2023-03-21 14:04:45,562] {dagbag.py:508} INFO - Filling up the DagBag from /opt/airflow/dags/BasicDAG.py
[2023-03-21 14:04:45,575] {processor.py:651} INFO - DAG(s) dict_keys(['FirstDAG']) retrieved from /opt/airflow/dags/BasicDAG.py
[2023-03-21 14:04:45,602] {logging_mixin.py:115} INFO - [2023-03-21 14:04:45,602] {dag.py:2420} INFO - Sync 1 DAGs
[2023-03-21 14:04:45,623] {logging_mixin.py:115} INFO - [2023-03-21 14:04:45,622] {dag.py:2972} INFO - Setting next_dagrun for FirstDAG to 2023-03-21T14:00:00+00:00, run_after=2023-03-21T15:00:00+00:00
[2023-03-21 14:04:45,634] {processor.py:161} INFO - Processing /opt/airflow/dags/BasicDAG.py took 0.081 seconds
[2023-03-21 14:05:15,695] {processor.py:153} INFO - Started process (PID=1222) to work on /opt/airflow/dags/BasicDAG.py
[2023-03-21 14:05:15,708] {processor.py:641} INFO - Processing file /opt/airflow/dags/BasicDAG.py for tasks to queue
[2023-03-21 14:05:15,708] {logging_mixin.py:115} INFO - [2023-03-21 14:05:15,708] {dagbag.py:508} INFO - Filling up the DagBag from /opt/airflow/dags/BasicDAG.py
[2023-03-21 14:05:15,717] {processor.py:651} INFO - DAG(s) dict_keys(['FirstDAG']) retrieved from /opt/airflow/dags/BasicDAG.py
[2023-03-21 14:05:15,741] {logging_mixin.py:115} INFO - [2023-03-21 14:05:15,741] {dag.py:2420} INFO - Sync 1 DAGs
[2023-03-21 14:05:15,765] {logging_mixin.py:115} INFO - [2023-03-21 14:05:15,764] {dag.py:2972} INFO - Setting next_dagrun for FirstDAG to 2023-03-21T14:00:00+00:00, run_after=2023-03-21T15:00:00+00:00
[2023-03-21 14:05:15,778] {processor.py:161} INFO - Processing /opt/airflow/dags/BasicDAG.py took 0.086 seconds
