[2023-03-22T04:20:00.891+0000] {taskinstance.py:1084} INFO - Dependencies all met for dep_context=non-requeueable deps ti=<TaskInstance: CarFine.get_file scheduled__2023-03-22T04:15:00+00:00 [queued]>
[2023-03-22T04:20:00.898+0000] {taskinstance.py:1084} INFO - Dependencies all met for dep_context=requeueable deps ti=<TaskInstance: CarFine.get_file scheduled__2023-03-22T04:15:00+00:00 [queued]>
[2023-03-22T04:20:00.898+0000] {taskinstance.py:1282} INFO - 
--------------------------------------------------------------------------------
[2023-03-22T04:20:00.898+0000] {taskinstance.py:1283} INFO - Starting attempt 1 of 1
[2023-03-22T04:20:00.898+0000] {taskinstance.py:1284} INFO - 
--------------------------------------------------------------------------------
[2023-03-22T04:20:00.907+0000] {taskinstance.py:1303} INFO - Executing <Task(BashOperator): get_file> on 2023-03-22 04:15:00+00:00
[2023-03-22T04:20:00.911+0000] {standard_task_runner.py:55} INFO - Started process 1457 to run task
[2023-03-22T04:20:00.912+0000] {standard_task_runner.py:82} INFO - Running: ['***', 'tasks', 'run', 'CarFine', 'get_file', 'scheduled__2023-03-22T04:15:00+00:00', '--job-id', '275', '--raw', '--subdir', 'DAGS_FOLDER/CarFineDAG.py', '--cfg-path', '/tmp/tmpad09f4ak']
[2023-03-22T04:20:00.912+0000] {standard_task_runner.py:83} INFO - Job 275: Subtask get_file
[2023-03-22T04:20:00.952+0000] {task_command.py:388} INFO - Running <TaskInstance: CarFine.get_file scheduled__2023-03-22T04:15:00+00:00 [running]> on host f331b8a34e72
[2023-03-22T04:20:01.000+0000] {taskinstance.py:1511} INFO - Exporting the following env vars:
AIRFLOW_CTX_DAG_OWNER=***
AIRFLOW_CTX_DAG_ID=CarFine
AIRFLOW_CTX_TASK_ID=get_file
AIRFLOW_CTX_EXECUTION_DATE=2023-03-22T04:15:00+00:00
AIRFLOW_CTX_TRY_NUMBER=1
AIRFLOW_CTX_DAG_RUN_ID=scheduled__2023-03-22T04:15:00+00:00
[2023-03-22T04:20:01.001+0000] {subprocess.py:63} INFO - Tmp dir root location: 
 /tmp
[2023-03-22T04:20:01.001+0000] {subprocess.py:75} INFO - Running command: ['/bin/bash', '-c', 'wget https://www.dl.dropboxusercontent.com/s/q1de0kkhhxp5vo9/data.json ']
[2023-03-22T04:20:01.009+0000] {subprocess.py:86} INFO - Output:
[2023-03-22T04:20:01.012+0000] {subprocess.py:93} INFO - --2023-03-22 04:20:01--  https://www.dl.dropboxusercontent.com/s/q1de0kkhhxp5vo9/data.json
[2023-03-22T04:20:01.018+0000] {subprocess.py:93} INFO - Resolving www.dl.dropboxusercontent.com (www.dl.dropboxusercontent.com)... 162.125.81.15, 2620:100:6031:15::a27d:510f
[2023-03-22T04:20:01.118+0000] {subprocess.py:93} INFO - Connecting to www.dl.dropboxusercontent.com (www.dl.dropboxusercontent.com)|162.125.81.15|:443... connected.
[2023-03-22T04:20:01.903+0000] {subprocess.py:93} INFO - HTTP request sent, awaiting response... 200 OK
[2023-03-22T04:20:01.903+0000] {subprocess.py:93} INFO - Length: 259778 (254K) [text/plain]
[2023-03-22T04:20:01.903+0000] {subprocess.py:93} INFO - Saving to: ‘data.json’
[2023-03-22T04:20:01.904+0000] {subprocess.py:93} INFO - 
[2023-03-22T04:20:02.106+0000] {subprocess.py:93} INFO -      0K .......... .......... .......... .......... .......... 19%  246K 1s
[2023-03-22T04:20:02.194+0000] {subprocess.py:93} INFO -     50K .......... .......... .......... .......... .......... 39%  567K 0s
[2023-03-22T04:20:02.242+0000] {subprocess.py:93} INFO -    100K .......... .......... .......... .......... .......... 59% 1.02M 0s
[2023-03-22T04:20:02.278+0000] {subprocess.py:93} INFO -    150K .......... .......... .......... .......... .......... 78% 1.35M 0s
[2023-03-22T04:20:02.310+0000] {subprocess.py:93} INFO -    200K .......... .......... .......... .......... .......... 98% 1.55M 0s
[2023-03-22T04:20:02.310+0000] {subprocess.py:93} INFO -    250K ...                                                   100% 6.87T=0.4s
[2023-03-22T04:20:02.311+0000] {subprocess.py:93} INFO - 
[2023-03-22T04:20:02.311+0000] {subprocess.py:93} INFO - 2023-03-22 04:20:02 (624 KB/s) - ‘data.json’ saved [259778/259778]
[2023-03-22T04:20:02.312+0000] {subprocess.py:93} INFO - 
[2023-03-22T04:20:02.312+0000] {subprocess.py:97} INFO - Command exited with return code 0
[2023-03-22T04:20:02.332+0000] {taskinstance.py:1326} INFO - Marking task as SUCCESS. dag_id=CarFine, task_id=get_file, execution_date=20230322T041500, start_date=20230322T042000, end_date=20230322T042002
[2023-03-22T04:20:02.370+0000] {local_task_job.py:212} INFO - Task exited with return code 0
[2023-03-22T04:20:02.395+0000] {taskinstance.py:2585} INFO - 1 downstream tasks scheduled from follow-on schedule check
