[2023-03-22T08:15:03.872+0000] {taskinstance.py:1084} INFO - Dependencies all met for dep_context=non-requeueable deps ti=<TaskInstance: CarFine.spark-save-db scheduled__2023-03-22T08:10:00+00:00 [queued]>
[2023-03-22T08:15:03.878+0000] {taskinstance.py:1084} INFO - Dependencies all met for dep_context=requeueable deps ti=<TaskInstance: CarFine.spark-save-db scheduled__2023-03-22T08:10:00+00:00 [queued]>
[2023-03-22T08:15:03.879+0000] {taskinstance.py:1282} INFO - 
--------------------------------------------------------------------------------
[2023-03-22T08:15:03.879+0000] {taskinstance.py:1283} INFO - Starting attempt 1 of 1
[2023-03-22T08:15:03.879+0000] {taskinstance.py:1284} INFO - 
--------------------------------------------------------------------------------
[2023-03-22T08:15:03.888+0000] {taskinstance.py:1303} INFO - Executing <Task(SparkSubmitOperator): spark-save-db> on 2023-03-22 08:10:00+00:00
[2023-03-22T08:15:03.892+0000] {standard_task_runner.py:55} INFO - Started process 5478 to run task
[2023-03-22T08:15:03.893+0000] {standard_task_runner.py:82} INFO - Running: ['***', 'tasks', 'run', 'CarFine', 'spark-save-db', 'scheduled__2023-03-22T08:10:00+00:00', '--job-id', '376', '--raw', '--subdir', 'DAGS_FOLDER/CarFineDAG.py', '--cfg-path', '/tmp/tmp3thdm5r9']
[2023-03-22T08:15:03.893+0000] {standard_task_runner.py:83} INFO - Job 376: Subtask spark-save-db
[2023-03-22T08:15:03.932+0000] {task_command.py:388} INFO - Running <TaskInstance: CarFine.spark-save-db scheduled__2023-03-22T08:10:00+00:00 [running]> on host ed9661b333ec
[2023-03-22T08:15:03.981+0000] {taskinstance.py:1511} INFO - Exporting the following env vars:
AIRFLOW_CTX_DAG_OWNER=***
AIRFLOW_CTX_DAG_ID=CarFine
AIRFLOW_CTX_TASK_ID=spark-save-db
AIRFLOW_CTX_EXECUTION_DATE=2023-03-22T08:10:00+00:00
AIRFLOW_CTX_TRY_NUMBER=1
AIRFLOW_CTX_DAG_RUN_ID=scheduled__2023-03-22T08:10:00+00:00
[2023-03-22T08:15:03.986+0000] {base.py:73} INFO - Using connection ID 'spark-connection' for task execution.
[2023-03-22T08:15:03.987+0000] {spark_submit.py:335} INFO - Spark-Submit cmd: spark-submit --master spark://vtn-truongvq:7077 --driver-class-path /opt/***/plugins/postgresql-42.6.0.jar --jars /opt/***/plugins/postgresql-42.6.0.jar --name arrow-spark --class com.viettel.truongvq.spark.SparkJob --verbose /opt/***/plugins/big-data-fundamentals.jar
[2023-03-22T08:15:04.070+0000] {spark_submit.py:488} INFO - /home/***/.local/lib/python3.7/site-packages/pyspark/bin/load-spark-env.sh: line 68: ps: command not found
[2023-03-22T08:15:04.905+0000] {spark_submit.py:488} INFO - Using properties file: null
[2023-03-22T08:15:04.966+0000] {spark_submit.py:488} INFO - Parsed arguments:
[2023-03-22T08:15:04.966+0000] {spark_submit.py:488} INFO - master                  spark://vtn-truongvq:7077
[2023-03-22T08:15:04.966+0000] {spark_submit.py:488} INFO - deployMode              null
[2023-03-22T08:15:04.967+0000] {spark_submit.py:488} INFO - executorMemory          null
[2023-03-22T08:15:04.967+0000] {spark_submit.py:488} INFO - executorCores           null
[2023-03-22T08:15:04.967+0000] {spark_submit.py:488} INFO - totalExecutorCores      null
[2023-03-22T08:15:04.967+0000] {spark_submit.py:488} INFO - propertiesFile          null
[2023-03-22T08:15:04.967+0000] {spark_submit.py:488} INFO - driverMemory            null
[2023-03-22T08:15:04.967+0000] {spark_submit.py:488} INFO - driverCores             null
[2023-03-22T08:15:04.967+0000] {spark_submit.py:488} INFO - driverExtraClassPath    /opt/***/plugins/postgresql-42.6.0.jar
[2023-03-22T08:15:04.967+0000] {spark_submit.py:488} INFO - driverExtraLibraryPath  null
[2023-03-22T08:15:04.967+0000] {spark_submit.py:488} INFO - driverExtraJavaOptions  null
[2023-03-22T08:15:04.967+0000] {spark_submit.py:488} INFO - supervise               false
[2023-03-22T08:15:04.967+0000] {spark_submit.py:488} INFO - queue                   null
[2023-03-22T08:15:04.967+0000] {spark_submit.py:488} INFO - numExecutors            null
[2023-03-22T08:15:04.967+0000] {spark_submit.py:488} INFO - files                   null
[2023-03-22T08:15:04.967+0000] {spark_submit.py:488} INFO - pyFiles                 null
[2023-03-22T08:15:04.967+0000] {spark_submit.py:488} INFO - archives                null
[2023-03-22T08:15:04.967+0000] {spark_submit.py:488} INFO - mainClass               com.viettel.truongvq.spark.SparkJob
[2023-03-22T08:15:04.968+0000] {spark_submit.py:488} INFO - primaryResource         file:/opt/***/plugins/big-data-fundamentals.jar
[2023-03-22T08:15:04.968+0000] {spark_submit.py:488} INFO - name                    arrow-spark
[2023-03-22T08:15:04.968+0000] {spark_submit.py:488} INFO - childArgs               []
[2023-03-22T08:15:04.968+0000] {spark_submit.py:488} INFO - jars                    file:/opt/***/plugins/postgresql-42.6.0.jar
[2023-03-22T08:15:04.968+0000] {spark_submit.py:488} INFO - packages                null
[2023-03-22T08:15:04.968+0000] {spark_submit.py:488} INFO - packagesExclusions      null
[2023-03-22T08:15:04.968+0000] {spark_submit.py:488} INFO - repositories            null
[2023-03-22T08:15:04.968+0000] {spark_submit.py:488} INFO - verbose                 true
[2023-03-22T08:15:04.968+0000] {spark_submit.py:488} INFO - 
[2023-03-22T08:15:04.968+0000] {spark_submit.py:488} INFO - Spark properties used, including those specified through
[2023-03-22T08:15:04.968+0000] {spark_submit.py:488} INFO - --conf and those from the properties file null:
[2023-03-22T08:15:04.968+0000] {spark_submit.py:488} INFO - (spark.driver.extraClassPath,/opt/***/plugins/postgresql-42.6.0.jar)
[2023-03-22T08:15:04.968+0000] {spark_submit.py:488} INFO - 
[2023-03-22T08:15:04.968+0000] {spark_submit.py:488} INFO - 
[2023-03-22T08:15:05.197+0000] {spark_submit.py:488} INFO - 23/03/22 08:15:05 WARN NativeCodeLoader: Unable to load native-hadoop library for your platform... using builtin-java classes where applicable
[2023-03-22T08:15:05.295+0000] {spark_submit.py:488} INFO - Main class:
[2023-03-22T08:15:05.295+0000] {spark_submit.py:488} INFO - com.viettel.truongvq.spark.SparkJob
[2023-03-22T08:15:05.295+0000] {spark_submit.py:488} INFO - Arguments:
[2023-03-22T08:15:05.295+0000] {spark_submit.py:488} INFO - 
[2023-03-22T08:15:05.297+0000] {spark_submit.py:488} INFO - Spark config:
[2023-03-22T08:15:05.297+0000] {spark_submit.py:488} INFO - (spark.app.name,arrow-spark)
[2023-03-22T08:15:05.297+0000] {spark_submit.py:488} INFO - (spark.app.submitTime,1679472905285)
[2023-03-22T08:15:05.297+0000] {spark_submit.py:488} INFO - (spark.driver.extraClassPath,/opt/***/plugins/postgresql-42.6.0.jar)
[2023-03-22T08:15:05.297+0000] {spark_submit.py:488} INFO - (spark.jars,file:///opt/***/plugins/postgresql-42.6.0.jar,file:/opt/***/plugins/big-data-fundamentals.jar)
[2023-03-22T08:15:05.297+0000] {spark_submit.py:488} INFO - (spark.master,spark://vtn-truongvq:7077)
[2023-03-22T08:15:05.297+0000] {spark_submit.py:488} INFO - (spark.repl.local.jars,file:///opt/***/plugins/postgresql-42.6.0.jar)
[2023-03-22T08:15:05.297+0000] {spark_submit.py:488} INFO - (spark.submit.deployMode,client)
[2023-03-22T08:15:05.297+0000] {spark_submit.py:488} INFO - (spark.submit.pyFiles,)
[2023-03-22T08:15:05.297+0000] {spark_submit.py:488} INFO - Classpath elements:
[2023-03-22T08:15:05.297+0000] {spark_submit.py:488} INFO - file:/opt/***/plugins/big-data-fundamentals.jar
[2023-03-22T08:15:05.297+0000] {spark_submit.py:488} INFO - file:///opt/***/plugins/postgresql-42.6.0.jar
[2023-03-22T08:15:05.297+0000] {spark_submit.py:488} INFO - 
[2023-03-22T08:15:05.297+0000] {spark_submit.py:488} INFO - 
[2023-03-22T08:15:05.315+0000] {spark_submit.py:488} INFO - 23/03/22 08:15:05 INFO SparkContext: Running Spark version 3.3.2
[2023-03-22T08:15:05.331+0000] {spark_submit.py:488} INFO - 23/03/22 08:15:05 INFO ResourceUtils: ==============================================================
[2023-03-22T08:15:05.331+0000] {spark_submit.py:488} INFO - 23/03/22 08:15:05 INFO ResourceUtils: No custom resources configured for spark.driver.
[2023-03-22T08:15:05.331+0000] {spark_submit.py:488} INFO - 23/03/22 08:15:05 INFO ResourceUtils: ==============================================================
[2023-03-22T08:15:05.332+0000] {spark_submit.py:488} INFO - 23/03/22 08:15:05 INFO SparkContext: Submitted application: SparkExample
[2023-03-22T08:15:05.343+0000] {spark_submit.py:488} INFO - 23/03/22 08:15:05 INFO ResourceProfile: Default ResourceProfile created, executor resources: Map(cores -> name: cores, amount: 1, script: , vendor: , memory -> name: memory, amount: 1024, script: , vendor: , offHeap -> name: offHeap, amount: 0, script: , vendor: ), task resources: Map(cpus -> name: cpus, amount: 1.0)
[2023-03-22T08:15:05.352+0000] {spark_submit.py:488} INFO - 23/03/22 08:15:05 INFO ResourceProfile: Limiting resource is cpu
[2023-03-22T08:15:05.352+0000] {spark_submit.py:488} INFO - 23/03/22 08:15:05 INFO ResourceProfileManager: Added ResourceProfile id: 0
[2023-03-22T08:15:05.381+0000] {spark_submit.py:488} INFO - 23/03/22 08:15:05 INFO SecurityManager: Changing view acls to: default
[2023-03-22T08:15:05.382+0000] {spark_submit.py:488} INFO - 23/03/22 08:15:05 INFO SecurityManager: Changing modify acls to: default
[2023-03-22T08:15:05.382+0000] {spark_submit.py:488} INFO - 23/03/22 08:15:05 INFO SecurityManager: Changing view acls groups to:
[2023-03-22T08:15:05.382+0000] {spark_submit.py:488} INFO - 23/03/22 08:15:05 INFO SecurityManager: Changing modify acls groups to:
[2023-03-22T08:15:05.382+0000] {spark_submit.py:488} INFO - 23/03/22 08:15:05 INFO SecurityManager: SecurityManager: authentication disabled; ui acls disabled; users  with view permissions: Set(default); groups with view permissions: Set(); users  with modify permissions: Set(default); groups with modify permissions: Set()
[2023-03-22T08:15:05.525+0000] {spark_submit.py:488} INFO - 23/03/22 08:15:05 INFO Utils: Successfully started service 'sparkDriver' on port 37713.
[2023-03-22T08:15:05.542+0000] {spark_submit.py:488} INFO - 23/03/22 08:15:05 INFO SparkEnv: Registering MapOutputTracker
[2023-03-22T08:15:05.564+0000] {spark_submit.py:488} INFO - 23/03/22 08:15:05 INFO SparkEnv: Registering BlockManagerMaster
[2023-03-22T08:15:05.575+0000] {spark_submit.py:488} INFO - 23/03/22 08:15:05 INFO BlockManagerMasterEndpoint: Using org.apache.spark.storage.DefaultTopologyMapper for getting topology information
[2023-03-22T08:15:05.575+0000] {spark_submit.py:488} INFO - 23/03/22 08:15:05 INFO BlockManagerMasterEndpoint: BlockManagerMasterEndpoint up
[2023-03-22T08:15:05.578+0000] {spark_submit.py:488} INFO - 23/03/22 08:15:05 INFO SparkEnv: Registering BlockManagerMasterHeartbeat
[2023-03-22T08:15:05.596+0000] {spark_submit.py:488} INFO - 23/03/22 08:15:05 INFO DiskBlockManager: Created local directory at /tmp/blockmgr-02437b99-0f4f-487a-9ed2-a1b19204a823
[2023-03-22T08:15:05.610+0000] {spark_submit.py:488} INFO - 23/03/22 08:15:05 INFO MemoryStore: MemoryStore started with capacity 434.4 MiB
[2023-03-22T08:15:05.623+0000] {spark_submit.py:488} INFO - 23/03/22 08:15:05 INFO SparkEnv: Registering OutputCommitCoordinator
[2023-03-22T08:15:05.763+0000] {spark_submit.py:488} INFO - 23/03/22 08:15:05 INFO Utils: Successfully started service 'SparkUI' on port 4040.
[2023-03-22T08:15:05.786+0000] {spark_submit.py:488} INFO - 23/03/22 08:15:05 INFO SparkContext: Added JAR file:///opt/***/plugins/postgresql-42.6.0.jar at spark://ed9661b333ec:37713/jars/postgresql-42.6.0.jar with timestamp 1679472905311
[2023-03-22T08:15:05.786+0000] {spark_submit.py:488} INFO - 23/03/22 08:15:05 INFO SparkContext: Added JAR file:/opt/***/plugins/big-data-fundamentals.jar at spark://ed9661b333ec:37713/jars/big-data-fundamentals.jar with timestamp 1679472905311
[2023-03-22T08:15:05.828+0000] {spark_submit.py:488} INFO - 23/03/22 08:15:05 INFO Executor: Starting executor ID driver on host ed9661b333ec
[2023-03-22T08:15:05.831+0000] {spark_submit.py:488} INFO - 23/03/22 08:15:05 INFO Executor: Starting executor with user classpath (userClassPathFirst = false): ''
[2023-03-22T08:15:05.837+0000] {spark_submit.py:488} INFO - 23/03/22 08:15:05 INFO Executor: Fetching spark://ed9661b333ec:37713/jars/big-data-fundamentals.jar with timestamp 1679472905311
[2023-03-22T08:15:05.865+0000] {spark_submit.py:488} INFO - 23/03/22 08:15:05 INFO TransportClientFactory: Successfully created connection to ed9661b333ec/172.29.0.4:37713 after 14 ms (0 ms spent in bootstraps)
[2023-03-22T08:15:05.869+0000] {spark_submit.py:488} INFO - 23/03/22 08:15:05 INFO Utils: Fetching spark://ed9661b333ec:37713/jars/big-data-fundamentals.jar to /tmp/spark-97dad8f8-b616-45da-9606-6253945616e4/userFiles-5f319a78-0b35-40dd-9903-6267bd3a8dff/fetchFileTemp6943819895246338610.tmp
[2023-03-22T08:15:05.906+0000] {spark_submit.py:488} INFO - 23/03/22 08:15:05 INFO Executor: Adding file:/tmp/spark-97dad8f8-b616-45da-9606-6253945616e4/userFiles-5f319a78-0b35-40dd-9903-6267bd3a8dff/big-data-fundamentals.jar to class loader
[2023-03-22T08:15:05.906+0000] {spark_submit.py:488} INFO - 23/03/22 08:15:05 INFO Executor: Fetching spark://ed9661b333ec:37713/jars/postgresql-42.6.0.jar with timestamp 1679472905311
[2023-03-22T08:15:05.906+0000] {spark_submit.py:488} INFO - 23/03/22 08:15:05 INFO Utils: Fetching spark://ed9661b333ec:37713/jars/postgresql-42.6.0.jar to /tmp/spark-97dad8f8-b616-45da-9606-6253945616e4/userFiles-5f319a78-0b35-40dd-9903-6267bd3a8dff/fetchFileTemp12734899386198853923.tmp
[2023-03-22T08:15:05.911+0000] {spark_submit.py:488} INFO - 23/03/22 08:15:05 INFO Executor: Adding file:/tmp/spark-97dad8f8-b616-45da-9606-6253945616e4/userFiles-5f319a78-0b35-40dd-9903-6267bd3a8dff/postgresql-42.6.0.jar to class loader
[2023-03-22T08:15:05.915+0000] {spark_submit.py:488} INFO - 23/03/22 08:15:05 INFO Utils: Successfully started service 'org.apache.spark.network.netty.NettyBlockTransferService' on port 45799.
[2023-03-22T08:15:05.915+0000] {spark_submit.py:488} INFO - 23/03/22 08:15:05 INFO NettyBlockTransferService: Server created on ed9661b333ec:45799
[2023-03-22T08:15:05.916+0000] {spark_submit.py:488} INFO - 23/03/22 08:15:05 INFO BlockManager: Using org.apache.spark.storage.RandomBlockReplicationPolicy for block replication policy
[2023-03-22T08:15:05.920+0000] {spark_submit.py:488} INFO - 23/03/22 08:15:05 INFO BlockManagerMaster: Registering BlockManager BlockManagerId(driver, ed9661b333ec, 45799, None)
[2023-03-22T08:15:05.922+0000] {spark_submit.py:488} INFO - 23/03/22 08:15:05 INFO BlockManagerMasterEndpoint: Registering block manager ed9661b333ec:45799 with 434.4 MiB RAM, BlockManagerId(driver, ed9661b333ec, 45799, None)
[2023-03-22T08:15:05.923+0000] {spark_submit.py:488} INFO - 23/03/22 08:15:05 INFO BlockManagerMaster: Registered BlockManager BlockManagerId(driver, ed9661b333ec, 45799, None)
[2023-03-22T08:15:05.924+0000] {spark_submit.py:488} INFO - 23/03/22 08:15:05 INFO BlockManager: Initialized BlockManager: BlockManagerId(driver, ed9661b333ec, 45799, None)
[2023-03-22T08:15:06.094+0000] {spark_submit.py:488} INFO - 23/03/22 08:15:06 INFO SharedState: Setting hive.metastore.warehouse.dir ('null') to the value of spark.sql.warehouse.dir.
[2023-03-22T08:15:06.095+0000] {spark_submit.py:488} INFO - 23/03/22 08:15:06 INFO SharedState: Warehouse path is 'file:/opt/***/spark-warehouse'.
[2023-03-22T08:15:06.614+0000] {spark_submit.py:488} INFO - 23/03/22 08:15:06 INFO InMemoryFileIndex: It took 26 ms to list leaf files for 1 paths.
[2023-03-22T08:15:06.729+0000] {spark_submit.py:488} INFO - 23/03/22 08:15:06 INFO MemoryStore: Block broadcast_0 stored as values in memory (estimated size 200.3 KiB, free 434.2 MiB)
[2023-03-22T08:15:06.766+0000] {spark_submit.py:488} INFO - 23/03/22 08:15:06 INFO MemoryStore: Block broadcast_0_piece0 stored as bytes in memory (estimated size 34.2 KiB, free 434.2 MiB)
[2023-03-22T08:15:06.768+0000] {spark_submit.py:488} INFO - 23/03/22 08:15:06 INFO BlockManagerInfo: Added broadcast_0_piece0 in memory on ed9661b333ec:45799 (size: 34.2 KiB, free: 434.4 MiB)
[2023-03-22T08:15:06.771+0000] {spark_submit.py:488} INFO - 23/03/22 08:15:06 INFO SparkContext: Created broadcast 0 from json at SparkJob.scala:15
[2023-03-22T08:15:06.974+0000] {spark_submit.py:488} INFO - 23/03/22 08:15:06 INFO FileInputFormat: Total input files to process : 1
[2023-03-22T08:15:06.975+0000] {spark_submit.py:488} INFO - 23/03/22 08:15:06 INFO FileInputFormat: Total input files to process : 1
[2023-03-22T08:15:06.982+0000] {spark_submit.py:488} INFO - 23/03/22 08:15:06 INFO SparkContext: Starting job: json at SparkJob.scala:15
[2023-03-22T08:15:06.992+0000] {spark_submit.py:488} INFO - 23/03/22 08:15:06 INFO DAGScheduler: Got job 0 (json at SparkJob.scala:15) with 1 output partitions
[2023-03-22T08:15:06.993+0000] {spark_submit.py:488} INFO - 23/03/22 08:15:06 INFO DAGScheduler: Final stage: ResultStage 0 (json at SparkJob.scala:15)
[2023-03-22T08:15:06.993+0000] {spark_submit.py:488} INFO - 23/03/22 08:15:06 INFO DAGScheduler: Parents of final stage: List()
[2023-03-22T08:15:06.994+0000] {spark_submit.py:488} INFO - 23/03/22 08:15:06 INFO DAGScheduler: Missing parents: List()
[2023-03-22T08:15:06.997+0000] {spark_submit.py:488} INFO - 23/03/22 08:15:06 INFO DAGScheduler: Submitting ResultStage 0 (MapPartitionsRDD[2] at json at SparkJob.scala:15), which has no missing parents
[2023-03-22T08:15:07.041+0000] {spark_submit.py:488} INFO - 23/03/22 08:15:07 INFO MemoryStore: Block broadcast_1 stored as values in memory (estimated size 9.0 KiB, free 434.2 MiB)
[2023-03-22T08:15:07.045+0000] {spark_submit.py:488} INFO - 23/03/22 08:15:07 INFO MemoryStore: Block broadcast_1_piece0 stored as bytes in memory (estimated size 4.8 KiB, free 434.2 MiB)
[2023-03-22T08:15:07.046+0000] {spark_submit.py:488} INFO - 23/03/22 08:15:07 INFO BlockManagerInfo: Added broadcast_1_piece0 in memory on ed9661b333ec:45799 (size: 4.8 KiB, free: 434.4 MiB)
[2023-03-22T08:15:07.046+0000] {spark_submit.py:488} INFO - 23/03/22 08:15:07 INFO SparkContext: Created broadcast 1 from broadcast at DAGScheduler.scala:1513
[2023-03-22T08:15:07.058+0000] {spark_submit.py:488} INFO - 23/03/22 08:15:07 INFO DAGScheduler: Submitting 1 missing tasks from ResultStage 0 (MapPartitionsRDD[2] at json at SparkJob.scala:15) (first 15 tasks are for partitions Vector(0))
[2023-03-22T08:15:07.059+0000] {spark_submit.py:488} INFO - 23/03/22 08:15:07 INFO TaskSchedulerImpl: Adding task set 0.0 with 1 tasks resource profile 0
[2023-03-22T08:15:07.097+0000] {spark_submit.py:488} INFO - 23/03/22 08:15:07 INFO TaskSetManager: Starting task 0.0 in stage 0.0 (TID 0) (ed9661b333ec, executor driver, partition 0, PROCESS_LOCAL, 4573 bytes) taskResourceAssignments Map()
[2023-03-22T08:15:07.107+0000] {spark_submit.py:488} INFO - 23/03/22 08:15:07 INFO Executor: Running task 0.0 in stage 0.0 (TID 0)
[2023-03-22T08:15:07.156+0000] {spark_submit.py:488} INFO - 23/03/22 08:15:07 INFO BinaryFileRDD: Input split: Paths:/home/***/data.json:0+259778
[2023-03-22T08:15:07.243+0000] {spark_submit.py:488} INFO - 23/03/22 08:15:07 INFO Executor: Finished task 0.0 in stage 0.0 (TID 0). 2036 bytes result sent to driver
[2023-03-22T08:15:07.251+0000] {spark_submit.py:488} INFO - 23/03/22 08:15:07 INFO TaskSetManager: Finished task 0.0 in stage 0.0 (TID 0) in 163 ms on ed9661b333ec (executor driver) (1/1)
[2023-03-22T08:15:07.253+0000] {spark_submit.py:488} INFO - 23/03/22 08:15:07 INFO TaskSchedulerImpl: Removed TaskSet 0.0, whose tasks have all completed, from pool
[2023-03-22T08:15:07.258+0000] {spark_submit.py:488} INFO - 23/03/22 08:15:07 INFO DAGScheduler: ResultStage 0 (json at SparkJob.scala:15) finished in 0.246 s
[2023-03-22T08:15:07.261+0000] {spark_submit.py:488} INFO - 23/03/22 08:15:07 INFO DAGScheduler: Job 0 is finished. Cancelling potential speculative or zombie tasks for this job
[2023-03-22T08:15:07.262+0000] {spark_submit.py:488} INFO - 23/03/22 08:15:07 INFO TaskSchedulerImpl: Killing all running tasks in stage 0: Stage finished
[2023-03-22T08:15:07.263+0000] {spark_submit.py:488} INFO - 23/03/22 08:15:07 INFO DAGScheduler: Job 0 finished: json at SparkJob.scala:15, took 0.280792 s
[2023-03-22T08:15:08.244+0000] {spark_submit.py:488} INFO - 23/03/22 08:15:08 INFO BlockManagerInfo: Removed broadcast_0_piece0 on ed9661b333ec:45799 in memory (size: 34.2 KiB, free: 434.4 MiB)
[2023-03-22T08:15:08.248+0000] {spark_submit.py:488} INFO - 23/03/22 08:15:08 INFO BlockManagerInfo: Removed broadcast_1_piece0 on ed9661b333ec:45799 in memory (size: 4.8 KiB, free: 434.4 MiB)
[2023-03-22T08:15:18.488+0000] {spark_submit.py:488} INFO - Exception in thread "main" org.postgresql.util.PSQLException: The connection attempt failed.
[2023-03-22T08:15:18.489+0000] {spark_submit.py:488} INFO - at org.postgresql.core.v3.ConnectionFactoryImpl.openConnectionImpl(ConnectionFactoryImpl.java:354)
[2023-03-22T08:15:18.489+0000] {spark_submit.py:488} INFO - at org.postgresql.core.ConnectionFactory.openConnection(ConnectionFactory.java:54)
[2023-03-22T08:15:18.489+0000] {spark_submit.py:488} INFO - at org.postgresql.jdbc.PgConnection.<init>(PgConnection.java:263)
[2023-03-22T08:15:18.489+0000] {spark_submit.py:488} INFO - at org.postgresql.Driver.makeConnection(Driver.java:443)
[2023-03-22T08:15:18.489+0000] {spark_submit.py:488} INFO - at org.postgresql.Driver.connect(Driver.java:297)
[2023-03-22T08:15:18.489+0000] {spark_submit.py:488} INFO - at org.apache.spark.sql.execution.datasources.jdbc.connection.BasicConnectionProvider.getConnection(BasicConnectionProvider.scala:49)
[2023-03-22T08:15:18.489+0000] {spark_submit.py:488} INFO - at org.apache.spark.sql.execution.datasources.jdbc.connection.ConnectionProviderBase.create(ConnectionProvider.scala:102)
[2023-03-22T08:15:18.489+0000] {spark_submit.py:488} INFO - at org.apache.spark.sql.jdbc.JdbcDialect.$anonfun$createConnectionFactory$1(JdbcDialects.scala:122)
[2023-03-22T08:15:18.489+0000] {spark_submit.py:488} INFO - at org.apache.spark.sql.jdbc.JdbcDialect.$anonfun$createConnectionFactory$1$adapted(JdbcDialects.scala:118)
[2023-03-22T08:15:18.489+0000] {spark_submit.py:488} INFO - at org.apache.spark.sql.execution.datasources.jdbc.JdbcRelationProvider.createRelation(JdbcRelationProvider.scala:50)
[2023-03-22T08:15:18.489+0000] {spark_submit.py:488} INFO - at org.apache.spark.sql.execution.datasources.SaveIntoDataSourceCommand.run(SaveIntoDataSourceCommand.scala:47)
[2023-03-22T08:15:18.490+0000] {spark_submit.py:488} INFO - at org.apache.spark.sql.execution.command.ExecutedCommandExec.sideEffectResult$lzycompute(commands.scala:75)
[2023-03-22T08:15:18.490+0000] {spark_submit.py:488} INFO - at org.apache.spark.sql.execution.command.ExecutedCommandExec.sideEffectResult(commands.scala:73)
[2023-03-22T08:15:18.490+0000] {spark_submit.py:488} INFO - at org.apache.spark.sql.execution.command.ExecutedCommandExec.executeCollect(commands.scala:84)
[2023-03-22T08:15:18.490+0000] {spark_submit.py:488} INFO - at org.apache.spark.sql.execution.QueryExecution$$anonfun$eagerlyExecuteCommands$1.$anonfun$applyOrElse$1(QueryExecution.scala:98)
[2023-03-22T08:15:18.490+0000] {spark_submit.py:488} INFO - at org.apache.spark.sql.execution.SQLExecution$.$anonfun$withNewExecutionId$6(SQLExecution.scala:109)
[2023-03-22T08:15:18.490+0000] {spark_submit.py:488} INFO - at org.apache.spark.sql.execution.SQLExecution$.withSQLConfPropagated(SQLExecution.scala:169)
[2023-03-22T08:15:18.490+0000] {spark_submit.py:488} INFO - at org.apache.spark.sql.execution.SQLExecution$.$anonfun$withNewExecutionId$1(SQLExecution.scala:95)
[2023-03-22T08:15:18.490+0000] {spark_submit.py:488} INFO - at org.apache.spark.sql.SparkSession.withActive(SparkSession.scala:779)
[2023-03-22T08:15:18.490+0000] {spark_submit.py:488} INFO - at org.apache.spark.sql.execution.SQLExecution$.withNewExecutionId(SQLExecution.scala:64)
[2023-03-22T08:15:18.490+0000] {spark_submit.py:488} INFO - at org.apache.spark.sql.execution.QueryExecution$$anonfun$eagerlyExecuteCommands$1.applyOrElse(QueryExecution.scala:98)
[2023-03-22T08:15:18.490+0000] {spark_submit.py:488} INFO - at org.apache.spark.sql.execution.QueryExecution$$anonfun$eagerlyExecuteCommands$1.applyOrElse(QueryExecution.scala:94)
[2023-03-22T08:15:18.491+0000] {spark_submit.py:488} INFO - at org.apache.spark.sql.catalyst.trees.TreeNode.$anonfun$transformDownWithPruning$1(TreeNode.scala:584)
[2023-03-22T08:15:18.491+0000] {spark_submit.py:488} INFO - at org.apache.spark.sql.catalyst.trees.CurrentOrigin$.withOrigin(TreeNode.scala:176)
[2023-03-22T08:15:18.491+0000] {spark_submit.py:488} INFO - at org.apache.spark.sql.catalyst.trees.TreeNode.transformDownWithPruning(TreeNode.scala:584)
[2023-03-22T08:15:18.491+0000] {spark_submit.py:488} INFO - at org.apache.spark.sql.catalyst.plans.logical.LogicalPlan.org$apache$spark$sql$catalyst$plans$logical$AnalysisHelper$$super$transformDownWithPruning(LogicalPlan.scala:30)
[2023-03-22T08:15:18.491+0000] {spark_submit.py:488} INFO - at org.apache.spark.sql.catalyst.plans.logical.AnalysisHelper.transformDownWithPruning(AnalysisHelper.scala:267)
[2023-03-22T08:15:18.491+0000] {spark_submit.py:488} INFO - at org.apache.spark.sql.catalyst.plans.logical.AnalysisHelper.transformDownWithPruning$(AnalysisHelper.scala:263)
[2023-03-22T08:15:18.491+0000] {spark_submit.py:488} INFO - at org.apache.spark.sql.catalyst.plans.logical.LogicalPlan.transformDownWithPruning(LogicalPlan.scala:30)
[2023-03-22T08:15:18.491+0000] {spark_submit.py:488} INFO - at org.apache.spark.sql.catalyst.plans.logical.LogicalPlan.transformDownWithPruning(LogicalPlan.scala:30)
[2023-03-22T08:15:18.491+0000] {spark_submit.py:488} INFO - at org.apache.spark.sql.catalyst.trees.TreeNode.transformDown(TreeNode.scala:560)
[2023-03-22T08:15:18.491+0000] {spark_submit.py:488} INFO - at org.apache.spark.sql.execution.QueryExecution.eagerlyExecuteCommands(QueryExecution.scala:94)
[2023-03-22T08:15:18.491+0000] {spark_submit.py:488} INFO - at org.apache.spark.sql.execution.QueryExecution.commandExecuted$lzycompute(QueryExecution.scala:81)
[2023-03-22T08:15:18.491+0000] {spark_submit.py:488} INFO - at org.apache.spark.sql.execution.QueryExecution.commandExecuted(QueryExecution.scala:79)
[2023-03-22T08:15:18.491+0000] {spark_submit.py:488} INFO - at org.apache.spark.sql.execution.QueryExecution.assertCommandExecuted(QueryExecution.scala:116)
[2023-03-22T08:15:18.492+0000] {spark_submit.py:488} INFO - at org.apache.spark.sql.DataFrameWriter.runCommand(DataFrameWriter.scala:860)
[2023-03-22T08:15:18.492+0000] {spark_submit.py:488} INFO - at org.apache.spark.sql.DataFrameWriter.saveToV1Source(DataFrameWriter.scala:390)
[2023-03-22T08:15:18.492+0000] {spark_submit.py:488} INFO - at org.apache.spark.sql.DataFrameWriter.saveInternal(DataFrameWriter.scala:363)
[2023-03-22T08:15:18.492+0000] {spark_submit.py:488} INFO - at org.apache.spark.sql.DataFrameWriter.save(DataFrameWriter.scala:247)
[2023-03-22T08:15:18.492+0000] {spark_submit.py:488} INFO - at com.viettel.truongvq.spark.SparkJob$.main(SparkJob.scala:26)
[2023-03-22T08:15:18.492+0000] {spark_submit.py:488} INFO - at com.viettel.truongvq.spark.SparkJob.main(SparkJob.scala)
[2023-03-22T08:15:18.492+0000] {spark_submit.py:488} INFO - at java.base/jdk.internal.reflect.NativeMethodAccessorImpl.invoke0(Native Method)
[2023-03-22T08:15:18.492+0000] {spark_submit.py:488} INFO - at java.base/jdk.internal.reflect.NativeMethodAccessorImpl.invoke(NativeMethodAccessorImpl.java:62)
[2023-03-22T08:15:18.492+0000] {spark_submit.py:488} INFO - at java.base/jdk.internal.reflect.DelegatingMethodAccessorImpl.invoke(DelegatingMethodAccessorImpl.java:43)
[2023-03-22T08:15:18.492+0000] {spark_submit.py:488} INFO - at java.base/java.lang.reflect.Method.invoke(Method.java:566)
[2023-03-22T08:15:18.492+0000] {spark_submit.py:488} INFO - at org.apache.spark.deploy.JavaMainApplication.start(SparkApplication.scala:52)
[2023-03-22T08:15:18.492+0000] {spark_submit.py:488} INFO - at org.apache.spark.deploy.SparkSubmit.org$apache$spark$deploy$SparkSubmit$$runMain(SparkSubmit.scala:958)
[2023-03-22T08:15:18.492+0000] {spark_submit.py:488} INFO - at org.apache.spark.deploy.SparkSubmit.doRunMain$1(SparkSubmit.scala:180)
[2023-03-22T08:15:18.492+0000] {spark_submit.py:488} INFO - at org.apache.spark.deploy.SparkSubmit.submit(SparkSubmit.scala:203)
[2023-03-22T08:15:18.492+0000] {spark_submit.py:488} INFO - at org.apache.spark.deploy.SparkSubmit.doSubmit(SparkSubmit.scala:90)
[2023-03-22T08:15:18.493+0000] {spark_submit.py:488} INFO - at org.apache.spark.deploy.SparkSubmit$$anon$2.doSubmit(SparkSubmit.scala:1046)
[2023-03-22T08:15:18.493+0000] {spark_submit.py:488} INFO - at org.apache.spark.deploy.SparkSubmit$.main(SparkSubmit.scala:1055)
[2023-03-22T08:15:18.493+0000] {spark_submit.py:488} INFO - at org.apache.spark.deploy.SparkSubmit.main(SparkSubmit.scala)
[2023-03-22T08:15:18.493+0000] {spark_submit.py:488} INFO - Caused by: java.net.SocketTimeoutException: connect timed out
[2023-03-22T08:15:18.493+0000] {spark_submit.py:488} INFO - at java.base/java.net.PlainSocketImpl.socketConnect(Native Method)
[2023-03-22T08:15:18.493+0000] {spark_submit.py:488} INFO - at java.base/java.net.AbstractPlainSocketImpl.doConnect(AbstractPlainSocketImpl.java:412)
[2023-03-22T08:15:18.493+0000] {spark_submit.py:488} INFO - at java.base/java.net.AbstractPlainSocketImpl.connectToAddress(AbstractPlainSocketImpl.java:255)
[2023-03-22T08:15:18.493+0000] {spark_submit.py:488} INFO - at java.base/java.net.AbstractPlainSocketImpl.connect(AbstractPlainSocketImpl.java:237)
[2023-03-22T08:15:18.493+0000] {spark_submit.py:488} INFO - at java.base/java.net.SocksSocketImpl.connect(SocksSocketImpl.java:392)
[2023-03-22T08:15:18.493+0000] {spark_submit.py:488} INFO - at java.base/java.net.Socket.connect(Socket.java:609)
[2023-03-22T08:15:18.493+0000] {spark_submit.py:488} INFO - at org.postgresql.core.PGStream.createSocket(PGStream.java:243)
[2023-03-22T08:15:18.493+0000] {spark_submit.py:488} INFO - at org.postgresql.core.PGStream.<init>(PGStream.java:98)
[2023-03-22T08:15:18.493+0000] {spark_submit.py:488} INFO - at org.postgresql.core.v3.ConnectionFactoryImpl.tryConnect(ConnectionFactoryImpl.java:132)
[2023-03-22T08:15:18.493+0000] {spark_submit.py:488} INFO - at org.postgresql.core.v3.ConnectionFactoryImpl.openConnectionImpl(ConnectionFactoryImpl.java:258)
[2023-03-22T08:15:18.493+0000] {spark_submit.py:488} INFO - ... 52 more
[2023-03-22T08:15:18.494+0000] {spark_submit.py:488} INFO - 23/03/22 08:15:18 INFO SparkContext: Invoking stop() from shutdown hook
[2023-03-22T08:15:18.499+0000] {spark_submit.py:488} INFO - 23/03/22 08:15:18 INFO SparkUI: Stopped Spark web UI at http://ed9661b333ec:4040
[2023-03-22T08:15:18.506+0000] {spark_submit.py:488} INFO - 23/03/22 08:15:18 INFO MapOutputTrackerMasterEndpoint: MapOutputTrackerMasterEndpoint stopped!
[2023-03-22T08:15:18.512+0000] {spark_submit.py:488} INFO - 23/03/22 08:15:18 INFO MemoryStore: MemoryStore cleared
[2023-03-22T08:15:18.513+0000] {spark_submit.py:488} INFO - 23/03/22 08:15:18 INFO BlockManager: BlockManager stopped
[2023-03-22T08:15:18.514+0000] {spark_submit.py:488} INFO - 23/03/22 08:15:18 INFO BlockManagerMaster: BlockManagerMaster stopped
[2023-03-22T08:15:18.515+0000] {spark_submit.py:488} INFO - 23/03/22 08:15:18 INFO OutputCommitCoordinator$OutputCommitCoordinatorEndpoint: OutputCommitCoordinator stopped!
[2023-03-22T08:15:18.519+0000] {spark_submit.py:488} INFO - 23/03/22 08:15:18 INFO SparkContext: Successfully stopped SparkContext
[2023-03-22T08:15:18.520+0000] {spark_submit.py:488} INFO - 23/03/22 08:15:18 INFO ShutdownHookManager: Shutdown hook called
[2023-03-22T08:15:18.520+0000] {spark_submit.py:488} INFO - 23/03/22 08:15:18 INFO ShutdownHookManager: Deleting directory /tmp/spark-ffcb7fa5-ca6c-4e04-96da-b50d47516a43
[2023-03-22T08:15:18.522+0000] {spark_submit.py:488} INFO - 23/03/22 08:15:18 INFO ShutdownHookManager: Deleting directory /tmp/spark-97dad8f8-b616-45da-9606-6253945616e4
[2023-03-22T08:15:18.607+0000] {taskinstance.py:1775} ERROR - Task failed with exception
Traceback (most recent call last):
  File "/home/airflow/.local/lib/python3.7/site-packages/airflow/providers/apache/spark/operators/spark_submit.py", line 157, in execute
    self._hook.submit(self._application)
  File "/home/airflow/.local/lib/python3.7/site-packages/airflow/providers/apache/spark/hooks/spark_submit.py", line 420, in submit
    f"Cannot execute: {self._mask_cmd(spark_submit_cmd)}. Error code is: {returncode}."
airflow.exceptions.AirflowException: Cannot execute: spark-submit --master spark://vtn-truongvq:7077 --driver-class-path /opt/***/plugins/postgresql-42.6.0.jar --jars /opt/***/plugins/postgresql-42.6.0.jar --name arrow-spark --class com.viettel.truongvq.spark.SparkJob --verbose /opt/***/plugins/big-data-fundamentals.jar. Error code is: 1.
[2023-03-22T08:15:18.619+0000] {taskinstance.py:1326} INFO - Marking task as FAILED. dag_id=CarFine, task_id=spark-save-db, execution_date=20230322T081000, start_date=20230322T081503, end_date=20230322T081518
[2023-03-22T08:15:18.647+0000] {standard_task_runner.py:105} ERROR - Failed to execute job 376 for task spark-save-db (Cannot execute: spark-submit --master spark://vtn-truongvq:7077 --driver-class-path /opt/***/plugins/postgresql-42.6.0.jar --jars /opt/***/plugins/postgresql-42.6.0.jar --name arrow-spark --class com.viettel.truongvq.spark.SparkJob --verbose /opt/***/plugins/big-data-fundamentals.jar. Error code is: 1.; 5478)
[2023-03-22T08:15:18.656+0000] {local_task_job.py:212} INFO - Task exited with return code 1
[2023-03-22T08:15:18.671+0000] {taskinstance.py:2585} INFO - 0 downstream tasks scheduled from follow-on schedule check
