[2023-03-22T01:33:38.066+0000] {taskinstance.py:1084} INFO - Dependencies all met for dep_context=non-requeueable deps ti=<TaskInstance: spark_examples.spark-task scheduled__2023-03-21T20:00:00+00:00 [queued]>
[2023-03-22T01:33:38.091+0000] {taskinstance.py:1084} INFO - Dependencies all met for dep_context=requeueable deps ti=<TaskInstance: spark_examples.spark-task scheduled__2023-03-21T20:00:00+00:00 [queued]>
[2023-03-22T01:33:38.092+0000] {taskinstance.py:1282} INFO - 
--------------------------------------------------------------------------------
[2023-03-22T01:33:38.092+0000] {taskinstance.py:1283} INFO - Starting attempt 1 of 1
[2023-03-22T01:33:38.092+0000] {taskinstance.py:1284} INFO - 
--------------------------------------------------------------------------------
[2023-03-22T01:33:38.117+0000] {taskinstance.py:1303} INFO - Executing <Task(SparkSubmitOperator): spark-task> on 2023-03-21 20:00:00+00:00
[2023-03-22T01:33:38.127+0000] {standard_task_runner.py:55} INFO - Started process 444 to run task
[2023-03-22T01:33:38.130+0000] {standard_task_runner.py:82} INFO - Running: ['***', 'tasks', 'run', 'spark_examples', 'spark-task', 'scheduled__2023-03-21T20:00:00+00:00', '--job-id', '255', '--raw', '--subdir', 'DAGS_FOLDER/spark.py', '--cfg-path', '/tmp/tmpb5817ddo']
[2023-03-22T01:33:38.131+0000] {standard_task_runner.py:83} INFO - Job 255: Subtask spark-task
[2023-03-22T01:33:38.316+0000] {task_command.py:388} INFO - Running <TaskInstance: spark_examples.spark-task scheduled__2023-03-21T20:00:00+00:00 [running]> on host c726f8549984
[2023-03-22T01:33:38.768+0000] {taskinstance.py:1511} INFO - Exporting the following env vars:
AIRFLOW_CTX_DAG_OWNER=truongvq
AIRFLOW_CTX_DAG_ID=spark_examples
AIRFLOW_CTX_TASK_ID=spark-task
AIRFLOW_CTX_EXECUTION_DATE=2023-03-21T20:00:00+00:00
AIRFLOW_CTX_TRY_NUMBER=1
AIRFLOW_CTX_DAG_RUN_ID=scheduled__2023-03-21T20:00:00+00:00
[2023-03-22T01:33:38.835+0000] {base.py:73} INFO - Using connection ID 'spark-connection' for task execution.
[2023-03-22T01:33:38.879+0000] {spark_submit.py:335} INFO - Spark-Submit cmd: spark-submit --master spark://vtn-truongvq:7077 --name arrow-spark --class com.viettel.truongvq.spark.Spark --verbose /opt/***/plugins/big-data-fundamentals.jar
[2023-03-22T01:33:39.280+0000] {spark_submit.py:488} INFO - /home/***/.local/lib/python3.7/site-packages/pyspark/bin/load-spark-env.sh: line 68: ps: command not found
[2023-03-22T01:33:46.022+0000] {spark_submit.py:488} INFO - Using properties file: null
[2023-03-22T01:33:46.801+0000] {spark_submit.py:488} INFO - Parsed arguments:
[2023-03-22T01:33:46.802+0000] {spark_submit.py:488} INFO - master                  spark://vtn-truongvq:7077
[2023-03-22T01:33:46.802+0000] {spark_submit.py:488} INFO - deployMode              null
[2023-03-22T01:33:46.802+0000] {spark_submit.py:488} INFO - executorMemory          null
[2023-03-22T01:33:46.802+0000] {spark_submit.py:488} INFO - executorCores           null
[2023-03-22T01:33:46.802+0000] {spark_submit.py:488} INFO - totalExecutorCores      null
[2023-03-22T01:33:46.802+0000] {spark_submit.py:488} INFO - propertiesFile          null
[2023-03-22T01:33:46.802+0000] {spark_submit.py:488} INFO - driverMemory            null
[2023-03-22T01:33:46.802+0000] {spark_submit.py:488} INFO - driverCores             null
[2023-03-22T01:33:46.803+0000] {spark_submit.py:488} INFO - driverExtraClassPath    null
[2023-03-22T01:33:46.803+0000] {spark_submit.py:488} INFO - driverExtraLibraryPath  null
[2023-03-22T01:33:46.803+0000] {spark_submit.py:488} INFO - driverExtraJavaOptions  null
[2023-03-22T01:33:46.803+0000] {spark_submit.py:488} INFO - supervise               false
[2023-03-22T01:33:46.803+0000] {spark_submit.py:488} INFO - queue                   null
[2023-03-22T01:33:46.803+0000] {spark_submit.py:488} INFO - numExecutors            null
[2023-03-22T01:33:46.803+0000] {spark_submit.py:488} INFO - files                   null
[2023-03-22T01:33:46.803+0000] {spark_submit.py:488} INFO - pyFiles                 null
[2023-03-22T01:33:46.803+0000] {spark_submit.py:488} INFO - archives                null
[2023-03-22T01:33:46.804+0000] {spark_submit.py:488} INFO - mainClass               com.viettel.truongvq.spark.Spark
[2023-03-22T01:33:46.804+0000] {spark_submit.py:488} INFO - primaryResource         file:/opt/***/plugins/big-data-fundamentals.jar
[2023-03-22T01:33:46.804+0000] {spark_submit.py:488} INFO - name                    arrow-spark
[2023-03-22T01:33:46.804+0000] {spark_submit.py:488} INFO - childArgs               []
[2023-03-22T01:33:46.804+0000] {spark_submit.py:488} INFO - jars                    null
[2023-03-22T01:33:46.804+0000] {spark_submit.py:488} INFO - packages                null
[2023-03-22T01:33:46.804+0000] {spark_submit.py:488} INFO - packagesExclusions      null
[2023-03-22T01:33:46.804+0000] {spark_submit.py:488} INFO - repositories            null
[2023-03-22T01:33:46.804+0000] {spark_submit.py:488} INFO - verbose                 true
[2023-03-22T01:33:46.804+0000] {spark_submit.py:488} INFO - 
[2023-03-22T01:33:46.805+0000] {spark_submit.py:488} INFO - Spark properties used, including those specified through
[2023-03-22T01:33:46.805+0000] {spark_submit.py:488} INFO - --conf and those from the properties file null:
[2023-03-22T01:33:46.805+0000] {spark_submit.py:488} INFO - 
[2023-03-22T01:33:46.805+0000] {spark_submit.py:488} INFO - 
[2023-03-22T01:33:46.805+0000] {spark_submit.py:488} INFO - 
[2023-03-22T01:33:47.921+0000] {spark_submit.py:488} INFO - Main class:
[2023-03-22T01:33:47.922+0000] {spark_submit.py:488} INFO - com.viettel.truongvq.spark.Spark
[2023-03-22T01:33:47.923+0000] {spark_submit.py:488} INFO - Arguments:
[2023-03-22T01:33:47.924+0000] {spark_submit.py:488} INFO - 
[2023-03-22T01:33:47.940+0000] {spark_submit.py:488} INFO - Spark config:
[2023-03-22T01:33:47.941+0000] {spark_submit.py:488} INFO - (spark.app.name,arrow-spark)
[2023-03-22T01:33:47.941+0000] {spark_submit.py:488} INFO - (spark.app.submitTime,1679448827834)
[2023-03-22T01:33:47.941+0000] {spark_submit.py:488} INFO - (spark.jars,file:/opt/***/plugins/big-data-fundamentals.jar)
[2023-03-22T01:33:47.941+0000] {spark_submit.py:488} INFO - (spark.master,spark://vtn-truongvq:7077)
[2023-03-22T01:33:47.941+0000] {spark_submit.py:488} INFO - (spark.submit.deployMode,client)
[2023-03-22T01:33:47.942+0000] {spark_submit.py:488} INFO - (spark.submit.pyFiles,)
[2023-03-22T01:33:47.943+0000] {spark_submit.py:488} INFO - Classpath elements:
[2023-03-22T01:33:47.943+0000] {spark_submit.py:488} INFO - file:/opt/***/plugins/big-data-fundamentals.jar
[2023-03-22T01:33:47.944+0000] {spark_submit.py:488} INFO - 
[2023-03-22T01:33:47.945+0000] {spark_submit.py:488} INFO - 
[2023-03-22T01:33:48.248+0000] {spark_submit.py:488} INFO - 23/03/22 01:33:48 INFO SparkContext: Running Spark version 3.3.2
[2023-03-22T01:33:48.848+0000] {spark_submit.py:488} INFO - 23/03/22 01:33:48 WARN NativeCodeLoader: Unable to load native-hadoop library for your platform... using builtin-java classes where applicable
[2023-03-22T01:33:49.465+0000] {spark_submit.py:488} INFO - 23/03/22 01:33:49 INFO ResourceUtils: ==============================================================
[2023-03-22T01:33:49.473+0000] {spark_submit.py:488} INFO - 23/03/22 01:33:49 INFO ResourceUtils: No custom resources configured for spark.driver.
[2023-03-22T01:33:49.482+0000] {spark_submit.py:488} INFO - 23/03/22 01:33:49 INFO ResourceUtils: ==============================================================
[2023-03-22T01:33:49.486+0000] {spark_submit.py:488} INFO - 23/03/22 01:33:49 INFO SparkContext: Submitted application: SparkExample
[2023-03-22T01:33:49.635+0000] {spark_submit.py:488} INFO - 23/03/22 01:33:49 INFO ResourceProfile: Default ResourceProfile created, executor resources: Map(cores -> name: cores, amount: 1, script: , vendor: , memory -> name: memory, amount: 1024, script: , vendor: , offHeap -> name: offHeap, amount: 0, script: , vendor: ), task resources: Map(cpus -> name: cpus, amount: 1.0)
[2023-03-22T01:33:49.671+0000] {spark_submit.py:488} INFO - 23/03/22 01:33:49 INFO ResourceProfile: Limiting resource is cpu
[2023-03-22T01:33:49.672+0000] {spark_submit.py:488} INFO - 23/03/22 01:33:49 INFO ResourceProfileManager: Added ResourceProfile id: 0
[2023-03-22T01:33:49.767+0000] {spark_submit.py:488} INFO - 23/03/22 01:33:49 INFO SecurityManager: Changing view acls to: default
[2023-03-22T01:33:49.769+0000] {spark_submit.py:488} INFO - 23/03/22 01:33:49 INFO SecurityManager: Changing modify acls to: default
[2023-03-22T01:33:49.772+0000] {spark_submit.py:488} INFO - 23/03/22 01:33:49 INFO SecurityManager: Changing view acls groups to:
[2023-03-22T01:33:49.774+0000] {spark_submit.py:488} INFO - 23/03/22 01:33:49 INFO SecurityManager: Changing modify acls groups to:
[2023-03-22T01:33:49.778+0000] {spark_submit.py:488} INFO - 23/03/22 01:33:49 INFO SecurityManager: SecurityManager: authentication disabled; ui acls disabled; users  with view permissions: Set(default); groups with view permissions: Set(); users  with modify permissions: Set(default); groups with modify permissions: Set()
[2023-03-22T01:33:51.651+0000] {spark_submit.py:488} INFO - 23/03/22 01:33:51 INFO Utils: Successfully started service 'sparkDriver' on port 46189.
[2023-03-22T01:33:51.993+0000] {spark_submit.py:488} INFO - 23/03/22 01:33:51 INFO SparkEnv: Registering MapOutputTracker
[2023-03-22T01:33:52.314+0000] {spark_submit.py:488} INFO - 23/03/22 01:33:52 INFO SparkEnv: Registering BlockManagerMaster
[2023-03-22T01:33:52.440+0000] {spark_submit.py:488} INFO - 23/03/22 01:33:52 INFO BlockManagerMasterEndpoint: Using org.apache.spark.storage.DefaultTopologyMapper for getting topology information
[2023-03-22T01:33:52.442+0000] {spark_submit.py:488} INFO - 23/03/22 01:33:52 INFO BlockManagerMasterEndpoint: BlockManagerMasterEndpoint up
[2023-03-22T01:33:52.493+0000] {spark_submit.py:488} INFO - 23/03/22 01:33:52 INFO SparkEnv: Registering BlockManagerMasterHeartbeat
[2023-03-22T01:33:52.586+0000] {spark_submit.py:488} INFO - 23/03/22 01:33:52 INFO DiskBlockManager: Created local directory at /tmp/blockmgr-a8173bbb-ca0d-43f9-a073-482e480d90fc
[2023-03-22T01:33:52.651+0000] {spark_submit.py:488} INFO - 23/03/22 01:33:52 INFO MemoryStore: MemoryStore started with capacity 434.4 MiB
[2023-03-22T01:33:52.756+0000] {spark_submit.py:488} INFO - 23/03/22 01:33:52 INFO SparkEnv: Registering OutputCommitCoordinator
[2023-03-22T01:33:53.948+0000] {spark_submit.py:488} INFO - 23/03/22 01:33:53 WARN Utils: Service 'SparkUI' could not bind on port 4040. Attempting port 4041.
[2023-03-22T01:33:53.954+0000] {spark_submit.py:488} INFO - 23/03/22 01:33:53 WARN Utils: Service 'SparkUI' could not bind on port 4041. Attempting port 4042.
[2023-03-22T01:33:53.959+0000] {spark_submit.py:488} INFO - 23/03/22 01:33:53 WARN Utils: Service 'SparkUI' could not bind on port 4042. Attempting port 4043.
[2023-03-22T01:33:53.962+0000] {spark_submit.py:488} INFO - 23/03/22 01:33:53 WARN Utils: Service 'SparkUI' could not bind on port 4043. Attempting port 4044.
[2023-03-22T01:33:53.965+0000] {spark_submit.py:488} INFO - 23/03/22 01:33:53 WARN Utils: Service 'SparkUI' could not bind on port 4044. Attempting port 4045.
[2023-03-22T01:33:53.967+0000] {spark_submit.py:488} INFO - 23/03/22 01:33:53 WARN Utils: Service 'SparkUI' could not bind on port 4045. Attempting port 4046.
[2023-03-22T01:33:53.972+0000] {spark_submit.py:488} INFO - 23/03/22 01:33:53 WARN Utils: Service 'SparkUI' could not bind on port 4046. Attempting port 4047.
[2023-03-22T01:33:53.974+0000] {spark_submit.py:488} INFO - 23/03/22 01:33:53 WARN Utils: Service 'SparkUI' could not bind on port 4047. Attempting port 4048.
[2023-03-22T01:33:53.992+0000] {spark_submit.py:488} INFO - 23/03/22 01:33:53 WARN Utils: Service 'SparkUI' could not bind on port 4048. Attempting port 4049.
[2023-03-22T01:33:53.993+0000] {spark_submit.py:488} INFO - 23/03/22 01:33:53 WARN Utils: Service 'SparkUI' could not bind on port 4049. Attempting port 4050.
[2023-03-22T01:33:53.994+0000] {spark_submit.py:488} INFO - 23/03/22 01:33:53 WARN Utils: Service 'SparkUI' could not bind on port 4050. Attempting port 4051.
[2023-03-22T01:33:54.055+0000] {spark_submit.py:488} INFO - 23/03/22 01:33:54 INFO Utils: Successfully started service 'SparkUI' on port 4051.
[2023-03-22T01:33:54.192+0000] {spark_submit.py:488} INFO - 23/03/22 01:33:54 INFO SparkContext: Added JAR file:/opt/***/plugins/big-data-fundamentals.jar at spark://c726f8549984:46189/jars/big-data-fundamentals.jar with timestamp 1679448828118
[2023-03-22T01:33:54.649+0000] {spark_submit.py:488} INFO - 23/03/22 01:33:54 INFO Executor: Starting executor ID driver on host c726f8549984
[2023-03-22T01:33:54.723+0000] {spark_submit.py:488} INFO - 23/03/22 01:33:54 INFO Executor: Starting executor with user classpath (userClassPathFirst = false): ''
[2023-03-22T01:33:54.854+0000] {spark_submit.py:488} INFO - 23/03/22 01:33:54 INFO Executor: Fetching spark://c726f8549984:46189/jars/big-data-fundamentals.jar with timestamp 1679448828118
[2023-03-22T01:33:55.414+0000] {spark_submit.py:488} INFO - 23/03/22 01:33:55 INFO TransportClientFactory: Successfully created connection to c726f8549984/172.23.0.7:46189 after 270 ms (0 ms spent in bootstraps)
[2023-03-22T01:33:55.439+0000] {spark_submit.py:488} INFO - 23/03/22 01:33:55 INFO Utils: Fetching spark://c726f8549984:46189/jars/big-data-fundamentals.jar to /tmp/spark-c1ed187b-9076-4b51-b128-c17a2dde8f0b/userFiles-eb39e5b0-f160-47b1-b455-e7cdec1b25e6/fetchFileTemp3166698679699448707.tmp
[2023-03-22T01:33:56.089+0000] {spark_submit.py:488} INFO - 23/03/22 01:33:56 INFO Executor: Adding file:/tmp/spark-c1ed187b-9076-4b51-b128-c17a2dde8f0b/userFiles-eb39e5b0-f160-47b1-b455-e7cdec1b25e6/big-data-fundamentals.jar to class loader
[2023-03-22T01:33:56.116+0000] {spark_submit.py:488} INFO - 23/03/22 01:33:56 INFO Utils: Successfully started service 'org.apache.spark.network.netty.NettyBlockTransferService' on port 38833.
[2023-03-22T01:33:56.118+0000] {spark_submit.py:488} INFO - 23/03/22 01:33:56 INFO NettyBlockTransferService: Server created on c726f8549984:38833
[2023-03-22T01:33:56.124+0000] {spark_submit.py:488} INFO - 23/03/22 01:33:56 INFO BlockManager: Using org.apache.spark.storage.RandomBlockReplicationPolicy for block replication policy
[2023-03-22T01:33:56.138+0000] {spark_submit.py:488} INFO - 23/03/22 01:33:56 INFO BlockManagerMaster: Registering BlockManager BlockManagerId(driver, c726f8549984, 38833, None)
[2023-03-22T01:33:56.156+0000] {spark_submit.py:488} INFO - 23/03/22 01:33:56 INFO BlockManagerMasterEndpoint: Registering block manager c726f8549984:38833 with 434.4 MiB RAM, BlockManagerId(driver, c726f8549984, 38833, None)
[2023-03-22T01:33:56.173+0000] {spark_submit.py:488} INFO - 23/03/22 01:33:56 INFO BlockManagerMaster: Registered BlockManager BlockManagerId(driver, c726f8549984, 38833, None)
[2023-03-22T01:33:56.177+0000] {spark_submit.py:488} INFO - 23/03/22 01:33:56 INFO BlockManager: Initialized BlockManager: BlockManagerId(driver, c726f8549984, 38833, None)
[2023-03-22T01:34:01.674+0000] {spark_submit.py:488} INFO - 23/03/22 01:34:01 INFO SparkContext: Starting job: lookup at Spark.scala:15
[2023-03-22T01:34:01.725+0000] {spark_submit.py:488} INFO - 23/03/22 01:34:01 INFO DAGScheduler: Got job 0 (lookup at Spark.scala:15) with 2 output partitions
[2023-03-22T01:34:01.754+0000] {spark_submit.py:488} INFO - 23/03/22 01:34:01 INFO DAGScheduler: Final stage: ResultStage 0 (lookup at Spark.scala:15)
[2023-03-22T01:34:01.759+0000] {spark_submit.py:488} INFO - 23/03/22 01:34:01 INFO DAGScheduler: Parents of final stage: List()
[2023-03-22T01:34:01.797+0000] {spark_submit.py:488} INFO - 23/03/22 01:34:01 INFO DAGScheduler: Missing parents: List()
[2023-03-22T01:34:01.875+0000] {spark_submit.py:488} INFO - 23/03/22 01:34:01 INFO DAGScheduler: Submitting ResultStage 0 (MapPartitionsRDD[3] at lookup at Spark.scala:15), which has no missing parents
[2023-03-22T01:34:02.473+0000] {spark_submit.py:488} INFO - 23/03/22 01:34:02 INFO MemoryStore: Block broadcast_0 stored as values in memory (estimated size 4.7 KiB, free 434.4 MiB)
[2023-03-22T01:34:02.607+0000] {spark_submit.py:488} INFO - 23/03/22 01:34:02 INFO MemoryStore: Block broadcast_0_piece0 stored as bytes in memory (estimated size 2.5 KiB, free 434.4 MiB)
[2023-03-22T01:34:02.617+0000] {spark_submit.py:488} INFO - 23/03/22 01:34:02 INFO BlockManagerInfo: Added broadcast_0_piece0 in memory on c726f8549984:38833 (size: 2.5 KiB, free: 434.4 MiB)
[2023-03-22T01:34:02.638+0000] {spark_submit.py:488} INFO - 23/03/22 01:34:02 INFO SparkContext: Created broadcast 0 from broadcast at DAGScheduler.scala:1513
[2023-03-22T01:34:02.759+0000] {spark_submit.py:488} INFO - 23/03/22 01:34:02 INFO DAGScheduler: Submitting 2 missing tasks from ResultStage 0 (MapPartitionsRDD[3] at lookup at Spark.scala:15) (first 15 tasks are for partitions Vector(0, 1))
[2023-03-22T01:34:02.764+0000] {spark_submit.py:488} INFO - 23/03/22 01:34:02 INFO TaskSchedulerImpl: Adding task set 0.0 with 2 tasks resource profile 0
[2023-03-22T01:34:03.048+0000] {spark_submit.py:488} INFO - 23/03/22 01:34:03 INFO TaskSetManager: Starting task 0.0 in stage 0.0 (TID 0) (c726f8549984, executor driver, partition 0, PROCESS_LOCAL, 4488 bytes) taskResourceAssignments Map()
[2023-03-22T01:34:03.143+0000] {spark_submit.py:488} INFO - 23/03/22 01:34:03 INFO Executor: Running task 0.0 in stage 0.0 (TID 0)
[2023-03-22T01:34:03.471+0000] {spark_submit.py:488} INFO - 23/03/22 01:34:03 INFO Executor: Finished task 0.0 in stage 0.0 (TID 0). 853 bytes result sent to driver
[2023-03-22T01:34:03.486+0000] {spark_submit.py:488} INFO - 23/03/22 01:34:03 INFO TaskSetManager: Starting task 1.0 in stage 0.0 (TID 1) (c726f8549984, executor driver, partition 1, PROCESS_LOCAL, 4491 bytes) taskResourceAssignments Map()
[2023-03-22T01:34:03.493+0000] {spark_submit.py:488} INFO - 23/03/22 01:34:03 INFO Executor: Running task 1.0 in stage 0.0 (TID 1)
[2023-03-22T01:34:03.532+0000] {spark_submit.py:488} INFO - 23/03/22 01:34:03 INFO Executor: Finished task 1.0 in stage 0.0 (TID 1). 854 bytes result sent to driver
[2023-03-22T01:34:03.534+0000] {spark_submit.py:488} INFO - 23/03/22 01:34:03 INFO TaskSetManager: Finished task 0.0 in stage 0.0 (TID 0) in 556 ms on c726f8549984 (executor driver) (1/2)
[2023-03-22T01:34:03.547+0000] {spark_submit.py:488} INFO - 23/03/22 01:34:03 INFO TaskSetManager: Finished task 1.0 in stage 0.0 (TID 1) in 68 ms on c726f8549984 (executor driver) (2/2)
[2023-03-22T01:34:03.550+0000] {spark_submit.py:488} INFO - 23/03/22 01:34:03 INFO TaskSchedulerImpl: Removed TaskSet 0.0, whose tasks have all completed, from pool
[2023-03-22T01:34:03.553+0000] {spark_submit.py:488} INFO - 23/03/22 01:34:03 INFO DAGScheduler: ResultStage 0 (lookup at Spark.scala:15) finished in 1.507 s
[2023-03-22T01:34:03.564+0000] {spark_submit.py:488} INFO - 23/03/22 01:34:03 INFO DAGScheduler: Job 0 is finished. Cancelling potential speculative or zombie tasks for this job
[2023-03-22T01:34:03.566+0000] {spark_submit.py:488} INFO - 23/03/22 01:34:03 INFO TaskSchedulerImpl: Killing all running tasks in stage 0: Stage finished
[2023-03-22T01:34:03.580+0000] {spark_submit.py:488} INFO - 23/03/22 01:34:03 INFO DAGScheduler: Job 0 finished: lookup at Spark.scala:15, took 1.893735 s
[2023-03-22T01:34:03.587+0000] {spark_submit.py:488} INFO - WrappedArray(Spark, Simple)23/03/22 01:34:03 INFO SparkContext: Invoking stop() from shutdown hook
[2023-03-22T01:34:03.606+0000] {spark_submit.py:488} INFO - 23/03/22 01:34:03 INFO SparkUI: Stopped Spark web UI at http://c726f8549984:4051
[2023-03-22T01:34:03.626+0000] {spark_submit.py:488} INFO - 23/03/22 01:34:03 INFO MapOutputTrackerMasterEndpoint: MapOutputTrackerMasterEndpoint stopped!
[2023-03-22T01:34:03.644+0000] {spark_submit.py:488} INFO - 23/03/22 01:34:03 INFO MemoryStore: MemoryStore cleared
[2023-03-22T01:34:03.644+0000] {spark_submit.py:488} INFO - 23/03/22 01:34:03 INFO BlockManager: BlockManager stopped
[2023-03-22T01:34:03.654+0000] {spark_submit.py:488} INFO - 23/03/22 01:34:03 INFO BlockManagerMaster: BlockManagerMaster stopped
[2023-03-22T01:34:03.660+0000] {spark_submit.py:488} INFO - 23/03/22 01:34:03 INFO OutputCommitCoordinator$OutputCommitCoordinatorEndpoint: OutputCommitCoordinator stopped!
[2023-03-22T01:34:03.669+0000] {spark_submit.py:488} INFO - 23/03/22 01:34:03 INFO SparkContext: Successfully stopped SparkContext
[2023-03-22T01:34:03.670+0000] {spark_submit.py:488} INFO - 23/03/22 01:34:03 INFO ShutdownHookManager: Shutdown hook called
[2023-03-22T01:34:03.671+0000] {spark_submit.py:488} INFO - 23/03/22 01:34:03 INFO ShutdownHookManager: Deleting directory /tmp/spark-4f4a9016-1548-4660-be5b-6f3a4f977e55
[2023-03-22T01:34:03.677+0000] {spark_submit.py:488} INFO - 23/03/22 01:34:03 INFO ShutdownHookManager: Deleting directory /tmp/spark-c1ed187b-9076-4b51-b128-c17a2dde8f0b
[2023-03-22T01:34:03.815+0000] {taskinstance.py:1326} INFO - Marking task as SUCCESS. dag_id=spark_examples, task_id=spark-task, execution_date=20230321T200000, start_date=20230322T013338, end_date=20230322T013403
[2023-03-22T01:34:03.864+0000] {local_task_job.py:212} INFO - Task exited with return code 0
[2023-03-22T01:34:03.886+0000] {taskinstance.py:2585} INFO - 0 downstream tasks scheduled from follow-on schedule check
