[2023-03-22T08:15:02.751+0000] {taskinstance.py:1084} INFO - Dependencies all met for dep_context=non-requeueable deps ti=<TaskInstance: CarFine.show_file scheduled__2023-03-22T08:10:00+00:00 [queued]>
[2023-03-22T08:15:02.759+0000] {taskinstance.py:1084} INFO - Dependencies all met for dep_context=requeueable deps ti=<TaskInstance: CarFine.show_file scheduled__2023-03-22T08:10:00+00:00 [queued]>
[2023-03-22T08:15:02.759+0000] {taskinstance.py:1282} INFO - 
--------------------------------------------------------------------------------
[2023-03-22T08:15:02.759+0000] {taskinstance.py:1283} INFO - Starting attempt 1 of 1
[2023-03-22T08:15:02.759+0000] {taskinstance.py:1284} INFO - 
--------------------------------------------------------------------------------
[2023-03-22T08:15:02.770+0000] {taskinstance.py:1303} INFO - Executing <Task(BashOperator): show_file> on 2023-03-22 08:10:00+00:00
[2023-03-22T08:15:02.773+0000] {standard_task_runner.py:55} INFO - Started process 5475 to run task
[2023-03-22T08:15:02.775+0000] {standard_task_runner.py:82} INFO - Running: ['***', 'tasks', 'run', 'CarFine', 'show_file', 'scheduled__2023-03-22T08:10:00+00:00', '--job-id', '375', '--raw', '--subdir', 'DAGS_FOLDER/CarFineDAG.py', '--cfg-path', '/tmp/tmpcghbgf2n']
[2023-03-22T08:15:02.775+0000] {standard_task_runner.py:83} INFO - Job 375: Subtask show_file
[2023-03-22T08:15:02.815+0000] {task_command.py:388} INFO - Running <TaskInstance: CarFine.show_file scheduled__2023-03-22T08:10:00+00:00 [running]> on host ed9661b333ec
[2023-03-22T08:15:02.884+0000] {taskinstance.py:1511} INFO - Exporting the following env vars:
AIRFLOW_CTX_DAG_OWNER=***
AIRFLOW_CTX_DAG_ID=CarFine
AIRFLOW_CTX_TASK_ID=show_file
AIRFLOW_CTX_EXECUTION_DATE=2023-03-22T08:10:00+00:00
AIRFLOW_CTX_TRY_NUMBER=1
AIRFLOW_CTX_DAG_RUN_ID=scheduled__2023-03-22T08:10:00+00:00
[2023-03-22T08:15:02.885+0000] {subprocess.py:63} INFO - Tmp dir root location: 
 /tmp
[2023-03-22T08:15:02.885+0000] {subprocess.py:75} INFO - Running command: ['/bin/bash', '-c', 'cd /home/*** && ls']
[2023-03-22T08:15:02.895+0000] {subprocess.py:86} INFO - Output:
[2023-03-22T08:15:02.897+0000] {subprocess.py:93} INFO - data.json
[2023-03-22T08:15:02.897+0000] {subprocess.py:93} INFO - data.json.1
[2023-03-22T08:15:02.898+0000] {subprocess.py:93} INFO - data.json.2
[2023-03-22T08:15:02.898+0000] {subprocess.py:93} INFO - data.json.3
[2023-03-22T08:15:02.898+0000] {subprocess.py:93} INFO - data.json.4
[2023-03-22T08:15:02.898+0000] {subprocess.py:93} INFO - data.json.5
[2023-03-22T08:15:02.898+0000] {subprocess.py:93} INFO - data.json.6
[2023-03-22T08:15:02.898+0000] {subprocess.py:93} INFO - data.json.7
[2023-03-22T08:15:02.898+0000] {subprocess.py:93} INFO - data.json.8
[2023-03-22T08:15:02.898+0000] {subprocess.py:97} INFO - Command exited with return code 0
[2023-03-22T08:15:02.917+0000] {taskinstance.py:1326} INFO - Marking task as SUCCESS. dag_id=CarFine, task_id=show_file, execution_date=20230322T081000, start_date=20230322T081502, end_date=20230322T081502
[2023-03-22T08:15:02.947+0000] {local_task_job.py:212} INFO - Task exited with return code 0
[2023-03-22T08:15:02.963+0000] {taskinstance.py:2585} INFO - 1 downstream tasks scheduled from follow-on schedule check
