[2023-03-22T01:33:38.630+0000] {taskinstance.py:1084} INFO - Dependencies all met for dep_context=non-requeueable deps ti=<TaskInstance: spark_examples.spark-task scheduled__2023-03-21T21:00:00+00:00 [queued]>
[2023-03-22T01:33:38.684+0000] {taskinstance.py:1084} INFO - Dependencies all met for dep_context=requeueable deps ti=<TaskInstance: spark_examples.spark-task scheduled__2023-03-21T21:00:00+00:00 [queued]>
[2023-03-22T01:33:38.685+0000] {taskinstance.py:1282} INFO - 
--------------------------------------------------------------------------------
[2023-03-22T01:33:38.685+0000] {taskinstance.py:1283} INFO - Starting attempt 1 of 1
[2023-03-22T01:33:38.685+0000] {taskinstance.py:1284} INFO - 
--------------------------------------------------------------------------------
[2023-03-22T01:33:38.777+0000] {taskinstance.py:1303} INFO - Executing <Task(SparkSubmitOperator): spark-task> on 2023-03-21 21:00:00+00:00
[2023-03-22T01:33:38.809+0000] {standard_task_runner.py:55} INFO - Started process 549 to run task
[2023-03-22T01:33:38.817+0000] {standard_task_runner.py:82} INFO - Running: ['***', 'tasks', 'run', 'spark_examples', 'spark-task', 'scheduled__2023-03-21T21:00:00+00:00', '--job-id', '256', '--raw', '--subdir', 'DAGS_FOLDER/spark.py', '--cfg-path', '/tmp/tmpb7p8ncm5']
[2023-03-22T01:33:38.821+0000] {standard_task_runner.py:83} INFO - Job 256: Subtask spark-task
[2023-03-22T01:33:39.014+0000] {task_command.py:388} INFO - Running <TaskInstance: spark_examples.spark-task scheduled__2023-03-21T21:00:00+00:00 [running]> on host c726f8549984
[2023-03-22T01:33:39.230+0000] {taskinstance.py:1511} INFO - Exporting the following env vars:
AIRFLOW_CTX_DAG_OWNER=truongvq
AIRFLOW_CTX_DAG_ID=spark_examples
AIRFLOW_CTX_TASK_ID=spark-task
AIRFLOW_CTX_EXECUTION_DATE=2023-03-21T21:00:00+00:00
AIRFLOW_CTX_TRY_NUMBER=1
AIRFLOW_CTX_DAG_RUN_ID=scheduled__2023-03-21T21:00:00+00:00
[2023-03-22T01:33:39.260+0000] {base.py:73} INFO - Using connection ID 'spark-connection' for task execution.
[2023-03-22T01:33:39.262+0000] {spark_submit.py:335} INFO - Spark-Submit cmd: spark-submit --master spark://vtn-truongvq:7077 --name arrow-spark --class com.viettel.truongvq.spark.Spark --verbose /opt/***/plugins/big-data-fundamentals.jar
[2023-03-22T01:33:39.683+0000] {spark_submit.py:488} INFO - /home/***/.local/lib/python3.7/site-packages/pyspark/bin/load-spark-env.sh: line 68: ps: command not found
[2023-03-22T01:33:47.186+0000] {spark_submit.py:488} INFO - Using properties file: null
[2023-03-22T01:33:47.810+0000] {spark_submit.py:488} INFO - Parsed arguments:
[2023-03-22T01:33:47.810+0000] {spark_submit.py:488} INFO - master                  spark://vtn-truongvq:7077
[2023-03-22T01:33:47.811+0000] {spark_submit.py:488} INFO - deployMode              null
[2023-03-22T01:33:47.811+0000] {spark_submit.py:488} INFO - executorMemory          null
[2023-03-22T01:33:47.811+0000] {spark_submit.py:488} INFO - executorCores           null
[2023-03-22T01:33:47.811+0000] {spark_submit.py:488} INFO - totalExecutorCores      null
[2023-03-22T01:33:47.811+0000] {spark_submit.py:488} INFO - propertiesFile          null
[2023-03-22T01:33:47.811+0000] {spark_submit.py:488} INFO - driverMemory            null
[2023-03-22T01:33:47.812+0000] {spark_submit.py:488} INFO - driverCores             null
[2023-03-22T01:33:47.812+0000] {spark_submit.py:488} INFO - driverExtraClassPath    null
[2023-03-22T01:33:47.812+0000] {spark_submit.py:488} INFO - driverExtraLibraryPath  null
[2023-03-22T01:33:47.812+0000] {spark_submit.py:488} INFO - driverExtraJavaOptions  null
[2023-03-22T01:33:47.812+0000] {spark_submit.py:488} INFO - supervise               false
[2023-03-22T01:33:47.812+0000] {spark_submit.py:488} INFO - queue                   null
[2023-03-22T01:33:47.812+0000] {spark_submit.py:488} INFO - numExecutors            null
[2023-03-22T01:33:47.813+0000] {spark_submit.py:488} INFO - files                   null
[2023-03-22T01:33:47.813+0000] {spark_submit.py:488} INFO - pyFiles                 null
[2023-03-22T01:33:47.813+0000] {spark_submit.py:488} INFO - archives                null
[2023-03-22T01:33:47.813+0000] {spark_submit.py:488} INFO - mainClass               com.viettel.truongvq.spark.Spark
[2023-03-22T01:33:47.813+0000] {spark_submit.py:488} INFO - primaryResource         file:/opt/***/plugins/big-data-fundamentals.jar
[2023-03-22T01:33:47.813+0000] {spark_submit.py:488} INFO - name                    arrow-spark
[2023-03-22T01:33:47.813+0000] {spark_submit.py:488} INFO - childArgs               []
[2023-03-22T01:33:47.814+0000] {spark_submit.py:488} INFO - jars                    null
[2023-03-22T01:33:47.814+0000] {spark_submit.py:488} INFO - packages                null
[2023-03-22T01:33:47.814+0000] {spark_submit.py:488} INFO - packagesExclusions      null
[2023-03-22T01:33:47.814+0000] {spark_submit.py:488} INFO - repositories            null
[2023-03-22T01:33:47.814+0000] {spark_submit.py:488} INFO - verbose                 true
[2023-03-22T01:33:47.814+0000] {spark_submit.py:488} INFO - 
[2023-03-22T01:33:47.814+0000] {spark_submit.py:488} INFO - Spark properties used, including those specified through
[2023-03-22T01:33:47.814+0000] {spark_submit.py:488} INFO - --conf and those from the properties file null:
[2023-03-22T01:33:47.815+0000] {spark_submit.py:488} INFO - 
[2023-03-22T01:33:47.815+0000] {spark_submit.py:488} INFO - 
[2023-03-22T01:33:47.815+0000] {spark_submit.py:488} INFO - 
[2023-03-22T01:33:49.086+0000] {spark_submit.py:488} INFO - Main class:
[2023-03-22T01:33:49.086+0000] {spark_submit.py:488} INFO - com.viettel.truongvq.spark.Spark
[2023-03-22T01:33:49.086+0000] {spark_submit.py:488} INFO - Arguments:
[2023-03-22T01:33:49.087+0000] {spark_submit.py:488} INFO - 
[2023-03-22T01:33:49.109+0000] {spark_submit.py:488} INFO - Spark config:
[2023-03-22T01:33:49.110+0000] {spark_submit.py:488} INFO - (spark.app.name,arrow-spark)
[2023-03-22T01:33:49.110+0000] {spark_submit.py:488} INFO - (spark.app.submitTime,1679448829005)
[2023-03-22T01:33:49.111+0000] {spark_submit.py:488} INFO - (spark.jars,file:/opt/***/plugins/big-data-fundamentals.jar)
[2023-03-22T01:33:49.111+0000] {spark_submit.py:488} INFO - (spark.master,spark://vtn-truongvq:7077)
[2023-03-22T01:33:49.111+0000] {spark_submit.py:488} INFO - (spark.submit.deployMode,client)
[2023-03-22T01:33:49.111+0000] {spark_submit.py:488} INFO - (spark.submit.pyFiles,)
[2023-03-22T01:33:49.112+0000] {spark_submit.py:488} INFO - Classpath elements:
[2023-03-22T01:33:49.113+0000] {spark_submit.py:488} INFO - file:/opt/***/plugins/big-data-fundamentals.jar
[2023-03-22T01:33:49.113+0000] {spark_submit.py:488} INFO - 
[2023-03-22T01:33:49.114+0000] {spark_submit.py:488} INFO - 
[2023-03-22T01:33:49.323+0000] {spark_submit.py:488} INFO - 23/03/22 01:33:49 INFO SparkContext: Running Spark version 3.3.2
[2023-03-22T01:33:49.707+0000] {spark_submit.py:488} INFO - 23/03/22 01:33:49 WARN NativeCodeLoader: Unable to load native-hadoop library for your platform... using builtin-java classes where applicable
[2023-03-22T01:33:50.100+0000] {spark_submit.py:488} INFO - 23/03/22 01:33:50 INFO ResourceUtils: ==============================================================
[2023-03-22T01:33:50.102+0000] {spark_submit.py:488} INFO - 23/03/22 01:33:50 INFO ResourceUtils: No custom resources configured for spark.driver.
[2023-03-22T01:33:50.105+0000] {spark_submit.py:488} INFO - 23/03/22 01:33:50 INFO ResourceUtils: ==============================================================
[2023-03-22T01:33:50.108+0000] {spark_submit.py:488} INFO - 23/03/22 01:33:50 INFO SparkContext: Submitted application: SparkExample
[2023-03-22T01:33:50.172+0000] {spark_submit.py:488} INFO - 23/03/22 01:33:50 INFO ResourceProfile: Default ResourceProfile created, executor resources: Map(cores -> name: cores, amount: 1, script: , vendor: , memory -> name: memory, amount: 1024, script: , vendor: , offHeap -> name: offHeap, amount: 0, script: , vendor: ), task resources: Map(cpus -> name: cpus, amount: 1.0)
[2023-03-22T01:33:50.265+0000] {spark_submit.py:488} INFO - 23/03/22 01:33:50 INFO ResourceProfile: Limiting resource is cpu
[2023-03-22T01:33:50.269+0000] {spark_submit.py:488} INFO - 23/03/22 01:33:50 INFO ResourceProfileManager: Added ResourceProfile id: 0
[2023-03-22T01:33:50.755+0000] {spark_submit.py:488} INFO - 23/03/22 01:33:50 INFO SecurityManager: Changing view acls to: default
[2023-03-22T01:33:50.760+0000] {spark_submit.py:488} INFO - 23/03/22 01:33:50 INFO SecurityManager: Changing modify acls to: default
[2023-03-22T01:33:50.770+0000] {spark_submit.py:488} INFO - 23/03/22 01:33:50 INFO SecurityManager: Changing view acls groups to:
[2023-03-22T01:33:50.773+0000] {spark_submit.py:488} INFO - 23/03/22 01:33:50 INFO SecurityManager: Changing modify acls groups to:
[2023-03-22T01:33:50.777+0000] {spark_submit.py:488} INFO - 23/03/22 01:33:50 INFO SecurityManager: SecurityManager: authentication disabled; ui acls disabled; users  with view permissions: Set(default); groups with view permissions: Set(); users  with modify permissions: Set(default); groups with modify permissions: Set()
[2023-03-22T01:33:52.701+0000] {spark_submit.py:488} INFO - 23/03/22 01:33:52 INFO Utils: Successfully started service 'sparkDriver' on port 42667.
[2023-03-22T01:33:52.922+0000] {spark_submit.py:488} INFO - 23/03/22 01:33:52 INFO SparkEnv: Registering MapOutputTracker
[2023-03-22T01:33:53.140+0000] {spark_submit.py:488} INFO - 23/03/22 01:33:53 INFO SparkEnv: Registering BlockManagerMaster
[2023-03-22T01:33:53.231+0000] {spark_submit.py:488} INFO - 23/03/22 01:33:53 INFO BlockManagerMasterEndpoint: Using org.apache.spark.storage.DefaultTopologyMapper for getting topology information
[2023-03-22T01:33:53.233+0000] {spark_submit.py:488} INFO - 23/03/22 01:33:53 INFO BlockManagerMasterEndpoint: BlockManagerMasterEndpoint up
[2023-03-22T01:33:53.251+0000] {spark_submit.py:488} INFO - 23/03/22 01:33:53 INFO SparkEnv: Registering BlockManagerMasterHeartbeat
[2023-03-22T01:33:53.313+0000] {spark_submit.py:488} INFO - 23/03/22 01:33:53 INFO DiskBlockManager: Created local directory at /tmp/blockmgr-7b29225d-6f37-4868-bf0e-e3e1273838a2
[2023-03-22T01:33:53.403+0000] {spark_submit.py:488} INFO - 23/03/22 01:33:53 INFO MemoryStore: MemoryStore started with capacity 434.4 MiB
[2023-03-22T01:33:53.494+0000] {spark_submit.py:488} INFO - 23/03/22 01:33:53 INFO SparkEnv: Registering OutputCommitCoordinator
[2023-03-22T01:33:54.946+0000] {spark_submit.py:488} INFO - 23/03/22 01:33:54 WARN Utils: Service 'SparkUI' could not bind on port 4040. Attempting port 4041.
[2023-03-22T01:33:54.954+0000] {spark_submit.py:488} INFO - 23/03/22 01:33:54 WARN Utils: Service 'SparkUI' could not bind on port 4041. Attempting port 4042.
[2023-03-22T01:33:54.967+0000] {spark_submit.py:488} INFO - 23/03/22 01:33:54 WARN Utils: Service 'SparkUI' could not bind on port 4042. Attempting port 4043.
[2023-03-22T01:33:54.971+0000] {spark_submit.py:488} INFO - 23/03/22 01:33:54 WARN Utils: Service 'SparkUI' could not bind on port 4043. Attempting port 4044.
[2023-03-22T01:33:54.978+0000] {spark_submit.py:488} INFO - 23/03/22 01:33:54 WARN Utils: Service 'SparkUI' could not bind on port 4044. Attempting port 4045.
[2023-03-22T01:33:54.979+0000] {spark_submit.py:488} INFO - 23/03/22 01:33:54 WARN Utils: Service 'SparkUI' could not bind on port 4045. Attempting port 4046.
[2023-03-22T01:33:54.979+0000] {spark_submit.py:488} INFO - 23/03/22 01:33:54 WARN Utils: Service 'SparkUI' could not bind on port 4046. Attempting port 4047.
[2023-03-22T01:33:54.981+0000] {spark_submit.py:488} INFO - 23/03/22 01:33:54 WARN Utils: Service 'SparkUI' could not bind on port 4047. Attempting port 4048.
[2023-03-22T01:33:54.981+0000] {spark_submit.py:488} INFO - 23/03/22 01:33:54 WARN Utils: Service 'SparkUI' could not bind on port 4048. Attempting port 4049.
[2023-03-22T01:33:54.981+0000] {spark_submit.py:488} INFO - 23/03/22 01:33:54 WARN Utils: Service 'SparkUI' could not bind on port 4049. Attempting port 4050.
[2023-03-22T01:33:54.981+0000] {spark_submit.py:488} INFO - 23/03/22 01:33:54 WARN Utils: Service 'SparkUI' could not bind on port 4050. Attempting port 4051.
[2023-03-22T01:33:54.982+0000] {spark_submit.py:488} INFO - 23/03/22 01:33:54 WARN Utils: Service 'SparkUI' could not bind on port 4051. Attempting port 4052.
[2023-03-22T01:33:55.079+0000] {spark_submit.py:488} INFO - 23/03/22 01:33:55 INFO Utils: Successfully started service 'SparkUI' on port 4052.
[2023-03-22T01:33:55.243+0000] {spark_submit.py:488} INFO - 23/03/22 01:33:55 INFO SparkContext: Added JAR file:/opt/***/plugins/big-data-fundamentals.jar at spark://c726f8549984:42667/jars/big-data-fundamentals.jar with timestamp 1679448829279
[2023-03-22T01:33:55.523+0000] {spark_submit.py:488} INFO - 23/03/22 01:33:55 INFO Executor: Starting executor ID driver on host c726f8549984
[2023-03-22T01:33:55.584+0000] {spark_submit.py:488} INFO - 23/03/22 01:33:55 INFO Executor: Starting executor with user classpath (userClassPathFirst = false): ''
[2023-03-22T01:33:55.722+0000] {spark_submit.py:488} INFO - 23/03/22 01:33:55 INFO Executor: Fetching spark://c726f8549984:42667/jars/big-data-fundamentals.jar with timestamp 1679448829279
[2023-03-22T01:33:56.175+0000] {spark_submit.py:488} INFO - 23/03/22 01:33:56 INFO TransportClientFactory: Successfully created connection to c726f8549984/172.23.0.7:42667 after 270 ms (0 ms spent in bootstraps)
[2023-03-22T01:33:56.185+0000] {spark_submit.py:488} INFO - 23/03/22 01:33:56 INFO Utils: Fetching spark://c726f8549984:42667/jars/big-data-fundamentals.jar to /tmp/spark-e7ab480b-f0c3-4225-857d-d3e2c7c34638/userFiles-fa8a0f56-21c4-4a1d-a569-12b318a918d6/fetchFileTemp10695055384543004001.tmp
[2023-03-22T01:33:56.548+0000] {spark_submit.py:488} INFO - 23/03/22 01:33:56 INFO Executor: Adding file:/tmp/spark-e7ab480b-f0c3-4225-857d-d3e2c7c34638/userFiles-fa8a0f56-21c4-4a1d-a569-12b318a918d6/big-data-fundamentals.jar to class loader
[2023-03-22T01:33:56.603+0000] {spark_submit.py:488} INFO - 23/03/22 01:33:56 INFO Utils: Successfully started service 'org.apache.spark.network.netty.NettyBlockTransferService' on port 45131.
[2023-03-22T01:33:56.604+0000] {spark_submit.py:488} INFO - 23/03/22 01:33:56 INFO NettyBlockTransferService: Server created on c726f8549984:45131
[2023-03-22T01:33:56.616+0000] {spark_submit.py:488} INFO - 23/03/22 01:33:56 INFO BlockManager: Using org.apache.spark.storage.RandomBlockReplicationPolicy for block replication policy
[2023-03-22T01:33:56.698+0000] {spark_submit.py:488} INFO - 23/03/22 01:33:56 INFO BlockManagerMaster: Registering BlockManager BlockManagerId(driver, c726f8549984, 45131, None)
[2023-03-22T01:33:56.754+0000] {spark_submit.py:488} INFO - 23/03/22 01:33:56 INFO BlockManagerMasterEndpoint: Registering block manager c726f8549984:45131 with 434.4 MiB RAM, BlockManagerId(driver, c726f8549984, 45131, None)
[2023-03-22T01:33:56.774+0000] {spark_submit.py:488} INFO - 23/03/22 01:33:56 INFO BlockManagerMaster: Registered BlockManager BlockManagerId(driver, c726f8549984, 45131, None)
[2023-03-22T01:33:56.812+0000] {spark_submit.py:488} INFO - 23/03/22 01:33:56 INFO BlockManager: Initialized BlockManager: BlockManagerId(driver, c726f8549984, 45131, None)
[2023-03-22T01:34:00.729+0000] {spark_submit.py:488} INFO - 23/03/22 01:34:00 INFO SparkContext: Starting job: lookup at Spark.scala:15
[2023-03-22T01:34:00.760+0000] {spark_submit.py:488} INFO - 23/03/22 01:34:00 INFO DAGScheduler: Got job 0 (lookup at Spark.scala:15) with 2 output partitions
[2023-03-22T01:34:00.762+0000] {spark_submit.py:488} INFO - 23/03/22 01:34:00 INFO DAGScheduler: Final stage: ResultStage 0 (lookup at Spark.scala:15)
[2023-03-22T01:34:00.764+0000] {spark_submit.py:488} INFO - 23/03/22 01:34:00 INFO DAGScheduler: Parents of final stage: List()
[2023-03-22T01:34:00.769+0000] {spark_submit.py:488} INFO - 23/03/22 01:34:00 INFO DAGScheduler: Missing parents: List()
[2023-03-22T01:34:00.797+0000] {spark_submit.py:488} INFO - 23/03/22 01:34:00 INFO DAGScheduler: Submitting ResultStage 0 (MapPartitionsRDD[3] at lookup at Spark.scala:15), which has no missing parents
[2023-03-22T01:34:01.476+0000] {spark_submit.py:488} INFO - 23/03/22 01:34:01 INFO MemoryStore: Block broadcast_0 stored as values in memory (estimated size 4.7 KiB, free 434.4 MiB)
[2023-03-22T01:34:01.633+0000] {spark_submit.py:488} INFO - 23/03/22 01:34:01 INFO MemoryStore: Block broadcast_0_piece0 stored as bytes in memory (estimated size 2.5 KiB, free 434.4 MiB)
[2023-03-22T01:34:01.644+0000] {spark_submit.py:488} INFO - 23/03/22 01:34:01 INFO BlockManagerInfo: Added broadcast_0_piece0 in memory on c726f8549984:45131 (size: 2.5 KiB, free: 434.4 MiB)
[2023-03-22T01:34:01.661+0000] {spark_submit.py:488} INFO - 23/03/22 01:34:01 INFO SparkContext: Created broadcast 0 from broadcast at DAGScheduler.scala:1513
[2023-03-22T01:34:01.729+0000] {spark_submit.py:488} INFO - 23/03/22 01:34:01 INFO DAGScheduler: Submitting 2 missing tasks from ResultStage 0 (MapPartitionsRDD[3] at lookup at Spark.scala:15) (first 15 tasks are for partitions Vector(0, 1))
[2023-03-22T01:34:01.735+0000] {spark_submit.py:488} INFO - 23/03/22 01:34:01 INFO TaskSchedulerImpl: Adding task set 0.0 with 2 tasks resource profile 0
[2023-03-22T01:34:01.966+0000] {spark_submit.py:488} INFO - 23/03/22 01:34:01 INFO TaskSetManager: Starting task 0.0 in stage 0.0 (TID 0) (c726f8549984, executor driver, partition 0, PROCESS_LOCAL, 4488 bytes) taskResourceAssignments Map()
[2023-03-22T01:34:02.124+0000] {spark_submit.py:488} INFO - 23/03/22 01:34:02 INFO Executor: Running task 0.0 in stage 0.0 (TID 0)
[2023-03-22T01:34:02.624+0000] {spark_submit.py:488} INFO - 23/03/22 01:34:02 INFO Executor: Finished task 0.0 in stage 0.0 (TID 0). 853 bytes result sent to driver
[2023-03-22T01:34:02.642+0000] {spark_submit.py:488} INFO - 23/03/22 01:34:02 INFO TaskSetManager: Starting task 1.0 in stage 0.0 (TID 1) (c726f8549984, executor driver, partition 1, PROCESS_LOCAL, 4491 bytes) taskResourceAssignments Map()
[2023-03-22T01:34:02.650+0000] {spark_submit.py:488} INFO - 23/03/22 01:34:02 INFO Executor: Running task 1.0 in stage 0.0 (TID 1)
[2023-03-22T01:34:02.671+0000] {spark_submit.py:488} INFO - 23/03/22 01:34:02 INFO Executor: Finished task 1.0 in stage 0.0 (TID 1). 854 bytes result sent to driver
[2023-03-22T01:34:02.703+0000] {spark_submit.py:488} INFO - 23/03/22 01:34:02 INFO TaskSetManager: Finished task 1.0 in stage 0.0 (TID 1) in 59 ms on c726f8549984 (executor driver) (1/2)
[2023-03-22T01:34:02.834+0000] {spark_submit.py:488} INFO - 23/03/22 01:34:02 INFO TaskSetManager: Finished task 0.0 in stage 0.0 (TID 0) in 947 ms on c726f8549984 (executor driver) (2/2)
[2023-03-22T01:34:02.840+0000] {spark_submit.py:488} INFO - 23/03/22 01:34:02 INFO TaskSchedulerImpl: Removed TaskSet 0.0, whose tasks have all completed, from pool
[2023-03-22T01:34:02.865+0000] {spark_submit.py:488} INFO - 23/03/22 01:34:02 INFO DAGScheduler: ResultStage 0 (lookup at Spark.scala:15) finished in 1.905 s
[2023-03-22T01:34:02.872+0000] {spark_submit.py:488} INFO - 23/03/22 01:34:02 INFO DAGScheduler: Job 0 is finished. Cancelling potential speculative or zombie tasks for this job
[2023-03-22T01:34:02.877+0000] {spark_submit.py:488} INFO - 23/03/22 01:34:02 INFO TaskSchedulerImpl: Killing all running tasks in stage 0: Stage finished
[2023-03-22T01:34:02.888+0000] {spark_submit.py:488} INFO - 23/03/22 01:34:02 INFO DAGScheduler: Job 0 finished: lookup at Spark.scala:15, took 2.154839 s
[2023-03-22T01:34:03.015+0000] {spark_submit.py:488} INFO - WrappedArray(Spark, Simple)23/03/22 01:34:03 INFO SparkContext: Invoking stop() from shutdown hook
[2023-03-22T01:34:03.055+0000] {spark_submit.py:488} INFO - 23/03/22 01:34:03 INFO SparkUI: Stopped Spark web UI at http://c726f8549984:4052
[2023-03-22T01:34:03.108+0000] {spark_submit.py:488} INFO - 23/03/22 01:34:03 INFO MapOutputTrackerMasterEndpoint: MapOutputTrackerMasterEndpoint stopped!
[2023-03-22T01:34:03.161+0000] {spark_submit.py:488} INFO - 23/03/22 01:34:03 INFO MemoryStore: MemoryStore cleared
[2023-03-22T01:34:03.163+0000] {spark_submit.py:488} INFO - 23/03/22 01:34:03 INFO BlockManager: BlockManager stopped
[2023-03-22T01:34:03.189+0000] {spark_submit.py:488} INFO - 23/03/22 01:34:03 INFO BlockManagerMaster: BlockManagerMaster stopped
[2023-03-22T01:34:03.201+0000] {spark_submit.py:488} INFO - 23/03/22 01:34:03 INFO OutputCommitCoordinator$OutputCommitCoordinatorEndpoint: OutputCommitCoordinator stopped!
[2023-03-22T01:34:03.229+0000] {spark_submit.py:488} INFO - 23/03/22 01:34:03 INFO SparkContext: Successfully stopped SparkContext
[2023-03-22T01:34:03.232+0000] {spark_submit.py:488} INFO - 23/03/22 01:34:03 INFO ShutdownHookManager: Shutdown hook called
[2023-03-22T01:34:03.237+0000] {spark_submit.py:488} INFO - 23/03/22 01:34:03 INFO ShutdownHookManager: Deleting directory /tmp/spark-ecfbc0df-c619-4313-a764-80a1ead19de0
[2023-03-22T01:34:03.249+0000] {spark_submit.py:488} INFO - 23/03/22 01:34:03 INFO ShutdownHookManager: Deleting directory /tmp/spark-e7ab480b-f0c3-4225-857d-d3e2c7c34638
[2023-03-22T01:34:03.479+0000] {taskinstance.py:1326} INFO - Marking task as SUCCESS. dag_id=spark_examples, task_id=spark-task, execution_date=20230321T210000, start_date=20230322T013338, end_date=20230322T013403
[2023-03-22T01:34:03.580+0000] {local_task_job.py:212} INFO - Task exited with return code 0
[2023-03-22T01:34:03.617+0000] {taskinstance.py:2585} INFO - 0 downstream tasks scheduled from follow-on schedule check
