[2023-03-22T09:30:10.237+0000] {taskinstance.py:1084} INFO - Dependencies all met for dep_context=non-requeueable deps ti=<TaskInstance: CarFine.get_file scheduled__2023-03-22T09:25:00+00:00 [queued]>
[2023-03-22T09:30:10.244+0000] {taskinstance.py:1084} INFO - Dependencies all met for dep_context=requeueable deps ti=<TaskInstance: CarFine.get_file scheduled__2023-03-22T09:25:00+00:00 [queued]>
[2023-03-22T09:30:10.244+0000] {taskinstance.py:1282} INFO - 
--------------------------------------------------------------------------------
[2023-03-22T09:30:10.244+0000] {taskinstance.py:1283} INFO - Starting attempt 1 of 1
[2023-03-22T09:30:10.244+0000] {taskinstance.py:1284} INFO - 
--------------------------------------------------------------------------------
[2023-03-22T09:30:10.254+0000] {taskinstance.py:1303} INFO - Executing <Task(BashOperator): get_file> on 2023-03-22 09:25:00+00:00
[2023-03-22T09:30:10.260+0000] {standard_task_runner.py:55} INFO - Started process 65 to run task
[2023-03-22T09:30:10.261+0000] {standard_task_runner.py:82} INFO - Running: ['***', 'tasks', 'run', 'CarFine', 'get_file', 'scheduled__2023-03-22T09:25:00+00:00', '--job-id', '459', '--raw', '--subdir', 'DAGS_FOLDER/CarFineDAG.py', '--cfg-path', '/tmp/tmp6dumdu3e']
[2023-03-22T09:30:10.262+0000] {standard_task_runner.py:83} INFO - Job 459: Subtask get_file
[2023-03-22T09:30:10.303+0000] {task_command.py:388} INFO - Running <TaskInstance: CarFine.get_file scheduled__2023-03-22T09:25:00+00:00 [running]> on host bc09d5a71d5b
[2023-03-22T09:30:10.353+0000] {taskinstance.py:1511} INFO - Exporting the following env vars:
AIRFLOW_CTX_DAG_OWNER=***
AIRFLOW_CTX_DAG_ID=CarFine
AIRFLOW_CTX_TASK_ID=get_file
AIRFLOW_CTX_EXECUTION_DATE=2023-03-22T09:25:00+00:00
AIRFLOW_CTX_TRY_NUMBER=1
AIRFLOW_CTX_DAG_RUN_ID=scheduled__2023-03-22T09:25:00+00:00
[2023-03-22T09:30:10.354+0000] {subprocess.py:63} INFO - Tmp dir root location: 
 /tmp
[2023-03-22T09:30:10.354+0000] {subprocess.py:75} INFO - Running command: ['/bin/bash', '-c', 'wget -P /home/*** https://www.dl.dropboxusercontent.com/s/q1de0kkhhxp5vo9/data.json']
[2023-03-22T09:30:10.360+0000] {subprocess.py:86} INFO - Output:
[2023-03-22T09:30:10.363+0000] {subprocess.py:93} INFO - --2023-03-22 09:30:10--  https://www.dl.dropboxusercontent.com/s/q1de0kkhhxp5vo9/data.json
[2023-03-22T09:30:15.517+0000] {subprocess.py:93} INFO - Resolving www.dl.dropboxusercontent.com (www.dl.dropboxusercontent.com)... 162.125.81.15, 2620:100:6035:15::a27d:550f
[2023-03-22T09:32:25.309+0000] {subprocess.py:93} INFO - Connecting to www.dl.dropboxusercontent.com (www.dl.dropboxusercontent.com)|162.125.81.15|:443... failed: Connection timed out.
[2023-03-22T09:32:25.310+0000] {subprocess.py:93} INFO - Connecting to www.dl.dropboxusercontent.com (www.dl.dropboxusercontent.com)|2620:100:6035:15::a27d:550f|:443... failed: Cannot assign requested address.
[2023-03-22T09:32:25.310+0000] {subprocess.py:93} INFO - Retrying.
[2023-03-22T09:32:25.310+0000] {subprocess.py:93} INFO - 
[2023-03-22T09:32:26.310+0000] {subprocess.py:93} INFO - --2023-03-22 09:32:26--  (try: 2)  https://www.dl.dropboxusercontent.com/s/q1de0kkhhxp5vo9/data.json
