[2023-03-21 13:43:38,872] {taskinstance.py:1179} INFO - Dependencies all met for <TaskInstance: FirstDAG.task scheduled__2023-03-20T16:00:00+00:00 [queued]>
[2023-03-21 13:43:38,883] {taskinstance.py:1179} INFO - Dependencies all met for <TaskInstance: FirstDAG.task scheduled__2023-03-20T16:00:00+00:00 [queued]>
[2023-03-21 13:43:38,883] {taskinstance.py:1376} INFO - 
--------------------------------------------------------------------------------
[2023-03-21 13:43:38,883] {taskinstance.py:1377} INFO - Starting attempt 1 of 1
[2023-03-21 13:43:38,883] {taskinstance.py:1378} INFO - 
--------------------------------------------------------------------------------
[2023-03-21 13:43:38,907] {taskinstance.py:1397} INFO - Executing <Task(PythonOperator): task> on 2023-03-20 16:00:00+00:00
[2023-03-21 13:43:38,910] {standard_task_runner.py:52} INFO - Started process 117 to run task
[2023-03-21 13:43:38,913] {standard_task_runner.py:79} INFO - Running: ['***', 'tasks', 'run', 'FirstDAG', 'task', 'scheduled__2023-03-20T16:00:00+00:00', '--job-id', '11', '--raw', '--subdir', 'DAGS_FOLDER/BasicDAG.py', '--cfg-path', '/tmp/tmp02akbjhm', '--error-file', '/tmp/tmpt8_aq7xj']
[2023-03-21 13:43:38,914] {standard_task_runner.py:80} INFO - Job 11: Subtask task
[2023-03-21 13:43:38,980] {task_command.py:371} INFO - Running <TaskInstance: FirstDAG.task scheduled__2023-03-20T16:00:00+00:00 [running]> on host e015818566b4
[2023-03-21 13:43:39,329] {taskinstance.py:1591} INFO - Exporting the following env vars:
AIRFLOW_CTX_DAG_OWNER=***
AIRFLOW_CTX_DAG_ID=FirstDAG
AIRFLOW_CTX_TASK_ID=task
AIRFLOW_CTX_EXECUTION_DATE=2023-03-20T16:00:00+00:00
AIRFLOW_CTX_TRY_NUMBER=1
AIRFLOW_CTX_DAG_RUN_ID=scheduled__2023-03-20T16:00:00+00:00
[2023-03-21 13:43:39,329] {logging_mixin.py:115} INFO - First DAG executed Successfully!!
[2023-03-21 13:43:39,329] {python.py:173} INFO - Done. Returned value was: None
[2023-03-21 13:43:39,342] {taskinstance.py:1420} INFO - Marking task as SUCCESS. dag_id=FirstDAG, task_id=task, execution_date=20230320T160000, start_date=20230321T134338, end_date=20230321T134339
[2023-03-21 13:43:39,408] {local_task_job.py:156} INFO - Task exited with return code 0
[2023-03-21 13:43:39,564] {local_task_job.py:273} INFO - 0 downstream tasks scheduled from follow-on schedule check
