[2023-03-22T08:13:23.848+0000] {taskinstance.py:1084} INFO - Dependencies all met for dep_context=non-requeueable deps ti=<TaskInstance: CarFine.spark-save-db manual__2023-03-22T08:13:20.863155+00:00 [queued]>
[2023-03-22T08:13:23.855+0000] {taskinstance.py:1084} INFO - Dependencies all met for dep_context=requeueable deps ti=<TaskInstance: CarFine.spark-save-db manual__2023-03-22T08:13:20.863155+00:00 [queued]>
[2023-03-22T08:13:23.855+0000] {taskinstance.py:1282} INFO - 
--------------------------------------------------------------------------------
[2023-03-22T08:13:23.855+0000] {taskinstance.py:1283} INFO - Starting attempt 1 of 1
[2023-03-22T08:13:23.855+0000] {taskinstance.py:1284} INFO - 
--------------------------------------------------------------------------------
[2023-03-22T08:13:23.866+0000] {taskinstance.py:1303} INFO - Executing <Task(SparkSubmitOperator): spark-save-db> on 2023-03-22 08:13:20.863155+00:00
[2023-03-22T08:13:23.871+0000] {standard_task_runner.py:55} INFO - Started process 5211 to run task
[2023-03-22T08:13:23.873+0000] {standard_task_runner.py:82} INFO - Running: ['***', 'tasks', 'run', 'CarFine', 'spark-save-db', 'manual__2023-03-22T08:13:20.863155+00:00', '--job-id', '373', '--raw', '--subdir', 'DAGS_FOLDER/CarFineDAG.py', '--cfg-path', '/tmp/tmp46po9r9h']
[2023-03-22T08:13:23.873+0000] {standard_task_runner.py:83} INFO - Job 373: Subtask spark-save-db
[2023-03-22T08:13:23.915+0000] {task_command.py:388} INFO - Running <TaskInstance: CarFine.spark-save-db manual__2023-03-22T08:13:20.863155+00:00 [running]> on host ed9661b333ec
[2023-03-22T08:13:23.978+0000] {taskinstance.py:1511} INFO - Exporting the following env vars:
AIRFLOW_CTX_DAG_OWNER=***
AIRFLOW_CTX_DAG_ID=CarFine
AIRFLOW_CTX_TASK_ID=spark-save-db
AIRFLOW_CTX_EXECUTION_DATE=2023-03-22T08:13:20.863155+00:00
AIRFLOW_CTX_TRY_NUMBER=1
AIRFLOW_CTX_DAG_RUN_ID=manual__2023-03-22T08:13:20.863155+00:00
[2023-03-22T08:13:23.985+0000] {base.py:73} INFO - Using connection ID 'spark-connection' for task execution.
[2023-03-22T08:13:23.986+0000] {spark_submit.py:335} INFO - Spark-Submit cmd: spark-submit --master spark://vtn-truongvq:7077 --driver-class-path /opt/***/plugins/postgresql-42.6.0.jar --jars /opt/***/plugins/postgresql-42.6.0.jar --name arrow-spark --class com.viettel.truongvq.spark.SparkJob --verbose /opt/***/plugins/big-data-fundamentals.jar
[2023-03-22T08:13:24.080+0000] {spark_submit.py:488} INFO - /home/***/.local/lib/python3.7/site-packages/pyspark/bin/load-spark-env.sh: line 68: ps: command not found
[2023-03-22T08:13:25.116+0000] {spark_submit.py:488} INFO - Using properties file: null
[2023-03-22T08:13:25.191+0000] {spark_submit.py:488} INFO - Parsed arguments:
[2023-03-22T08:13:25.192+0000] {spark_submit.py:488} INFO - master                  spark://vtn-truongvq:7077
[2023-03-22T08:13:25.192+0000] {spark_submit.py:488} INFO - deployMode              null
[2023-03-22T08:13:25.192+0000] {spark_submit.py:488} INFO - executorMemory          null
[2023-03-22T08:13:25.192+0000] {spark_submit.py:488} INFO - executorCores           null
[2023-03-22T08:13:25.192+0000] {spark_submit.py:488} INFO - totalExecutorCores      null
[2023-03-22T08:13:25.192+0000] {spark_submit.py:488} INFO - propertiesFile          null
[2023-03-22T08:13:25.192+0000] {spark_submit.py:488} INFO - driverMemory            null
[2023-03-22T08:13:25.192+0000] {spark_submit.py:488} INFO - driverCores             null
[2023-03-22T08:13:25.192+0000] {spark_submit.py:488} INFO - driverExtraClassPath    /opt/***/plugins/postgresql-42.6.0.jar
[2023-03-22T08:13:25.193+0000] {spark_submit.py:488} INFO - driverExtraLibraryPath  null
[2023-03-22T08:13:25.193+0000] {spark_submit.py:488} INFO - driverExtraJavaOptions  null
[2023-03-22T08:13:25.193+0000] {spark_submit.py:488} INFO - supervise               false
[2023-03-22T08:13:25.193+0000] {spark_submit.py:488} INFO - queue                   null
[2023-03-22T08:13:25.193+0000] {spark_submit.py:488} INFO - numExecutors            null
[2023-03-22T08:13:25.193+0000] {spark_submit.py:488} INFO - files                   null
[2023-03-22T08:13:25.193+0000] {spark_submit.py:488} INFO - pyFiles                 null
[2023-03-22T08:13:25.193+0000] {spark_submit.py:488} INFO - archives                null
[2023-03-22T08:13:25.193+0000] {spark_submit.py:488} INFO - mainClass               com.viettel.truongvq.spark.SparkJob
[2023-03-22T08:13:25.194+0000] {spark_submit.py:488} INFO - primaryResource         file:/opt/***/plugins/big-data-fundamentals.jar
[2023-03-22T08:13:25.194+0000] {spark_submit.py:488} INFO - name                    arrow-spark
[2023-03-22T08:13:25.194+0000] {spark_submit.py:488} INFO - childArgs               []
[2023-03-22T08:13:25.194+0000] {spark_submit.py:488} INFO - jars                    file:/opt/***/plugins/postgresql-42.6.0.jar
[2023-03-22T08:13:25.194+0000] {spark_submit.py:488} INFO - packages                null
[2023-03-22T08:13:25.194+0000] {spark_submit.py:488} INFO - packagesExclusions      null
[2023-03-22T08:13:25.194+0000] {spark_submit.py:488} INFO - repositories            null
[2023-03-22T08:13:25.194+0000] {spark_submit.py:488} INFO - verbose                 true
[2023-03-22T08:13:25.194+0000] {spark_submit.py:488} INFO - 
[2023-03-22T08:13:25.194+0000] {spark_submit.py:488} INFO - Spark properties used, including those specified through
[2023-03-22T08:13:25.194+0000] {spark_submit.py:488} INFO - --conf and those from the properties file null:
[2023-03-22T08:13:25.194+0000] {spark_submit.py:488} INFO - (spark.driver.extraClassPath,/opt/***/plugins/postgresql-42.6.0.jar)
[2023-03-22T08:13:25.194+0000] {spark_submit.py:488} INFO - 
[2023-03-22T08:13:25.194+0000] {spark_submit.py:488} INFO - 
[2023-03-22T08:13:25.440+0000] {spark_submit.py:488} INFO - 23/03/22 08:13:25 WARN NativeCodeLoader: Unable to load native-hadoop library for your platform... using builtin-java classes where applicable
[2023-03-22T08:13:25.555+0000] {spark_submit.py:488} INFO - Main class:
[2023-03-22T08:13:25.555+0000] {spark_submit.py:488} INFO - com.viettel.truongvq.spark.SparkJob
[2023-03-22T08:13:25.555+0000] {spark_submit.py:488} INFO - Arguments:
[2023-03-22T08:13:25.555+0000] {spark_submit.py:488} INFO - 
[2023-03-22T08:13:25.557+0000] {spark_submit.py:488} INFO - Spark config:
[2023-03-22T08:13:25.557+0000] {spark_submit.py:488} INFO - (spark.app.name,arrow-spark)
[2023-03-22T08:13:25.557+0000] {spark_submit.py:488} INFO - (spark.app.submitTime,1679472805543)
[2023-03-22T08:13:25.557+0000] {spark_submit.py:488} INFO - (spark.driver.extraClassPath,/opt/***/plugins/postgresql-42.6.0.jar)
[2023-03-22T08:13:25.557+0000] {spark_submit.py:488} INFO - (spark.jars,file:///opt/***/plugins/postgresql-42.6.0.jar,file:/opt/***/plugins/big-data-fundamentals.jar)
[2023-03-22T08:13:25.557+0000] {spark_submit.py:488} INFO - (spark.master,spark://vtn-truongvq:7077)
[2023-03-22T08:13:25.557+0000] {spark_submit.py:488} INFO - (spark.repl.local.jars,file:///opt/***/plugins/postgresql-42.6.0.jar)
[2023-03-22T08:13:25.557+0000] {spark_submit.py:488} INFO - (spark.submit.deployMode,client)
[2023-03-22T08:13:25.557+0000] {spark_submit.py:488} INFO - (spark.submit.pyFiles,)
[2023-03-22T08:13:25.558+0000] {spark_submit.py:488} INFO - Classpath elements:
[2023-03-22T08:13:25.558+0000] {spark_submit.py:488} INFO - file:/opt/***/plugins/big-data-fundamentals.jar
[2023-03-22T08:13:25.558+0000] {spark_submit.py:488} INFO - file:///opt/***/plugins/postgresql-42.6.0.jar
[2023-03-22T08:13:25.558+0000] {spark_submit.py:488} INFO - 
[2023-03-22T08:13:25.558+0000] {spark_submit.py:488} INFO - 
[2023-03-22T08:13:25.578+0000] {spark_submit.py:488} INFO - 23/03/22 08:13:25 INFO SparkContext: Running Spark version 3.3.2
[2023-03-22T08:13:25.597+0000] {spark_submit.py:488} INFO - 23/03/22 08:13:25 INFO ResourceUtils: ==============================================================
[2023-03-22T08:13:25.598+0000] {spark_submit.py:488} INFO - 23/03/22 08:13:25 INFO ResourceUtils: No custom resources configured for spark.driver.
[2023-03-22T08:13:25.598+0000] {spark_submit.py:488} INFO - 23/03/22 08:13:25 INFO ResourceUtils: ==============================================================
[2023-03-22T08:13:25.598+0000] {spark_submit.py:488} INFO - 23/03/22 08:13:25 INFO SparkContext: Submitted application: SparkExample
[2023-03-22T08:13:25.612+0000] {spark_submit.py:488} INFO - 23/03/22 08:13:25 INFO ResourceProfile: Default ResourceProfile created, executor resources: Map(cores -> name: cores, amount: 1, script: , vendor: , memory -> name: memory, amount: 1024, script: , vendor: , offHeap -> name: offHeap, amount: 0, script: , vendor: ), task resources: Map(cpus -> name: cpus, amount: 1.0)
[2023-03-22T08:13:25.624+0000] {spark_submit.py:488} INFO - 23/03/22 08:13:25 INFO ResourceProfile: Limiting resource is cpu
[2023-03-22T08:13:25.624+0000] {spark_submit.py:488} INFO - 23/03/22 08:13:25 INFO ResourceProfileManager: Added ResourceProfile id: 0
[2023-03-22T08:13:25.654+0000] {spark_submit.py:488} INFO - 23/03/22 08:13:25 INFO SecurityManager: Changing view acls to: default
[2023-03-22T08:13:25.654+0000] {spark_submit.py:488} INFO - 23/03/22 08:13:25 INFO SecurityManager: Changing modify acls to: default
[2023-03-22T08:13:25.654+0000] {spark_submit.py:488} INFO - 23/03/22 08:13:25 INFO SecurityManager: Changing view acls groups to:
[2023-03-22T08:13:25.655+0000] {spark_submit.py:488} INFO - 23/03/22 08:13:25 INFO SecurityManager: Changing modify acls groups to:
[2023-03-22T08:13:25.655+0000] {spark_submit.py:488} INFO - 23/03/22 08:13:25 INFO SecurityManager: SecurityManager: authentication disabled; ui acls disabled; users  with view permissions: Set(default); groups with view permissions: Set(); users  with modify permissions: Set(default); groups with modify permissions: Set()
[2023-03-22T08:13:25.848+0000] {spark_submit.py:488} INFO - 23/03/22 08:13:25 INFO Utils: Successfully started service 'sparkDriver' on port 35057.
[2023-03-22T08:13:25.872+0000] {spark_submit.py:488} INFO - 23/03/22 08:13:25 INFO SparkEnv: Registering MapOutputTracker
[2023-03-22T08:13:25.904+0000] {spark_submit.py:488} INFO - 23/03/22 08:13:25 INFO SparkEnv: Registering BlockManagerMaster
[2023-03-22T08:13:25.919+0000] {spark_submit.py:488} INFO - 23/03/22 08:13:25 INFO BlockManagerMasterEndpoint: Using org.apache.spark.storage.DefaultTopologyMapper for getting topology information
[2023-03-22T08:13:25.920+0000] {spark_submit.py:488} INFO - 23/03/22 08:13:25 INFO BlockManagerMasterEndpoint: BlockManagerMasterEndpoint up
[2023-03-22T08:13:25.926+0000] {spark_submit.py:488} INFO - 23/03/22 08:13:25 INFO SparkEnv: Registering BlockManagerMasterHeartbeat
[2023-03-22T08:13:25.950+0000] {spark_submit.py:488} INFO - 23/03/22 08:13:25 INFO DiskBlockManager: Created local directory at /tmp/blockmgr-5019458a-4a27-4524-9367-c6b0b1ed426f
[2023-03-22T08:13:25.969+0000] {spark_submit.py:488} INFO - 23/03/22 08:13:25 INFO MemoryStore: MemoryStore started with capacity 434.4 MiB
[2023-03-22T08:13:26.005+0000] {spark_submit.py:488} INFO - 23/03/22 08:13:26 INFO SparkEnv: Registering OutputCommitCoordinator
[2023-03-22T08:13:26.225+0000] {spark_submit.py:488} INFO - 23/03/22 08:13:26 INFO Utils: Successfully started service 'SparkUI' on port 4040.
[2023-03-22T08:13:26.256+0000] {spark_submit.py:488} INFO - 23/03/22 08:13:26 INFO SparkContext: Added JAR file:///opt/***/plugins/postgresql-42.6.0.jar at spark://ed9661b333ec:35057/jars/postgresql-42.6.0.jar with timestamp 1679472805573
[2023-03-22T08:13:26.256+0000] {spark_submit.py:488} INFO - 23/03/22 08:13:26 INFO SparkContext: Added JAR file:/opt/***/plugins/big-data-fundamentals.jar at spark://ed9661b333ec:35057/jars/big-data-fundamentals.jar with timestamp 1679472805573
[2023-03-22T08:13:26.306+0000] {spark_submit.py:488} INFO - 23/03/22 08:13:26 INFO Executor: Starting executor ID driver on host ed9661b333ec
[2023-03-22T08:13:26.310+0000] {spark_submit.py:488} INFO - 23/03/22 08:13:26 INFO Executor: Starting executor with user classpath (userClassPathFirst = false): ''
[2023-03-22T08:13:26.318+0000] {spark_submit.py:488} INFO - 23/03/22 08:13:26 INFO Executor: Fetching spark://ed9661b333ec:35057/jars/postgresql-42.6.0.jar with timestamp 1679472805573
[2023-03-22T08:13:26.357+0000] {spark_submit.py:488} INFO - 23/03/22 08:13:26 INFO TransportClientFactory: Successfully created connection to ed9661b333ec/172.29.0.4:35057 after 23 ms (0 ms spent in bootstraps)
[2023-03-22T08:13:26.363+0000] {spark_submit.py:488} INFO - 23/03/22 08:13:26 INFO Utils: Fetching spark://ed9661b333ec:35057/jars/postgresql-42.6.0.jar to /tmp/spark-045a01f1-d901-4832-9a50-7a62c99287bb/userFiles-e7defbe2-4828-4595-a6b9-6a0863a28d49/fetchFileTemp12600805896200655190.tmp
[2023-03-22T08:13:26.402+0000] {spark_submit.py:488} INFO - 23/03/22 08:13:26 INFO Executor: Adding file:/tmp/spark-045a01f1-d901-4832-9a50-7a62c99287bb/userFiles-e7defbe2-4828-4595-a6b9-6a0863a28d49/postgresql-42.6.0.jar to class loader
[2023-03-22T08:13:26.402+0000] {spark_submit.py:488} INFO - 23/03/22 08:13:26 INFO Executor: Fetching spark://ed9661b333ec:35057/jars/big-data-fundamentals.jar with timestamp 1679472805573
[2023-03-22T08:13:26.403+0000] {spark_submit.py:488} INFO - 23/03/22 08:13:26 INFO Utils: Fetching spark://ed9661b333ec:35057/jars/big-data-fundamentals.jar to /tmp/spark-045a01f1-d901-4832-9a50-7a62c99287bb/userFiles-e7defbe2-4828-4595-a6b9-6a0863a28d49/fetchFileTemp646612048510128394.tmp
[2023-03-22T08:13:26.434+0000] {spark_submit.py:488} INFO - 23/03/22 08:13:26 INFO Executor: Adding file:/tmp/spark-045a01f1-d901-4832-9a50-7a62c99287bb/userFiles-e7defbe2-4828-4595-a6b9-6a0863a28d49/big-data-fundamentals.jar to class loader
[2023-03-22T08:13:26.444+0000] {spark_submit.py:488} INFO - 23/03/22 08:13:26 INFO Utils: Successfully started service 'org.apache.spark.network.netty.NettyBlockTransferService' on port 36019.
[2023-03-22T08:13:26.444+0000] {spark_submit.py:488} INFO - 23/03/22 08:13:26 INFO NettyBlockTransferService: Server created on ed9661b333ec:36019
[2023-03-22T08:13:26.446+0000] {spark_submit.py:488} INFO - 23/03/22 08:13:26 INFO BlockManager: Using org.apache.spark.storage.RandomBlockReplicationPolicy for block replication policy
[2023-03-22T08:13:26.452+0000] {spark_submit.py:488} INFO - 23/03/22 08:13:26 INFO BlockManagerMaster: Registering BlockManager BlockManagerId(driver, ed9661b333ec, 36019, None)
[2023-03-22T08:13:26.456+0000] {spark_submit.py:488} INFO - 23/03/22 08:13:26 INFO BlockManagerMasterEndpoint: Registering block manager ed9661b333ec:36019 with 434.4 MiB RAM, BlockManagerId(driver, ed9661b333ec, 36019, None)
[2023-03-22T08:13:26.459+0000] {spark_submit.py:488} INFO - 23/03/22 08:13:26 INFO BlockManagerMaster: Registered BlockManager BlockManagerId(driver, ed9661b333ec, 36019, None)
[2023-03-22T08:13:26.460+0000] {spark_submit.py:488} INFO - 23/03/22 08:13:26 INFO BlockManager: Initialized BlockManager: BlockManagerId(driver, ed9661b333ec, 36019, None)
[2023-03-22T08:13:26.715+0000] {spark_submit.py:488} INFO - 23/03/22 08:13:26 INFO SharedState: Setting hive.metastore.warehouse.dir ('null') to the value of spark.sql.warehouse.dir.
[2023-03-22T08:13:26.716+0000] {spark_submit.py:488} INFO - 23/03/22 08:13:26 INFO SharedState: Warehouse path is 'file:/opt/***/spark-warehouse'.
[2023-03-22T08:13:27.298+0000] {spark_submit.py:488} INFO - 23/03/22 08:13:27 INFO InMemoryFileIndex: It took 33 ms to list leaf files for 1 paths.
[2023-03-22T08:13:27.421+0000] {spark_submit.py:488} INFO - 23/03/22 08:13:27 INFO MemoryStore: Block broadcast_0 stored as values in memory (estimated size 200.3 KiB, free 434.2 MiB)
[2023-03-22T08:13:27.461+0000] {spark_submit.py:488} INFO - 23/03/22 08:13:27 INFO MemoryStore: Block broadcast_0_piece0 stored as bytes in memory (estimated size 34.2 KiB, free 434.2 MiB)
[2023-03-22T08:13:27.463+0000] {spark_submit.py:488} INFO - 23/03/22 08:13:27 INFO BlockManagerInfo: Added broadcast_0_piece0 in memory on ed9661b333ec:36019 (size: 34.2 KiB, free: 434.4 MiB)
[2023-03-22T08:13:27.465+0000] {spark_submit.py:488} INFO - 23/03/22 08:13:27 INFO SparkContext: Created broadcast 0 from json at SparkJob.scala:15
[2023-03-22T08:13:27.715+0000] {spark_submit.py:488} INFO - 23/03/22 08:13:27 INFO FileInputFormat: Total input files to process : 1
[2023-03-22T08:13:27.716+0000] {spark_submit.py:488} INFO - 23/03/22 08:13:27 INFO FileInputFormat: Total input files to process : 1
[2023-03-22T08:13:27.724+0000] {spark_submit.py:488} INFO - 23/03/22 08:13:27 INFO SparkContext: Starting job: json at SparkJob.scala:15
[2023-03-22T08:13:27.735+0000] {spark_submit.py:488} INFO - 23/03/22 08:13:27 INFO DAGScheduler: Got job 0 (json at SparkJob.scala:15) with 1 output partitions
[2023-03-22T08:13:27.735+0000] {spark_submit.py:488} INFO - 23/03/22 08:13:27 INFO DAGScheduler: Final stage: ResultStage 0 (json at SparkJob.scala:15)
[2023-03-22T08:13:27.736+0000] {spark_submit.py:488} INFO - 23/03/22 08:13:27 INFO DAGScheduler: Parents of final stage: List()
[2023-03-22T08:13:27.737+0000] {spark_submit.py:488} INFO - 23/03/22 08:13:27 INFO DAGScheduler: Missing parents: List()
[2023-03-22T08:13:27.740+0000] {spark_submit.py:488} INFO - 23/03/22 08:13:27 INFO DAGScheduler: Submitting ResultStage 0 (MapPartitionsRDD[2] at json at SparkJob.scala:15), which has no missing parents
[2023-03-22T08:13:27.776+0000] {spark_submit.py:488} INFO - 23/03/22 08:13:27 INFO MemoryStore: Block broadcast_1 stored as values in memory (estimated size 9.0 KiB, free 434.2 MiB)
[2023-03-22T08:13:27.780+0000] {spark_submit.py:488} INFO - 23/03/22 08:13:27 INFO MemoryStore: Block broadcast_1_piece0 stored as bytes in memory (estimated size 4.8 KiB, free 434.2 MiB)
[2023-03-22T08:13:27.781+0000] {spark_submit.py:488} INFO - 23/03/22 08:13:27 INFO BlockManagerInfo: Added broadcast_1_piece0 in memory on ed9661b333ec:36019 (size: 4.8 KiB, free: 434.4 MiB)
[2023-03-22T08:13:27.782+0000] {spark_submit.py:488} INFO - 23/03/22 08:13:27 INFO SparkContext: Created broadcast 1 from broadcast at DAGScheduler.scala:1513
[2023-03-22T08:13:27.795+0000] {spark_submit.py:488} INFO - 23/03/22 08:13:27 INFO DAGScheduler: Submitting 1 missing tasks from ResultStage 0 (MapPartitionsRDD[2] at json at SparkJob.scala:15) (first 15 tasks are for partitions Vector(0))
[2023-03-22T08:13:27.796+0000] {spark_submit.py:488} INFO - 23/03/22 08:13:27 INFO TaskSchedulerImpl: Adding task set 0.0 with 1 tasks resource profile 0
[2023-03-22T08:13:27.858+0000] {spark_submit.py:488} INFO - 23/03/22 08:13:27 INFO TaskSetManager: Starting task 0.0 in stage 0.0 (TID 0) (ed9661b333ec, executor driver, partition 0, PROCESS_LOCAL, 4573 bytes) taskResourceAssignments Map()
[2023-03-22T08:13:27.872+0000] {spark_submit.py:488} INFO - 23/03/22 08:13:27 INFO Executor: Running task 0.0 in stage 0.0 (TID 0)
[2023-03-22T08:13:27.929+0000] {spark_submit.py:488} INFO - 23/03/22 08:13:27 INFO BinaryFileRDD: Input split: Paths:/home/***/data.json:0+259778
[2023-03-22T08:13:28.011+0000] {spark_submit.py:488} INFO - 23/03/22 08:13:28 INFO Executor: Finished task 0.0 in stage 0.0 (TID 0). 2036 bytes result sent to driver
[2023-03-22T08:13:28.017+0000] {spark_submit.py:488} INFO - 23/03/22 08:13:28 INFO TaskSetManager: Finished task 0.0 in stage 0.0 (TID 0) in 173 ms on ed9661b333ec (executor driver) (1/1)
[2023-03-22T08:13:28.019+0000] {spark_submit.py:488} INFO - 23/03/22 08:13:28 INFO TaskSchedulerImpl: Removed TaskSet 0.0, whose tasks have all completed, from pool
[2023-03-22T08:13:28.024+0000] {spark_submit.py:488} INFO - 23/03/22 08:13:28 INFO DAGScheduler: ResultStage 0 (json at SparkJob.scala:15) finished in 0.271 s
[2023-03-22T08:13:28.027+0000] {spark_submit.py:488} INFO - 23/03/22 08:13:28 INFO DAGScheduler: Job 0 is finished. Cancelling potential speculative or zombie tasks for this job
[2023-03-22T08:13:28.027+0000] {spark_submit.py:488} INFO - 23/03/22 08:13:28 INFO TaskSchedulerImpl: Killing all running tasks in stage 0: Stage finished
[2023-03-22T08:13:28.030+0000] {spark_submit.py:488} INFO - 23/03/22 08:13:28 INFO DAGScheduler: Job 0 finished: json at SparkJob.scala:15, took 0.304826 s
[2023-03-22T08:13:28.913+0000] {spark_submit.py:488} INFO - 23/03/22 08:13:28 INFO BlockManagerInfo: Removed broadcast_0_piece0 on ed9661b333ec:36019 in memory (size: 34.2 KiB, free: 434.4 MiB)
[2023-03-22T08:13:28.918+0000] {spark_submit.py:488} INFO - 23/03/22 08:13:28 INFO BlockManagerInfo: Removed broadcast_1_piece0 on ed9661b333ec:36019 in memory (size: 4.8 KiB, free: 434.4 MiB)
[2023-03-22T08:13:39.275+0000] {spark_submit.py:488} INFO - Exception in thread "main" org.postgresql.util.PSQLException: The connection attempt failed.
[2023-03-22T08:13:39.276+0000] {spark_submit.py:488} INFO - at org.postgresql.core.v3.ConnectionFactoryImpl.openConnectionImpl(ConnectionFactoryImpl.java:354)
[2023-03-22T08:13:39.276+0000] {spark_submit.py:488} INFO - at org.postgresql.core.ConnectionFactory.openConnection(ConnectionFactory.java:54)
[2023-03-22T08:13:39.277+0000] {spark_submit.py:488} INFO - at org.postgresql.jdbc.PgConnection.<init>(PgConnection.java:263)
[2023-03-22T08:13:39.277+0000] {spark_submit.py:488} INFO - at org.postgresql.Driver.makeConnection(Driver.java:443)
[2023-03-22T08:13:39.278+0000] {spark_submit.py:488} INFO - at org.postgresql.Driver.connect(Driver.java:297)
[2023-03-22T08:13:39.279+0000] {spark_submit.py:488} INFO - at org.apache.spark.sql.execution.datasources.jdbc.connection.BasicConnectionProvider.getConnection(BasicConnectionProvider.scala:49)
[2023-03-22T08:13:39.279+0000] {spark_submit.py:488} INFO - at org.apache.spark.sql.execution.datasources.jdbc.connection.ConnectionProviderBase.create(ConnectionProvider.scala:102)
[2023-03-22T08:13:39.279+0000] {spark_submit.py:488} INFO - at org.apache.spark.sql.jdbc.JdbcDialect.$anonfun$createConnectionFactory$1(JdbcDialects.scala:122)
[2023-03-22T08:13:39.279+0000] {spark_submit.py:488} INFO - at org.apache.spark.sql.jdbc.JdbcDialect.$anonfun$createConnectionFactory$1$adapted(JdbcDialects.scala:118)
[2023-03-22T08:13:39.279+0000] {spark_submit.py:488} INFO - at org.apache.spark.sql.execution.datasources.jdbc.JdbcRelationProvider.createRelation(JdbcRelationProvider.scala:50)
[2023-03-22T08:13:39.279+0000] {spark_submit.py:488} INFO - at org.apache.spark.sql.execution.datasources.SaveIntoDataSourceCommand.run(SaveIntoDataSourceCommand.scala:47)
[2023-03-22T08:13:39.279+0000] {spark_submit.py:488} INFO - at org.apache.spark.sql.execution.command.ExecutedCommandExec.sideEffectResult$lzycompute(commands.scala:75)
[2023-03-22T08:13:39.279+0000] {spark_submit.py:488} INFO - at org.apache.spark.sql.execution.command.ExecutedCommandExec.sideEffectResult(commands.scala:73)
[2023-03-22T08:13:39.280+0000] {spark_submit.py:488} INFO - at org.apache.spark.sql.execution.command.ExecutedCommandExec.executeCollect(commands.scala:84)
[2023-03-22T08:13:39.280+0000] {spark_submit.py:488} INFO - at org.apache.spark.sql.execution.QueryExecution$$anonfun$eagerlyExecuteCommands$1.$anonfun$applyOrElse$1(QueryExecution.scala:98)
[2023-03-22T08:13:39.280+0000] {spark_submit.py:488} INFO - at org.apache.spark.sql.execution.SQLExecution$.$anonfun$withNewExecutionId$6(SQLExecution.scala:109)
[2023-03-22T08:13:39.280+0000] {spark_submit.py:488} INFO - at org.apache.spark.sql.execution.SQLExecution$.withSQLConfPropagated(SQLExecution.scala:169)
[2023-03-22T08:13:39.280+0000] {spark_submit.py:488} INFO - at org.apache.spark.sql.execution.SQLExecution$.$anonfun$withNewExecutionId$1(SQLExecution.scala:95)
[2023-03-22T08:13:39.280+0000] {spark_submit.py:488} INFO - at org.apache.spark.sql.SparkSession.withActive(SparkSession.scala:779)
[2023-03-22T08:13:39.280+0000] {spark_submit.py:488} INFO - at org.apache.spark.sql.execution.SQLExecution$.withNewExecutionId(SQLExecution.scala:64)
[2023-03-22T08:13:39.280+0000] {spark_submit.py:488} INFO - at org.apache.spark.sql.execution.QueryExecution$$anonfun$eagerlyExecuteCommands$1.applyOrElse(QueryExecution.scala:98)
[2023-03-22T08:13:39.280+0000] {spark_submit.py:488} INFO - at org.apache.spark.sql.execution.QueryExecution$$anonfun$eagerlyExecuteCommands$1.applyOrElse(QueryExecution.scala:94)
[2023-03-22T08:13:39.280+0000] {spark_submit.py:488} INFO - at org.apache.spark.sql.catalyst.trees.TreeNode.$anonfun$transformDownWithPruning$1(TreeNode.scala:584)
[2023-03-22T08:13:39.280+0000] {spark_submit.py:488} INFO - at org.apache.spark.sql.catalyst.trees.CurrentOrigin$.withOrigin(TreeNode.scala:176)
[2023-03-22T08:13:39.281+0000] {spark_submit.py:488} INFO - at org.apache.spark.sql.catalyst.trees.TreeNode.transformDownWithPruning(TreeNode.scala:584)
[2023-03-22T08:13:39.281+0000] {spark_submit.py:488} INFO - at org.apache.spark.sql.catalyst.plans.logical.LogicalPlan.org$apache$spark$sql$catalyst$plans$logical$AnalysisHelper$$super$transformDownWithPruning(LogicalPlan.scala:30)
[2023-03-22T08:13:39.281+0000] {spark_submit.py:488} INFO - at org.apache.spark.sql.catalyst.plans.logical.AnalysisHelper.transformDownWithPruning(AnalysisHelper.scala:267)
[2023-03-22T08:13:39.281+0000] {spark_submit.py:488} INFO - at org.apache.spark.sql.catalyst.plans.logical.AnalysisHelper.transformDownWithPruning$(AnalysisHelper.scala:263)
[2023-03-22T08:13:39.281+0000] {spark_submit.py:488} INFO - at org.apache.spark.sql.catalyst.plans.logical.LogicalPlan.transformDownWithPruning(LogicalPlan.scala:30)
[2023-03-22T08:13:39.281+0000] {spark_submit.py:488} INFO - at org.apache.spark.sql.catalyst.plans.logical.LogicalPlan.transformDownWithPruning(LogicalPlan.scala:30)
[2023-03-22T08:13:39.281+0000] {spark_submit.py:488} INFO - at org.apache.spark.sql.catalyst.trees.TreeNode.transformDown(TreeNode.scala:560)
[2023-03-22T08:13:39.281+0000] {spark_submit.py:488} INFO - at org.apache.spark.sql.execution.QueryExecution.eagerlyExecuteCommands(QueryExecution.scala:94)
[2023-03-22T08:13:39.281+0000] {spark_submit.py:488} INFO - at org.apache.spark.sql.execution.QueryExecution.commandExecuted$lzycompute(QueryExecution.scala:81)
[2023-03-22T08:13:39.281+0000] {spark_submit.py:488} INFO - at org.apache.spark.sql.execution.QueryExecution.commandExecuted(QueryExecution.scala:79)
[2023-03-22T08:13:39.281+0000] {spark_submit.py:488} INFO - at org.apache.spark.sql.execution.QueryExecution.assertCommandExecuted(QueryExecution.scala:116)
[2023-03-22T08:13:39.281+0000] {spark_submit.py:488} INFO - at org.apache.spark.sql.DataFrameWriter.runCommand(DataFrameWriter.scala:860)
[2023-03-22T08:13:39.281+0000] {spark_submit.py:488} INFO - at org.apache.spark.sql.DataFrameWriter.saveToV1Source(DataFrameWriter.scala:390)
[2023-03-22T08:13:39.282+0000] {spark_submit.py:488} INFO - at org.apache.spark.sql.DataFrameWriter.saveInternal(DataFrameWriter.scala:363)
[2023-03-22T08:13:39.282+0000] {spark_submit.py:488} INFO - at org.apache.spark.sql.DataFrameWriter.save(DataFrameWriter.scala:247)
[2023-03-22T08:13:39.282+0000] {spark_submit.py:488} INFO - at com.viettel.truongvq.spark.SparkJob$.main(SparkJob.scala:26)
[2023-03-22T08:13:39.282+0000] {spark_submit.py:488} INFO - at com.viettel.truongvq.spark.SparkJob.main(SparkJob.scala)
[2023-03-22T08:13:39.282+0000] {spark_submit.py:488} INFO - at java.base/jdk.internal.reflect.NativeMethodAccessorImpl.invoke0(Native Method)
[2023-03-22T08:13:39.282+0000] {spark_submit.py:488} INFO - at java.base/jdk.internal.reflect.NativeMethodAccessorImpl.invoke(NativeMethodAccessorImpl.java:62)
[2023-03-22T08:13:39.282+0000] {spark_submit.py:488} INFO - at java.base/jdk.internal.reflect.DelegatingMethodAccessorImpl.invoke(DelegatingMethodAccessorImpl.java:43)
[2023-03-22T08:13:39.282+0000] {spark_submit.py:488} INFO - at java.base/java.lang.reflect.Method.invoke(Method.java:566)
[2023-03-22T08:13:39.282+0000] {spark_submit.py:488} INFO - at org.apache.spark.deploy.JavaMainApplication.start(SparkApplication.scala:52)
[2023-03-22T08:13:39.282+0000] {spark_submit.py:488} INFO - at org.apache.spark.deploy.SparkSubmit.org$apache$spark$deploy$SparkSubmit$$runMain(SparkSubmit.scala:958)
[2023-03-22T08:13:39.282+0000] {spark_submit.py:488} INFO - at org.apache.spark.deploy.SparkSubmit.doRunMain$1(SparkSubmit.scala:180)
[2023-03-22T08:13:39.282+0000] {spark_submit.py:488} INFO - at org.apache.spark.deploy.SparkSubmit.submit(SparkSubmit.scala:203)
[2023-03-22T08:13:39.282+0000] {spark_submit.py:488} INFO - at org.apache.spark.deploy.SparkSubmit.doSubmit(SparkSubmit.scala:90)
[2023-03-22T08:13:39.282+0000] {spark_submit.py:488} INFO - at org.apache.spark.deploy.SparkSubmit$$anon$2.doSubmit(SparkSubmit.scala:1046)
[2023-03-22T08:13:39.283+0000] {spark_submit.py:488} INFO - at org.apache.spark.deploy.SparkSubmit$.main(SparkSubmit.scala:1055)
[2023-03-22T08:13:39.283+0000] {spark_submit.py:488} INFO - at org.apache.spark.deploy.SparkSubmit.main(SparkSubmit.scala)
[2023-03-22T08:13:39.283+0000] {spark_submit.py:488} INFO - Caused by: java.net.SocketTimeoutException: connect timed out
[2023-03-22T08:13:39.283+0000] {spark_submit.py:488} INFO - at java.base/java.net.PlainSocketImpl.socketConnect(Native Method)
[2023-03-22T08:13:39.283+0000] {spark_submit.py:488} INFO - at java.base/java.net.AbstractPlainSocketImpl.doConnect(AbstractPlainSocketImpl.java:412)
[2023-03-22T08:13:39.283+0000] {spark_submit.py:488} INFO - at java.base/java.net.AbstractPlainSocketImpl.connectToAddress(AbstractPlainSocketImpl.java:255)
[2023-03-22T08:13:39.283+0000] {spark_submit.py:488} INFO - at java.base/java.net.AbstractPlainSocketImpl.connect(AbstractPlainSocketImpl.java:237)
[2023-03-22T08:13:39.283+0000] {spark_submit.py:488} INFO - at java.base/java.net.SocksSocketImpl.connect(SocksSocketImpl.java:392)
[2023-03-22T08:13:39.283+0000] {spark_submit.py:488} INFO - at java.base/java.net.Socket.connect(Socket.java:609)
[2023-03-22T08:13:39.283+0000] {spark_submit.py:488} INFO - at org.postgresql.core.PGStream.createSocket(PGStream.java:243)
[2023-03-22T08:13:39.283+0000] {spark_submit.py:488} INFO - at org.postgresql.core.PGStream.<init>(PGStream.java:98)
[2023-03-22T08:13:39.283+0000] {spark_submit.py:488} INFO - at org.postgresql.core.v3.ConnectionFactoryImpl.tryConnect(ConnectionFactoryImpl.java:132)
[2023-03-22T08:13:39.283+0000] {spark_submit.py:488} INFO - at org.postgresql.core.v3.ConnectionFactoryImpl.openConnectionImpl(ConnectionFactoryImpl.java:258)
[2023-03-22T08:13:39.283+0000] {spark_submit.py:488} INFO - ... 52 more
[2023-03-22T08:13:39.283+0000] {spark_submit.py:488} INFO - 23/03/22 08:13:39 INFO SparkContext: Invoking stop() from shutdown hook
[2023-03-22T08:13:39.288+0000] {spark_submit.py:488} INFO - 23/03/22 08:13:39 INFO SparkUI: Stopped Spark web UI at http://ed9661b333ec:4040
[2023-03-22T08:13:39.303+0000] {spark_submit.py:488} INFO - 23/03/22 08:13:39 INFO MapOutputTrackerMasterEndpoint: MapOutputTrackerMasterEndpoint stopped!
[2023-03-22T08:13:39.309+0000] {spark_submit.py:488} INFO - 23/03/22 08:13:39 INFO MemoryStore: MemoryStore cleared
[2023-03-22T08:13:39.309+0000] {spark_submit.py:488} INFO - 23/03/22 08:13:39 INFO BlockManager: BlockManager stopped
[2023-03-22T08:13:39.311+0000] {spark_submit.py:488} INFO - 23/03/22 08:13:39 INFO BlockManagerMaster: BlockManagerMaster stopped
[2023-03-22T08:13:39.312+0000] {spark_submit.py:488} INFO - 23/03/22 08:13:39 INFO OutputCommitCoordinator$OutputCommitCoordinatorEndpoint: OutputCommitCoordinator stopped!
[2023-03-22T08:13:39.316+0000] {spark_submit.py:488} INFO - 23/03/22 08:13:39 INFO SparkContext: Successfully stopped SparkContext
[2023-03-22T08:13:39.316+0000] {spark_submit.py:488} INFO - 23/03/22 08:13:39 INFO ShutdownHookManager: Shutdown hook called
[2023-03-22T08:13:39.316+0000] {spark_submit.py:488} INFO - 23/03/22 08:13:39 INFO ShutdownHookManager: Deleting directory /tmp/spark-8fd1fb9c-3783-4fcb-b3a0-0dd69987260a
[2023-03-22T08:13:39.318+0000] {spark_submit.py:488} INFO - 23/03/22 08:13:39 INFO ShutdownHookManager: Deleting directory /tmp/spark-045a01f1-d901-4832-9a50-7a62c99287bb
[2023-03-22T08:13:39.404+0000] {local_task_job.py:212} INFO - Task exited with return code 0
[2023-03-22T08:13:39.415+0000] {taskinstance.py:2585} INFO - 0 downstream tasks scheduled from follow-on schedule check
