[2023-03-22T01:33:39.757+0000] {taskinstance.py:1084} INFO - Dependencies all met for dep_context=non-requeueable deps ti=<TaskInstance: spark_examples.spark-task scheduled__2023-03-21T23:00:00+00:00 [queued]>
[2023-03-22T01:33:39.789+0000] {taskinstance.py:1084} INFO - Dependencies all met for dep_context=requeueable deps ti=<TaskInstance: spark_examples.spark-task scheduled__2023-03-21T23:00:00+00:00 [queued]>
[2023-03-22T01:33:39.790+0000] {taskinstance.py:1282} INFO - 
--------------------------------------------------------------------------------
[2023-03-22T01:33:39.790+0000] {taskinstance.py:1283} INFO - Starting attempt 1 of 1
[2023-03-22T01:33:39.790+0000] {taskinstance.py:1284} INFO - 
--------------------------------------------------------------------------------
[2023-03-22T01:33:39.833+0000] {taskinstance.py:1303} INFO - Executing <Task(SparkSubmitOperator): spark-task> on 2023-03-21 23:00:00+00:00
[2023-03-22T01:33:39.849+0000] {standard_task_runner.py:55} INFO - Started process 687 to run task
[2023-03-22T01:33:39.857+0000] {standard_task_runner.py:82} INFO - Running: ['***', 'tasks', 'run', 'spark_examples', 'spark-task', 'scheduled__2023-03-21T23:00:00+00:00', '--job-id', '258', '--raw', '--subdir', 'DAGS_FOLDER/spark.py', '--cfg-path', '/tmp/tmptci93559']
[2023-03-22T01:33:39.858+0000] {standard_task_runner.py:83} INFO - Job 258: Subtask spark-task
[2023-03-22T01:33:40.089+0000] {task_command.py:388} INFO - Running <TaskInstance: spark_examples.spark-task scheduled__2023-03-21T23:00:00+00:00 [running]> on host c726f8549984
[2023-03-22T01:33:40.333+0000] {taskinstance.py:1511} INFO - Exporting the following env vars:
AIRFLOW_CTX_DAG_OWNER=truongvq
AIRFLOW_CTX_DAG_ID=spark_examples
AIRFLOW_CTX_TASK_ID=spark-task
AIRFLOW_CTX_EXECUTION_DATE=2023-03-21T23:00:00+00:00
AIRFLOW_CTX_TRY_NUMBER=1
AIRFLOW_CTX_DAG_RUN_ID=scheduled__2023-03-21T23:00:00+00:00
[2023-03-22T01:33:40.403+0000] {base.py:73} INFO - Using connection ID 'spark-connection' for task execution.
[2023-03-22T01:33:40.405+0000] {spark_submit.py:335} INFO - Spark-Submit cmd: spark-submit --master spark://vtn-truongvq:7077 --name arrow-spark --class com.viettel.truongvq.spark.Spark --verbose /opt/***/plugins/big-data-fundamentals.jar
[2023-03-22T01:33:41.120+0000] {spark_submit.py:488} INFO - /home/***/.local/lib/python3.7/site-packages/pyspark/bin/load-spark-env.sh: line 68: ps: command not found
[2023-03-22T01:33:47.817+0000] {spark_submit.py:488} INFO - Using properties file: null
[2023-03-22T01:33:48.311+0000] {spark_submit.py:488} INFO - Parsed arguments:
[2023-03-22T01:33:48.312+0000] {spark_submit.py:488} INFO - master                  spark://vtn-truongvq:7077
[2023-03-22T01:33:48.312+0000] {spark_submit.py:488} INFO - deployMode              null
[2023-03-22T01:33:48.312+0000] {spark_submit.py:488} INFO - executorMemory          null
[2023-03-22T01:33:48.312+0000] {spark_submit.py:488} INFO - executorCores           null
[2023-03-22T01:33:48.312+0000] {spark_submit.py:488} INFO - totalExecutorCores      null
[2023-03-22T01:33:48.312+0000] {spark_submit.py:488} INFO - propertiesFile          null
[2023-03-22T01:33:48.313+0000] {spark_submit.py:488} INFO - driverMemory            null
[2023-03-22T01:33:48.313+0000] {spark_submit.py:488} INFO - driverCores             null
[2023-03-22T01:33:48.313+0000] {spark_submit.py:488} INFO - driverExtraClassPath    null
[2023-03-22T01:33:48.313+0000] {spark_submit.py:488} INFO - driverExtraLibraryPath  null
[2023-03-22T01:33:48.313+0000] {spark_submit.py:488} INFO - driverExtraJavaOptions  null
[2023-03-22T01:33:48.313+0000] {spark_submit.py:488} INFO - supervise               false
[2023-03-22T01:33:48.313+0000] {spark_submit.py:488} INFO - queue                   null
[2023-03-22T01:33:48.313+0000] {spark_submit.py:488} INFO - numExecutors            null
[2023-03-22T01:33:48.313+0000] {spark_submit.py:488} INFO - files                   null
[2023-03-22T01:33:48.313+0000] {spark_submit.py:488} INFO - pyFiles                 null
[2023-03-22T01:33:48.314+0000] {spark_submit.py:488} INFO - archives                null
[2023-03-22T01:33:48.314+0000] {spark_submit.py:488} INFO - mainClass               com.viettel.truongvq.spark.Spark
[2023-03-22T01:33:48.314+0000] {spark_submit.py:488} INFO - primaryResource         file:/opt/***/plugins/big-data-fundamentals.jar
[2023-03-22T01:33:48.314+0000] {spark_submit.py:488} INFO - name                    arrow-spark
[2023-03-22T01:33:48.314+0000] {spark_submit.py:488} INFO - childArgs               []
[2023-03-22T01:33:48.314+0000] {spark_submit.py:488} INFO - jars                    null
[2023-03-22T01:33:48.314+0000] {spark_submit.py:488} INFO - packages                null
[2023-03-22T01:33:48.314+0000] {spark_submit.py:488} INFO - packagesExclusions      null
[2023-03-22T01:33:48.314+0000] {spark_submit.py:488} INFO - repositories            null
[2023-03-22T01:33:48.314+0000] {spark_submit.py:488} INFO - verbose                 true
[2023-03-22T01:33:48.315+0000] {spark_submit.py:488} INFO - 
[2023-03-22T01:33:48.315+0000] {spark_submit.py:488} INFO - Spark properties used, including those specified through
[2023-03-22T01:33:48.315+0000] {spark_submit.py:488} INFO - --conf and those from the properties file null:
[2023-03-22T01:33:48.315+0000] {spark_submit.py:488} INFO - 
[2023-03-22T01:33:48.315+0000] {spark_submit.py:488} INFO - 
[2023-03-22T01:33:48.315+0000] {spark_submit.py:488} INFO - 
[2023-03-22T01:33:49.868+0000] {spark_submit.py:488} INFO - Main class:
[2023-03-22T01:33:49.871+0000] {spark_submit.py:488} INFO - com.viettel.truongvq.spark.Spark
[2023-03-22T01:33:49.872+0000] {spark_submit.py:488} INFO - Arguments:
[2023-03-22T01:33:49.873+0000] {spark_submit.py:488} INFO - 
[2023-03-22T01:33:49.888+0000] {spark_submit.py:488} INFO - Spark config:
[2023-03-22T01:33:49.889+0000] {spark_submit.py:488} INFO - (spark.app.name,arrow-spark)
[2023-03-22T01:33:49.889+0000] {spark_submit.py:488} INFO - (spark.app.submitTime,1679448829698)
[2023-03-22T01:33:49.889+0000] {spark_submit.py:488} INFO - (spark.jars,file:/opt/***/plugins/big-data-fundamentals.jar)
[2023-03-22T01:33:49.889+0000] {spark_submit.py:488} INFO - (spark.master,spark://vtn-truongvq:7077)
[2023-03-22T01:33:49.889+0000] {spark_submit.py:488} INFO - (spark.submit.deployMode,client)
[2023-03-22T01:33:49.937+0000] {spark_submit.py:488} INFO - (spark.submit.pyFiles,)
[2023-03-22T01:33:49.953+0000] {spark_submit.py:488} INFO - Classpath elements:
[2023-03-22T01:33:49.954+0000] {spark_submit.py:488} INFO - file:/opt/***/plugins/big-data-fundamentals.jar
[2023-03-22T01:33:49.957+0000] {spark_submit.py:488} INFO - 
[2023-03-22T01:33:49.957+0000] {spark_submit.py:488} INFO - 
[2023-03-22T01:33:50.260+0000] {spark_submit.py:488} INFO - 23/03/22 01:33:50 INFO SparkContext: Running Spark version 3.3.2
[2023-03-22T01:33:50.577+0000] {spark_submit.py:488} INFO - 23/03/22 01:33:50 WARN NativeCodeLoader: Unable to load native-hadoop library for your platform... using builtin-java classes where applicable
[2023-03-22T01:33:50.849+0000] {spark_submit.py:488} INFO - 23/03/22 01:33:50 INFO ResourceUtils: ==============================================================
[2023-03-22T01:33:50.852+0000] {spark_submit.py:488} INFO - 23/03/22 01:33:50 INFO ResourceUtils: No custom resources configured for spark.driver.
[2023-03-22T01:33:50.858+0000] {spark_submit.py:488} INFO - 23/03/22 01:33:50 INFO ResourceUtils: ==============================================================
[2023-03-22T01:33:50.863+0000] {spark_submit.py:488} INFO - 23/03/22 01:33:50 INFO SparkContext: Submitted application: SparkExample
[2023-03-22T01:33:50.935+0000] {spark_submit.py:488} INFO - 23/03/22 01:33:50 INFO ResourceProfile: Default ResourceProfile created, executor resources: Map(cores -> name: cores, amount: 1, script: , vendor: , memory -> name: memory, amount: 1024, script: , vendor: , offHeap -> name: offHeap, amount: 0, script: , vendor: ), task resources: Map(cpus -> name: cpus, amount: 1.0)
[2023-03-22T01:33:51.003+0000] {spark_submit.py:488} INFO - 23/03/22 01:33:51 INFO ResourceProfile: Limiting resource is cpu
[2023-03-22T01:33:51.016+0000] {spark_submit.py:488} INFO - 23/03/22 01:33:51 INFO ResourceProfileManager: Added ResourceProfile id: 0
[2023-03-22T01:33:51.167+0000] {spark_submit.py:488} INFO - 23/03/22 01:33:51 INFO SecurityManager: Changing view acls to: default
[2023-03-22T01:33:51.169+0000] {spark_submit.py:488} INFO - 23/03/22 01:33:51 INFO SecurityManager: Changing modify acls to: default
[2023-03-22T01:33:51.173+0000] {spark_submit.py:488} INFO - 23/03/22 01:33:51 INFO SecurityManager: Changing view acls groups to:
[2023-03-22T01:33:51.174+0000] {spark_submit.py:488} INFO - 23/03/22 01:33:51 INFO SecurityManager: Changing modify acls groups to:
[2023-03-22T01:33:51.176+0000] {spark_submit.py:488} INFO - 23/03/22 01:33:51 INFO SecurityManager: SecurityManager: authentication disabled; ui acls disabled; users  with view permissions: Set(default); groups with view permissions: Set(); users  with modify permissions: Set(default); groups with modify permissions: Set()
[2023-03-22T01:33:52.066+0000] {spark_submit.py:488} INFO - 23/03/22 01:33:52 INFO Utils: Successfully started service 'sparkDriver' on port 46845.
[2023-03-22T01:33:52.269+0000] {spark_submit.py:488} INFO - 23/03/22 01:33:52 INFO SparkEnv: Registering MapOutputTracker
[2023-03-22T01:33:52.377+0000] {spark_submit.py:488} INFO - 23/03/22 01:33:52 INFO SparkEnv: Registering BlockManagerMaster
[2023-03-22T01:33:52.405+0000] {spark_submit.py:488} INFO - 23/03/22 01:33:52 INFO BlockManagerMasterEndpoint: Using org.apache.spark.storage.DefaultTopologyMapper for getting topology information
[2023-03-22T01:33:52.409+0000] {spark_submit.py:488} INFO - 23/03/22 01:33:52 INFO BlockManagerMasterEndpoint: BlockManagerMasterEndpoint up
[2023-03-22T01:33:52.443+0000] {spark_submit.py:488} INFO - 23/03/22 01:33:52 INFO SparkEnv: Registering BlockManagerMasterHeartbeat
[2023-03-22T01:33:52.511+0000] {spark_submit.py:488} INFO - 23/03/22 01:33:52 INFO DiskBlockManager: Created local directory at /tmp/blockmgr-aa8cff19-0d49-4654-bd79-282c22dd24b5
[2023-03-22T01:33:52.572+0000] {spark_submit.py:488} INFO - 23/03/22 01:33:52 INFO MemoryStore: MemoryStore started with capacity 434.4 MiB
[2023-03-22T01:33:52.699+0000] {spark_submit.py:488} INFO - 23/03/22 01:33:52 INFO SparkEnv: Registering OutputCommitCoordinator
[2023-03-22T01:33:53.836+0000] {spark_submit.py:488} INFO - 23/03/22 01:33:53 WARN Utils: Service 'SparkUI' could not bind on port 4040. Attempting port 4041.
[2023-03-22T01:33:53.845+0000] {spark_submit.py:488} INFO - 23/03/22 01:33:53 WARN Utils: Service 'SparkUI' could not bind on port 4041. Attempting port 4042.
[2023-03-22T01:33:53.850+0000] {spark_submit.py:488} INFO - 23/03/22 01:33:53 WARN Utils: Service 'SparkUI' could not bind on port 4042. Attempting port 4043.
[2023-03-22T01:33:53.852+0000] {spark_submit.py:488} INFO - 23/03/22 01:33:53 WARN Utils: Service 'SparkUI' could not bind on port 4043. Attempting port 4044.
[2023-03-22T01:33:53.862+0000] {spark_submit.py:488} INFO - 23/03/22 01:33:53 WARN Utils: Service 'SparkUI' could not bind on port 4044. Attempting port 4045.
[2023-03-22T01:33:53.864+0000] {spark_submit.py:488} INFO - 23/03/22 01:33:53 WARN Utils: Service 'SparkUI' could not bind on port 4045. Attempting port 4046.
[2023-03-22T01:33:53.865+0000] {spark_submit.py:488} INFO - 23/03/22 01:33:53 WARN Utils: Service 'SparkUI' could not bind on port 4046. Attempting port 4047.
[2023-03-22T01:33:53.867+0000] {spark_submit.py:488} INFO - 23/03/22 01:33:53 WARN Utils: Service 'SparkUI' could not bind on port 4047. Attempting port 4048.
[2023-03-22T01:33:53.869+0000] {spark_submit.py:488} INFO - 23/03/22 01:33:53 WARN Utils: Service 'SparkUI' could not bind on port 4048. Attempting port 4049.
[2023-03-22T01:33:53.936+0000] {spark_submit.py:488} INFO - 23/03/22 01:33:53 INFO Utils: Successfully started service 'SparkUI' on port 4049.
[2023-03-22T01:33:54.135+0000] {spark_submit.py:488} INFO - 23/03/22 01:33:54 INFO SparkContext: Added JAR file:/opt/***/plugins/big-data-fundamentals.jar at spark://c726f8549984:46845/jars/big-data-fundamentals.jar with timestamp 1679448830211
[2023-03-22T01:33:54.594+0000] {spark_submit.py:488} INFO - 23/03/22 01:33:54 INFO Executor: Starting executor ID driver on host c726f8549984
[2023-03-22T01:33:54.641+0000] {spark_submit.py:488} INFO - 23/03/22 01:33:54 INFO Executor: Starting executor with user classpath (userClassPathFirst = false): ''
[2023-03-22T01:33:54.723+0000] {spark_submit.py:488} INFO - 23/03/22 01:33:54 INFO Executor: Fetching spark://c726f8549984:46845/jars/big-data-fundamentals.jar with timestamp 1679448830211
[2023-03-22T01:33:55.167+0000] {spark_submit.py:488} INFO - 23/03/22 01:33:55 INFO TransportClientFactory: Successfully created connection to c726f8549984/172.23.0.7:46845 after 333 ms (0 ms spent in bootstraps)
[2023-03-22T01:33:55.191+0000] {spark_submit.py:488} INFO - 23/03/22 01:33:55 INFO Utils: Fetching spark://c726f8549984:46845/jars/big-data-fundamentals.jar to /tmp/spark-f6d565fa-420b-47db-8805-9a31243d0693/userFiles-85bdc56a-f384-49fb-abee-9de46ab8c911/fetchFileTemp1848370721512287506.tmp
[2023-03-22T01:33:55.435+0000] {spark_submit.py:488} INFO - 23/03/22 01:33:55 INFO Executor: Adding file:/tmp/spark-f6d565fa-420b-47db-8805-9a31243d0693/userFiles-85bdc56a-f384-49fb-abee-9de46ab8c911/big-data-fundamentals.jar to class loader
[2023-03-22T01:33:55.465+0000] {spark_submit.py:488} INFO - 23/03/22 01:33:55 INFO Utils: Successfully started service 'org.apache.spark.network.netty.NettyBlockTransferService' on port 34089.
[2023-03-22T01:33:55.467+0000] {spark_submit.py:488} INFO - 23/03/22 01:33:55 INFO NettyBlockTransferService: Server created on c726f8549984:34089
[2023-03-22T01:33:55.477+0000] {spark_submit.py:488} INFO - 23/03/22 01:33:55 INFO BlockManager: Using org.apache.spark.storage.RandomBlockReplicationPolicy for block replication policy
[2023-03-22T01:33:55.560+0000] {spark_submit.py:488} INFO - 23/03/22 01:33:55 INFO BlockManagerMaster: Registering BlockManager BlockManagerId(driver, c726f8549984, 34089, None)
[2023-03-22T01:33:55.620+0000] {spark_submit.py:488} INFO - 23/03/22 01:33:55 INFO BlockManagerMasterEndpoint: Registering block manager c726f8549984:34089 with 434.4 MiB RAM, BlockManagerId(driver, c726f8549984, 34089, None)
[2023-03-22T01:33:55.626+0000] {spark_submit.py:488} INFO - 23/03/22 01:33:55 INFO BlockManagerMaster: Registered BlockManager BlockManagerId(driver, c726f8549984, 34089, None)
[2023-03-22T01:33:55.630+0000] {spark_submit.py:488} INFO - 23/03/22 01:33:55 INFO BlockManager: Initialized BlockManager: BlockManagerId(driver, c726f8549984, 34089, None)
[2023-03-22T01:34:00.729+0000] {spark_submit.py:488} INFO - 23/03/22 01:34:00 INFO SparkContext: Starting job: lookup at Spark.scala:15
[2023-03-22T01:34:00.826+0000] {spark_submit.py:488} INFO - 23/03/22 01:34:00 INFO DAGScheduler: Got job 0 (lookup at Spark.scala:15) with 2 output partitions
[2023-03-22T01:34:00.830+0000] {spark_submit.py:488} INFO - 23/03/22 01:34:00 INFO DAGScheduler: Final stage: ResultStage 0 (lookup at Spark.scala:15)
[2023-03-22T01:34:00.835+0000] {spark_submit.py:488} INFO - 23/03/22 01:34:00 INFO DAGScheduler: Parents of final stage: List()
[2023-03-22T01:34:00.848+0000] {spark_submit.py:488} INFO - 23/03/22 01:34:00 INFO DAGScheduler: Missing parents: List()
[2023-03-22T01:34:00.868+0000] {spark_submit.py:488} INFO - 23/03/22 01:34:00 INFO DAGScheduler: Submitting ResultStage 0 (MapPartitionsRDD[3] at lookup at Spark.scala:15), which has no missing parents
[2023-03-22T01:34:01.342+0000] {spark_submit.py:488} INFO - 23/03/22 01:34:01 INFO MemoryStore: Block broadcast_0 stored as values in memory (estimated size 4.7 KiB, free 434.4 MiB)
[2023-03-22T01:34:01.468+0000] {spark_submit.py:488} INFO - 23/03/22 01:34:01 INFO MemoryStore: Block broadcast_0_piece0 stored as bytes in memory (estimated size 2.5 KiB, free 434.4 MiB)
[2023-03-22T01:34:01.475+0000] {spark_submit.py:488} INFO - 23/03/22 01:34:01 INFO BlockManagerInfo: Added broadcast_0_piece0 in memory on c726f8549984:34089 (size: 2.5 KiB, free: 434.4 MiB)
[2023-03-22T01:34:01.484+0000] {spark_submit.py:488} INFO - 23/03/22 01:34:01 INFO SparkContext: Created broadcast 0 from broadcast at DAGScheduler.scala:1513
[2023-03-22T01:34:01.554+0000] {spark_submit.py:488} INFO - 23/03/22 01:34:01 INFO DAGScheduler: Submitting 2 missing tasks from ResultStage 0 (MapPartitionsRDD[3] at lookup at Spark.scala:15) (first 15 tasks are for partitions Vector(0, 1))
[2023-03-22T01:34:01.557+0000] {spark_submit.py:488} INFO - 23/03/22 01:34:01 INFO TaskSchedulerImpl: Adding task set 0.0 with 2 tasks resource profile 0
[2023-03-22T01:34:01.958+0000] {spark_submit.py:488} INFO - 23/03/22 01:34:01 INFO TaskSetManager: Starting task 0.0 in stage 0.0 (TID 0) (c726f8549984, executor driver, partition 0, PROCESS_LOCAL, 4488 bytes) taskResourceAssignments Map()
[2023-03-22T01:34:02.045+0000] {spark_submit.py:488} INFO - 23/03/22 01:34:02 INFO Executor: Running task 0.0 in stage 0.0 (TID 0)
[2023-03-22T01:34:02.524+0000] {spark_submit.py:488} INFO - 23/03/22 01:34:02 INFO Executor: Finished task 0.0 in stage 0.0 (TID 0). 853 bytes result sent to driver
[2023-03-22T01:34:02.543+0000] {spark_submit.py:488} INFO - 23/03/22 01:34:02 INFO TaskSetManager: Starting task 1.0 in stage 0.0 (TID 1) (c726f8549984, executor driver, partition 1, PROCESS_LOCAL, 4491 bytes) taskResourceAssignments Map()
[2023-03-22T01:34:02.555+0000] {spark_submit.py:488} INFO - 23/03/22 01:34:02 INFO Executor: Running task 1.0 in stage 0.0 (TID 1)
[2023-03-22T01:34:02.608+0000] {spark_submit.py:488} INFO - 23/03/22 01:34:02 INFO Executor: Finished task 1.0 in stage 0.0 (TID 1). 854 bytes result sent to driver
[2023-03-22T01:34:02.660+0000] {spark_submit.py:488} INFO - 23/03/22 01:34:02 INFO TaskSetManager: Finished task 0.0 in stage 0.0 (TID 0) in 865 ms on c726f8549984 (executor driver) (1/2)
[2023-03-22T01:34:02.675+0000] {spark_submit.py:488} INFO - 23/03/22 01:34:02 INFO TaskSetManager: Finished task 1.0 in stage 0.0 (TID 1) in 131 ms on c726f8549984 (executor driver) (2/2)
[2023-03-22T01:34:02.684+0000] {spark_submit.py:488} INFO - 23/03/22 01:34:02 INFO TaskSchedulerImpl: Removed TaskSet 0.0, whose tasks have all completed, from pool
[2023-03-22T01:34:02.731+0000] {spark_submit.py:488} INFO - 23/03/22 01:34:02 INFO DAGScheduler: ResultStage 0 (lookup at Spark.scala:15) finished in 1.784 s
[2023-03-22T01:34:02.741+0000] {spark_submit.py:488} INFO - 23/03/22 01:34:02 INFO DAGScheduler: Job 0 is finished. Cancelling potential speculative or zombie tasks for this job
[2023-03-22T01:34:02.755+0000] {spark_submit.py:488} INFO - 23/03/22 01:34:02 INFO TaskSchedulerImpl: Killing all running tasks in stage 0: Stage finished
[2023-03-22T01:34:02.767+0000] {spark_submit.py:488} INFO - 23/03/22 01:34:02 INFO DAGScheduler: Job 0 finished: lookup at Spark.scala:15, took 2.032260 s
[2023-03-22T01:34:02.828+0000] {spark_submit.py:488} INFO - WrappedArray(Spark, Simple)23/03/22 01:34:02 INFO SparkContext: Invoking stop() from shutdown hook
[2023-03-22T01:34:02.890+0000] {spark_submit.py:488} INFO - 23/03/22 01:34:02 INFO SparkUI: Stopped Spark web UI at http://c726f8549984:4049
[2023-03-22T01:34:02.959+0000] {spark_submit.py:488} INFO - 23/03/22 01:34:02 INFO MapOutputTrackerMasterEndpoint: MapOutputTrackerMasterEndpoint stopped!
[2023-03-22T01:34:03.024+0000] {spark_submit.py:488} INFO - 23/03/22 01:34:03 INFO MemoryStore: MemoryStore cleared
[2023-03-22T01:34:03.026+0000] {spark_submit.py:488} INFO - 23/03/22 01:34:03 INFO BlockManager: BlockManager stopped
[2023-03-22T01:34:03.041+0000] {spark_submit.py:488} INFO - 23/03/22 01:34:03 INFO BlockManagerMaster: BlockManagerMaster stopped
[2023-03-22T01:34:03.052+0000] {spark_submit.py:488} INFO - 23/03/22 01:34:03 INFO OutputCommitCoordinator$OutputCommitCoordinatorEndpoint: OutputCommitCoordinator stopped!
[2023-03-22T01:34:03.116+0000] {spark_submit.py:488} INFO - 23/03/22 01:34:03 INFO SparkContext: Successfully stopped SparkContext
[2023-03-22T01:34:03.117+0000] {spark_submit.py:488} INFO - 23/03/22 01:34:03 INFO ShutdownHookManager: Shutdown hook called
[2023-03-22T01:34:03.119+0000] {spark_submit.py:488} INFO - 23/03/22 01:34:03 INFO ShutdownHookManager: Deleting directory /tmp/spark-2ed7385e-9aed-46fa-a399-e137ade71458
[2023-03-22T01:34:03.138+0000] {spark_submit.py:488} INFO - 23/03/22 01:34:03 INFO ShutdownHookManager: Deleting directory /tmp/spark-f6d565fa-420b-47db-8805-9a31243d0693
[2023-03-22T01:34:03.385+0000] {taskinstance.py:1326} INFO - Marking task as SUCCESS. dag_id=spark_examples, task_id=spark-task, execution_date=20230321T230000, start_date=20230322T013339, end_date=20230322T013403
[2023-03-22T01:34:03.490+0000] {local_task_job.py:212} INFO - Task exited with return code 0
[2023-03-22T01:34:03.537+0000] {taskinstance.py:2585} INFO - 0 downstream tasks scheduled from follow-on schedule check
