[2023-03-22T01:33:40.384+0000] {taskinstance.py:1084} INFO - Dependencies all met for dep_context=non-requeueable deps ti=<TaskInstance: spark_examples.spark-task scheduled__2023-03-22T00:00:00+00:00 [queued]>
[2023-03-22T01:33:40.415+0000] {taskinstance.py:1084} INFO - Dependencies all met for dep_context=requeueable deps ti=<TaskInstance: spark_examples.spark-task scheduled__2023-03-22T00:00:00+00:00 [queued]>
[2023-03-22T01:33:40.415+0000] {taskinstance.py:1282} INFO - 
--------------------------------------------------------------------------------
[2023-03-22T01:33:40.416+0000] {taskinstance.py:1283} INFO - Starting attempt 1 of 1
[2023-03-22T01:33:40.416+0000] {taskinstance.py:1284} INFO - 
--------------------------------------------------------------------------------
[2023-03-22T01:33:40.445+0000] {taskinstance.py:1303} INFO - Executing <Task(SparkSubmitOperator): spark-task> on 2023-03-22 00:00:00+00:00
[2023-03-22T01:33:40.454+0000] {standard_task_runner.py:55} INFO - Started process 765 to run task
[2023-03-22T01:33:40.474+0000] {standard_task_runner.py:82} INFO - Running: ['***', 'tasks', 'run', 'spark_examples', 'spark-task', 'scheduled__2023-03-22T00:00:00+00:00', '--job-id', '259', '--raw', '--subdir', 'DAGS_FOLDER/spark.py', '--cfg-path', '/tmp/tmpsfer99yu']
[2023-03-22T01:33:40.475+0000] {standard_task_runner.py:83} INFO - Job 259: Subtask spark-task
[2023-03-22T01:33:40.732+0000] {task_command.py:388} INFO - Running <TaskInstance: spark_examples.spark-task scheduled__2023-03-22T00:00:00+00:00 [running]> on host c726f8549984
[2023-03-22T01:33:41.067+0000] {taskinstance.py:1511} INFO - Exporting the following env vars:
AIRFLOW_CTX_DAG_OWNER=truongvq
AIRFLOW_CTX_DAG_ID=spark_examples
AIRFLOW_CTX_TASK_ID=spark-task
AIRFLOW_CTX_EXECUTION_DATE=2023-03-22T00:00:00+00:00
AIRFLOW_CTX_TRY_NUMBER=1
AIRFLOW_CTX_DAG_RUN_ID=scheduled__2023-03-22T00:00:00+00:00
[2023-03-22T01:33:41.094+0000] {base.py:73} INFO - Using connection ID 'spark-connection' for task execution.
[2023-03-22T01:33:41.095+0000] {spark_submit.py:335} INFO - Spark-Submit cmd: spark-submit --master spark://vtn-truongvq:7077 --name arrow-spark --class com.viettel.truongvq.spark.Spark --verbose /opt/***/plugins/big-data-fundamentals.jar
[2023-03-22T01:33:41.594+0000] {spark_submit.py:488} INFO - /home/***/.local/lib/python3.7/site-packages/pyspark/bin/load-spark-env.sh: line 68: ps: command not found
[2023-03-22T01:33:48.035+0000] {spark_submit.py:488} INFO - Using properties file: null
[2023-03-22T01:33:48.705+0000] {spark_submit.py:488} INFO - Parsed arguments:
[2023-03-22T01:33:48.706+0000] {spark_submit.py:488} INFO - master                  spark://vtn-truongvq:7077
[2023-03-22T01:33:48.706+0000] {spark_submit.py:488} INFO - deployMode              null
[2023-03-22T01:33:48.706+0000] {spark_submit.py:488} INFO - executorMemory          null
[2023-03-22T01:33:48.706+0000] {spark_submit.py:488} INFO - executorCores           null
[2023-03-22T01:33:48.706+0000] {spark_submit.py:488} INFO - totalExecutorCores      null
[2023-03-22T01:33:48.706+0000] {spark_submit.py:488} INFO - propertiesFile          null
[2023-03-22T01:33:48.706+0000] {spark_submit.py:488} INFO - driverMemory            null
[2023-03-22T01:33:48.707+0000] {spark_submit.py:488} INFO - driverCores             null
[2023-03-22T01:33:48.707+0000] {spark_submit.py:488} INFO - driverExtraClassPath    null
[2023-03-22T01:33:48.707+0000] {spark_submit.py:488} INFO - driverExtraLibraryPath  null
[2023-03-22T01:33:48.707+0000] {spark_submit.py:488} INFO - driverExtraJavaOptions  null
[2023-03-22T01:33:48.707+0000] {spark_submit.py:488} INFO - supervise               false
[2023-03-22T01:33:48.707+0000] {spark_submit.py:488} INFO - queue                   null
[2023-03-22T01:33:48.707+0000] {spark_submit.py:488} INFO - numExecutors            null
[2023-03-22T01:33:48.707+0000] {spark_submit.py:488} INFO - files                   null
[2023-03-22T01:33:48.707+0000] {spark_submit.py:488} INFO - pyFiles                 null
[2023-03-22T01:33:48.707+0000] {spark_submit.py:488} INFO - archives                null
[2023-03-22T01:33:48.707+0000] {spark_submit.py:488} INFO - mainClass               com.viettel.truongvq.spark.Spark
[2023-03-22T01:33:48.708+0000] {spark_submit.py:488} INFO - primaryResource         file:/opt/***/plugins/big-data-fundamentals.jar
[2023-03-22T01:33:48.708+0000] {spark_submit.py:488} INFO - name                    arrow-spark
[2023-03-22T01:33:48.708+0000] {spark_submit.py:488} INFO - childArgs               []
[2023-03-22T01:33:48.708+0000] {spark_submit.py:488} INFO - jars                    null
[2023-03-22T01:33:48.708+0000] {spark_submit.py:488} INFO - packages                null
[2023-03-22T01:33:48.708+0000] {spark_submit.py:488} INFO - packagesExclusions      null
[2023-03-22T01:33:48.708+0000] {spark_submit.py:488} INFO - repositories            null
[2023-03-22T01:33:48.708+0000] {spark_submit.py:488} INFO - verbose                 true
[2023-03-22T01:33:48.708+0000] {spark_submit.py:488} INFO - 
[2023-03-22T01:33:48.708+0000] {spark_submit.py:488} INFO - Spark properties used, including those specified through
[2023-03-22T01:33:48.708+0000] {spark_submit.py:488} INFO - --conf and those from the properties file null:
[2023-03-22T01:33:48.708+0000] {spark_submit.py:488} INFO - 
[2023-03-22T01:33:48.708+0000] {spark_submit.py:488} INFO - 
[2023-03-22T01:33:48.740+0000] {spark_submit.py:488} INFO - 
[2023-03-22T01:33:50.181+0000] {spark_submit.py:488} INFO - Main class:
[2023-03-22T01:33:50.182+0000] {spark_submit.py:488} INFO - com.viettel.truongvq.spark.Spark
[2023-03-22T01:33:50.184+0000] {spark_submit.py:488} INFO - Arguments:
[2023-03-22T01:33:50.184+0000] {spark_submit.py:488} INFO - 
[2023-03-22T01:33:50.211+0000] {spark_submit.py:488} INFO - Spark config:
[2023-03-22T01:33:50.212+0000] {spark_submit.py:488} INFO - (spark.app.name,arrow-spark)
[2023-03-22T01:33:50.212+0000] {spark_submit.py:488} INFO - (spark.app.submitTime,1679448830118)
[2023-03-22T01:33:50.212+0000] {spark_submit.py:488} INFO - (spark.jars,file:/opt/***/plugins/big-data-fundamentals.jar)
[2023-03-22T01:33:50.212+0000] {spark_submit.py:488} INFO - (spark.master,spark://vtn-truongvq:7077)
[2023-03-22T01:33:50.212+0000] {spark_submit.py:488} INFO - (spark.submit.deployMode,client)
[2023-03-22T01:33:50.213+0000] {spark_submit.py:488} INFO - (spark.submit.pyFiles,)
[2023-03-22T01:33:50.214+0000] {spark_submit.py:488} INFO - Classpath elements:
[2023-03-22T01:33:50.214+0000] {spark_submit.py:488} INFO - file:/opt/***/plugins/big-data-fundamentals.jar
[2023-03-22T01:33:50.220+0000] {spark_submit.py:488} INFO - 
[2023-03-22T01:33:50.221+0000] {spark_submit.py:488} INFO - 
[2023-03-22T01:33:50.667+0000] {spark_submit.py:488} INFO - 23/03/22 01:33:50 INFO SparkContext: Running Spark version 3.3.2
[2023-03-22T01:33:51.274+0000] {spark_submit.py:488} INFO - 23/03/22 01:33:51 WARN NativeCodeLoader: Unable to load native-hadoop library for your platform... using builtin-java classes where applicable
[2023-03-22T01:33:52.254+0000] {spark_submit.py:488} INFO - 23/03/22 01:33:52 INFO ResourceUtils: ==============================================================
[2023-03-22T01:33:52.257+0000] {spark_submit.py:488} INFO - 23/03/22 01:33:52 INFO ResourceUtils: No custom resources configured for spark.driver.
[2023-03-22T01:33:52.260+0000] {spark_submit.py:488} INFO - 23/03/22 01:33:52 INFO ResourceUtils: ==============================================================
[2023-03-22T01:33:52.265+0000] {spark_submit.py:488} INFO - 23/03/22 01:33:52 INFO SparkContext: Submitted application: SparkExample
[2023-03-22T01:33:52.365+0000] {spark_submit.py:488} INFO - 23/03/22 01:33:52 INFO ResourceProfile: Default ResourceProfile created, executor resources: Map(cores -> name: cores, amount: 1, script: , vendor: , memory -> name: memory, amount: 1024, script: , vendor: , offHeap -> name: offHeap, amount: 0, script: , vendor: ), task resources: Map(cpus -> name: cpus, amount: 1.0)
[2023-03-22T01:33:52.395+0000] {spark_submit.py:488} INFO - 23/03/22 01:33:52 INFO ResourceProfile: Limiting resource is cpu
[2023-03-22T01:33:52.398+0000] {spark_submit.py:488} INFO - 23/03/22 01:33:52 INFO ResourceProfileManager: Added ResourceProfile id: 0
[2023-03-22T01:33:52.626+0000] {spark_submit.py:488} INFO - 23/03/22 01:33:52 INFO SecurityManager: Changing view acls to: default
[2023-03-22T01:33:52.630+0000] {spark_submit.py:488} INFO - 23/03/22 01:33:52 INFO SecurityManager: Changing modify acls to: default
[2023-03-22T01:33:52.641+0000] {spark_submit.py:488} INFO - 23/03/22 01:33:52 INFO SecurityManager: Changing view acls groups to:
[2023-03-22T01:33:52.644+0000] {spark_submit.py:488} INFO - 23/03/22 01:33:52 INFO SecurityManager: Changing modify acls groups to:
[2023-03-22T01:33:52.647+0000] {spark_submit.py:488} INFO - 23/03/22 01:33:52 INFO SecurityManager: SecurityManager: authentication disabled; ui acls disabled; users  with view permissions: Set(default); groups with view permissions: Set(); users  with modify permissions: Set(default); groups with modify permissions: Set()
[2023-03-22T01:33:53.816+0000] {spark_submit.py:488} INFO - 23/03/22 01:33:53 INFO Utils: Successfully started service 'sparkDriver' on port 34191.
[2023-03-22T01:33:54.020+0000] {spark_submit.py:488} INFO - 23/03/22 01:33:54 INFO SparkEnv: Registering MapOutputTracker
[2023-03-22T01:33:54.233+0000] {spark_submit.py:488} INFO - 23/03/22 01:33:54 INFO SparkEnv: Registering BlockManagerMaster
[2023-03-22T01:33:54.351+0000] {spark_submit.py:488} INFO - 23/03/22 01:33:54 INFO BlockManagerMasterEndpoint: Using org.apache.spark.storage.DefaultTopologyMapper for getting topology information
[2023-03-22T01:33:54.351+0000] {spark_submit.py:488} INFO - 23/03/22 01:33:54 INFO BlockManagerMasterEndpoint: BlockManagerMasterEndpoint up
[2023-03-22T01:33:54.434+0000] {spark_submit.py:488} INFO - 23/03/22 01:33:54 INFO SparkEnv: Registering BlockManagerMasterHeartbeat
[2023-03-22T01:33:54.603+0000] {spark_submit.py:488} INFO - 23/03/22 01:33:54 INFO DiskBlockManager: Created local directory at /tmp/blockmgr-31cb2955-410d-40c0-890a-63d433613545
[2023-03-22T01:33:54.841+0000] {spark_submit.py:488} INFO - 23/03/22 01:33:54 INFO MemoryStore: MemoryStore started with capacity 434.4 MiB
[2023-03-22T01:33:55.083+0000] {spark_submit.py:488} INFO - 23/03/22 01:33:55 INFO SparkEnv: Registering OutputCommitCoordinator
[2023-03-22T01:33:57.419+0000] {spark_submit.py:488} INFO - 23/03/22 01:33:57 WARN Utils: Service 'SparkUI' could not bind on port 4040. Attempting port 4041.
[2023-03-22T01:33:57.503+0000] {spark_submit.py:488} INFO - 23/03/22 01:33:57 INFO Utils: Successfully started service 'SparkUI' on port 4041.
[2023-03-22T01:33:57.892+0000] {spark_submit.py:488} INFO - 23/03/22 01:33:57 INFO SparkContext: Added JAR file:/opt/***/plugins/big-data-fundamentals.jar at spark://c726f8549984:34191/jars/big-data-fundamentals.jar with timestamp 1679448830417
[2023-03-22T01:33:58.851+0000] {spark_submit.py:488} INFO - 23/03/22 01:33:58 INFO Executor: Starting executor ID driver on host c726f8549984
[2023-03-22T01:33:58.894+0000] {spark_submit.py:488} INFO - 23/03/22 01:33:58 INFO Executor: Starting executor with user classpath (userClassPathFirst = false): ''
[2023-03-22T01:33:59.017+0000] {spark_submit.py:488} INFO - 23/03/22 01:33:59 INFO Executor: Fetching spark://c726f8549984:34191/jars/big-data-fundamentals.jar with timestamp 1679448830417
[2023-03-22T01:33:59.740+0000] {spark_submit.py:488} INFO - 23/03/22 01:33:59 INFO TransportClientFactory: Successfully created connection to c726f8549984/172.23.0.7:34191 after 424 ms (0 ms spent in bootstraps)
[2023-03-22T01:33:59.829+0000] {spark_submit.py:488} INFO - 23/03/22 01:33:59 INFO Utils: Fetching spark://c726f8549984:34191/jars/big-data-fundamentals.jar to /tmp/spark-bf539cc9-73b3-4866-95d0-47cd8f7e7bc1/userFiles-b75bc040-382e-45e3-a287-08592f29f398/fetchFileTemp16215493135543787392.tmp
[2023-03-22T01:34:00.666+0000] {spark_submit.py:488} INFO - 23/03/22 01:34:00 INFO Executor: Adding file:/tmp/spark-bf539cc9-73b3-4866-95d0-47cd8f7e7bc1/userFiles-b75bc040-382e-45e3-a287-08592f29f398/big-data-fundamentals.jar to class loader
[2023-03-22T01:34:00.775+0000] {spark_submit.py:488} INFO - 23/03/22 01:34:00 INFO Utils: Successfully started service 'org.apache.spark.network.netty.NettyBlockTransferService' on port 42267.
[2023-03-22T01:34:00.776+0000] {spark_submit.py:488} INFO - 23/03/22 01:34:00 INFO NettyBlockTransferService: Server created on c726f8549984:42267
[2023-03-22T01:34:00.776+0000] {spark_submit.py:488} INFO - 23/03/22 01:34:00 INFO BlockManager: Using org.apache.spark.storage.RandomBlockReplicationPolicy for block replication policy
[2023-03-22T01:34:00.815+0000] {spark_submit.py:488} INFO - 23/03/22 01:34:00 INFO BlockManagerMaster: Registering BlockManager BlockManagerId(driver, c726f8549984, 42267, None)
[2023-03-22T01:34:00.838+0000] {spark_submit.py:488} INFO - 23/03/22 01:34:00 INFO BlockManagerMasterEndpoint: Registering block manager c726f8549984:42267 with 434.4 MiB RAM, BlockManagerId(driver, c726f8549984, 42267, None)
[2023-03-22T01:34:00.847+0000] {spark_submit.py:488} INFO - 23/03/22 01:34:00 INFO BlockManagerMaster: Registered BlockManager BlockManagerId(driver, c726f8549984, 42267, None)
[2023-03-22T01:34:00.851+0000] {spark_submit.py:488} INFO - 23/03/22 01:34:00 INFO BlockManager: Initialized BlockManager: BlockManagerId(driver, c726f8549984, 42267, None)
[2023-03-22T01:34:03.830+0000] {spark_submit.py:488} INFO - 23/03/22 01:34:03 INFO SparkContext: Starting job: lookup at Spark.scala:15
[2023-03-22T01:34:03.849+0000] {spark_submit.py:488} INFO - 23/03/22 01:34:03 INFO DAGScheduler: Got job 0 (lookup at Spark.scala:15) with 2 output partitions
[2023-03-22T01:34:03.849+0000] {spark_submit.py:488} INFO - 23/03/22 01:34:03 INFO DAGScheduler: Final stage: ResultStage 0 (lookup at Spark.scala:15)
[2023-03-22T01:34:03.849+0000] {spark_submit.py:488} INFO - 23/03/22 01:34:03 INFO DAGScheduler: Parents of final stage: List()
[2023-03-22T01:34:03.850+0000] {spark_submit.py:488} INFO - 23/03/22 01:34:03 INFO DAGScheduler: Missing parents: List()
[2023-03-22T01:34:03.853+0000] {spark_submit.py:488} INFO - 23/03/22 01:34:03 INFO DAGScheduler: Submitting ResultStage 0 (MapPartitionsRDD[3] at lookup at Spark.scala:15), which has no missing parents
[2023-03-22T01:34:03.961+0000] {spark_submit.py:488} INFO - 23/03/22 01:34:03 INFO MemoryStore: Block broadcast_0 stored as values in memory (estimated size 4.7 KiB, free 434.4 MiB)
[2023-03-22T01:34:03.997+0000] {spark_submit.py:488} INFO - 23/03/22 01:34:03 INFO MemoryStore: Block broadcast_0_piece0 stored as bytes in memory (estimated size 2.5 KiB, free 434.4 MiB)
[2023-03-22T01:34:04.000+0000] {spark_submit.py:488} INFO - 23/03/22 01:34:03 INFO BlockManagerInfo: Added broadcast_0_piece0 in memory on c726f8549984:42267 (size: 2.5 KiB, free: 434.4 MiB)
[2023-03-22T01:34:04.003+0000] {spark_submit.py:488} INFO - 23/03/22 01:34:04 INFO SparkContext: Created broadcast 0 from broadcast at DAGScheduler.scala:1513
[2023-03-22T01:34:04.018+0000] {spark_submit.py:488} INFO - 23/03/22 01:34:04 INFO DAGScheduler: Submitting 2 missing tasks from ResultStage 0 (MapPartitionsRDD[3] at lookup at Spark.scala:15) (first 15 tasks are for partitions Vector(0, 1))
[2023-03-22T01:34:04.019+0000] {spark_submit.py:488} INFO - 23/03/22 01:34:04 INFO TaskSchedulerImpl: Adding task set 0.0 with 2 tasks resource profile 0
[2023-03-22T01:34:04.091+0000] {spark_submit.py:488} INFO - 23/03/22 01:34:04 INFO TaskSetManager: Starting task 0.0 in stage 0.0 (TID 0) (c726f8549984, executor driver, partition 0, PROCESS_LOCAL, 4488 bytes) taskResourceAssignments Map()
[2023-03-22T01:34:04.103+0000] {spark_submit.py:488} INFO - 23/03/22 01:34:04 INFO Executor: Running task 0.0 in stage 0.0 (TID 0)
[2023-03-22T01:34:04.197+0000] {spark_submit.py:488} INFO - 23/03/22 01:34:04 INFO Executor: Finished task 0.0 in stage 0.0 (TID 0). 853 bytes result sent to driver
[2023-03-22T01:34:04.200+0000] {spark_submit.py:488} INFO - 23/03/22 01:34:04 INFO TaskSetManager: Starting task 1.0 in stage 0.0 (TID 1) (c726f8549984, executor driver, partition 1, PROCESS_LOCAL, 4491 bytes) taskResourceAssignments Map()
[2023-03-22T01:34:04.201+0000] {spark_submit.py:488} INFO - 23/03/22 01:34:04 INFO Executor: Running task 1.0 in stage 0.0 (TID 1)
[2023-03-22T01:34:04.202+0000] {spark_submit.py:488} INFO - 23/03/22 01:34:04 INFO TaskSetManager: Finished task 0.0 in stage 0.0 (TID 0) in 134 ms on c726f8549984 (executor driver) (1/2)
[2023-03-22T01:34:04.212+0000] {spark_submit.py:488} INFO - 23/03/22 01:34:04 INFO Executor: Finished task 1.0 in stage 0.0 (TID 1). 854 bytes result sent to driver
[2023-03-22T01:34:04.216+0000] {spark_submit.py:488} INFO - 23/03/22 01:34:04 INFO TaskSetManager: Finished task 1.0 in stage 0.0 (TID 1) in 17 ms on c726f8549984 (executor driver) (2/2)
[2023-03-22T01:34:04.217+0000] {spark_submit.py:488} INFO - 23/03/22 01:34:04 INFO TaskSchedulerImpl: Removed TaskSet 0.0, whose tasks have all completed, from pool
[2023-03-22T01:34:04.218+0000] {spark_submit.py:488} INFO - 23/03/22 01:34:04 INFO DAGScheduler: ResultStage 0 (lookup at Spark.scala:15) finished in 0.349 s
[2023-03-22T01:34:04.223+0000] {spark_submit.py:488} INFO - 23/03/22 01:34:04 INFO DAGScheduler: Job 0 is finished. Cancelling potential speculative or zombie tasks for this job
[2023-03-22T01:34:04.224+0000] {spark_submit.py:488} INFO - 23/03/22 01:34:04 INFO TaskSchedulerImpl: Killing all running tasks in stage 0: Stage finished
[2023-03-22T01:34:04.227+0000] {spark_submit.py:488} INFO - 23/03/22 01:34:04 INFO DAGScheduler: Job 0 finished: lookup at Spark.scala:15, took 0.395440 s
[2023-03-22T01:34:04.234+0000] {spark_submit.py:488} INFO - WrappedArray(Spark, Simple)23/03/22 01:34:04 INFO SparkContext: Invoking stop() from shutdown hook
[2023-03-22T01:34:04.245+0000] {spark_submit.py:488} INFO - 23/03/22 01:34:04 INFO SparkUI: Stopped Spark web UI at http://c726f8549984:4041
[2023-03-22T01:34:04.258+0000] {spark_submit.py:488} INFO - 23/03/22 01:34:04 INFO MapOutputTrackerMasterEndpoint: MapOutputTrackerMasterEndpoint stopped!
[2023-03-22T01:34:04.266+0000] {spark_submit.py:488} INFO - 23/03/22 01:34:04 INFO MemoryStore: MemoryStore cleared
[2023-03-22T01:34:04.266+0000] {spark_submit.py:488} INFO - 23/03/22 01:34:04 INFO BlockManager: BlockManager stopped
[2023-03-22T01:34:04.273+0000] {spark_submit.py:488} INFO - 23/03/22 01:34:04 INFO BlockManagerMaster: BlockManagerMaster stopped
[2023-03-22T01:34:04.275+0000] {spark_submit.py:488} INFO - 23/03/22 01:34:04 INFO OutputCommitCoordinator$OutputCommitCoordinatorEndpoint: OutputCommitCoordinator stopped!
[2023-03-22T01:34:04.281+0000] {spark_submit.py:488} INFO - 23/03/22 01:34:04 INFO SparkContext: Successfully stopped SparkContext
[2023-03-22T01:34:04.281+0000] {spark_submit.py:488} INFO - 23/03/22 01:34:04 INFO ShutdownHookManager: Shutdown hook called
[2023-03-22T01:34:04.282+0000] {spark_submit.py:488} INFO - 23/03/22 01:34:04 INFO ShutdownHookManager: Deleting directory /tmp/spark-bf539cc9-73b3-4866-95d0-47cd8f7e7bc1
[2023-03-22T01:34:04.284+0000] {spark_submit.py:488} INFO - 23/03/22 01:34:04 INFO ShutdownHookManager: Deleting directory /tmp/spark-138801f1-bb27-46ee-a8c7-fdb1b8aaa256
[2023-03-22T01:34:04.389+0000] {taskinstance.py:1326} INFO - Marking task as SUCCESS. dag_id=spark_examples, task_id=spark-task, execution_date=20230322T000000, start_date=20230322T013340, end_date=20230322T013404
[2023-03-22T01:34:04.419+0000] {local_task_job.py:212} INFO - Task exited with return code 0
[2023-03-22T01:34:04.432+0000] {taskinstance.py:2585} INFO - 0 downstream tasks scheduled from follow-on schedule check
