[2023-03-22T01:33:36.126+0000] {taskinstance.py:1084} INFO - Dependencies all met for dep_context=non-requeueable deps ti=<TaskInstance: spark_examples.spark-task scheduled__2023-03-21T11:00:00+00:00 [queued]>
[2023-03-22T01:33:36.134+0000] {taskinstance.py:1084} INFO - Dependencies all met for dep_context=requeueable deps ti=<TaskInstance: spark_examples.spark-task scheduled__2023-03-21T11:00:00+00:00 [queued]>
[2023-03-22T01:33:36.134+0000] {taskinstance.py:1282} INFO - 
--------------------------------------------------------------------------------
[2023-03-22T01:33:36.134+0000] {taskinstance.py:1283} INFO - Starting attempt 1 of 1
[2023-03-22T01:33:36.134+0000] {taskinstance.py:1284} INFO - 
--------------------------------------------------------------------------------
[2023-03-22T01:33:36.148+0000] {taskinstance.py:1303} INFO - Executing <Task(SparkSubmitOperator): spark-task> on 2023-03-21 11:00:00+00:00
[2023-03-22T01:33:36.153+0000] {standard_task_runner.py:55} INFO - Started process 92 to run task
[2023-03-22T01:33:36.155+0000] {standard_task_runner.py:82} INFO - Running: ['***', 'tasks', 'run', 'spark_examples', 'spark-task', 'scheduled__2023-03-21T11:00:00+00:00', '--job-id', '246', '--raw', '--subdir', 'DAGS_FOLDER/spark.py', '--cfg-path', '/tmp/tmpeyltmxhy']
[2023-03-22T01:33:36.156+0000] {standard_task_runner.py:83} INFO - Job 246: Subtask spark-task
[2023-03-22T01:33:36.210+0000] {task_command.py:388} INFO - Running <TaskInstance: spark_examples.spark-task scheduled__2023-03-21T11:00:00+00:00 [running]> on host c726f8549984
[2023-03-22T01:33:36.281+0000] {taskinstance.py:1511} INFO - Exporting the following env vars:
AIRFLOW_CTX_DAG_OWNER=truongvq
AIRFLOW_CTX_DAG_ID=spark_examples
AIRFLOW_CTX_TASK_ID=spark-task
AIRFLOW_CTX_EXECUTION_DATE=2023-03-21T11:00:00+00:00
AIRFLOW_CTX_TRY_NUMBER=1
AIRFLOW_CTX_DAG_RUN_ID=scheduled__2023-03-21T11:00:00+00:00
[2023-03-22T01:33:36.289+0000] {base.py:73} INFO - Using connection ID 'spark-connection' for task execution.
[2023-03-22T01:33:36.291+0000] {spark_submit.py:335} INFO - Spark-Submit cmd: spark-submit --master spark://vtn-truongvq:7077 --name arrow-spark --class com.viettel.truongvq.spark.Spark --verbose /opt/***/plugins/big-data-fundamentals.jar
[2023-03-22T01:33:36.418+0000] {spark_submit.py:488} INFO - /home/***/.local/lib/python3.7/site-packages/pyspark/bin/load-spark-env.sh: line 68: ps: command not found
[2023-03-22T01:33:42.145+0000] {spark_submit.py:488} INFO - Using properties file: null
[2023-03-22T01:33:42.819+0000] {spark_submit.py:488} INFO - Parsed arguments:
[2023-03-22T01:33:42.820+0000] {spark_submit.py:488} INFO - master                  spark://vtn-truongvq:7077
[2023-03-22T01:33:42.820+0000] {spark_submit.py:488} INFO - deployMode              null
[2023-03-22T01:33:42.820+0000] {spark_submit.py:488} INFO - executorMemory          null
[2023-03-22T01:33:42.820+0000] {spark_submit.py:488} INFO - executorCores           null
[2023-03-22T01:33:42.820+0000] {spark_submit.py:488} INFO - totalExecutorCores      null
[2023-03-22T01:33:42.820+0000] {spark_submit.py:488} INFO - propertiesFile          null
[2023-03-22T01:33:42.820+0000] {spark_submit.py:488} INFO - driverMemory            null
[2023-03-22T01:33:42.821+0000] {spark_submit.py:488} INFO - driverCores             null
[2023-03-22T01:33:42.821+0000] {spark_submit.py:488} INFO - driverExtraClassPath    null
[2023-03-22T01:33:42.821+0000] {spark_submit.py:488} INFO - driverExtraLibraryPath  null
[2023-03-22T01:33:42.821+0000] {spark_submit.py:488} INFO - driverExtraJavaOptions  null
[2023-03-22T01:33:42.821+0000] {spark_submit.py:488} INFO - supervise               false
[2023-03-22T01:33:42.821+0000] {spark_submit.py:488} INFO - queue                   null
[2023-03-22T01:33:42.821+0000] {spark_submit.py:488} INFO - numExecutors            null
[2023-03-22T01:33:42.821+0000] {spark_submit.py:488} INFO - files                   null
[2023-03-22T01:33:42.821+0000] {spark_submit.py:488} INFO - pyFiles                 null
[2023-03-22T01:33:42.821+0000] {spark_submit.py:488} INFO - archives                null
[2023-03-22T01:33:42.822+0000] {spark_submit.py:488} INFO - mainClass               com.viettel.truongvq.spark.Spark
[2023-03-22T01:33:42.822+0000] {spark_submit.py:488} INFO - primaryResource         file:/opt/***/plugins/big-data-fundamentals.jar
[2023-03-22T01:33:42.822+0000] {spark_submit.py:488} INFO - name                    arrow-spark
[2023-03-22T01:33:42.822+0000] {spark_submit.py:488} INFO - childArgs               []
[2023-03-22T01:33:42.822+0000] {spark_submit.py:488} INFO - jars                    null
[2023-03-22T01:33:42.822+0000] {spark_submit.py:488} INFO - packages                null
[2023-03-22T01:33:42.822+0000] {spark_submit.py:488} INFO - packagesExclusions      null
[2023-03-22T01:33:42.822+0000] {spark_submit.py:488} INFO - repositories            null
[2023-03-22T01:33:42.822+0000] {spark_submit.py:488} INFO - verbose                 true
[2023-03-22T01:33:42.822+0000] {spark_submit.py:488} INFO - 
[2023-03-22T01:33:42.823+0000] {spark_submit.py:488} INFO - Spark properties used, including those specified through
[2023-03-22T01:33:42.823+0000] {spark_submit.py:488} INFO - --conf and those from the properties file null:
[2023-03-22T01:33:42.823+0000] {spark_submit.py:488} INFO - 
[2023-03-22T01:33:42.823+0000] {spark_submit.py:488} INFO - 
[2023-03-22T01:33:42.823+0000] {spark_submit.py:488} INFO - 
[2023-03-22T01:33:44.195+0000] {spark_submit.py:488} INFO - Main class:
[2023-03-22T01:33:44.196+0000] {spark_submit.py:488} INFO - com.viettel.truongvq.spark.Spark
[2023-03-22T01:33:44.196+0000] {spark_submit.py:488} INFO - Arguments:
[2023-03-22T01:33:44.196+0000] {spark_submit.py:488} INFO - 
[2023-03-22T01:33:44.240+0000] {spark_submit.py:488} INFO - Spark config:
[2023-03-22T01:33:44.240+0000] {spark_submit.py:488} INFO - (spark.app.name,arrow-spark)
[2023-03-22T01:33:44.241+0000] {spark_submit.py:488} INFO - (spark.app.submitTime,1679448824097)
[2023-03-22T01:33:44.241+0000] {spark_submit.py:488} INFO - (spark.jars,file:/opt/***/plugins/big-data-fundamentals.jar)
[2023-03-22T01:33:44.241+0000] {spark_submit.py:488} INFO - (spark.master,spark://vtn-truongvq:7077)
[2023-03-22T01:33:44.241+0000] {spark_submit.py:488} INFO - (spark.submit.deployMode,client)
[2023-03-22T01:33:44.241+0000] {spark_submit.py:488} INFO - (spark.submit.pyFiles,)
[2023-03-22T01:33:44.241+0000] {spark_submit.py:488} INFO - Classpath elements:
[2023-03-22T01:33:44.241+0000] {spark_submit.py:488} INFO - file:/opt/***/plugins/big-data-fundamentals.jar
[2023-03-22T01:33:44.241+0000] {spark_submit.py:488} INFO - 
[2023-03-22T01:33:44.242+0000] {spark_submit.py:488} INFO - 
[2023-03-22T01:33:44.610+0000] {spark_submit.py:488} INFO - 23/03/22 01:33:44 INFO SparkContext: Running Spark version 3.3.2
[2023-03-22T01:33:44.904+0000] {spark_submit.py:488} INFO - 23/03/22 01:33:44 WARN NativeCodeLoader: Unable to load native-hadoop library for your platform... using builtin-java classes where applicable
[2023-03-22T01:33:45.200+0000] {spark_submit.py:488} INFO - 23/03/22 01:33:45 INFO ResourceUtils: ==============================================================
[2023-03-22T01:33:45.202+0000] {spark_submit.py:488} INFO - 23/03/22 01:33:45 INFO ResourceUtils: No custom resources configured for spark.driver.
[2023-03-22T01:33:45.214+0000] {spark_submit.py:488} INFO - 23/03/22 01:33:45 INFO ResourceUtils: ==============================================================
[2023-03-22T01:33:45.216+0000] {spark_submit.py:488} INFO - 23/03/22 01:33:45 INFO SparkContext: Submitted application: SparkExample
[2023-03-22T01:33:45.354+0000] {spark_submit.py:488} INFO - 23/03/22 01:33:45 INFO ResourceProfile: Default ResourceProfile created, executor resources: Map(cores -> name: cores, amount: 1, script: , vendor: , memory -> name: memory, amount: 1024, script: , vendor: , offHeap -> name: offHeap, amount: 0, script: , vendor: ), task resources: Map(cpus -> name: cpus, amount: 1.0)
[2023-03-22T01:33:45.451+0000] {spark_submit.py:488} INFO - 23/03/22 01:33:45 INFO ResourceProfile: Limiting resource is cpu
[2023-03-22T01:33:45.457+0000] {spark_submit.py:488} INFO - 23/03/22 01:33:45 INFO ResourceProfileManager: Added ResourceProfile id: 0
[2023-03-22T01:33:45.643+0000] {spark_submit.py:488} INFO - 23/03/22 01:33:45 INFO SecurityManager: Changing view acls to: default
[2023-03-22T01:33:45.646+0000] {spark_submit.py:488} INFO - 23/03/22 01:33:45 INFO SecurityManager: Changing modify acls to: default
[2023-03-22T01:33:45.649+0000] {spark_submit.py:488} INFO - 23/03/22 01:33:45 INFO SecurityManager: Changing view acls groups to:
[2023-03-22T01:33:45.652+0000] {spark_submit.py:488} INFO - 23/03/22 01:33:45 INFO SecurityManager: Changing modify acls groups to:
[2023-03-22T01:33:45.659+0000] {spark_submit.py:488} INFO - 23/03/22 01:33:45 INFO SecurityManager: SecurityManager: authentication disabled; ui acls disabled; users  with view permissions: Set(default); groups with view permissions: Set(); users  with modify permissions: Set(default); groups with modify permissions: Set()
[2023-03-22T01:33:46.874+0000] {spark_submit.py:488} INFO - 23/03/22 01:33:46 INFO Utils: Successfully started service 'sparkDriver' on port 35511.
[2023-03-22T01:33:47.062+0000] {spark_submit.py:488} INFO - 23/03/22 01:33:47 INFO SparkEnv: Registering MapOutputTracker
[2023-03-22T01:33:47.257+0000] {spark_submit.py:488} INFO - 23/03/22 01:33:47 INFO SparkEnv: Registering BlockManagerMaster
[2023-03-22T01:33:47.353+0000] {spark_submit.py:488} INFO - 23/03/22 01:33:47 INFO BlockManagerMasterEndpoint: Using org.apache.spark.storage.DefaultTopologyMapper for getting topology information
[2023-03-22T01:33:47.356+0000] {spark_submit.py:488} INFO - 23/03/22 01:33:47 INFO BlockManagerMasterEndpoint: BlockManagerMasterEndpoint up
[2023-03-22T01:33:47.395+0000] {spark_submit.py:488} INFO - 23/03/22 01:33:47 INFO SparkEnv: Registering BlockManagerMasterHeartbeat
[2023-03-22T01:33:47.532+0000] {spark_submit.py:488} INFO - 23/03/22 01:33:47 INFO DiskBlockManager: Created local directory at /tmp/blockmgr-9e354691-0b3a-42d1-8aa8-bde15ea619d6
[2023-03-22T01:33:47.622+0000] {spark_submit.py:488} INFO - 23/03/22 01:33:47 INFO MemoryStore: MemoryStore started with capacity 434.4 MiB
[2023-03-22T01:33:47.719+0000] {spark_submit.py:488} INFO - 23/03/22 01:33:47 INFO SparkEnv: Registering OutputCommitCoordinator
[2023-03-22T01:33:48.816+0000] {spark_submit.py:488} INFO - 23/03/22 01:33:48 WARN Utils: Service 'SparkUI' could not bind on port 4040. Attempting port 4041.
[2023-03-22T01:33:48.867+0000] {spark_submit.py:488} INFO - 23/03/22 01:33:48 INFO Utils: Successfully started service 'SparkUI' on port 4041.
[2023-03-22T01:33:49.101+0000] {spark_submit.py:488} INFO - 23/03/22 01:33:49 INFO SparkContext: Added JAR file:/opt/***/plugins/big-data-fundamentals.jar at spark://c726f8549984:35511/jars/big-data-fundamentals.jar with timestamp 1679448824553
[2023-03-22T01:33:49.510+0000] {spark_submit.py:488} INFO - 23/03/22 01:33:49 INFO Executor: Starting executor ID driver on host c726f8549984
[2023-03-22T01:33:49.547+0000] {spark_submit.py:488} INFO - 23/03/22 01:33:49 INFO Executor: Starting executor with user classpath (userClassPathFirst = false): ''
[2023-03-22T01:33:49.648+0000] {spark_submit.py:488} INFO - 23/03/22 01:33:49 INFO Executor: Fetching spark://c726f8549984:35511/jars/big-data-fundamentals.jar with timestamp 1679448824553
[2023-03-22T01:33:49.880+0000] {spark_submit.py:488} INFO - 23/03/22 01:33:49 INFO TransportClientFactory: Successfully created connection to c726f8549984/172.23.0.7:35511 after 134 ms (0 ms spent in bootstraps)
[2023-03-22T01:33:49.901+0000] {spark_submit.py:488} INFO - 23/03/22 01:33:49 INFO Utils: Fetching spark://c726f8549984:35511/jars/big-data-fundamentals.jar to /tmp/spark-51a26ec0-50bf-4a24-81a3-84a45ed4aa36/userFiles-90e9026e-ea18-4515-a3fe-fd585c5025d7/fetchFileTemp10940951351053695162.tmp
[2023-03-22T01:33:50.184+0000] {spark_submit.py:488} INFO - 23/03/22 01:33:50 INFO Executor: Adding file:/tmp/spark-51a26ec0-50bf-4a24-81a3-84a45ed4aa36/userFiles-90e9026e-ea18-4515-a3fe-fd585c5025d7/big-data-fundamentals.jar to class loader
[2023-03-22T01:33:50.281+0000] {spark_submit.py:488} INFO - 23/03/22 01:33:50 INFO Utils: Successfully started service 'org.apache.spark.network.netty.NettyBlockTransferService' on port 41631.
[2023-03-22T01:33:50.283+0000] {spark_submit.py:488} INFO - 23/03/22 01:33:50 INFO NettyBlockTransferService: Server created on c726f8549984:41631
[2023-03-22T01:33:50.288+0000] {spark_submit.py:488} INFO - 23/03/22 01:33:50 INFO BlockManager: Using org.apache.spark.storage.RandomBlockReplicationPolicy for block replication policy
[2023-03-22T01:33:50.394+0000] {spark_submit.py:488} INFO - 23/03/22 01:33:50 INFO BlockManagerMaster: Registering BlockManager BlockManagerId(driver, c726f8549984, 41631, None)
[2023-03-22T01:33:50.419+0000] {spark_submit.py:488} INFO - 23/03/22 01:33:50 INFO BlockManagerMasterEndpoint: Registering block manager c726f8549984:41631 with 434.4 MiB RAM, BlockManagerId(driver, c726f8549984, 41631, None)
[2023-03-22T01:33:50.469+0000] {spark_submit.py:488} INFO - 23/03/22 01:33:50 INFO BlockManagerMaster: Registered BlockManager BlockManagerId(driver, c726f8549984, 41631, None)
[2023-03-22T01:33:50.485+0000] {spark_submit.py:488} INFO - 23/03/22 01:33:50 INFO BlockManager: Initialized BlockManager: BlockManagerId(driver, c726f8549984, 41631, None)
[2023-03-22T01:33:54.595+0000] {spark_submit.py:488} INFO - 23/03/22 01:33:54 INFO SparkContext: Starting job: lookup at Spark.scala:15
[2023-03-22T01:33:54.635+0000] {spark_submit.py:488} INFO - 23/03/22 01:33:54 INFO DAGScheduler: Got job 0 (lookup at Spark.scala:15) with 2 output partitions
[2023-03-22T01:33:54.638+0000] {spark_submit.py:488} INFO - 23/03/22 01:33:54 INFO DAGScheduler: Final stage: ResultStage 0 (lookup at Spark.scala:15)
[2023-03-22T01:33:54.640+0000] {spark_submit.py:488} INFO - 23/03/22 01:33:54 INFO DAGScheduler: Parents of final stage: List()
[2023-03-22T01:33:54.646+0000] {spark_submit.py:488} INFO - 23/03/22 01:33:54 INFO DAGScheduler: Missing parents: List()
[2023-03-22T01:33:54.708+0000] {spark_submit.py:488} INFO - 23/03/22 01:33:54 INFO DAGScheduler: Submitting ResultStage 0 (MapPartitionsRDD[3] at lookup at Spark.scala:15), which has no missing parents
[2023-03-22T01:33:55.250+0000] {spark_submit.py:488} INFO - 23/03/22 01:33:55 INFO MemoryStore: Block broadcast_0 stored as values in memory (estimated size 4.7 KiB, free 434.4 MiB)
[2023-03-22T01:33:55.508+0000] {spark_submit.py:488} INFO - 23/03/22 01:33:55 INFO MemoryStore: Block broadcast_0_piece0 stored as bytes in memory (estimated size 2.5 KiB, free 434.4 MiB)
[2023-03-22T01:33:55.517+0000] {spark_submit.py:488} INFO - 23/03/22 01:33:55 INFO BlockManagerInfo: Added broadcast_0_piece0 in memory on c726f8549984:41631 (size: 2.5 KiB, free: 434.4 MiB)
[2023-03-22T01:33:55.530+0000] {spark_submit.py:488} INFO - 23/03/22 01:33:55 INFO SparkContext: Created broadcast 0 from broadcast at DAGScheduler.scala:1513
[2023-03-22T01:33:55.581+0000] {spark_submit.py:488} INFO - 23/03/22 01:33:55 INFO DAGScheduler: Submitting 2 missing tasks from ResultStage 0 (MapPartitionsRDD[3] at lookup at Spark.scala:15) (first 15 tasks are for partitions Vector(0, 1))
[2023-03-22T01:33:55.588+0000] {spark_submit.py:488} INFO - 23/03/22 01:33:55 INFO TaskSchedulerImpl: Adding task set 0.0 with 2 tasks resource profile 0
[2023-03-22T01:33:56.122+0000] {spark_submit.py:488} INFO - 23/03/22 01:33:56 INFO TaskSetManager: Starting task 0.0 in stage 0.0 (TID 0) (c726f8549984, executor driver, partition 0, PROCESS_LOCAL, 4488 bytes) taskResourceAssignments Map()
[2023-03-22T01:33:56.233+0000] {spark_submit.py:488} INFO - 23/03/22 01:33:56 INFO Executor: Running task 0.0 in stage 0.0 (TID 0)
[2023-03-22T01:33:56.914+0000] {spark_submit.py:488} INFO - 23/03/22 01:33:56 INFO Executor: Finished task 0.0 in stage 0.0 (TID 0). 853 bytes result sent to driver
[2023-03-22T01:33:56.935+0000] {spark_submit.py:488} INFO - 23/03/22 01:33:56 INFO TaskSetManager: Starting task 1.0 in stage 0.0 (TID 1) (c726f8549984, executor driver, partition 1, PROCESS_LOCAL, 4491 bytes) taskResourceAssignments Map()
[2023-03-22T01:33:56.945+0000] {spark_submit.py:488} INFO - 23/03/22 01:33:56 INFO Executor: Running task 1.0 in stage 0.0 (TID 1)
[2023-03-22T01:33:56.951+0000] {spark_submit.py:488} INFO - 23/03/22 01:33:56 INFO TaskSetManager: Finished task 0.0 in stage 0.0 (TID 0) in 907 ms on c726f8549984 (executor driver) (1/2)
[2023-03-22T01:33:57.038+0000] {spark_submit.py:488} INFO - 23/03/22 01:33:57 INFO Executor: Finished task 1.0 in stage 0.0 (TID 1). 854 bytes result sent to driver
[2023-03-22T01:33:57.107+0000] {spark_submit.py:488} INFO - 23/03/22 01:33:57 INFO TaskSetManager: Finished task 1.0 in stage 0.0 (TID 1) in 174 ms on c726f8549984 (executor driver) (2/2)
[2023-03-22T01:33:57.110+0000] {spark_submit.py:488} INFO - 23/03/22 01:33:57 INFO TaskSchedulerImpl: Removed TaskSet 0.0, whose tasks have all completed, from pool
[2023-03-22T01:33:57.117+0000] {spark_submit.py:488} INFO - 23/03/22 01:33:57 INFO DAGScheduler: ResultStage 0 (lookup at Spark.scala:15) finished in 2.305 s
[2023-03-22T01:33:57.156+0000] {spark_submit.py:488} INFO - 23/03/22 01:33:57 INFO DAGScheduler: Job 0 is finished. Cancelling potential speculative or zombie tasks for this job
[2023-03-22T01:33:57.158+0000] {spark_submit.py:488} INFO - 23/03/22 01:33:57 INFO TaskSchedulerImpl: Killing all running tasks in stage 0: Stage finished
[2023-03-22T01:33:57.187+0000] {spark_submit.py:488} INFO - 23/03/22 01:33:57 INFO DAGScheduler: Job 0 finished: lookup at Spark.scala:15, took 2.584931 s
[2023-03-22T01:33:57.257+0000] {spark_submit.py:488} INFO - WrappedArray(Spark, Simple)23/03/22 01:33:57 INFO SparkContext: Invoking stop() from shutdown hook
[2023-03-22T01:33:57.331+0000] {spark_submit.py:488} INFO - 23/03/22 01:33:57 INFO SparkUI: Stopped Spark web UI at http://c726f8549984:4041
[2023-03-22T01:33:57.435+0000] {spark_submit.py:488} INFO - 23/03/22 01:33:57 INFO MapOutputTrackerMasterEndpoint: MapOutputTrackerMasterEndpoint stopped!
[2023-03-22T01:33:57.534+0000] {spark_submit.py:488} INFO - 23/03/22 01:33:57 INFO MemoryStore: MemoryStore cleared
[2023-03-22T01:33:57.537+0000] {spark_submit.py:488} INFO - 23/03/22 01:33:57 INFO BlockManager: BlockManager stopped
[2023-03-22T01:33:57.554+0000] {spark_submit.py:488} INFO - 23/03/22 01:33:57 INFO BlockManagerMaster: BlockManagerMaster stopped
[2023-03-22T01:33:57.563+0000] {spark_submit.py:488} INFO - 23/03/22 01:33:57 INFO OutputCommitCoordinator$OutputCommitCoordinatorEndpoint: OutputCommitCoordinator stopped!
[2023-03-22T01:33:57.617+0000] {spark_submit.py:488} INFO - 23/03/22 01:33:57 INFO SparkContext: Successfully stopped SparkContext
[2023-03-22T01:33:57.618+0000] {spark_submit.py:488} INFO - 23/03/22 01:33:57 INFO ShutdownHookManager: Shutdown hook called
[2023-03-22T01:33:57.622+0000] {spark_submit.py:488} INFO - 23/03/22 01:33:57 INFO ShutdownHookManager: Deleting directory /tmp/spark-40a95784-8cd9-4e2a-928e-9ef1ba22f30a
[2023-03-22T01:33:57.693+0000] {spark_submit.py:488} INFO - 23/03/22 01:33:57 INFO ShutdownHookManager: Deleting directory /tmp/spark-51a26ec0-50bf-4a24-81a3-84a45ed4aa36
[2023-03-22T01:33:58.434+0000] {taskinstance.py:1326} INFO - Marking task as SUCCESS. dag_id=spark_examples, task_id=spark-task, execution_date=20230321T110000, start_date=20230322T013336, end_date=20230322T013358
[2023-03-22T01:33:58.744+0000] {local_task_job.py:212} INFO - Task exited with return code 0
[2023-03-22T01:33:58.955+0000] {taskinstance.py:2585} INFO - 0 downstream tasks scheduled from follow-on schedule check
