[2023-03-22T01:33:36.910+0000] {taskinstance.py:1084} INFO - Dependencies all met for dep_context=non-requeueable deps ti=<TaskInstance: spark_examples.spark-task scheduled__2023-03-21T17:00:00+00:00 [queued]>
[2023-03-22T01:33:36.937+0000] {taskinstance.py:1084} INFO - Dependencies all met for dep_context=requeueable deps ti=<TaskInstance: spark_examples.spark-task scheduled__2023-03-21T17:00:00+00:00 [queued]>
[2023-03-22T01:33:36.938+0000] {taskinstance.py:1282} INFO - 
--------------------------------------------------------------------------------
[2023-03-22T01:33:36.938+0000] {taskinstance.py:1283} INFO - Starting attempt 1 of 1
[2023-03-22T01:33:36.938+0000] {taskinstance.py:1284} INFO - 
--------------------------------------------------------------------------------
[2023-03-22T01:33:36.982+0000] {taskinstance.py:1303} INFO - Executing <Task(SparkSubmitOperator): spark-task> on 2023-03-21 17:00:00+00:00
[2023-03-22T01:33:37.001+0000] {standard_task_runner.py:55} INFO - Started process 283 to run task
[2023-03-22T01:33:37.009+0000] {standard_task_runner.py:82} INFO - Running: ['***', 'tasks', 'run', 'spark_examples', 'spark-task', 'scheduled__2023-03-21T17:00:00+00:00', '--job-id', '252', '--raw', '--subdir', 'DAGS_FOLDER/spark.py', '--cfg-path', '/tmp/tmp083yw793']
[2023-03-22T01:33:37.010+0000] {standard_task_runner.py:83} INFO - Job 252: Subtask spark-task
[2023-03-22T01:33:37.160+0000] {task_command.py:388} INFO - Running <TaskInstance: spark_examples.spark-task scheduled__2023-03-21T17:00:00+00:00 [running]> on host c726f8549984
[2023-03-22T01:33:37.420+0000] {taskinstance.py:1511} INFO - Exporting the following env vars:
AIRFLOW_CTX_DAG_OWNER=truongvq
AIRFLOW_CTX_DAG_ID=spark_examples
AIRFLOW_CTX_TASK_ID=spark-task
AIRFLOW_CTX_EXECUTION_DATE=2023-03-21T17:00:00+00:00
AIRFLOW_CTX_TRY_NUMBER=1
AIRFLOW_CTX_DAG_RUN_ID=scheduled__2023-03-21T17:00:00+00:00
[2023-03-22T01:33:37.452+0000] {base.py:73} INFO - Using connection ID 'spark-connection' for task execution.
[2023-03-22T01:33:37.454+0000] {spark_submit.py:335} INFO - Spark-Submit cmd: spark-submit --master spark://vtn-truongvq:7077 --name arrow-spark --class com.viettel.truongvq.spark.Spark --verbose /opt/***/plugins/big-data-fundamentals.jar
[2023-03-22T01:33:37.965+0000] {spark_submit.py:488} INFO - /home/***/.local/lib/python3.7/site-packages/pyspark/bin/load-spark-env.sh: line 68: ps: command not found
[2023-03-22T01:33:44.333+0000] {spark_submit.py:488} INFO - Using properties file: null
[2023-03-22T01:33:44.998+0000] {spark_submit.py:488} INFO - Parsed arguments:
[2023-03-22T01:33:44.999+0000] {spark_submit.py:488} INFO - master                  spark://vtn-truongvq:7077
[2023-03-22T01:33:44.999+0000] {spark_submit.py:488} INFO - deployMode              null
[2023-03-22T01:33:44.999+0000] {spark_submit.py:488} INFO - executorMemory          null
[2023-03-22T01:33:44.999+0000] {spark_submit.py:488} INFO - executorCores           null
[2023-03-22T01:33:44.999+0000] {spark_submit.py:488} INFO - totalExecutorCores      null
[2023-03-22T01:33:44.999+0000] {spark_submit.py:488} INFO - propertiesFile          null
[2023-03-22T01:33:44.999+0000] {spark_submit.py:488} INFO - driverMemory            null
[2023-03-22T01:33:44.999+0000] {spark_submit.py:488} INFO - driverCores             null
[2023-03-22T01:33:44.999+0000] {spark_submit.py:488} INFO - driverExtraClassPath    null
[2023-03-22T01:33:45.000+0000] {spark_submit.py:488} INFO - driverExtraLibraryPath  null
[2023-03-22T01:33:45.000+0000] {spark_submit.py:488} INFO - driverExtraJavaOptions  null
[2023-03-22T01:33:45.000+0000] {spark_submit.py:488} INFO - supervise               false
[2023-03-22T01:33:45.000+0000] {spark_submit.py:488} INFO - queue                   null
[2023-03-22T01:33:45.000+0000] {spark_submit.py:488} INFO - numExecutors            null
[2023-03-22T01:33:45.000+0000] {spark_submit.py:488} INFO - files                   null
[2023-03-22T01:33:45.000+0000] {spark_submit.py:488} INFO - pyFiles                 null
[2023-03-22T01:33:45.000+0000] {spark_submit.py:488} INFO - archives                null
[2023-03-22T01:33:45.000+0000] {spark_submit.py:488} INFO - mainClass               com.viettel.truongvq.spark.Spark
[2023-03-22T01:33:45.000+0000] {spark_submit.py:488} INFO - primaryResource         file:/opt/***/plugins/big-data-fundamentals.jar
[2023-03-22T01:33:45.000+0000] {spark_submit.py:488} INFO - name                    arrow-spark
[2023-03-22T01:33:45.001+0000] {spark_submit.py:488} INFO - childArgs               []
[2023-03-22T01:33:45.001+0000] {spark_submit.py:488} INFO - jars                    null
[2023-03-22T01:33:45.001+0000] {spark_submit.py:488} INFO - packages                null
[2023-03-22T01:33:45.001+0000] {spark_submit.py:488} INFO - packagesExclusions      null
[2023-03-22T01:33:45.001+0000] {spark_submit.py:488} INFO - repositories            null
[2023-03-22T01:33:45.001+0000] {spark_submit.py:488} INFO - verbose                 true
[2023-03-22T01:33:45.001+0000] {spark_submit.py:488} INFO - 
[2023-03-22T01:33:45.001+0000] {spark_submit.py:488} INFO - Spark properties used, including those specified through
[2023-03-22T01:33:45.001+0000] {spark_submit.py:488} INFO - --conf and those from the properties file null:
[2023-03-22T01:33:45.001+0000] {spark_submit.py:488} INFO - 
[2023-03-22T01:33:45.002+0000] {spark_submit.py:488} INFO - 
[2023-03-22T01:33:45.002+0000] {spark_submit.py:488} INFO - 
[2023-03-22T01:33:46.708+0000] {spark_submit.py:488} INFO - Main class:
[2023-03-22T01:33:46.709+0000] {spark_submit.py:488} INFO - com.viettel.truongvq.spark.Spark
[2023-03-22T01:33:46.711+0000] {spark_submit.py:488} INFO - Arguments:
[2023-03-22T01:33:46.712+0000] {spark_submit.py:488} INFO - 
[2023-03-22T01:33:46.722+0000] {spark_submit.py:488} INFO - Spark config:
[2023-03-22T01:33:46.723+0000] {spark_submit.py:488} INFO - (spark.app.name,arrow-spark)
[2023-03-22T01:33:46.723+0000] {spark_submit.py:488} INFO - (spark.app.submitTime,1679448826650)
[2023-03-22T01:33:46.723+0000] {spark_submit.py:488} INFO - (spark.jars,file:/opt/***/plugins/big-data-fundamentals.jar)
[2023-03-22T01:33:46.723+0000] {spark_submit.py:488} INFO - (spark.master,spark://vtn-truongvq:7077)
[2023-03-22T01:33:46.723+0000] {spark_submit.py:488} INFO - (spark.submit.deployMode,client)
[2023-03-22T01:33:46.723+0000] {spark_submit.py:488} INFO - (spark.submit.pyFiles,)
[2023-03-22T01:33:46.725+0000] {spark_submit.py:488} INFO - Classpath elements:
[2023-03-22T01:33:46.725+0000] {spark_submit.py:488} INFO - file:/opt/***/plugins/big-data-fundamentals.jar
[2023-03-22T01:33:46.726+0000] {spark_submit.py:488} INFO - 
[2023-03-22T01:33:46.727+0000] {spark_submit.py:488} INFO - 
[2023-03-22T01:33:46.867+0000] {spark_submit.py:488} INFO - 23/03/22 01:33:46 INFO SparkContext: Running Spark version 3.3.2
[2023-03-22T01:33:47.085+0000] {spark_submit.py:488} INFO - 23/03/22 01:33:47 WARN NativeCodeLoader: Unable to load native-hadoop library for your platform... using builtin-java classes where applicable
[2023-03-22T01:33:47.519+0000] {spark_submit.py:488} INFO - 23/03/22 01:33:47 INFO ResourceUtils: ==============================================================
[2023-03-22T01:33:47.521+0000] {spark_submit.py:488} INFO - 23/03/22 01:33:47 INFO ResourceUtils: No custom resources configured for spark.driver.
[2023-03-22T01:33:47.524+0000] {spark_submit.py:488} INFO - 23/03/22 01:33:47 INFO ResourceUtils: ==============================================================
[2023-03-22T01:33:47.527+0000] {spark_submit.py:488} INFO - 23/03/22 01:33:47 INFO SparkContext: Submitted application: SparkExample
[2023-03-22T01:33:47.588+0000] {spark_submit.py:488} INFO - 23/03/22 01:33:47 INFO ResourceProfile: Default ResourceProfile created, executor resources: Map(cores -> name: cores, amount: 1, script: , vendor: , memory -> name: memory, amount: 1024, script: , vendor: , offHeap -> name: offHeap, amount: 0, script: , vendor: ), task resources: Map(cpus -> name: cpus, amount: 1.0)
[2023-03-22T01:33:47.623+0000] {spark_submit.py:488} INFO - 23/03/22 01:33:47 INFO ResourceProfile: Limiting resource is cpu
[2023-03-22T01:33:47.626+0000] {spark_submit.py:488} INFO - 23/03/22 01:33:47 INFO ResourceProfileManager: Added ResourceProfile id: 0
[2023-03-22T01:33:47.808+0000] {spark_submit.py:488} INFO - 23/03/22 01:33:47 INFO SecurityManager: Changing view acls to: default
[2023-03-22T01:33:47.809+0000] {spark_submit.py:488} INFO - 23/03/22 01:33:47 INFO SecurityManager: Changing modify acls to: default
[2023-03-22T01:33:47.811+0000] {spark_submit.py:488} INFO - 23/03/22 01:33:47 INFO SecurityManager: Changing view acls groups to:
[2023-03-22T01:33:47.812+0000] {spark_submit.py:488} INFO - 23/03/22 01:33:47 INFO SecurityManager: Changing modify acls groups to:
[2023-03-22T01:33:47.813+0000] {spark_submit.py:488} INFO - 23/03/22 01:33:47 INFO SecurityManager: SecurityManager: authentication disabled; ui acls disabled; users  with view permissions: Set(default); groups with view permissions: Set(); users  with modify permissions: Set(default); groups with modify permissions: Set()
[2023-03-22T01:33:48.936+0000] {spark_submit.py:488} INFO - 23/03/22 01:33:48 INFO Utils: Successfully started service 'sparkDriver' on port 34133.
[2023-03-22T01:33:49.151+0000] {spark_submit.py:488} INFO - 23/03/22 01:33:49 INFO SparkEnv: Registering MapOutputTracker
[2023-03-22T01:33:49.238+0000] {spark_submit.py:488} INFO - 23/03/22 01:33:49 INFO SparkEnv: Registering BlockManagerMaster
[2023-03-22T01:33:49.314+0000] {spark_submit.py:488} INFO - 23/03/22 01:33:49 INFO BlockManagerMasterEndpoint: Using org.apache.spark.storage.DefaultTopologyMapper for getting topology information
[2023-03-22T01:33:49.317+0000] {spark_submit.py:488} INFO - 23/03/22 01:33:49 INFO BlockManagerMasterEndpoint: BlockManagerMasterEndpoint up
[2023-03-22T01:33:49.357+0000] {spark_submit.py:488} INFO - 23/03/22 01:33:49 INFO SparkEnv: Registering BlockManagerMasterHeartbeat
[2023-03-22T01:33:49.414+0000] {spark_submit.py:488} INFO - 23/03/22 01:33:49 INFO DiskBlockManager: Created local directory at /tmp/blockmgr-ae232459-4489-42a7-a4bb-2a361af5332e
[2023-03-22T01:33:49.446+0000] {spark_submit.py:488} INFO - 23/03/22 01:33:49 INFO MemoryStore: MemoryStore started with capacity 434.4 MiB
[2023-03-22T01:33:49.521+0000] {spark_submit.py:488} INFO - 23/03/22 01:33:49 INFO SparkEnv: Registering OutputCommitCoordinator
[2023-03-22T01:33:51.189+0000] {spark_submit.py:488} INFO - 23/03/22 01:33:51 WARN Utils: Service 'SparkUI' could not bind on port 4040. Attempting port 4041.
[2023-03-22T01:33:51.193+0000] {spark_submit.py:488} INFO - 23/03/22 01:33:51 WARN Utils: Service 'SparkUI' could not bind on port 4041. Attempting port 4042.
[2023-03-22T01:33:51.198+0000] {spark_submit.py:488} INFO - 23/03/22 01:33:51 WARN Utils: Service 'SparkUI' could not bind on port 4042. Attempting port 4043.
[2023-03-22T01:33:51.208+0000] {spark_submit.py:488} INFO - 23/03/22 01:33:51 WARN Utils: Service 'SparkUI' could not bind on port 4043. Attempting port 4044.
[2023-03-22T01:33:51.216+0000] {spark_submit.py:488} INFO - 23/03/22 01:33:51 WARN Utils: Service 'SparkUI' could not bind on port 4044. Attempting port 4045.
[2023-03-22T01:33:51.218+0000] {spark_submit.py:488} INFO - 23/03/22 01:33:51 WARN Utils: Service 'SparkUI' could not bind on port 4045. Attempting port 4046.
[2023-03-22T01:33:51.220+0000] {spark_submit.py:488} INFO - 23/03/22 01:33:51 WARN Utils: Service 'SparkUI' could not bind on port 4046. Attempting port 4047.
[2023-03-22T01:33:51.315+0000] {spark_submit.py:488} INFO - 23/03/22 01:33:51 INFO Utils: Successfully started service 'SparkUI' on port 4047.
[2023-03-22T01:33:51.597+0000] {spark_submit.py:488} INFO - 23/03/22 01:33:51 INFO SparkContext: Added JAR file:/opt/***/plugins/big-data-fundamentals.jar at spark://c726f8549984:34133/jars/big-data-fundamentals.jar with timestamp 1679448826821
[2023-03-22T01:33:52.110+0000] {spark_submit.py:488} INFO - 23/03/22 01:33:52 INFO Executor: Starting executor ID driver on host c726f8549984
[2023-03-22T01:33:52.137+0000] {spark_submit.py:488} INFO - 23/03/22 01:33:52 INFO Executor: Starting executor with user classpath (userClassPathFirst = false): ''
[2023-03-22T01:33:52.235+0000] {spark_submit.py:488} INFO - 23/03/22 01:33:52 INFO Executor: Fetching spark://c726f8549984:34133/jars/big-data-fundamentals.jar with timestamp 1679448826821
[2023-03-22T01:33:52.544+0000] {spark_submit.py:488} INFO - 23/03/22 01:33:52 INFO TransportClientFactory: Successfully created connection to c726f8549984/172.23.0.7:34133 after 174 ms (0 ms spent in bootstraps)
[2023-03-22T01:33:52.586+0000] {spark_submit.py:488} INFO - 23/03/22 01:33:52 INFO Utils: Fetching spark://c726f8549984:34133/jars/big-data-fundamentals.jar to /tmp/spark-b6c4c394-7b7c-4a11-9b14-401231ac6e6c/userFiles-6f5f9257-57b6-4639-9339-bb5d57b08150/fetchFileTemp16652844915185727726.tmp
[2023-03-22T01:33:53.011+0000] {spark_submit.py:488} INFO - 23/03/22 01:33:53 INFO Executor: Adding file:/tmp/spark-b6c4c394-7b7c-4a11-9b14-401231ac6e6c/userFiles-6f5f9257-57b6-4639-9339-bb5d57b08150/big-data-fundamentals.jar to class loader
[2023-03-22T01:33:53.044+0000] {spark_submit.py:488} INFO - 23/03/22 01:33:53 INFO Utils: Successfully started service 'org.apache.spark.network.netty.NettyBlockTransferService' on port 44973.
[2023-03-22T01:33:53.045+0000] {spark_submit.py:488} INFO - 23/03/22 01:33:53 INFO NettyBlockTransferService: Server created on c726f8549984:44973
[2023-03-22T01:33:53.045+0000] {spark_submit.py:488} INFO - 23/03/22 01:33:53 INFO BlockManager: Using org.apache.spark.storage.RandomBlockReplicationPolicy for block replication policy
[2023-03-22T01:33:53.063+0000] {spark_submit.py:488} INFO - 23/03/22 01:33:53 INFO BlockManagerMaster: Registering BlockManager BlockManagerId(driver, c726f8549984, 44973, None)
[2023-03-22T01:33:53.073+0000] {spark_submit.py:488} INFO - 23/03/22 01:33:53 INFO BlockManagerMasterEndpoint: Registering block manager c726f8549984:44973 with 434.4 MiB RAM, BlockManagerId(driver, c726f8549984, 44973, None)
[2023-03-22T01:33:53.094+0000] {spark_submit.py:488} INFO - 23/03/22 01:33:53 INFO BlockManagerMaster: Registered BlockManager BlockManagerId(driver, c726f8549984, 44973, None)
[2023-03-22T01:33:53.098+0000] {spark_submit.py:488} INFO - 23/03/22 01:33:53 INFO BlockManager: Initialized BlockManager: BlockManagerId(driver, c726f8549984, 44973, None)
[2023-03-22T01:33:56.858+0000] {spark_submit.py:488} INFO - 23/03/22 01:33:56 INFO SparkContext: Starting job: lookup at Spark.scala:15
[2023-03-22T01:33:56.932+0000] {spark_submit.py:488} INFO - 23/03/22 01:33:56 INFO DAGScheduler: Got job 0 (lookup at Spark.scala:15) with 2 output partitions
[2023-03-22T01:33:56.935+0000] {spark_submit.py:488} INFO - 23/03/22 01:33:56 INFO DAGScheduler: Final stage: ResultStage 0 (lookup at Spark.scala:15)
[2023-03-22T01:33:56.937+0000] {spark_submit.py:488} INFO - 23/03/22 01:33:56 INFO DAGScheduler: Parents of final stage: List()
[2023-03-22T01:33:56.959+0000] {spark_submit.py:488} INFO - 23/03/22 01:33:56 INFO DAGScheduler: Missing parents: List()
[2023-03-22T01:33:56.984+0000] {spark_submit.py:488} INFO - 23/03/22 01:33:56 INFO DAGScheduler: Submitting ResultStage 0 (MapPartitionsRDD[3] at lookup at Spark.scala:15), which has no missing parents
[2023-03-22T01:33:57.941+0000] {spark_submit.py:488} INFO - 23/03/22 01:33:57 INFO MemoryStore: Block broadcast_0 stored as values in memory (estimated size 4.7 KiB, free 434.4 MiB)
[2023-03-22T01:33:58.098+0000] {spark_submit.py:488} INFO - 23/03/22 01:33:58 INFO MemoryStore: Block broadcast_0_piece0 stored as bytes in memory (estimated size 2.5 KiB, free 434.4 MiB)
[2023-03-22T01:33:58.112+0000] {spark_submit.py:488} INFO - 23/03/22 01:33:58 INFO BlockManagerInfo: Added broadcast_0_piece0 in memory on c726f8549984:44973 (size: 2.5 KiB, free: 434.4 MiB)
[2023-03-22T01:33:58.135+0000] {spark_submit.py:488} INFO - 23/03/22 01:33:58 INFO SparkContext: Created broadcast 0 from broadcast at DAGScheduler.scala:1513
[2023-03-22T01:33:58.252+0000] {spark_submit.py:488} INFO - 23/03/22 01:33:58 INFO DAGScheduler: Submitting 2 missing tasks from ResultStage 0 (MapPartitionsRDD[3] at lookup at Spark.scala:15) (first 15 tasks are for partitions Vector(0, 1))
[2023-03-22T01:33:58.254+0000] {spark_submit.py:488} INFO - 23/03/22 01:33:58 INFO TaskSchedulerImpl: Adding task set 0.0 with 2 tasks resource profile 0
[2023-03-22T01:33:58.602+0000] {spark_submit.py:488} INFO - 23/03/22 01:33:58 INFO TaskSetManager: Starting task 0.0 in stage 0.0 (TID 0) (c726f8549984, executor driver, partition 0, PROCESS_LOCAL, 4488 bytes) taskResourceAssignments Map()
[2023-03-22T01:33:58.985+0000] {spark_submit.py:488} INFO - 23/03/22 01:33:58 INFO Executor: Running task 0.0 in stage 0.0 (TID 0)
[2023-03-22T01:33:59.796+0000] {spark_submit.py:488} INFO - 23/03/22 01:33:59 INFO Executor: Finished task 0.0 in stage 0.0 (TID 0). 853 bytes result sent to driver
[2023-03-22T01:33:59.814+0000] {spark_submit.py:488} INFO - 23/03/22 01:33:59 INFO TaskSetManager: Starting task 1.0 in stage 0.0 (TID 1) (c726f8549984, executor driver, partition 1, PROCESS_LOCAL, 4491 bytes) taskResourceAssignments Map()
[2023-03-22T01:33:59.823+0000] {spark_submit.py:488} INFO - 23/03/22 01:33:59 INFO Executor: Running task 1.0 in stage 0.0 (TID 1)
[2023-03-22T01:33:59.869+0000] {spark_submit.py:488} INFO - 23/03/22 01:33:59 INFO TaskSetManager: Finished task 0.0 in stage 0.0 (TID 0) in 1373 ms on c726f8549984 (executor driver) (1/2)
[2023-03-22T01:33:59.914+0000] {spark_submit.py:488} INFO - 23/03/22 01:33:59 INFO Executor: Finished task 1.0 in stage 0.0 (TID 1). 854 bytes result sent to driver
[2023-03-22T01:33:59.975+0000] {spark_submit.py:488} INFO - 23/03/22 01:33:59 INFO TaskSetManager: Finished task 1.0 in stage 0.0 (TID 1) in 165 ms on c726f8549984 (executor driver) (2/2)
[2023-03-22T01:33:59.986+0000] {spark_submit.py:488} INFO - 23/03/22 01:33:59 INFO DAGScheduler: ResultStage 0 (lookup at Spark.scala:15) finished in 2.889 s
[2023-03-22T01:33:59.996+0000] {spark_submit.py:488} INFO - 23/03/22 01:33:59 INFO TaskSchedulerImpl: Removed TaskSet 0.0, whose tasks have all completed, from pool
[2023-03-22T01:34:00.004+0000] {spark_submit.py:488} INFO - 23/03/22 01:34:00 INFO DAGScheduler: Job 0 is finished. Cancelling potential speculative or zombie tasks for this job
[2023-03-22T01:34:00.008+0000] {spark_submit.py:488} INFO - 23/03/22 01:34:00 INFO TaskSchedulerImpl: Killing all running tasks in stage 0: Stage finished
[2023-03-22T01:34:00.025+0000] {spark_submit.py:488} INFO - 23/03/22 01:34:00 INFO DAGScheduler: Job 0 finished: lookup at Spark.scala:15, took 3.157172 s
[2023-03-22T01:34:00.097+0000] {spark_submit.py:488} INFO - WrappedArray(Spark, Simple)23/03/22 01:34:00 INFO SparkContext: Invoking stop() from shutdown hook
[2023-03-22T01:34:00.134+0000] {spark_submit.py:488} INFO - 23/03/22 01:34:00 INFO SparkUI: Stopped Spark web UI at http://c726f8549984:4047
[2023-03-22T01:34:00.208+0000] {spark_submit.py:488} INFO - 23/03/22 01:34:00 INFO MapOutputTrackerMasterEndpoint: MapOutputTrackerMasterEndpoint stopped!
[2023-03-22T01:34:00.252+0000] {spark_submit.py:488} INFO - 23/03/22 01:34:00 INFO MemoryStore: MemoryStore cleared
[2023-03-22T01:34:00.256+0000] {spark_submit.py:488} INFO - 23/03/22 01:34:00 INFO BlockManager: BlockManager stopped
[2023-03-22T01:34:00.279+0000] {spark_submit.py:488} INFO - 23/03/22 01:34:00 INFO BlockManagerMaster: BlockManagerMaster stopped
[2023-03-22T01:34:00.297+0000] {spark_submit.py:488} INFO - 23/03/22 01:34:00 INFO OutputCommitCoordinator$OutputCommitCoordinatorEndpoint: OutputCommitCoordinator stopped!
[2023-03-22T01:34:00.398+0000] {spark_submit.py:488} INFO - 23/03/22 01:34:00 INFO SparkContext: Successfully stopped SparkContext
[2023-03-22T01:34:00.406+0000] {spark_submit.py:488} INFO - 23/03/22 01:34:00 INFO ShutdownHookManager: Shutdown hook called
[2023-03-22T01:34:00.411+0000] {spark_submit.py:488} INFO - 23/03/22 01:34:00 INFO ShutdownHookManager: Deleting directory /tmp/spark-9310419f-2dc1-4b54-ad8c-b016bef4399b
[2023-03-22T01:34:00.421+0000] {spark_submit.py:488} INFO - 23/03/22 01:34:00 INFO ShutdownHookManager: Deleting directory /tmp/spark-b6c4c394-7b7c-4a11-9b14-401231ac6e6c
[2023-03-22T01:34:00.757+0000] {taskinstance.py:1326} INFO - Marking task as SUCCESS. dag_id=spark_examples, task_id=spark-task, execution_date=20230321T170000, start_date=20230322T013336, end_date=20230322T013400
[2023-03-22T01:34:00.845+0000] {local_task_job.py:212} INFO - Task exited with return code 0
[2023-03-22T01:34:00.888+0000] {taskinstance.py:2585} INFO - 0 downstream tasks scheduled from follow-on schedule check
