[2023-03-22T04:32:18.564+0000] {taskinstance.py:1084} INFO - Dependencies all met for dep_context=non-requeueable deps ti=<TaskInstance: CarFine.get_file scheduled__2023-03-22T04:25:00+00:00 [queued]>
[2023-03-22T04:32:18.574+0000] {taskinstance.py:1084} INFO - Dependencies all met for dep_context=requeueable deps ti=<TaskInstance: CarFine.get_file scheduled__2023-03-22T04:25:00+00:00 [queued]>
[2023-03-22T04:32:18.574+0000] {taskinstance.py:1282} INFO - 
--------------------------------------------------------------------------------
[2023-03-22T04:32:18.574+0000] {taskinstance.py:1283} INFO - Starting attempt 1 of 1
[2023-03-22T04:32:18.574+0000] {taskinstance.py:1284} INFO - 
--------------------------------------------------------------------------------
[2023-03-22T04:32:18.586+0000] {taskinstance.py:1303} INFO - Executing <Task(BashOperator): get_file> on 2023-03-22 04:25:00+00:00
[2023-03-22T04:32:18.590+0000] {standard_task_runner.py:55} INFO - Started process 2041 to run task
[2023-03-22T04:32:18.592+0000] {standard_task_runner.py:82} INFO - Running: ['***', 'tasks', 'run', 'CarFine', 'get_file', 'scheduled__2023-03-22T04:25:00+00:00', '--job-id', '277', '--raw', '--subdir', 'DAGS_FOLDER/CarFineDAG.py', '--cfg-path', '/tmp/tmpb6xwd8k1']
[2023-03-22T04:32:18.592+0000] {standard_task_runner.py:83} INFO - Job 277: Subtask get_file
[2023-03-22T04:32:18.632+0000] {task_command.py:388} INFO - Running <TaskInstance: CarFine.get_file scheduled__2023-03-22T04:25:00+00:00 [running]> on host f331b8a34e72
[2023-03-22T04:32:18.685+0000] {taskinstance.py:1511} INFO - Exporting the following env vars:
AIRFLOW_CTX_DAG_OWNER=***
AIRFLOW_CTX_DAG_ID=CarFine
AIRFLOW_CTX_TASK_ID=get_file
AIRFLOW_CTX_EXECUTION_DATE=2023-03-22T04:25:00+00:00
AIRFLOW_CTX_TRY_NUMBER=1
AIRFLOW_CTX_DAG_RUN_ID=scheduled__2023-03-22T04:25:00+00:00
[2023-03-22T04:32:18.685+0000] {subprocess.py:63} INFO - Tmp dir root location: 
 /tmp
[2023-03-22T04:32:18.686+0000] {subprocess.py:75} INFO - Running command: ['/bin/bash', '-c', 'wget https://www.dl.dropboxusercontent.com/s/q1de0kkhhxp5vo9/data.json']
[2023-03-22T04:32:18.693+0000] {subprocess.py:86} INFO - Output:
[2023-03-22T04:32:18.696+0000] {subprocess.py:93} INFO - --2023-03-22 04:32:18--  https://www.dl.dropboxusercontent.com/s/q1de0kkhhxp5vo9/data.json
[2023-03-22T04:32:18.730+0000] {subprocess.py:93} INFO - Resolving www.dl.dropboxusercontent.com (www.dl.dropboxusercontent.com)... 162.125.81.15, 2620:100:6031:15::a27d:510f
[2023-03-22T04:32:18.817+0000] {subprocess.py:93} INFO - Connecting to www.dl.dropboxusercontent.com (www.dl.dropboxusercontent.com)|162.125.81.15|:443... connected.
[2023-03-22T04:32:19.673+0000] {subprocess.py:93} INFO - HTTP request sent, awaiting response... 200 OK
[2023-03-22T04:32:19.674+0000] {subprocess.py:93} INFO - Length: 259778 (254K) [text/plain]
[2023-03-22T04:32:19.675+0000] {subprocess.py:93} INFO - Saving to: ‘data.json’
[2023-03-22T04:32:19.701+0000] {subprocess.py:93} INFO - 
[2023-03-22T04:32:19.865+0000] {subprocess.py:93} INFO -      0K .......... .......... .......... .......... .......... 19%  262K 1s
[2023-03-22T04:32:19.938+0000] {subprocess.py:93} INFO -     50K .......... .......... .......... .......... .......... 39%  680K 0s
[2023-03-22T04:32:19.986+0000] {subprocess.py:93} INFO -    100K .......... .......... .......... .......... .......... 59% 1.02M 0s
[2023-03-22T04:32:20.014+0000] {subprocess.py:93} INFO -    150K .......... .......... .......... .......... .......... 78% 1.76M 0s
[2023-03-22T04:32:20.049+0000] {subprocess.py:93} INFO -    200K .......... .......... .......... .......... .......... 98% 1.39M 0s
[2023-03-22T04:32:20.050+0000] {subprocess.py:93} INFO -    250K ...                                                   100% 6.87T=0.4s
[2023-03-22T04:32:20.050+0000] {subprocess.py:93} INFO - 
[2023-03-22T04:32:20.050+0000] {subprocess.py:93} INFO - 2023-03-22 04:32:20 (676 KB/s) - ‘data.json’ saved [259778/259778]
[2023-03-22T04:32:20.051+0000] {subprocess.py:93} INFO - 
[2023-03-22T04:32:20.052+0000] {subprocess.py:97} INFO - Command exited with return code 0
[2023-03-22T04:32:20.070+0000] {taskinstance.py:1326} INFO - Marking task as SUCCESS. dag_id=CarFine, task_id=get_file, execution_date=20230322T042500, start_date=20230322T043218, end_date=20230322T043220
[2023-03-22T04:32:20.090+0000] {local_task_job.py:212} INFO - Task exited with return code 0
[2023-03-22T04:32:20.106+0000] {taskinstance.py:2585} INFO - 1 downstream tasks scheduled from follow-on schedule check
