[2023-03-22T01:33:36.206+0000] {taskinstance.py:1084} INFO - Dependencies all met for dep_context=non-requeueable deps ti=<TaskInstance: spark_examples.spark-task scheduled__2023-03-21T12:00:00+00:00 [queued]>
[2023-03-22T01:33:36.216+0000] {taskinstance.py:1084} INFO - Dependencies all met for dep_context=requeueable deps ti=<TaskInstance: spark_examples.spark-task scheduled__2023-03-21T12:00:00+00:00 [queued]>
[2023-03-22T01:33:36.216+0000] {taskinstance.py:1282} INFO - 
--------------------------------------------------------------------------------
[2023-03-22T01:33:36.216+0000] {taskinstance.py:1283} INFO - Starting attempt 1 of 1
[2023-03-22T01:33:36.216+0000] {taskinstance.py:1284} INFO - 
--------------------------------------------------------------------------------
[2023-03-22T01:33:36.231+0000] {taskinstance.py:1303} INFO - Executing <Task(SparkSubmitOperator): spark-task> on 2023-03-21 12:00:00+00:00
[2023-03-22T01:33:36.236+0000] {standard_task_runner.py:55} INFO - Started process 94 to run task
[2023-03-22T01:33:36.238+0000] {standard_task_runner.py:82} INFO - Running: ['***', 'tasks', 'run', 'spark_examples', 'spark-task', 'scheduled__2023-03-21T12:00:00+00:00', '--job-id', '247', '--raw', '--subdir', 'DAGS_FOLDER/spark.py', '--cfg-path', '/tmp/tmpymwcau_f']
[2023-03-22T01:33:36.239+0000] {standard_task_runner.py:83} INFO - Job 247: Subtask spark-task
[2023-03-22T01:33:36.286+0000] {task_command.py:388} INFO - Running <TaskInstance: spark_examples.spark-task scheduled__2023-03-21T12:00:00+00:00 [running]> on host c726f8549984
[2023-03-22T01:33:36.378+0000] {taskinstance.py:1511} INFO - Exporting the following env vars:
AIRFLOW_CTX_DAG_OWNER=truongvq
AIRFLOW_CTX_DAG_ID=spark_examples
AIRFLOW_CTX_TASK_ID=spark-task
AIRFLOW_CTX_EXECUTION_DATE=2023-03-21T12:00:00+00:00
AIRFLOW_CTX_TRY_NUMBER=1
AIRFLOW_CTX_DAG_RUN_ID=scheduled__2023-03-21T12:00:00+00:00
[2023-03-22T01:33:36.386+0000] {base.py:73} INFO - Using connection ID 'spark-connection' for task execution.
[2023-03-22T01:33:36.387+0000] {spark_submit.py:335} INFO - Spark-Submit cmd: spark-submit --master spark://vtn-truongvq:7077 --name arrow-spark --class com.viettel.truongvq.spark.Spark --verbose /opt/***/plugins/big-data-fundamentals.jar
[2023-03-22T01:33:36.509+0000] {spark_submit.py:488} INFO - /home/***/.local/lib/python3.7/site-packages/pyspark/bin/load-spark-env.sh: line 68: ps: command not found
[2023-03-22T01:33:42.420+0000] {spark_submit.py:488} INFO - Using properties file: null
[2023-03-22T01:33:42.719+0000] {spark_submit.py:488} INFO - Parsed arguments:
[2023-03-22T01:33:42.720+0000] {spark_submit.py:488} INFO - master                  spark://vtn-truongvq:7077
[2023-03-22T01:33:42.720+0000] {spark_submit.py:488} INFO - deployMode              null
[2023-03-22T01:33:42.721+0000] {spark_submit.py:488} INFO - executorMemory          null
[2023-03-22T01:33:42.721+0000] {spark_submit.py:488} INFO - executorCores           null
[2023-03-22T01:33:42.721+0000] {spark_submit.py:488} INFO - totalExecutorCores      null
[2023-03-22T01:33:42.721+0000] {spark_submit.py:488} INFO - propertiesFile          null
[2023-03-22T01:33:42.721+0000] {spark_submit.py:488} INFO - driverMemory            null
[2023-03-22T01:33:42.721+0000] {spark_submit.py:488} INFO - driverCores             null
[2023-03-22T01:33:42.721+0000] {spark_submit.py:488} INFO - driverExtraClassPath    null
[2023-03-22T01:33:42.721+0000] {spark_submit.py:488} INFO - driverExtraLibraryPath  null
[2023-03-22T01:33:42.722+0000] {spark_submit.py:488} INFO - driverExtraJavaOptions  null
[2023-03-22T01:33:42.722+0000] {spark_submit.py:488} INFO - supervise               false
[2023-03-22T01:33:42.722+0000] {spark_submit.py:488} INFO - queue                   null
[2023-03-22T01:33:42.722+0000] {spark_submit.py:488} INFO - numExecutors            null
[2023-03-22T01:33:42.722+0000] {spark_submit.py:488} INFO - files                   null
[2023-03-22T01:33:42.722+0000] {spark_submit.py:488} INFO - pyFiles                 null
[2023-03-22T01:33:42.722+0000] {spark_submit.py:488} INFO - archives                null
[2023-03-22T01:33:42.722+0000] {spark_submit.py:488} INFO - mainClass               com.viettel.truongvq.spark.Spark
[2023-03-22T01:33:42.722+0000] {spark_submit.py:488} INFO - primaryResource         file:/opt/***/plugins/big-data-fundamentals.jar
[2023-03-22T01:33:42.722+0000] {spark_submit.py:488} INFO - name                    arrow-spark
[2023-03-22T01:33:42.722+0000] {spark_submit.py:488} INFO - childArgs               []
[2023-03-22T01:33:42.723+0000] {spark_submit.py:488} INFO - jars                    null
[2023-03-22T01:33:42.723+0000] {spark_submit.py:488} INFO - packages                null
[2023-03-22T01:33:42.723+0000] {spark_submit.py:488} INFO - packagesExclusions      null
[2023-03-22T01:33:42.723+0000] {spark_submit.py:488} INFO - repositories            null
[2023-03-22T01:33:42.723+0000] {spark_submit.py:488} INFO - verbose                 true
[2023-03-22T01:33:42.723+0000] {spark_submit.py:488} INFO - 
[2023-03-22T01:33:42.723+0000] {spark_submit.py:488} INFO - Spark properties used, including those specified through
[2023-03-22T01:33:42.723+0000] {spark_submit.py:488} INFO - --conf and those from the properties file null:
[2023-03-22T01:33:42.723+0000] {spark_submit.py:488} INFO - 
[2023-03-22T01:33:42.723+0000] {spark_submit.py:488} INFO - 
[2023-03-22T01:33:42.724+0000] {spark_submit.py:488} INFO - 
[2023-03-22T01:33:43.659+0000] {spark_submit.py:488} INFO - Main class:
[2023-03-22T01:33:43.659+0000] {spark_submit.py:488} INFO - com.viettel.truongvq.spark.Spark
[2023-03-22T01:33:43.659+0000] {spark_submit.py:488} INFO - Arguments:
[2023-03-22T01:33:43.660+0000] {spark_submit.py:488} INFO - 
[2023-03-22T01:33:43.661+0000] {spark_submit.py:488} INFO - Spark config:
[2023-03-22T01:33:43.662+0000] {spark_submit.py:488} INFO - (spark.app.name,arrow-spark)
[2023-03-22T01:33:43.662+0000] {spark_submit.py:488} INFO - (spark.app.submitTime,1679448823588)
[2023-03-22T01:33:43.662+0000] {spark_submit.py:488} INFO - (spark.jars,file:/opt/***/plugins/big-data-fundamentals.jar)
[2023-03-22T01:33:43.662+0000] {spark_submit.py:488} INFO - (spark.master,spark://vtn-truongvq:7077)
[2023-03-22T01:33:43.663+0000] {spark_submit.py:488} INFO - (spark.submit.deployMode,client)
[2023-03-22T01:33:43.663+0000] {spark_submit.py:488} INFO - (spark.submit.pyFiles,)
[2023-03-22T01:33:43.663+0000] {spark_submit.py:488} INFO - Classpath elements:
[2023-03-22T01:33:43.663+0000] {spark_submit.py:488} INFO - file:/opt/***/plugins/big-data-fundamentals.jar
[2023-03-22T01:33:43.663+0000] {spark_submit.py:488} INFO - 
[2023-03-22T01:33:43.663+0000] {spark_submit.py:488} INFO - 
[2023-03-22T01:33:43.802+0000] {spark_submit.py:488} INFO - 23/03/22 01:33:43 INFO SparkContext: Running Spark version 3.3.2
[2023-03-22T01:33:43.930+0000] {spark_submit.py:488} INFO - 23/03/22 01:33:43 WARN NativeCodeLoader: Unable to load native-hadoop library for your platform... using builtin-java classes where applicable
[2023-03-22T01:33:44.190+0000] {spark_submit.py:488} INFO - 23/03/22 01:33:44 INFO ResourceUtils: ==============================================================
[2023-03-22T01:33:44.191+0000] {spark_submit.py:488} INFO - 23/03/22 01:33:44 INFO ResourceUtils: No custom resources configured for spark.driver.
[2023-03-22T01:33:44.192+0000] {spark_submit.py:488} INFO - 23/03/22 01:33:44 INFO ResourceUtils: ==============================================================
[2023-03-22T01:33:44.194+0000] {spark_submit.py:488} INFO - 23/03/22 01:33:44 INFO SparkContext: Submitted application: SparkExample
[2023-03-22T01:33:44.291+0000] {spark_submit.py:488} INFO - 23/03/22 01:33:44 INFO ResourceProfile: Default ResourceProfile created, executor resources: Map(cores -> name: cores, amount: 1, script: , vendor: , memory -> name: memory, amount: 1024, script: , vendor: , offHeap -> name: offHeap, amount: 0, script: , vendor: ), task resources: Map(cpus -> name: cpus, amount: 1.0)
[2023-03-22T01:33:44.356+0000] {spark_submit.py:488} INFO - 23/03/22 01:33:44 INFO ResourceProfile: Limiting resource is cpu
[2023-03-22T01:33:44.361+0000] {spark_submit.py:488} INFO - 23/03/22 01:33:44 INFO ResourceProfileManager: Added ResourceProfile id: 0
[2023-03-22T01:33:44.611+0000] {spark_submit.py:488} INFO - 23/03/22 01:33:44 INFO SecurityManager: Changing view acls to: default
[2023-03-22T01:33:44.617+0000] {spark_submit.py:488} INFO - 23/03/22 01:33:44 INFO SecurityManager: Changing modify acls to: default
[2023-03-22T01:33:44.621+0000] {spark_submit.py:488} INFO - 23/03/22 01:33:44 INFO SecurityManager: Changing view acls groups to:
[2023-03-22T01:33:44.625+0000] {spark_submit.py:488} INFO - 23/03/22 01:33:44 INFO SecurityManager: Changing modify acls groups to:
[2023-03-22T01:33:44.628+0000] {spark_submit.py:488} INFO - 23/03/22 01:33:44 INFO SecurityManager: SecurityManager: authentication disabled; ui acls disabled; users  with view permissions: Set(default); groups with view permissions: Set(); users  with modify permissions: Set(default); groups with modify permissions: Set()
[2023-03-22T01:33:45.866+0000] {spark_submit.py:488} INFO - 23/03/22 01:33:45 INFO Utils: Successfully started service 'sparkDriver' on port 39315.
[2023-03-22T01:33:46.233+0000] {spark_submit.py:488} INFO - 23/03/22 01:33:46 INFO SparkEnv: Registering MapOutputTracker
[2023-03-22T01:33:46.466+0000] {spark_submit.py:488} INFO - 23/03/22 01:33:46 INFO SparkEnv: Registering BlockManagerMaster
[2023-03-22T01:33:46.491+0000] {spark_submit.py:488} INFO - 23/03/22 01:33:46 INFO BlockManagerMasterEndpoint: Using org.apache.spark.storage.DefaultTopologyMapper for getting topology information
[2023-03-22T01:33:46.493+0000] {spark_submit.py:488} INFO - 23/03/22 01:33:46 INFO BlockManagerMasterEndpoint: BlockManagerMasterEndpoint up
[2023-03-22T01:33:46.522+0000] {spark_submit.py:488} INFO - 23/03/22 01:33:46 INFO SparkEnv: Registering BlockManagerMasterHeartbeat
[2023-03-22T01:33:46.604+0000] {spark_submit.py:488} INFO - 23/03/22 01:33:46 INFO DiskBlockManager: Created local directory at /tmp/blockmgr-980ef627-a227-4686-a0a2-17a03f653dc8
[2023-03-22T01:33:46.727+0000] {spark_submit.py:488} INFO - 23/03/22 01:33:46 INFO MemoryStore: MemoryStore started with capacity 434.4 MiB
[2023-03-22T01:33:46.813+0000] {spark_submit.py:488} INFO - 23/03/22 01:33:46 INFO SparkEnv: Registering OutputCommitCoordinator
[2023-03-22T01:33:47.715+0000] {spark_submit.py:488} INFO - 23/03/22 01:33:47 INFO Utils: Successfully started service 'SparkUI' on port 4040.
[2023-03-22T01:33:47.861+0000] {spark_submit.py:488} INFO - 23/03/22 01:33:47 INFO SparkContext: Added JAR file:/opt/***/plugins/big-data-fundamentals.jar at spark://c726f8549984:39315/jars/big-data-fundamentals.jar with timestamp 1679448823779
[2023-03-22T01:33:48.127+0000] {spark_submit.py:488} INFO - 23/03/22 01:33:48 INFO Executor: Starting executor ID driver on host c726f8549984
[2023-03-22T01:33:48.156+0000] {spark_submit.py:488} INFO - 23/03/22 01:33:48 INFO Executor: Starting executor with user classpath (userClassPathFirst = false): ''
[2023-03-22T01:33:48.237+0000] {spark_submit.py:488} INFO - 23/03/22 01:33:48 INFO Executor: Fetching spark://c726f8549984:39315/jars/big-data-fundamentals.jar with timestamp 1679448823779
[2023-03-22T01:33:48.509+0000] {spark_submit.py:488} INFO - 23/03/22 01:33:48 INFO TransportClientFactory: Successfully created connection to c726f8549984/172.23.0.7:39315 after 186 ms (0 ms spent in bootstraps)
[2023-03-22T01:33:48.566+0000] {spark_submit.py:488} INFO - 23/03/22 01:33:48 INFO Utils: Fetching spark://c726f8549984:39315/jars/big-data-fundamentals.jar to /tmp/spark-ea0d236f-2206-4524-bfb6-3f1770d0761f/userFiles-6b8df84e-a497-4060-ad4e-0fcc2cdd242c/fetchFileTemp5366633383003954518.tmp
[2023-03-22T01:33:48.913+0000] {spark_submit.py:488} INFO - 23/03/22 01:33:48 INFO Executor: Adding file:/tmp/spark-ea0d236f-2206-4524-bfb6-3f1770d0761f/userFiles-6b8df84e-a497-4060-ad4e-0fcc2cdd242c/big-data-fundamentals.jar to class loader
[2023-03-22T01:33:48.947+0000] {spark_submit.py:488} INFO - 23/03/22 01:33:48 INFO Utils: Successfully started service 'org.apache.spark.network.netty.NettyBlockTransferService' on port 46247.
[2023-03-22T01:33:48.947+0000] {spark_submit.py:488} INFO - 23/03/22 01:33:48 INFO NettyBlockTransferService: Server created on c726f8549984:46247
[2023-03-22T01:33:48.951+0000] {spark_submit.py:488} INFO - 23/03/22 01:33:48 INFO BlockManager: Using org.apache.spark.storage.RandomBlockReplicationPolicy for block replication policy
[2023-03-22T01:33:48.962+0000] {spark_submit.py:488} INFO - 23/03/22 01:33:48 INFO BlockManagerMaster: Registering BlockManager BlockManagerId(driver, c726f8549984, 46247, None)
[2023-03-22T01:33:48.979+0000] {spark_submit.py:488} INFO - 23/03/22 01:33:48 INFO BlockManagerMasterEndpoint: Registering block manager c726f8549984:46247 with 434.4 MiB RAM, BlockManagerId(driver, c726f8549984, 46247, None)
[2023-03-22T01:33:48.991+0000] {spark_submit.py:488} INFO - 23/03/22 01:33:48 INFO BlockManagerMaster: Registered BlockManager BlockManagerId(driver, c726f8549984, 46247, None)
[2023-03-22T01:33:48.996+0000] {spark_submit.py:488} INFO - 23/03/22 01:33:48 INFO BlockManager: Initialized BlockManager: BlockManagerId(driver, c726f8549984, 46247, None)
[2023-03-22T01:33:54.154+0000] {spark_submit.py:488} INFO - 23/03/22 01:33:54 INFO SparkContext: Starting job: lookup at Spark.scala:15
[2023-03-22T01:33:54.222+0000] {spark_submit.py:488} INFO - 23/03/22 01:33:54 INFO DAGScheduler: Got job 0 (lookup at Spark.scala:15) with 2 output partitions
[2023-03-22T01:33:54.241+0000] {spark_submit.py:488} INFO - 23/03/22 01:33:54 INFO DAGScheduler: Final stage: ResultStage 0 (lookup at Spark.scala:15)
[2023-03-22T01:33:54.242+0000] {spark_submit.py:488} INFO - 23/03/22 01:33:54 INFO DAGScheduler: Parents of final stage: List()
[2023-03-22T01:33:54.263+0000] {spark_submit.py:488} INFO - 23/03/22 01:33:54 INFO DAGScheduler: Missing parents: List()
[2023-03-22T01:33:54.319+0000] {spark_submit.py:488} INFO - 23/03/22 01:33:54 INFO DAGScheduler: Submitting ResultStage 0 (MapPartitionsRDD[3] at lookup at Spark.scala:15), which has no missing parents
[2023-03-22T01:33:55.538+0000] {spark_submit.py:488} INFO - 23/03/22 01:33:55 INFO MemoryStore: Block broadcast_0 stored as values in memory (estimated size 4.7 KiB, free 434.4 MiB)
[2023-03-22T01:33:55.889+0000] {spark_submit.py:488} INFO - 23/03/22 01:33:55 INFO MemoryStore: Block broadcast_0_piece0 stored as bytes in memory (estimated size 2.5 KiB, free 434.4 MiB)
[2023-03-22T01:33:55.899+0000] {spark_submit.py:488} INFO - 23/03/22 01:33:55 INFO BlockManagerInfo: Added broadcast_0_piece0 in memory on c726f8549984:46247 (size: 2.5 KiB, free: 434.4 MiB)
[2023-03-22T01:33:55.923+0000] {spark_submit.py:488} INFO - 23/03/22 01:33:55 INFO SparkContext: Created broadcast 0 from broadcast at DAGScheduler.scala:1513
[2023-03-22T01:33:56.041+0000] {spark_submit.py:488} INFO - 23/03/22 01:33:56 INFO DAGScheduler: Submitting 2 missing tasks from ResultStage 0 (MapPartitionsRDD[3] at lookup at Spark.scala:15) (first 15 tasks are for partitions Vector(0, 1))
[2023-03-22T01:33:56.048+0000] {spark_submit.py:488} INFO - 23/03/22 01:33:56 INFO TaskSchedulerImpl: Adding task set 0.0 with 2 tasks resource profile 0
[2023-03-22T01:33:56.587+0000] {spark_submit.py:488} INFO - 23/03/22 01:33:56 INFO TaskSetManager: Starting task 0.0 in stage 0.0 (TID 0) (c726f8549984, executor driver, partition 0, PROCESS_LOCAL, 4488 bytes) taskResourceAssignments Map()
[2023-03-22T01:33:56.732+0000] {spark_submit.py:488} INFO - 23/03/22 01:33:56 INFO Executor: Running task 0.0 in stage 0.0 (TID 0)
[2023-03-22T01:33:57.274+0000] {spark_submit.py:488} INFO - 23/03/22 01:33:57 INFO Executor: Finished task 0.0 in stage 0.0 (TID 0). 853 bytes result sent to driver
[2023-03-22T01:33:57.304+0000] {spark_submit.py:488} INFO - 23/03/22 01:33:57 INFO TaskSetManager: Starting task 1.0 in stage 0.0 (TID 1) (c726f8549984, executor driver, partition 1, PROCESS_LOCAL, 4491 bytes) taskResourceAssignments Map()
[2023-03-22T01:33:57.308+0000] {spark_submit.py:488} INFO - 23/03/22 01:33:57 INFO Executor: Running task 1.0 in stage 0.0 (TID 1)
[2023-03-22T01:33:57.330+0000] {spark_submit.py:488} INFO - 23/03/22 01:33:57 INFO TaskSetManager: Finished task 0.0 in stage 0.0 (TID 0) in 1032 ms on c726f8549984 (executor driver) (1/2)
[2023-03-22T01:33:57.380+0000] {spark_submit.py:488} INFO - 23/03/22 01:33:57 INFO Executor: Finished task 1.0 in stage 0.0 (TID 1). 854 bytes result sent to driver
[2023-03-22T01:33:57.405+0000] {spark_submit.py:488} INFO - 23/03/22 01:33:57 INFO TaskSetManager: Finished task 1.0 in stage 0.0 (TID 1) in 102 ms on c726f8549984 (executor driver) (2/2)
[2023-03-22T01:33:57.411+0000] {spark_submit.py:488} INFO - 23/03/22 01:33:57 INFO DAGScheduler: ResultStage 0 (lookup at Spark.scala:15) finished in 2.847 s
[2023-03-22T01:33:57.415+0000] {spark_submit.py:488} INFO - 23/03/22 01:33:57 INFO TaskSchedulerImpl: Removed TaskSet 0.0, whose tasks have all completed, from pool
[2023-03-22T01:33:57.440+0000] {spark_submit.py:488} INFO - 23/03/22 01:33:57 INFO DAGScheduler: Job 0 is finished. Cancelling potential speculative or zombie tasks for this job
[2023-03-22T01:33:57.442+0000] {spark_submit.py:488} INFO - 23/03/22 01:33:57 INFO TaskSchedulerImpl: Killing all running tasks in stage 0: Stage finished
[2023-03-22T01:33:57.453+0000] {spark_submit.py:488} INFO - 23/03/22 01:33:57 INFO DAGScheduler: Job 0 finished: lookup at Spark.scala:15, took 3.296022 s
[2023-03-22T01:33:57.532+0000] {spark_submit.py:488} INFO - WrappedArray(Spark, Simple)23/03/22 01:33:57 INFO SparkContext: Invoking stop() from shutdown hook
[2023-03-22T01:33:57.591+0000] {spark_submit.py:488} INFO - 23/03/22 01:33:57 INFO SparkUI: Stopped Spark web UI at http://c726f8549984:4040
[2023-03-22T01:33:57.683+0000] {spark_submit.py:488} INFO - 23/03/22 01:33:57 INFO MapOutputTrackerMasterEndpoint: MapOutputTrackerMasterEndpoint stopped!
[2023-03-22T01:33:57.763+0000] {spark_submit.py:488} INFO - 23/03/22 01:33:57 INFO MemoryStore: MemoryStore cleared
[2023-03-22T01:33:57.766+0000] {spark_submit.py:488} INFO - 23/03/22 01:33:57 INFO BlockManager: BlockManager stopped
[2023-03-22T01:33:57.785+0000] {spark_submit.py:488} INFO - 23/03/22 01:33:57 INFO BlockManagerMaster: BlockManagerMaster stopped
[2023-03-22T01:33:57.827+0000] {spark_submit.py:488} INFO - 23/03/22 01:33:57 INFO OutputCommitCoordinator$OutputCommitCoordinatorEndpoint: OutputCommitCoordinator stopped!
[2023-03-22T01:33:57.904+0000] {spark_submit.py:488} INFO - 23/03/22 01:33:57 INFO SparkContext: Successfully stopped SparkContext
[2023-03-22T01:33:57.907+0000] {spark_submit.py:488} INFO - 23/03/22 01:33:57 INFO ShutdownHookManager: Shutdown hook called
[2023-03-22T01:33:57.910+0000] {spark_submit.py:488} INFO - 23/03/22 01:33:57 INFO ShutdownHookManager: Deleting directory /tmp/spark-0ac5b77b-f08c-4b53-94d1-e6a0a581a77d
[2023-03-22T01:33:57.932+0000] {spark_submit.py:488} INFO - 23/03/22 01:33:57 INFO ShutdownHookManager: Deleting directory /tmp/spark-ea0d236f-2206-4524-bfb6-3f1770d0761f
[2023-03-22T01:33:58.601+0000] {taskinstance.py:1326} INFO - Marking task as SUCCESS. dag_id=spark_examples, task_id=spark-task, execution_date=20230321T120000, start_date=20230322T013336, end_date=20230322T013358
[2023-03-22T01:33:58.704+0000] {local_task_job.py:212} INFO - Task exited with return code 0
[2023-03-22T01:33:58.884+0000] {taskinstance.py:2585} INFO - 0 downstream tasks scheduled from follow-on schedule check
