[2023-03-21T10:40:19.737+0000] {taskinstance.py:1084} INFO - Dependencies all met for dep_context=non-requeueable deps ti=<TaskInstance: spark_examples.spark-task scheduled__2023-03-20T15:00:00+00:00 [queued]>
[2023-03-21T10:40:19.747+0000] {taskinstance.py:1084} INFO - Dependencies all met for dep_context=requeueable deps ti=<TaskInstance: spark_examples.spark-task scheduled__2023-03-20T15:00:00+00:00 [queued]>
[2023-03-21T10:40:19.747+0000] {taskinstance.py:1282} INFO - 
--------------------------------------------------------------------------------
[2023-03-21T10:40:19.747+0000] {taskinstance.py:1283} INFO - Starting attempt 1 of 1
[2023-03-21T10:40:19.747+0000] {taskinstance.py:1284} INFO - 
--------------------------------------------------------------------------------
[2023-03-21T10:40:19.762+0000] {taskinstance.py:1303} INFO - Executing <Task(SparkSubmitOperator): spark-task> on 2023-03-20 15:00:00+00:00
[2023-03-21T10:40:19.769+0000] {standard_task_runner.py:55} INFO - Started process 100 to run task
[2023-03-21T10:40:19.773+0000] {standard_task_runner.py:82} INFO - Running: ['***', 'tasks', 'run', 'spark_examples', 'spark-task', 'scheduled__2023-03-20T15:00:00+00:00', '--job-id', '27', '--raw', '--subdir', 'DAGS_FOLDER/spark.py', '--cfg-path', '/tmp/tmpwmahmyqp']
[2023-03-21T10:40:19.773+0000] {standard_task_runner.py:83} INFO - Job 27: Subtask spark-task
[2023-03-21T10:40:19.873+0000] {task_command.py:388} INFO - Running <TaskInstance: spark_examples.spark-task scheduled__2023-03-20T15:00:00+00:00 [running]> on host 8ba67ffa84db
[2023-03-21T10:40:19.988+0000] {taskinstance.py:1511} INFO - Exporting the following env vars:
AIRFLOW_CTX_DAG_OWNER=truongvq
AIRFLOW_CTX_DAG_ID=spark_examples
AIRFLOW_CTX_TASK_ID=spark-task
AIRFLOW_CTX_EXECUTION_DATE=2023-03-20T15:00:00+00:00
AIRFLOW_CTX_TRY_NUMBER=1
AIRFLOW_CTX_DAG_RUN_ID=scheduled__2023-03-20T15:00:00+00:00
[2023-03-21T10:40:20.008+0000] {base.py:73} INFO - Using connection ID 'spark-connection' for task execution.
[2023-03-21T10:40:20.010+0000] {spark_submit.py:335} INFO - Spark-Submit cmd: spark-submit --master spark://vtn-truongvq:7077 --name arrow-spark --class com.viettel.truongvq.spark.Spark --verbose /home/truongvq/scala/big-data-fundamentals/target/big-data-fundamentals-1.0-SNAPSHOT.jar
[2023-03-21T10:40:20.210+0000] {spark_submit.py:488} INFO - /home/***/.local/lib/python3.7/site-packages/pyspark/bin/load-spark-env.sh: line 68: ps: command not found
[2023-03-21T10:40:26.529+0000] {spark_submit.py:488} INFO - Using properties file: null
[2023-03-21T10:40:27.183+0000] {spark_submit.py:488} INFO - Parsed arguments:
[2023-03-21T10:40:27.183+0000] {spark_submit.py:488} INFO - master                  spark://vtn-truongvq:7077
[2023-03-21T10:40:27.184+0000] {spark_submit.py:488} INFO - deployMode              null
[2023-03-21T10:40:27.184+0000] {spark_submit.py:488} INFO - executorMemory          null
[2023-03-21T10:40:27.184+0000] {spark_submit.py:488} INFO - executorCores           null
[2023-03-21T10:40:27.184+0000] {spark_submit.py:488} INFO - totalExecutorCores      null
[2023-03-21T10:40:27.184+0000] {spark_submit.py:488} INFO - propertiesFile          null
[2023-03-21T10:40:27.184+0000] {spark_submit.py:488} INFO - driverMemory            null
[2023-03-21T10:40:27.184+0000] {spark_submit.py:488} INFO - driverCores             null
[2023-03-21T10:40:27.184+0000] {spark_submit.py:488} INFO - driverExtraClassPath    null
[2023-03-21T10:40:27.184+0000] {spark_submit.py:488} INFO - driverExtraLibraryPath  null
[2023-03-21T10:40:27.185+0000] {spark_submit.py:488} INFO - driverExtraJavaOptions  null
[2023-03-21T10:40:27.185+0000] {spark_submit.py:488} INFO - supervise               false
[2023-03-21T10:40:27.185+0000] {spark_submit.py:488} INFO - queue                   null
[2023-03-21T10:40:27.185+0000] {spark_submit.py:488} INFO - numExecutors            null
[2023-03-21T10:40:27.185+0000] {spark_submit.py:488} INFO - files                   null
[2023-03-21T10:40:27.185+0000] {spark_submit.py:488} INFO - pyFiles                 null
[2023-03-21T10:40:27.185+0000] {spark_submit.py:488} INFO - archives                null
[2023-03-21T10:40:27.185+0000] {spark_submit.py:488} INFO - mainClass               com.viettel.truongvq.spark.Spark
[2023-03-21T10:40:27.185+0000] {spark_submit.py:488} INFO - primaryResource         file:/home/truongvq/scala/big-data-fundamentals/target/big-data-fundamentals-1.0-SNAPSHOT.jar
[2023-03-21T10:40:27.186+0000] {spark_submit.py:488} INFO - name                    arrow-spark
[2023-03-21T10:40:27.186+0000] {spark_submit.py:488} INFO - childArgs               []
[2023-03-21T10:40:27.186+0000] {spark_submit.py:488} INFO - jars                    null
[2023-03-21T10:40:27.186+0000] {spark_submit.py:488} INFO - packages                null
[2023-03-21T10:40:27.186+0000] {spark_submit.py:488} INFO - packagesExclusions      null
[2023-03-21T10:40:27.186+0000] {spark_submit.py:488} INFO - repositories            null
[2023-03-21T10:40:27.186+0000] {spark_submit.py:488} INFO - verbose                 true
[2023-03-21T10:40:27.186+0000] {spark_submit.py:488} INFO - 
[2023-03-21T10:40:27.186+0000] {spark_submit.py:488} INFO - Spark properties used, including those specified through
[2023-03-21T10:40:27.186+0000] {spark_submit.py:488} INFO - --conf and those from the properties file null:
[2023-03-21T10:40:27.187+0000] {spark_submit.py:488} INFO - 
[2023-03-21T10:40:27.187+0000] {spark_submit.py:488} INFO - 
[2023-03-21T10:40:27.187+0000] {spark_submit.py:488} INFO - 
[2023-03-21T10:40:28.531+0000] {spark_submit.py:488} INFO - Main class:
[2023-03-21T10:40:28.532+0000] {spark_submit.py:488} INFO - com.viettel.truongvq.spark.Spark
[2023-03-21T10:40:28.534+0000] {spark_submit.py:488} INFO - Arguments:
[2023-03-21T10:40:28.534+0000] {spark_submit.py:488} INFO - 
[2023-03-21T10:40:28.543+0000] {spark_submit.py:488} INFO - Spark config:
[2023-03-21T10:40:28.543+0000] {spark_submit.py:488} INFO - (spark.app.name,arrow-spark)
[2023-03-21T10:40:28.544+0000] {spark_submit.py:488} INFO - (spark.app.submitTime,1679395228504)
[2023-03-21T10:40:28.544+0000] {spark_submit.py:488} INFO - (spark.jars,file:/home/truongvq/scala/big-data-fundamentals/target/big-data-fundamentals-1.0-SNAPSHOT.jar)
[2023-03-21T10:40:28.544+0000] {spark_submit.py:488} INFO - (spark.master,spark://vtn-truongvq:7077)
[2023-03-21T10:40:28.544+0000] {spark_submit.py:488} INFO - (spark.submit.deployMode,client)
[2023-03-21T10:40:28.558+0000] {spark_submit.py:488} INFO - (spark.submit.pyFiles,)
[2023-03-21T10:40:28.560+0000] {spark_submit.py:488} INFO - Classpath elements:
[2023-03-21T10:40:28.563+0000] {spark_submit.py:488} INFO - file:/home/truongvq/scala/big-data-fundamentals/target/big-data-fundamentals-1.0-SNAPSHOT.jar
[2023-03-21T10:40:28.565+0000] {spark_submit.py:488} INFO - 
[2023-03-21T10:40:28.574+0000] {spark_submit.py:488} INFO - 
[2023-03-21T10:40:28.597+0000] {spark_submit.py:488} INFO - 23/03/21 10:40:28 WARN DependencyUtils: Local jar /home/truongvq/scala/big-data-fundamentals/target/big-data-fundamentals-1.0-SNAPSHOT.jar does not exist, skipping.
[2023-03-21T10:40:28.606+0000] {spark_submit.py:488} INFO - Error: Failed to load class com.viettel.truongvq.spark.Spark.
[2023-03-21T10:40:28.675+0000] {spark_submit.py:488} INFO - 23/03/21 10:40:28 INFO ShutdownHookManager: Shutdown hook called
[2023-03-21T10:40:28.681+0000] {spark_submit.py:488} INFO - 23/03/21 10:40:28 INFO ShutdownHookManager: Deleting directory /tmp/spark-10f6a03e-4ab5-4b93-8ea2-6cbd99b1f924
[2023-03-21T10:40:28.858+0000] {taskinstance.py:1775} ERROR - Task failed with exception
Traceback (most recent call last):
  File "/home/airflow/.local/lib/python3.7/site-packages/airflow/providers/apache/spark/operators/spark_submit.py", line 157, in execute
    self._hook.submit(self._application)
  File "/home/airflow/.local/lib/python3.7/site-packages/airflow/providers/apache/spark/hooks/spark_submit.py", line 420, in submit
    f"Cannot execute: {self._mask_cmd(spark_submit_cmd)}. Error code is: {returncode}."
airflow.exceptions.AirflowException: Cannot execute: spark-submit --master spark://vtn-truongvq:7077 --name arrow-spark --class com.viettel.truongvq.spark.Spark --verbose /home/truongvq/scala/big-data-fundamentals/target/big-data-fundamentals-1.0-SNAPSHOT.jar. Error code is: 101.
[2023-03-21T10:40:28.866+0000] {taskinstance.py:1326} INFO - Marking task as FAILED. dag_id=spark_examples, task_id=spark-task, execution_date=20230320T150000, start_date=20230321T104019, end_date=20230321T104028
[2023-03-21T10:40:28.914+0000] {standard_task_runner.py:105} ERROR - Failed to execute job 27 for task spark-task (Cannot execute: spark-submit --master spark://vtn-truongvq:7077 --name arrow-spark --class com.viettel.truongvq.spark.Spark --verbose /home/truongvq/scala/big-data-fundamentals/target/big-data-fundamentals-1.0-SNAPSHOT.jar. Error code is: 101.; 100)
[2023-03-21T10:40:28.970+0000] {local_task_job.py:212} INFO - Task exited with return code 1
[2023-03-21T10:40:29.013+0000] {taskinstance.py:2585} INFO - 0 downstream tasks scheduled from follow-on schedule check
