[2023-03-22T04:15:00.750+0000] {taskinstance.py:1084} INFO - Dependencies all met for dep_context=non-requeueable deps ti=<TaskInstance: CarFine.get_file scheduled__2023-03-22T04:10:00+00:00 [queued]>
[2023-03-22T04:15:00.756+0000] {taskinstance.py:1084} INFO - Dependencies all met for dep_context=requeueable deps ti=<TaskInstance: CarFine.get_file scheduled__2023-03-22T04:10:00+00:00 [queued]>
[2023-03-22T04:15:00.757+0000] {taskinstance.py:1282} INFO - 
--------------------------------------------------------------------------------
[2023-03-22T04:15:00.757+0000] {taskinstance.py:1283} INFO - Starting attempt 1 of 1
[2023-03-22T04:15:00.757+0000] {taskinstance.py:1284} INFO - 
--------------------------------------------------------------------------------
[2023-03-22T04:15:00.766+0000] {taskinstance.py:1303} INFO - Executing <Task(BashOperator): get_file> on 2023-03-22 04:10:00+00:00
[2023-03-22T04:15:00.770+0000] {standard_task_runner.py:55} INFO - Started process 1226 to run task
[2023-03-22T04:15:00.771+0000] {standard_task_runner.py:82} INFO - Running: ['***', 'tasks', 'run', 'CarFine', 'get_file', 'scheduled__2023-03-22T04:10:00+00:00', '--job-id', '270', '--raw', '--subdir', 'DAGS_FOLDER/CarFineDAG.py', '--cfg-path', '/tmp/tmpbw4phuvk']
[2023-03-22T04:15:00.772+0000] {standard_task_runner.py:83} INFO - Job 270: Subtask get_file
[2023-03-22T04:15:00.812+0000] {task_command.py:388} INFO - Running <TaskInstance: CarFine.get_file scheduled__2023-03-22T04:10:00+00:00 [running]> on host f331b8a34e72
[2023-03-22T04:15:00.861+0000] {taskinstance.py:1511} INFO - Exporting the following env vars:
AIRFLOW_CTX_DAG_OWNER=***
AIRFLOW_CTX_DAG_ID=CarFine
AIRFLOW_CTX_TASK_ID=get_file
AIRFLOW_CTX_EXECUTION_DATE=2023-03-22T04:10:00+00:00
AIRFLOW_CTX_TRY_NUMBER=1
AIRFLOW_CTX_DAG_RUN_ID=scheduled__2023-03-22T04:10:00+00:00
[2023-03-22T04:15:00.862+0000] {subprocess.py:63} INFO - Tmp dir root location: 
 /tmp
[2023-03-22T04:15:00.862+0000] {subprocess.py:75} INFO - Running command: ['/bin/bash', '-c', 'wget https://www.dl.dropboxusercontent.com/s/q1de0kkhhxp5vo9/data.json ']
[2023-03-22T04:15:00.870+0000] {subprocess.py:86} INFO - Output:
[2023-03-22T04:15:00.873+0000] {subprocess.py:93} INFO - --2023-03-22 04:15:00--  https://www.dl.dropboxusercontent.com/s/q1de0kkhhxp5vo9/data.json
[2023-03-22T04:15:10.888+0000] {subprocess.py:93} INFO - Resolving www.dl.dropboxusercontent.com (www.dl.dropboxusercontent.com)... 162.125.81.15, 2620:100:6035:15::a27d:550f
[2023-03-22T04:17:20.218+0000] {subprocess.py:93} INFO - Connecting to www.dl.dropboxusercontent.com (www.dl.dropboxusercontent.com)|162.125.81.15|:443... failed: Connection timed out.
[2023-03-22T04:17:20.218+0000] {subprocess.py:93} INFO - Connecting to www.dl.dropboxusercontent.com (www.dl.dropboxusercontent.com)|2620:100:6035:15::a27d:550f|:443... failed: Cannot assign requested address.
[2023-03-22T04:17:20.219+0000] {subprocess.py:93} INFO - Retrying.
[2023-03-22T04:17:20.219+0000] {subprocess.py:93} INFO - 
[2023-03-22T04:17:21.218+0000] {subprocess.py:93} INFO - --2023-03-22 04:17:21--  (try: 2)  https://www.dl.dropboxusercontent.com/s/q1de0kkhhxp5vo9/data.json
[2023-03-22T04:18:25.838+0000] {subprocess.py:93} INFO - Connecting to www.dl.dropboxusercontent.com (www.dl.dropboxusercontent.com)|162.125.81.15|:443... connected.
[2023-03-22T04:18:26.880+0000] {subprocess.py:93} INFO - HTTP request sent, awaiting response... 200 OK
[2023-03-22T04:18:26.882+0000] {subprocess.py:93} INFO - Length: 259778 (254K) [text/plain]
[2023-03-22T04:18:26.883+0000] {subprocess.py:93} INFO - Saving to: ‘data.json’
[2023-03-22T04:18:26.966+0000] {subprocess.py:93} INFO - 
[2023-03-22T04:18:27.137+0000] {subprocess.py:93} INFO -      0K .......... .......... .......... .......... .......... 19%  196K 1s
[2023-03-22T04:18:27.257+0000] {subprocess.py:93} INFO -     50K .......... .......... .......... .......... .......... 39%  417K 1s
[2023-03-22T04:18:27.429+0000] {subprocess.py:93} INFO -    100K .......... .......... .......... .......... .......... 59%  291K 0s
[2023-03-22T04:18:27.548+0000] {subprocess.py:93} INFO -    150K .......... .......... .......... .......... .......... 78%  418K 0s
[2023-03-22T04:18:27.657+0000] {subprocess.py:93} INFO -    200K .......... .......... .......... .......... .......... 98%  460K 0s
[2023-03-22T04:18:27.657+0000] {subprocess.py:93} INFO -    250K ...                                                   100% 6.87T=0.8s
[2023-03-22T04:18:27.657+0000] {subprocess.py:93} INFO - 
[2023-03-22T04:18:27.658+0000] {subprocess.py:93} INFO - 2023-03-22 04:18:27 (328 KB/s) - ‘data.json’ saved [259778/259778]
[2023-03-22T04:18:27.658+0000] {subprocess.py:93} INFO - 
[2023-03-22T04:18:27.659+0000] {subprocess.py:97} INFO - Command exited with return code 0
[2023-03-22T04:18:27.729+0000] {taskinstance.py:1326} INFO - Marking task as SUCCESS. dag_id=CarFine, task_id=get_file, execution_date=20230322T041000, start_date=20230322T041500, end_date=20230322T041827
[2023-03-22T04:18:27.779+0000] {local_task_job.py:212} INFO - Task exited with return code 0
[2023-03-22T04:18:27.795+0000] {taskinstance.py:2585} INFO - 1 downstream tasks scheduled from follow-on schedule check
