[2023-03-22T01:33:36.402+0000] {taskinstance.py:1084} INFO - Dependencies all met for dep_context=non-requeueable deps ti=<TaskInstance: spark_examples.spark-task scheduled__2023-03-21T14:00:00+00:00 [queued]>
[2023-03-22T01:33:36.413+0000] {taskinstance.py:1084} INFO - Dependencies all met for dep_context=requeueable deps ti=<TaskInstance: spark_examples.spark-task scheduled__2023-03-21T14:00:00+00:00 [queued]>
[2023-03-22T01:33:36.413+0000] {taskinstance.py:1282} INFO - 
--------------------------------------------------------------------------------
[2023-03-22T01:33:36.413+0000] {taskinstance.py:1283} INFO - Starting attempt 1 of 1
[2023-03-22T01:33:36.413+0000] {taskinstance.py:1284} INFO - 
--------------------------------------------------------------------------------
[2023-03-22T01:33:36.428+0000] {taskinstance.py:1303} INFO - Executing <Task(SparkSubmitOperator): spark-task> on 2023-03-21 14:00:00+00:00
[2023-03-22T01:33:36.432+0000] {standard_task_runner.py:55} INFO - Started process 118 to run task
[2023-03-22T01:33:36.434+0000] {standard_task_runner.py:82} INFO - Running: ['***', 'tasks', 'run', 'spark_examples', 'spark-task', 'scheduled__2023-03-21T14:00:00+00:00', '--job-id', '249', '--raw', '--subdir', 'DAGS_FOLDER/spark.py', '--cfg-path', '/tmp/tmppzh8msxs']
[2023-03-22T01:33:36.434+0000] {standard_task_runner.py:83} INFO - Job 249: Subtask spark-task
[2023-03-22T01:33:36.502+0000] {task_command.py:388} INFO - Running <TaskInstance: spark_examples.spark-task scheduled__2023-03-21T14:00:00+00:00 [running]> on host c726f8549984
[2023-03-22T01:33:36.608+0000] {taskinstance.py:1511} INFO - Exporting the following env vars:
AIRFLOW_CTX_DAG_OWNER=truongvq
AIRFLOW_CTX_DAG_ID=spark_examples
AIRFLOW_CTX_TASK_ID=spark-task
AIRFLOW_CTX_EXECUTION_DATE=2023-03-21T14:00:00+00:00
AIRFLOW_CTX_TRY_NUMBER=1
AIRFLOW_CTX_DAG_RUN_ID=scheduled__2023-03-21T14:00:00+00:00
[2023-03-22T01:33:36.620+0000] {base.py:73} INFO - Using connection ID 'spark-connection' for task execution.
[2023-03-22T01:33:36.621+0000] {spark_submit.py:335} INFO - Spark-Submit cmd: spark-submit --master spark://vtn-truongvq:7077 --name arrow-spark --class com.viettel.truongvq.spark.Spark --verbose /opt/***/plugins/big-data-fundamentals.jar
[2023-03-22T01:33:36.790+0000] {spark_submit.py:488} INFO - /home/***/.local/lib/python3.7/site-packages/pyspark/bin/load-spark-env.sh: line 68: ps: command not found
[2023-03-22T01:33:43.620+0000] {spark_submit.py:488} INFO - Using properties file: null
[2023-03-22T01:33:44.033+0000] {spark_submit.py:488} INFO - Parsed arguments:
[2023-03-22T01:33:44.033+0000] {spark_submit.py:488} INFO - master                  spark://vtn-truongvq:7077
[2023-03-22T01:33:44.034+0000] {spark_submit.py:488} INFO - deployMode              null
[2023-03-22T01:33:44.034+0000] {spark_submit.py:488} INFO - executorMemory          null
[2023-03-22T01:33:44.034+0000] {spark_submit.py:488} INFO - executorCores           null
[2023-03-22T01:33:44.034+0000] {spark_submit.py:488} INFO - totalExecutorCores      null
[2023-03-22T01:33:44.034+0000] {spark_submit.py:488} INFO - propertiesFile          null
[2023-03-22T01:33:44.034+0000] {spark_submit.py:488} INFO - driverMemory            null
[2023-03-22T01:33:44.034+0000] {spark_submit.py:488} INFO - driverCores             null
[2023-03-22T01:33:44.034+0000] {spark_submit.py:488} INFO - driverExtraClassPath    null
[2023-03-22T01:33:44.035+0000] {spark_submit.py:488} INFO - driverExtraLibraryPath  null
[2023-03-22T01:33:44.035+0000] {spark_submit.py:488} INFO - driverExtraJavaOptions  null
[2023-03-22T01:33:44.035+0000] {spark_submit.py:488} INFO - supervise               false
[2023-03-22T01:33:44.035+0000] {spark_submit.py:488} INFO - queue                   null
[2023-03-22T01:33:44.035+0000] {spark_submit.py:488} INFO - numExecutors            null
[2023-03-22T01:33:44.036+0000] {spark_submit.py:488} INFO - files                   null
[2023-03-22T01:33:44.036+0000] {spark_submit.py:488} INFO - pyFiles                 null
[2023-03-22T01:33:44.036+0000] {spark_submit.py:488} INFO - archives                null
[2023-03-22T01:33:44.036+0000] {spark_submit.py:488} INFO - mainClass               com.viettel.truongvq.spark.Spark
[2023-03-22T01:33:44.036+0000] {spark_submit.py:488} INFO - primaryResource         file:/opt/***/plugins/big-data-fundamentals.jar
[2023-03-22T01:33:44.036+0000] {spark_submit.py:488} INFO - name                    arrow-spark
[2023-03-22T01:33:44.036+0000] {spark_submit.py:488} INFO - childArgs               []
[2023-03-22T01:33:44.036+0000] {spark_submit.py:488} INFO - jars                    null
[2023-03-22T01:33:44.036+0000] {spark_submit.py:488} INFO - packages                null
[2023-03-22T01:33:44.036+0000] {spark_submit.py:488} INFO - packagesExclusions      null
[2023-03-22T01:33:44.037+0000] {spark_submit.py:488} INFO - repositories            null
[2023-03-22T01:33:44.037+0000] {spark_submit.py:488} INFO - verbose                 true
[2023-03-22T01:33:44.037+0000] {spark_submit.py:488} INFO - 
[2023-03-22T01:33:44.037+0000] {spark_submit.py:488} INFO - Spark properties used, including those specified through
[2023-03-22T01:33:44.037+0000] {spark_submit.py:488} INFO - --conf and those from the properties file null:
[2023-03-22T01:33:44.037+0000] {spark_submit.py:488} INFO - 
[2023-03-22T01:33:44.037+0000] {spark_submit.py:488} INFO - 
[2023-03-22T01:33:44.037+0000] {spark_submit.py:488} INFO - 
[2023-03-22T01:33:45.666+0000] {spark_submit.py:488} INFO - Main class:
[2023-03-22T01:33:45.667+0000] {spark_submit.py:488} INFO - com.viettel.truongvq.spark.Spark
[2023-03-22T01:33:45.668+0000] {spark_submit.py:488} INFO - Arguments:
[2023-03-22T01:33:45.669+0000] {spark_submit.py:488} INFO - 
[2023-03-22T01:33:45.681+0000] {spark_submit.py:488} INFO - Spark config:
[2023-03-22T01:33:45.682+0000] {spark_submit.py:488} INFO - (spark.app.name,arrow-spark)
[2023-03-22T01:33:45.682+0000] {spark_submit.py:488} INFO - (spark.app.submitTime,1679448825483)
[2023-03-22T01:33:45.682+0000] {spark_submit.py:488} INFO - (spark.jars,file:/opt/***/plugins/big-data-fundamentals.jar)
[2023-03-22T01:33:45.682+0000] {spark_submit.py:488} INFO - (spark.master,spark://vtn-truongvq:7077)
[2023-03-22T01:33:45.682+0000] {spark_submit.py:488} INFO - (spark.submit.deployMode,client)
[2023-03-22T01:33:45.683+0000] {spark_submit.py:488} INFO - (spark.submit.pyFiles,)
[2023-03-22T01:33:45.684+0000] {spark_submit.py:488} INFO - Classpath elements:
[2023-03-22T01:33:45.684+0000] {spark_submit.py:488} INFO - file:/opt/***/plugins/big-data-fundamentals.jar
[2023-03-22T01:33:45.685+0000] {spark_submit.py:488} INFO - 
[2023-03-22T01:33:45.686+0000] {spark_submit.py:488} INFO - 
[2023-03-22T01:33:46.018+0000] {spark_submit.py:488} INFO - 23/03/22 01:33:46 INFO SparkContext: Running Spark version 3.3.2
[2023-03-22T01:33:46.382+0000] {spark_submit.py:488} INFO - 23/03/22 01:33:46 WARN NativeCodeLoader: Unable to load native-hadoop library for your platform... using builtin-java classes where applicable
[2023-03-22T01:33:46.882+0000] {spark_submit.py:488} INFO - 23/03/22 01:33:46 INFO ResourceUtils: ==============================================================
[2023-03-22T01:33:46.885+0000] {spark_submit.py:488} INFO - 23/03/22 01:33:46 INFO ResourceUtils: No custom resources configured for spark.driver.
[2023-03-22T01:33:46.887+0000] {spark_submit.py:488} INFO - 23/03/22 01:33:46 INFO ResourceUtils: ==============================================================
[2023-03-22T01:33:46.890+0000] {spark_submit.py:488} INFO - 23/03/22 01:33:46 INFO SparkContext: Submitted application: SparkExample
[2023-03-22T01:33:46.978+0000] {spark_submit.py:488} INFO - 23/03/22 01:33:46 INFO ResourceProfile: Default ResourceProfile created, executor resources: Map(cores -> name: cores, amount: 1, script: , vendor: , memory -> name: memory, amount: 1024, script: , vendor: , offHeap -> name: offHeap, amount: 0, script: , vendor: ), task resources: Map(cpus -> name: cpus, amount: 1.0)
[2023-03-22T01:33:47.059+0000] {spark_submit.py:488} INFO - 23/03/22 01:33:47 INFO ResourceProfile: Limiting resource is cpu
[2023-03-22T01:33:47.065+0000] {spark_submit.py:488} INFO - 23/03/22 01:33:47 INFO ResourceProfileManager: Added ResourceProfile id: 0
[2023-03-22T01:33:47.285+0000] {spark_submit.py:488} INFO - 23/03/22 01:33:47 INFO SecurityManager: Changing view acls to: default
[2023-03-22T01:33:47.289+0000] {spark_submit.py:488} INFO - 23/03/22 01:33:47 INFO SecurityManager: Changing modify acls to: default
[2023-03-22T01:33:47.291+0000] {spark_submit.py:488} INFO - 23/03/22 01:33:47 INFO SecurityManager: Changing view acls groups to:
[2023-03-22T01:33:47.294+0000] {spark_submit.py:488} INFO - 23/03/22 01:33:47 INFO SecurityManager: Changing modify acls groups to:
[2023-03-22T01:33:47.296+0000] {spark_submit.py:488} INFO - 23/03/22 01:33:47 INFO SecurityManager: SecurityManager: authentication disabled; ui acls disabled; users  with view permissions: Set(default); groups with view permissions: Set(); users  with modify permissions: Set(default); groups with modify permissions: Set()
[2023-03-22T01:33:48.410+0000] {spark_submit.py:488} INFO - 23/03/22 01:33:48 INFO Utils: Successfully started service 'sparkDriver' on port 45181.
[2023-03-22T01:33:48.673+0000] {spark_submit.py:488} INFO - 23/03/22 01:33:48 INFO SparkEnv: Registering MapOutputTracker
[2023-03-22T01:33:48.896+0000] {spark_submit.py:488} INFO - 23/03/22 01:33:48 INFO SparkEnv: Registering BlockManagerMaster
[2023-03-22T01:33:48.927+0000] {spark_submit.py:488} INFO - 23/03/22 01:33:48 INFO BlockManagerMasterEndpoint: Using org.apache.spark.storage.DefaultTopologyMapper for getting topology information
[2023-03-22T01:33:48.930+0000] {spark_submit.py:488} INFO - 23/03/22 01:33:48 INFO BlockManagerMasterEndpoint: BlockManagerMasterEndpoint up
[2023-03-22T01:33:49.018+0000] {spark_submit.py:488} INFO - 23/03/22 01:33:49 INFO SparkEnv: Registering BlockManagerMasterHeartbeat
[2023-03-22T01:33:49.100+0000] {spark_submit.py:488} INFO - 23/03/22 01:33:49 INFO DiskBlockManager: Created local directory at /tmp/blockmgr-537bde29-a205-4ace-8f00-22bc08af706d
[2023-03-22T01:33:49.131+0000] {spark_submit.py:488} INFO - 23/03/22 01:33:49 INFO MemoryStore: MemoryStore started with capacity 434.4 MiB
[2023-03-22T01:33:49.205+0000] {spark_submit.py:488} INFO - 23/03/22 01:33:49 INFO SparkEnv: Registering OutputCommitCoordinator
[2023-03-22T01:33:50.244+0000] {spark_submit.py:488} INFO - 23/03/22 01:33:50 WARN Utils: Service 'SparkUI' could not bind on port 4040. Attempting port 4041.
[2023-03-22T01:33:50.249+0000] {spark_submit.py:488} INFO - 23/03/22 01:33:50 WARN Utils: Service 'SparkUI' could not bind on port 4041. Attempting port 4042.
[2023-03-22T01:33:50.262+0000] {spark_submit.py:488} INFO - 23/03/22 01:33:50 WARN Utils: Service 'SparkUI' could not bind on port 4042. Attempting port 4043.
[2023-03-22T01:33:50.264+0000] {spark_submit.py:488} INFO - 23/03/22 01:33:50 WARN Utils: Service 'SparkUI' could not bind on port 4043. Attempting port 4044.
[2023-03-22T01:33:50.316+0000] {spark_submit.py:488} INFO - 23/03/22 01:33:50 INFO Utils: Successfully started service 'SparkUI' on port 4044.
[2023-03-22T01:33:50.593+0000] {spark_submit.py:488} INFO - 23/03/22 01:33:50 INFO SparkContext: Added JAR file:/opt/***/plugins/big-data-fundamentals.jar at spark://c726f8549984:45181/jars/big-data-fundamentals.jar with timestamp 1679448825882
[2023-03-22T01:33:51.050+0000] {spark_submit.py:488} INFO - 23/03/22 01:33:51 INFO Executor: Starting executor ID driver on host c726f8549984
[2023-03-22T01:33:51.071+0000] {spark_submit.py:488} INFO - 23/03/22 01:33:51 INFO Executor: Starting executor with user classpath (userClassPathFirst = false): ''
[2023-03-22T01:33:51.115+0000] {spark_submit.py:488} INFO - 23/03/22 01:33:51 INFO Executor: Fetching spark://c726f8549984:45181/jars/big-data-fundamentals.jar with timestamp 1679448825882
[2023-03-22T01:33:51.361+0000] {spark_submit.py:488} INFO - 23/03/22 01:33:51 INFO TransportClientFactory: Successfully created connection to c726f8549984/172.23.0.7:45181 after 182 ms (0 ms spent in bootstraps)
[2023-03-22T01:33:51.380+0000] {spark_submit.py:488} INFO - 23/03/22 01:33:51 INFO Utils: Fetching spark://c726f8549984:45181/jars/big-data-fundamentals.jar to /tmp/spark-29152f46-a711-4e8e-aaed-3052b950d70a/userFiles-a20516c0-03db-4bb6-aead-c3b30e5b061d/fetchFileTemp6480182494076412919.tmp
[2023-03-22T01:33:52.035+0000] {spark_submit.py:488} INFO - 23/03/22 01:33:52 INFO Executor: Adding file:/tmp/spark-29152f46-a711-4e8e-aaed-3052b950d70a/userFiles-a20516c0-03db-4bb6-aead-c3b30e5b061d/big-data-fundamentals.jar to class loader
[2023-03-22T01:33:52.087+0000] {spark_submit.py:488} INFO - 23/03/22 01:33:52 INFO Utils: Successfully started service 'org.apache.spark.network.netty.NettyBlockTransferService' on port 44095.
[2023-03-22T01:33:52.107+0000] {spark_submit.py:488} INFO - 23/03/22 01:33:52 INFO NettyBlockTransferService: Server created on c726f8549984:44095
[2023-03-22T01:33:52.108+0000] {spark_submit.py:488} INFO - 23/03/22 01:33:52 INFO BlockManager: Using org.apache.spark.storage.RandomBlockReplicationPolicy for block replication policy
[2023-03-22T01:33:52.139+0000] {spark_submit.py:488} INFO - 23/03/22 01:33:52 INFO BlockManagerMaster: Registering BlockManager BlockManagerId(driver, c726f8549984, 44095, None)
[2023-03-22T01:33:52.169+0000] {spark_submit.py:488} INFO - 23/03/22 01:33:52 INFO BlockManagerMasterEndpoint: Registering block manager c726f8549984:44095 with 434.4 MiB RAM, BlockManagerId(driver, c726f8549984, 44095, None)
[2023-03-22T01:33:52.187+0000] {spark_submit.py:488} INFO - 23/03/22 01:33:52 INFO BlockManagerMaster: Registered BlockManager BlockManagerId(driver, c726f8549984, 44095, None)
[2023-03-22T01:33:52.194+0000] {spark_submit.py:488} INFO - 23/03/22 01:33:52 INFO BlockManager: Initialized BlockManager: BlockManagerId(driver, c726f8549984, 44095, None)
[2023-03-22T01:33:56.222+0000] {spark_submit.py:488} INFO - 23/03/22 01:33:56 INFO SparkContext: Starting job: lookup at Spark.scala:15
[2023-03-22T01:33:56.285+0000] {spark_submit.py:488} INFO - 23/03/22 01:33:56 INFO DAGScheduler: Got job 0 (lookup at Spark.scala:15) with 2 output partitions
[2023-03-22T01:33:56.286+0000] {spark_submit.py:488} INFO - 23/03/22 01:33:56 INFO DAGScheduler: Final stage: ResultStage 0 (lookup at Spark.scala:15)
[2023-03-22T01:33:56.301+0000] {spark_submit.py:488} INFO - 23/03/22 01:33:56 INFO DAGScheduler: Parents of final stage: List()
[2023-03-22T01:33:56.311+0000] {spark_submit.py:488} INFO - 23/03/22 01:33:56 INFO DAGScheduler: Missing parents: List()
[2023-03-22T01:33:56.362+0000] {spark_submit.py:488} INFO - 23/03/22 01:33:56 INFO DAGScheduler: Submitting ResultStage 0 (MapPartitionsRDD[3] at lookup at Spark.scala:15), which has no missing parents
[2023-03-22T01:33:57.556+0000] {spark_submit.py:488} INFO - 23/03/22 01:33:57 INFO MemoryStore: Block broadcast_0 stored as values in memory (estimated size 4.7 KiB, free 434.4 MiB)
[2023-03-22T01:33:57.938+0000] {spark_submit.py:488} INFO - 23/03/22 01:33:57 INFO MemoryStore: Block broadcast_0_piece0 stored as bytes in memory (estimated size 2.5 KiB, free 434.4 MiB)
[2023-03-22T01:33:57.959+0000] {spark_submit.py:488} INFO - 23/03/22 01:33:57 INFO BlockManagerInfo: Added broadcast_0_piece0 in memory on c726f8549984:44095 (size: 2.5 KiB, free: 434.4 MiB)
[2023-03-22T01:33:57.986+0000] {spark_submit.py:488} INFO - 23/03/22 01:33:57 INFO SparkContext: Created broadcast 0 from broadcast at DAGScheduler.scala:1513
[2023-03-22T01:33:58.216+0000] {spark_submit.py:488} INFO - 23/03/22 01:33:58 INFO DAGScheduler: Submitting 2 missing tasks from ResultStage 0 (MapPartitionsRDD[3] at lookup at Spark.scala:15) (first 15 tasks are for partitions Vector(0, 1))
[2023-03-22T01:33:58.223+0000] {spark_submit.py:488} INFO - 23/03/22 01:33:58 INFO TaskSchedulerImpl: Adding task set 0.0 with 2 tasks resource profile 0
[2023-03-22T01:33:58.780+0000] {spark_submit.py:488} INFO - 23/03/22 01:33:58 INFO TaskSetManager: Starting task 0.0 in stage 0.0 (TID 0) (c726f8549984, executor driver, partition 0, PROCESS_LOCAL, 4488 bytes) taskResourceAssignments Map()
[2023-03-22T01:33:58.911+0000] {spark_submit.py:488} INFO - 23/03/22 01:33:58 INFO Executor: Running task 0.0 in stage 0.0 (TID 0)
[2023-03-22T01:34:00.249+0000] {spark_submit.py:488} INFO - 23/03/22 01:34:00 INFO Executor: Finished task 0.0 in stage 0.0 (TID 0). 853 bytes result sent to driver
[2023-03-22T01:34:00.269+0000] {spark_submit.py:488} INFO - 23/03/22 01:34:00 INFO TaskSetManager: Starting task 1.0 in stage 0.0 (TID 1) (c726f8549984, executor driver, partition 1, PROCESS_LOCAL, 4491 bytes) taskResourceAssignments Map()
[2023-03-22T01:34:00.284+0000] {spark_submit.py:488} INFO - 23/03/22 01:34:00 INFO Executor: Running task 1.0 in stage 0.0 (TID 1)
[2023-03-22T01:34:00.336+0000] {spark_submit.py:488} INFO - 23/03/22 01:34:00 INFO Executor: Finished task 1.0 in stage 0.0 (TID 1). 854 bytes result sent to driver
[2023-03-22T01:34:00.424+0000] {spark_submit.py:488} INFO - 23/03/22 01:34:00 INFO TaskSetManager: Finished task 0.0 in stage 0.0 (TID 0) in 1743 ms on c726f8549984 (executor driver) (1/2)
[2023-03-22T01:34:00.429+0000] {spark_submit.py:488} INFO - 23/03/22 01:34:00 INFO TaskSetManager: Finished task 1.0 in stage 0.0 (TID 1) in 163 ms on c726f8549984 (executor driver) (2/2)
[2023-03-22T01:34:00.434+0000] {spark_submit.py:488} INFO - 23/03/22 01:34:00 INFO TaskSchedulerImpl: Removed TaskSet 0.0, whose tasks have all completed, from pool
[2023-03-22T01:34:00.473+0000] {spark_submit.py:488} INFO - 23/03/22 01:34:00 INFO DAGScheduler: ResultStage 0 (lookup at Spark.scala:15) finished in 3.877 s
[2023-03-22T01:34:00.501+0000] {spark_submit.py:488} INFO - 23/03/22 01:34:00 INFO DAGScheduler: Job 0 is finished. Cancelling potential speculative or zombie tasks for this job
[2023-03-22T01:34:00.502+0000] {spark_submit.py:488} INFO - 23/03/22 01:34:00 INFO TaskSchedulerImpl: Killing all running tasks in stage 0: Stage finished
[2023-03-22T01:34:00.515+0000] {spark_submit.py:488} INFO - 23/03/22 01:34:00 INFO DAGScheduler: Job 0 finished: lookup at Spark.scala:15, took 4.283317 s
[2023-03-22T01:34:00.660+0000] {spark_submit.py:488} INFO - WrappedArray(Spark, Simple)23/03/22 01:34:00 INFO SparkContext: Invoking stop() from shutdown hook
[2023-03-22T01:34:00.715+0000] {spark_submit.py:488} INFO - 23/03/22 01:34:00 INFO SparkUI: Stopped Spark web UI at http://c726f8549984:4044
[2023-03-22T01:34:00.796+0000] {spark_submit.py:488} INFO - 23/03/22 01:34:00 INFO MapOutputTrackerMasterEndpoint: MapOutputTrackerMasterEndpoint stopped!
[2023-03-22T01:34:00.858+0000] {spark_submit.py:488} INFO - 23/03/22 01:34:00 INFO MemoryStore: MemoryStore cleared
[2023-03-22T01:34:00.861+0000] {spark_submit.py:488} INFO - 23/03/22 01:34:00 INFO BlockManager: BlockManager stopped
[2023-03-22T01:34:00.873+0000] {spark_submit.py:488} INFO - 23/03/22 01:34:00 INFO BlockManagerMaster: BlockManagerMaster stopped
[2023-03-22T01:34:00.881+0000] {spark_submit.py:488} INFO - 23/03/22 01:34:00 INFO OutputCommitCoordinator$OutputCommitCoordinatorEndpoint: OutputCommitCoordinator stopped!
[2023-03-22T01:34:00.922+0000] {spark_submit.py:488} INFO - 23/03/22 01:34:00 INFO SparkContext: Successfully stopped SparkContext
[2023-03-22T01:34:00.926+0000] {spark_submit.py:488} INFO - 23/03/22 01:34:00 INFO ShutdownHookManager: Shutdown hook called
[2023-03-22T01:34:00.929+0000] {spark_submit.py:488} INFO - 23/03/22 01:34:00 INFO ShutdownHookManager: Deleting directory /tmp/spark-29152f46-a711-4e8e-aaed-3052b950d70a
[2023-03-22T01:34:00.964+0000] {spark_submit.py:488} INFO - 23/03/22 01:34:00 INFO ShutdownHookManager: Deleting directory /tmp/spark-02996671-f3bd-4cb3-8926-0fd70aa8e42e
[2023-03-22T01:34:01.161+0000] {taskinstance.py:1326} INFO - Marking task as SUCCESS. dag_id=spark_examples, task_id=spark-task, execution_date=20230321T140000, start_date=20230322T013336, end_date=20230322T013401
[2023-03-22T01:34:01.230+0000] {local_task_job.py:212} INFO - Task exited with return code 0
[2023-03-22T01:34:01.265+0000] {taskinstance.py:2585} INFO - 0 downstream tasks scheduled from follow-on schedule check
