[2023-03-22T04:19:01.323+0000] {taskinstance.py:1084} INFO - Dependencies all met for dep_context=non-requeueable deps ti=<TaskInstance: CarFine.show_file scheduled__2023-03-22T04:05:00+00:00 [queued]>
[2023-03-22T04:19:01.330+0000] {taskinstance.py:1084} INFO - Dependencies all met for dep_context=requeueable deps ti=<TaskInstance: CarFine.show_file scheduled__2023-03-22T04:05:00+00:00 [queued]>
[2023-03-22T04:19:01.330+0000] {taskinstance.py:1282} INFO - 
--------------------------------------------------------------------------------
[2023-03-22T04:19:01.330+0000] {taskinstance.py:1283} INFO - Starting attempt 1 of 1
[2023-03-22T04:19:01.330+0000] {taskinstance.py:1284} INFO - 
--------------------------------------------------------------------------------
[2023-03-22T04:19:01.339+0000] {taskinstance.py:1303} INFO - Executing <Task(BashOperator): show_file> on 2023-03-22 04:05:00+00:00
[2023-03-22T04:19:01.344+0000] {standard_task_runner.py:55} INFO - Started process 1406 to run task
[2023-03-22T04:19:01.345+0000] {standard_task_runner.py:82} INFO - Running: ['***', 'tasks', 'run', 'CarFine', 'show_file', 'scheduled__2023-03-22T04:05:00+00:00', '--job-id', '274', '--raw', '--subdir', 'DAGS_FOLDER/CarFineDAG.py', '--cfg-path', '/tmp/tmphrcu1v92']
[2023-03-22T04:19:01.345+0000] {standard_task_runner.py:83} INFO - Job 274: Subtask show_file
[2023-03-22T04:19:01.388+0000] {task_command.py:388} INFO - Running <TaskInstance: CarFine.show_file scheduled__2023-03-22T04:05:00+00:00 [running]> on host f331b8a34e72
[2023-03-22T04:19:01.440+0000] {taskinstance.py:1511} INFO - Exporting the following env vars:
AIRFLOW_CTX_DAG_OWNER=***
AIRFLOW_CTX_DAG_ID=CarFine
AIRFLOW_CTX_TASK_ID=show_file
AIRFLOW_CTX_EXECUTION_DATE=2023-03-22T04:05:00+00:00
AIRFLOW_CTX_TRY_NUMBER=1
AIRFLOW_CTX_DAG_RUN_ID=scheduled__2023-03-22T04:05:00+00:00
[2023-03-22T04:19:01.441+0000] {subprocess.py:63} INFO - Tmp dir root location: 
 /tmp
[2023-03-22T04:19:01.441+0000] {subprocess.py:75} INFO - Running command: ['/bin/bash', '-c', 'ls']
[2023-03-22T04:19:01.453+0000] {subprocess.py:86} INFO - Output:
[2023-03-22T04:19:01.455+0000] {subprocess.py:97} INFO - Command exited with return code 0
[2023-03-22T04:19:01.473+0000] {taskinstance.py:1326} INFO - Marking task as SUCCESS. dag_id=CarFine, task_id=show_file, execution_date=20230322T040500, start_date=20230322T041901, end_date=20230322T041901
[2023-03-22T04:19:01.517+0000] {local_task_job.py:212} INFO - Task exited with return code 0
[2023-03-22T04:19:01.529+0000] {taskinstance.py:2585} INFO - 0 downstream tasks scheduled from follow-on schedule check
