[2023-03-22T08:05:01.359+0000] {taskinstance.py:1084} INFO - Dependencies all met for dep_context=non-requeueable deps ti=<TaskInstance: CarFine.get_file scheduled__2023-03-22T08:00:00+00:00 [queued]>
[2023-03-22T08:05:01.365+0000] {taskinstance.py:1084} INFO - Dependencies all met for dep_context=requeueable deps ti=<TaskInstance: CarFine.get_file scheduled__2023-03-22T08:00:00+00:00 [queued]>
[2023-03-22T08:05:01.365+0000] {taskinstance.py:1282} INFO - 
--------------------------------------------------------------------------------
[2023-03-22T08:05:01.365+0000] {taskinstance.py:1283} INFO - Starting attempt 1 of 1
[2023-03-22T08:05:01.365+0000] {taskinstance.py:1284} INFO - 
--------------------------------------------------------------------------------
[2023-03-22T08:05:01.375+0000] {taskinstance.py:1303} INFO - Executing <Task(BashOperator): get_file> on 2023-03-22 08:00:00+00:00
[2023-03-22T08:05:01.380+0000] {standard_task_runner.py:55} INFO - Started process 4255 to run task
[2023-03-22T08:05:01.382+0000] {standard_task_runner.py:82} INFO - Running: ['***', 'tasks', 'run', 'CarFine', 'get_file', 'scheduled__2023-03-22T08:00:00+00:00', '--job-id', '364', '--raw', '--subdir', 'DAGS_FOLDER/CarFineDAG.py', '--cfg-path', '/tmp/tmpy1683h_q']
[2023-03-22T08:05:01.383+0000] {standard_task_runner.py:83} INFO - Job 364: Subtask get_file
[2023-03-22T08:05:01.427+0000] {task_command.py:388} INFO - Running <TaskInstance: CarFine.get_file scheduled__2023-03-22T08:00:00+00:00 [running]> on host ed9661b333ec
[2023-03-22T08:05:01.482+0000] {taskinstance.py:1511} INFO - Exporting the following env vars:
AIRFLOW_CTX_DAG_OWNER=***
AIRFLOW_CTX_DAG_ID=CarFine
AIRFLOW_CTX_TASK_ID=get_file
AIRFLOW_CTX_EXECUTION_DATE=2023-03-22T08:00:00+00:00
AIRFLOW_CTX_TRY_NUMBER=1
AIRFLOW_CTX_DAG_RUN_ID=scheduled__2023-03-22T08:00:00+00:00
[2023-03-22T08:05:01.483+0000] {subprocess.py:63} INFO - Tmp dir root location: 
 /tmp
[2023-03-22T08:05:01.483+0000] {subprocess.py:75} INFO - Running command: ['/bin/bash', '-c', 'wget -P /home/*** https://www.dl.dropboxusercontent.com/s/q1de0kkhhxp5vo9/data.json']
[2023-03-22T08:05:01.491+0000] {subprocess.py:86} INFO - Output:
[2023-03-22T08:05:01.494+0000] {subprocess.py:93} INFO - --2023-03-22 08:05:01--  https://www.dl.dropboxusercontent.com/s/q1de0kkhhxp5vo9/data.json
[2023-03-22T08:05:01.778+0000] {subprocess.py:93} INFO - Resolving www.dl.dropboxusercontent.com (www.dl.dropboxusercontent.com)... 162.125.81.15, 2620:100:6031:15::a27d:510f
[2023-03-22T08:05:01.860+0000] {subprocess.py:93} INFO - Connecting to www.dl.dropboxusercontent.com (www.dl.dropboxusercontent.com)|162.125.81.15|:443... connected.
[2023-03-22T08:05:02.624+0000] {subprocess.py:93} INFO - HTTP request sent, awaiting response... 200 OK
[2023-03-22T08:05:02.625+0000] {subprocess.py:93} INFO - Length: 259778 (254K) [text/plain]
[2023-03-22T08:05:02.625+0000] {subprocess.py:93} INFO - Saving to: ‘/home/***/data.json.4’
[2023-03-22T08:05:02.672+0000] {subprocess.py:93} INFO - 
[2023-03-22T08:05:02.800+0000] {subprocess.py:93} INFO -      0K .......... .......... .......... .......... .......... 19%  284K 1s
[2023-03-22T08:05:02.869+0000] {subprocess.py:93} INFO -     50K .......... .......... .......... .......... .......... 39%  731K 0s
[2023-03-22T08:05:02.928+0000] {subprocess.py:93} INFO -    100K .......... .......... .......... .......... .......... 59%  844K 0s
[2023-03-22T08:05:02.964+0000] {subprocess.py:93} INFO -    150K .......... .......... .......... .......... .......... 78% 1.34M 0s
[2023-03-22T08:05:02.993+0000] {subprocess.py:93} INFO -    200K .......... .......... .......... .......... .......... 98% 1.70M 0s
[2023-03-22T08:05:02.994+0000] {subprocess.py:93} INFO -    250K ...                                                   100% 6.87T=0.4s
[2023-03-22T08:05:02.994+0000] {subprocess.py:93} INFO - 
[2023-03-22T08:05:02.995+0000] {subprocess.py:93} INFO - 2023-03-22 08:05:02 (688 KB/s) - ‘/home/***/data.json.4’ saved [259778/259778]
[2023-03-22T08:05:02.995+0000] {subprocess.py:93} INFO - 
[2023-03-22T08:05:02.996+0000] {subprocess.py:97} INFO - Command exited with return code 0
[2023-03-22T08:05:03.058+0000] {taskinstance.py:1326} INFO - Marking task as SUCCESS. dag_id=CarFine, task_id=get_file, execution_date=20230322T080000, start_date=20230322T080501, end_date=20230322T080503
[2023-03-22T08:05:03.081+0000] {local_task_job.py:212} INFO - Task exited with return code 0
[2023-03-22T08:05:03.103+0000] {taskinstance.py:2585} INFO - 1 downstream tasks scheduled from follow-on schedule check
