[2023-03-22T08:05:05.422+0000] {taskinstance.py:1084} INFO - Dependencies all met for dep_context=non-requeueable deps ti=<TaskInstance: CarFine.spark-save-db scheduled__2023-03-22T08:00:00+00:00 [queued]>
[2023-03-22T08:05:05.429+0000] {taskinstance.py:1084} INFO - Dependencies all met for dep_context=requeueable deps ti=<TaskInstance: CarFine.spark-save-db scheduled__2023-03-22T08:00:00+00:00 [queued]>
[2023-03-22T08:05:05.429+0000] {taskinstance.py:1282} INFO - 
--------------------------------------------------------------------------------
[2023-03-22T08:05:05.429+0000] {taskinstance.py:1283} INFO - Starting attempt 1 of 1
[2023-03-22T08:05:05.429+0000] {taskinstance.py:1284} INFO - 
--------------------------------------------------------------------------------
[2023-03-22T08:05:05.438+0000] {taskinstance.py:1303} INFO - Executing <Task(SparkSubmitOperator): spark-save-db> on 2023-03-22 08:00:00+00:00
[2023-03-22T08:05:05.442+0000] {standard_task_runner.py:55} INFO - Started process 4261 to run task
[2023-03-22T08:05:05.444+0000] {standard_task_runner.py:82} INFO - Running: ['***', 'tasks', 'run', 'CarFine', 'spark-save-db', 'scheduled__2023-03-22T08:00:00+00:00', '--job-id', '366', '--raw', '--subdir', 'DAGS_FOLDER/CarFineDAG.py', '--cfg-path', '/tmp/tmprbcrkgwk']
[2023-03-22T08:05:05.444+0000] {standard_task_runner.py:83} INFO - Job 366: Subtask spark-save-db
[2023-03-22T08:05:05.483+0000] {task_command.py:388} INFO - Running <TaskInstance: CarFine.spark-save-db scheduled__2023-03-22T08:00:00+00:00 [running]> on host ed9661b333ec
[2023-03-22T08:05:05.531+0000] {taskinstance.py:1511} INFO - Exporting the following env vars:
AIRFLOW_CTX_DAG_OWNER=***
AIRFLOW_CTX_DAG_ID=CarFine
AIRFLOW_CTX_TASK_ID=spark-save-db
AIRFLOW_CTX_EXECUTION_DATE=2023-03-22T08:00:00+00:00
AIRFLOW_CTX_TRY_NUMBER=1
AIRFLOW_CTX_DAG_RUN_ID=scheduled__2023-03-22T08:00:00+00:00
[2023-03-22T08:05:05.536+0000] {base.py:73} INFO - Using connection ID 'spark-connection' for task execution.
[2023-03-22T08:05:05.537+0000] {spark_submit.py:335} INFO - Spark-Submit cmd: spark-submit --master spark://vtn-truongvq:7077 --name arrow-spark --class com.viettel.truongvq.spark.SparkJob --verbose /opt/***/plugins/big-data-fundamentals.jar
[2023-03-22T08:05:05.619+0000] {spark_submit.py:488} INFO - /home/***/.local/lib/python3.7/site-packages/pyspark/bin/load-spark-env.sh: line 68: ps: command not found
[2023-03-22T08:05:06.442+0000] {spark_submit.py:488} INFO - Using properties file: null
[2023-03-22T08:05:06.518+0000] {spark_submit.py:488} INFO - Parsed arguments:
[2023-03-22T08:05:06.518+0000] {spark_submit.py:488} INFO - master                  spark://vtn-truongvq:7077
[2023-03-22T08:05:06.518+0000] {spark_submit.py:488} INFO - deployMode              null
[2023-03-22T08:05:06.518+0000] {spark_submit.py:488} INFO - executorMemory          null
[2023-03-22T08:05:06.518+0000] {spark_submit.py:488} INFO - executorCores           null
[2023-03-22T08:05:06.518+0000] {spark_submit.py:488} INFO - totalExecutorCores      null
[2023-03-22T08:05:06.518+0000] {spark_submit.py:488} INFO - propertiesFile          null
[2023-03-22T08:05:06.519+0000] {spark_submit.py:488} INFO - driverMemory            null
[2023-03-22T08:05:06.519+0000] {spark_submit.py:488} INFO - driverCores             null
[2023-03-22T08:05:06.519+0000] {spark_submit.py:488} INFO - driverExtraClassPath    null
[2023-03-22T08:05:06.519+0000] {spark_submit.py:488} INFO - driverExtraLibraryPath  null
[2023-03-22T08:05:06.519+0000] {spark_submit.py:488} INFO - driverExtraJavaOptions  null
[2023-03-22T08:05:06.519+0000] {spark_submit.py:488} INFO - supervise               false
[2023-03-22T08:05:06.519+0000] {spark_submit.py:488} INFO - queue                   null
[2023-03-22T08:05:06.519+0000] {spark_submit.py:488} INFO - numExecutors            null
[2023-03-22T08:05:06.519+0000] {spark_submit.py:488} INFO - files                   null
[2023-03-22T08:05:06.519+0000] {spark_submit.py:488} INFO - pyFiles                 null
[2023-03-22T08:05:06.519+0000] {spark_submit.py:488} INFO - archives                null
[2023-03-22T08:05:06.519+0000] {spark_submit.py:488} INFO - mainClass               com.viettel.truongvq.spark.SparkJob
[2023-03-22T08:05:06.519+0000] {spark_submit.py:488} INFO - primaryResource         file:/opt/***/plugins/big-data-fundamentals.jar
[2023-03-22T08:05:06.519+0000] {spark_submit.py:488} INFO - name                    arrow-spark
[2023-03-22T08:05:06.520+0000] {spark_submit.py:488} INFO - childArgs               []
[2023-03-22T08:05:06.520+0000] {spark_submit.py:488} INFO - jars                    null
[2023-03-22T08:05:06.520+0000] {spark_submit.py:488} INFO - packages                null
[2023-03-22T08:05:06.520+0000] {spark_submit.py:488} INFO - packagesExclusions      null
[2023-03-22T08:05:06.520+0000] {spark_submit.py:488} INFO - repositories            null
[2023-03-22T08:05:06.520+0000] {spark_submit.py:488} INFO - verbose                 true
[2023-03-22T08:05:06.520+0000] {spark_submit.py:488} INFO - 
[2023-03-22T08:05:06.520+0000] {spark_submit.py:488} INFO - Spark properties used, including those specified through
[2023-03-22T08:05:06.520+0000] {spark_submit.py:488} INFO - --conf and those from the properties file null:
[2023-03-22T08:05:06.520+0000] {spark_submit.py:488} INFO - 
[2023-03-22T08:05:06.520+0000] {spark_submit.py:488} INFO - 
[2023-03-22T08:05:06.520+0000] {spark_submit.py:488} INFO - 
[2023-03-22T08:05:06.727+0000] {spark_submit.py:488} INFO - Main class:
[2023-03-22T08:05:06.727+0000] {spark_submit.py:488} INFO - com.viettel.truongvq.spark.SparkJob
[2023-03-22T08:05:06.727+0000] {spark_submit.py:488} INFO - Arguments:
[2023-03-22T08:05:06.728+0000] {spark_submit.py:488} INFO - 
[2023-03-22T08:05:06.730+0000] {spark_submit.py:488} INFO - Spark config:
[2023-03-22T08:05:06.730+0000] {spark_submit.py:488} INFO - (spark.app.name,arrow-spark)
[2023-03-22T08:05:06.730+0000] {spark_submit.py:488} INFO - (spark.app.submitTime,1679472306716)
[2023-03-22T08:05:06.730+0000] {spark_submit.py:488} INFO - (spark.jars,file:/opt/***/plugins/big-data-fundamentals.jar)
[2023-03-22T08:05:06.730+0000] {spark_submit.py:488} INFO - (spark.master,spark://vtn-truongvq:7077)
[2023-03-22T08:05:06.730+0000] {spark_submit.py:488} INFO - (spark.submit.deployMode,client)
[2023-03-22T08:05:06.730+0000] {spark_submit.py:488} INFO - (spark.submit.pyFiles,)
[2023-03-22T08:05:06.730+0000] {spark_submit.py:488} INFO - Classpath elements:
[2023-03-22T08:05:06.730+0000] {spark_submit.py:488} INFO - file:/opt/***/plugins/big-data-fundamentals.jar
[2023-03-22T08:05:06.730+0000] {spark_submit.py:488} INFO - 
[2023-03-22T08:05:06.730+0000] {spark_submit.py:488} INFO - 
[2023-03-22T08:05:06.752+0000] {spark_submit.py:488} INFO - 23/03/22 08:05:06 INFO SparkContext: Running Spark version 3.3.2
[2023-03-22T08:05:06.791+0000] {spark_submit.py:488} INFO - 23/03/22 08:05:06 WARN NativeCodeLoader: Unable to load native-hadoop library for your platform... using builtin-java classes where applicable
[2023-03-22T08:05:06.846+0000] {spark_submit.py:488} INFO - 23/03/22 08:05:06 INFO ResourceUtils: ==============================================================
[2023-03-22T08:05:06.846+0000] {spark_submit.py:488} INFO - 23/03/22 08:05:06 INFO ResourceUtils: No custom resources configured for spark.driver.
[2023-03-22T08:05:06.846+0000] {spark_submit.py:488} INFO - 23/03/22 08:05:06 INFO ResourceUtils: ==============================================================
[2023-03-22T08:05:06.846+0000] {spark_submit.py:488} INFO - 23/03/22 08:05:06 INFO SparkContext: Submitted application: SparkExample
[2023-03-22T08:05:06.860+0000] {spark_submit.py:488} INFO - 23/03/22 08:05:06 INFO ResourceProfile: Default ResourceProfile created, executor resources: Map(cores -> name: cores, amount: 1, script: , vendor: , memory -> name: memory, amount: 1024, script: , vendor: , offHeap -> name: offHeap, amount: 0, script: , vendor: ), task resources: Map(cpus -> name: cpus, amount: 1.0)
[2023-03-22T08:05:06.869+0000] {spark_submit.py:488} INFO - 23/03/22 08:05:06 INFO ResourceProfile: Limiting resource is cpu
[2023-03-22T08:05:06.869+0000] {spark_submit.py:488} INFO - 23/03/22 08:05:06 INFO ResourceProfileManager: Added ResourceProfile id: 0
[2023-03-22T08:05:06.897+0000] {spark_submit.py:488} INFO - 23/03/22 08:05:06 INFO SecurityManager: Changing view acls to: default
[2023-03-22T08:05:06.897+0000] {spark_submit.py:488} INFO - 23/03/22 08:05:06 INFO SecurityManager: Changing modify acls to: default
[2023-03-22T08:05:06.897+0000] {spark_submit.py:488} INFO - 23/03/22 08:05:06 INFO SecurityManager: Changing view acls groups to:
[2023-03-22T08:05:06.897+0000] {spark_submit.py:488} INFO - 23/03/22 08:05:06 INFO SecurityManager: Changing modify acls groups to:
[2023-03-22T08:05:06.898+0000] {spark_submit.py:488} INFO - 23/03/22 08:05:06 INFO SecurityManager: SecurityManager: authentication disabled; ui acls disabled; users  with view permissions: Set(default); groups with view permissions: Set(); users  with modify permissions: Set(default); groups with modify permissions: Set()
[2023-03-22T08:05:07.047+0000] {spark_submit.py:488} INFO - 23/03/22 08:05:07 INFO Utils: Successfully started service 'sparkDriver' on port 36427.
[2023-03-22T08:05:07.071+0000] {spark_submit.py:488} INFO - 23/03/22 08:05:07 INFO SparkEnv: Registering MapOutputTracker
[2023-03-22T08:05:07.095+0000] {spark_submit.py:488} INFO - 23/03/22 08:05:07 INFO SparkEnv: Registering BlockManagerMaster
[2023-03-22T08:05:07.106+0000] {spark_submit.py:488} INFO - 23/03/22 08:05:07 INFO BlockManagerMasterEndpoint: Using org.apache.spark.storage.DefaultTopologyMapper for getting topology information
[2023-03-22T08:05:07.106+0000] {spark_submit.py:488} INFO - 23/03/22 08:05:07 INFO BlockManagerMasterEndpoint: BlockManagerMasterEndpoint up
[2023-03-22T08:05:07.109+0000] {spark_submit.py:488} INFO - 23/03/22 08:05:07 INFO SparkEnv: Registering BlockManagerMasterHeartbeat
[2023-03-22T08:05:07.123+0000] {spark_submit.py:488} INFO - 23/03/22 08:05:07 INFO DiskBlockManager: Created local directory at /tmp/blockmgr-cde3ddac-7722-4d8f-9ed2-da82825d9823
[2023-03-22T08:05:07.133+0000] {spark_submit.py:488} INFO - 23/03/22 08:05:07 INFO MemoryStore: MemoryStore started with capacity 434.4 MiB
[2023-03-22T08:05:07.143+0000] {spark_submit.py:488} INFO - 23/03/22 08:05:07 INFO SparkEnv: Registering OutputCommitCoordinator
[2023-03-22T08:05:07.279+0000] {spark_submit.py:488} INFO - 23/03/22 08:05:07 INFO Utils: Successfully started service 'SparkUI' on port 4040.
[2023-03-22T08:05:07.301+0000] {spark_submit.py:488} INFO - 23/03/22 08:05:07 INFO SparkContext: Added JAR file:/opt/***/plugins/big-data-fundamentals.jar at spark://ed9661b333ec:36427/jars/big-data-fundamentals.jar with timestamp 1679472306746
[2023-03-22T08:05:07.339+0000] {spark_submit.py:488} INFO - 23/03/22 08:05:07 INFO Executor: Starting executor ID driver on host ed9661b333ec
[2023-03-22T08:05:07.343+0000] {spark_submit.py:488} INFO - 23/03/22 08:05:07 INFO Executor: Starting executor with user classpath (userClassPathFirst = false): ''
[2023-03-22T08:05:07.350+0000] {spark_submit.py:488} INFO - 23/03/22 08:05:07 INFO Executor: Fetching spark://ed9661b333ec:36427/jars/big-data-fundamentals.jar with timestamp 1679472306746
[2023-03-22T08:05:07.378+0000] {spark_submit.py:488} INFO - 23/03/22 08:05:07 INFO TransportClientFactory: Successfully created connection to ed9661b333ec/172.29.0.4:36427 after 15 ms (0 ms spent in bootstraps)
[2023-03-22T08:05:07.381+0000] {spark_submit.py:488} INFO - 23/03/22 08:05:07 INFO Utils: Fetching spark://ed9661b333ec:36427/jars/big-data-fundamentals.jar to /tmp/spark-58a93604-bce9-4dda-bbbb-782f322de8b4/userFiles-859480dd-7a8b-4bfe-87a8-072ea5147f71/fetchFileTemp17805756312667352015.tmp
[2023-03-22T08:05:07.416+0000] {spark_submit.py:488} INFO - 23/03/22 08:05:07 INFO Executor: Adding file:/tmp/spark-58a93604-bce9-4dda-bbbb-782f322de8b4/userFiles-859480dd-7a8b-4bfe-87a8-072ea5147f71/big-data-fundamentals.jar to class loader
[2023-03-22T08:05:07.420+0000] {spark_submit.py:488} INFO - 23/03/22 08:05:07 INFO Utils: Successfully started service 'org.apache.spark.network.netty.NettyBlockTransferService' on port 40329.
[2023-03-22T08:05:07.420+0000] {spark_submit.py:488} INFO - 23/03/22 08:05:07 INFO NettyBlockTransferService: Server created on ed9661b333ec:40329
[2023-03-22T08:05:07.421+0000] {spark_submit.py:488} INFO - 23/03/22 08:05:07 INFO BlockManager: Using org.apache.spark.storage.RandomBlockReplicationPolicy for block replication policy
[2023-03-22T08:05:07.424+0000] {spark_submit.py:488} INFO - 23/03/22 08:05:07 INFO BlockManagerMaster: Registering BlockManager BlockManagerId(driver, ed9661b333ec, 40329, None)
[2023-03-22T08:05:07.426+0000] {spark_submit.py:488} INFO - 23/03/22 08:05:07 INFO BlockManagerMasterEndpoint: Registering block manager ed9661b333ec:40329 with 434.4 MiB RAM, BlockManagerId(driver, ed9661b333ec, 40329, None)
[2023-03-22T08:05:07.427+0000] {spark_submit.py:488} INFO - 23/03/22 08:05:07 INFO BlockManagerMaster: Registered BlockManager BlockManagerId(driver, ed9661b333ec, 40329, None)
[2023-03-22T08:05:07.428+0000] {spark_submit.py:488} INFO - 23/03/22 08:05:07 INFO BlockManager: Initialized BlockManager: BlockManagerId(driver, ed9661b333ec, 40329, None)
[2023-03-22T08:05:07.631+0000] {spark_submit.py:488} INFO - 23/03/22 08:05:07 INFO SharedState: Setting hive.metastore.warehouse.dir ('null') to the value of spark.sql.warehouse.dir.
[2023-03-22T08:05:07.635+0000] {spark_submit.py:488} INFO - 23/03/22 08:05:07 INFO SharedState: Warehouse path is 'file:/opt/***/spark-warehouse'.
[2023-03-22T08:05:08.224+0000] {spark_submit.py:488} INFO - 23/03/22 08:05:08 INFO InMemoryFileIndex: It took 27 ms to list leaf files for 1 paths.
[2023-03-22T08:05:08.324+0000] {spark_submit.py:488} INFO - 23/03/22 08:05:08 INFO MemoryStore: Block broadcast_0 stored as values in memory (estimated size 200.0 KiB, free 434.2 MiB)
[2023-03-22T08:05:08.358+0000] {spark_submit.py:488} INFO - 23/03/22 08:05:08 INFO MemoryStore: Block broadcast_0_piece0 stored as bytes in memory (estimated size 34.1 KiB, free 434.2 MiB)
[2023-03-22T08:05:08.360+0000] {spark_submit.py:488} INFO - 23/03/22 08:05:08 INFO BlockManagerInfo: Added broadcast_0_piece0 in memory on ed9661b333ec:40329 (size: 34.1 KiB, free: 434.4 MiB)
[2023-03-22T08:05:08.362+0000] {spark_submit.py:488} INFO - 23/03/22 08:05:08 INFO SparkContext: Created broadcast 0 from json at SparkJob.scala:15
[2023-03-22T08:05:08.604+0000] {spark_submit.py:488} INFO - 23/03/22 08:05:08 INFO FileInputFormat: Total input files to process : 1
[2023-03-22T08:05:08.605+0000] {spark_submit.py:488} INFO - 23/03/22 08:05:08 INFO FileInputFormat: Total input files to process : 1
[2023-03-22T08:05:08.614+0000] {spark_submit.py:488} INFO - 23/03/22 08:05:08 INFO SparkContext: Starting job: json at SparkJob.scala:15
[2023-03-22T08:05:08.625+0000] {spark_submit.py:488} INFO - 23/03/22 08:05:08 INFO DAGScheduler: Got job 0 (json at SparkJob.scala:15) with 1 output partitions
[2023-03-22T08:05:08.625+0000] {spark_submit.py:488} INFO - 23/03/22 08:05:08 INFO DAGScheduler: Final stage: ResultStage 0 (json at SparkJob.scala:15)
[2023-03-22T08:05:08.625+0000] {spark_submit.py:488} INFO - 23/03/22 08:05:08 INFO DAGScheduler: Parents of final stage: List()
[2023-03-22T08:05:08.626+0000] {spark_submit.py:488} INFO - 23/03/22 08:05:08 INFO DAGScheduler: Missing parents: List()
[2023-03-22T08:05:08.630+0000] {spark_submit.py:488} INFO - 23/03/22 08:05:08 INFO DAGScheduler: Submitting ResultStage 0 (MapPartitionsRDD[2] at json at SparkJob.scala:15), which has no missing parents
[2023-03-22T08:05:08.685+0000] {spark_submit.py:488} INFO - 23/03/22 08:05:08 INFO MemoryStore: Block broadcast_1 stored as values in memory (estimated size 9.0 KiB, free 434.2 MiB)
[2023-03-22T08:05:08.690+0000] {spark_submit.py:488} INFO - 23/03/22 08:05:08 INFO MemoryStore: Block broadcast_1_piece0 stored as bytes in memory (estimated size 4.8 KiB, free 434.2 MiB)
[2023-03-22T08:05:08.690+0000] {spark_submit.py:488} INFO - 23/03/22 08:05:08 INFO BlockManagerInfo: Added broadcast_1_piece0 in memory on ed9661b333ec:40329 (size: 4.8 KiB, free: 434.4 MiB)
[2023-03-22T08:05:08.691+0000] {spark_submit.py:488} INFO - 23/03/22 08:05:08 INFO SparkContext: Created broadcast 1 from broadcast at DAGScheduler.scala:1513
[2023-03-22T08:05:08.705+0000] {spark_submit.py:488} INFO - 23/03/22 08:05:08 INFO DAGScheduler: Submitting 1 missing tasks from ResultStage 0 (MapPartitionsRDD[2] at json at SparkJob.scala:15) (first 15 tasks are for partitions Vector(0))
[2023-03-22T08:05:08.705+0000] {spark_submit.py:488} INFO - 23/03/22 08:05:08 INFO TaskSchedulerImpl: Adding task set 0.0 with 1 tasks resource profile 0
[2023-03-22T08:05:08.754+0000] {spark_submit.py:488} INFO - 23/03/22 08:05:08 INFO TaskSetManager: Starting task 0.0 in stage 0.0 (TID 0) (ed9661b333ec, executor driver, partition 0, PROCESS_LOCAL, 4573 bytes) taskResourceAssignments Map()
[2023-03-22T08:05:08.767+0000] {spark_submit.py:488} INFO - 23/03/22 08:05:08 INFO Executor: Running task 0.0 in stage 0.0 (TID 0)
[2023-03-22T08:05:08.835+0000] {spark_submit.py:488} INFO - 23/03/22 08:05:08 INFO BinaryFileRDD: Input split: Paths:/home/***/data.json:0+259778
[2023-03-22T08:05:08.940+0000] {spark_submit.py:488} INFO - 23/03/22 08:05:08 INFO Executor: Finished task 0.0 in stage 0.0 (TID 0). 2036 bytes result sent to driver
[2023-03-22T08:05:08.949+0000] {spark_submit.py:488} INFO - 23/03/22 08:05:08 INFO TaskSetManager: Finished task 0.0 in stage 0.0 (TID 0) in 207 ms on ed9661b333ec (executor driver) (1/1)
[2023-03-22T08:05:08.953+0000] {spark_submit.py:488} INFO - 23/03/22 08:05:08 INFO TaskSchedulerImpl: Removed TaskSet 0.0, whose tasks have all completed, from pool
[2023-03-22T08:05:08.957+0000] {spark_submit.py:488} INFO - 23/03/22 08:05:08 INFO DAGScheduler: ResultStage 0 (json at SparkJob.scala:15) finished in 0.312 s
[2023-03-22T08:05:08.960+0000] {spark_submit.py:488} INFO - 23/03/22 08:05:08 INFO DAGScheduler: Job 0 is finished. Cancelling potential speculative or zombie tasks for this job
[2023-03-22T08:05:08.961+0000] {spark_submit.py:488} INFO - 23/03/22 08:05:08 INFO TaskSchedulerImpl: Killing all running tasks in stage 0: Stage finished
[2023-03-22T08:05:08.964+0000] {spark_submit.py:488} INFO - 23/03/22 08:05:08 INFO DAGScheduler: Job 0 finished: json at SparkJob.scala:15, took 0.348608 s
[2023-03-22T08:05:10.051+0000] {spark_submit.py:488} INFO - 23/03/22 08:05:10 INFO BlockManagerInfo: Removed broadcast_0_piece0 on ed9661b333ec:40329 in memory (size: 34.1 KiB, free: 434.4 MiB)
[2023-03-22T08:05:10.055+0000] {spark_submit.py:488} INFO - 23/03/22 08:05:10 INFO BlockManagerInfo: Removed broadcast_1_piece0 on ed9661b333ec:40329 in memory (size: 4.8 KiB, free: 434.4 MiB)
[2023-03-22T08:05:10.183+0000] {spark_submit.py:488} INFO - Exception in thread "main" java.lang.ClassNotFoundException: org.postgresql.Driver
[2023-03-22T08:05:10.184+0000] {spark_submit.py:488} INFO - at java.base/java.net.URLClassLoader.findClass(URLClassLoader.java:476)
[2023-03-22T08:05:10.184+0000] {spark_submit.py:488} INFO - at java.base/java.lang.ClassLoader.loadClass(ClassLoader.java:589)
[2023-03-22T08:05:10.184+0000] {spark_submit.py:488} INFO - at java.base/java.lang.ClassLoader.loadClass(ClassLoader.java:522)
[2023-03-22T08:05:10.184+0000] {spark_submit.py:488} INFO - at org.apache.spark.sql.execution.datasources.jdbc.DriverRegistry$.register(DriverRegistry.scala:46)
[2023-03-22T08:05:10.184+0000] {spark_submit.py:488} INFO - at org.apache.spark.sql.execution.datasources.jdbc.JDBCOptions.$anonfun$driverClass$1(JDBCOptions.scala:101)
[2023-03-22T08:05:10.184+0000] {spark_submit.py:488} INFO - at org.apache.spark.sql.execution.datasources.jdbc.JDBCOptions.$anonfun$driverClass$1$adapted(JDBCOptions.scala:101)
[2023-03-22T08:05:10.184+0000] {spark_submit.py:488} INFO - at scala.Option.foreach(Option.scala:407)
[2023-03-22T08:05:10.184+0000] {spark_submit.py:488} INFO - at org.apache.spark.sql.execution.datasources.jdbc.JDBCOptions.<init>(JDBCOptions.scala:101)
[2023-03-22T08:05:10.184+0000] {spark_submit.py:488} INFO - at org.apache.spark.sql.execution.datasources.jdbc.JdbcOptionsInWrite.<init>(JDBCOptions.scala:229)
[2023-03-22T08:05:10.185+0000] {spark_submit.py:488} INFO - at org.apache.spark.sql.execution.datasources.jdbc.JdbcOptionsInWrite.<init>(JDBCOptions.scala:233)
[2023-03-22T08:05:10.185+0000] {spark_submit.py:488} INFO - at org.apache.spark.sql.execution.datasources.jdbc.JdbcRelationProvider.createRelation(JdbcRelationProvider.scala:47)
[2023-03-22T08:05:10.185+0000] {spark_submit.py:488} INFO - at org.apache.spark.sql.execution.datasources.SaveIntoDataSourceCommand.run(SaveIntoDataSourceCommand.scala:47)
[2023-03-22T08:05:10.185+0000] {spark_submit.py:488} INFO - at org.apache.spark.sql.execution.command.ExecutedCommandExec.sideEffectResult$lzycompute(commands.scala:75)
[2023-03-22T08:05:10.185+0000] {spark_submit.py:488} INFO - at org.apache.spark.sql.execution.command.ExecutedCommandExec.sideEffectResult(commands.scala:73)
[2023-03-22T08:05:10.185+0000] {spark_submit.py:488} INFO - at org.apache.spark.sql.execution.command.ExecutedCommandExec.executeCollect(commands.scala:84)
[2023-03-22T08:05:10.185+0000] {spark_submit.py:488} INFO - at org.apache.spark.sql.execution.QueryExecution$$anonfun$eagerlyExecuteCommands$1.$anonfun$applyOrElse$1(QueryExecution.scala:98)
[2023-03-22T08:05:10.185+0000] {spark_submit.py:488} INFO - at org.apache.spark.sql.execution.SQLExecution$.$anonfun$withNewExecutionId$6(SQLExecution.scala:109)
[2023-03-22T08:05:10.185+0000] {spark_submit.py:488} INFO - at org.apache.spark.sql.execution.SQLExecution$.withSQLConfPropagated(SQLExecution.scala:169)
[2023-03-22T08:05:10.185+0000] {spark_submit.py:488} INFO - at org.apache.spark.sql.execution.SQLExecution$.$anonfun$withNewExecutionId$1(SQLExecution.scala:95)
[2023-03-22T08:05:10.185+0000] {spark_submit.py:488} INFO - at org.apache.spark.sql.SparkSession.withActive(SparkSession.scala:779)
[2023-03-22T08:05:10.185+0000] {spark_submit.py:488} INFO - at org.apache.spark.sql.execution.SQLExecution$.withNewExecutionId(SQLExecution.scala:64)
[2023-03-22T08:05:10.185+0000] {spark_submit.py:488} INFO - at org.apache.spark.sql.execution.QueryExecution$$anonfun$eagerlyExecuteCommands$1.applyOrElse(QueryExecution.scala:98)
[2023-03-22T08:05:10.186+0000] {spark_submit.py:488} INFO - at org.apache.spark.sql.execution.QueryExecution$$anonfun$eagerlyExecuteCommands$1.applyOrElse(QueryExecution.scala:94)
[2023-03-22T08:05:10.186+0000] {spark_submit.py:488} INFO - at org.apache.spark.sql.catalyst.trees.TreeNode.$anonfun$transformDownWithPruning$1(TreeNode.scala:584)
[2023-03-22T08:05:10.186+0000] {spark_submit.py:488} INFO - at org.apache.spark.sql.catalyst.trees.CurrentOrigin$.withOrigin(TreeNode.scala:176)
[2023-03-22T08:05:10.186+0000] {spark_submit.py:488} INFO - at org.apache.spark.sql.catalyst.trees.TreeNode.transformDownWithPruning(TreeNode.scala:584)
[2023-03-22T08:05:10.186+0000] {spark_submit.py:488} INFO - at org.apache.spark.sql.catalyst.plans.logical.LogicalPlan.org$apache$spark$sql$catalyst$plans$logical$AnalysisHelper$$super$transformDownWithPruning(LogicalPlan.scala:30)
[2023-03-22T08:05:10.186+0000] {spark_submit.py:488} INFO - at org.apache.spark.sql.catalyst.plans.logical.AnalysisHelper.transformDownWithPruning(AnalysisHelper.scala:267)
[2023-03-22T08:05:10.186+0000] {spark_submit.py:488} INFO - at org.apache.spark.sql.catalyst.plans.logical.AnalysisHelper.transformDownWithPruning$(AnalysisHelper.scala:263)
[2023-03-22T08:05:10.186+0000] {spark_submit.py:488} INFO - at org.apache.spark.sql.catalyst.plans.logical.LogicalPlan.transformDownWithPruning(LogicalPlan.scala:30)
[2023-03-22T08:05:10.186+0000] {spark_submit.py:488} INFO - at org.apache.spark.sql.catalyst.plans.logical.LogicalPlan.transformDownWithPruning(LogicalPlan.scala:30)
[2023-03-22T08:05:10.186+0000] {spark_submit.py:488} INFO - at org.apache.spark.sql.catalyst.trees.TreeNode.transformDown(TreeNode.scala:560)
[2023-03-22T08:05:10.186+0000] {spark_submit.py:488} INFO - at org.apache.spark.sql.execution.QueryExecution.eagerlyExecuteCommands(QueryExecution.scala:94)
[2023-03-22T08:05:10.187+0000] {spark_submit.py:488} INFO - at org.apache.spark.sql.execution.QueryExecution.commandExecuted$lzycompute(QueryExecution.scala:81)
[2023-03-22T08:05:10.187+0000] {spark_submit.py:488} INFO - at org.apache.spark.sql.execution.QueryExecution.commandExecuted(QueryExecution.scala:79)
[2023-03-22T08:05:10.187+0000] {spark_submit.py:488} INFO - at org.apache.spark.sql.execution.QueryExecution.assertCommandExecuted(QueryExecution.scala:116)
[2023-03-22T08:05:10.187+0000] {spark_submit.py:488} INFO - at org.apache.spark.sql.DataFrameWriter.runCommand(DataFrameWriter.scala:860)
[2023-03-22T08:05:10.187+0000] {spark_submit.py:488} INFO - at org.apache.spark.sql.DataFrameWriter.saveToV1Source(DataFrameWriter.scala:390)
[2023-03-22T08:05:10.187+0000] {spark_submit.py:488} INFO - at org.apache.spark.sql.DataFrameWriter.saveInternal(DataFrameWriter.scala:363)
[2023-03-22T08:05:10.187+0000] {spark_submit.py:488} INFO - at org.apache.spark.sql.DataFrameWriter.save(DataFrameWriter.scala:247)
[2023-03-22T08:05:10.187+0000] {spark_submit.py:488} INFO - at com.viettel.truongvq.spark.SparkJob$.main(SparkJob.scala:26)
[2023-03-22T08:05:10.187+0000] {spark_submit.py:488} INFO - at com.viettel.truongvq.spark.SparkJob.main(SparkJob.scala)
[2023-03-22T08:05:10.187+0000] {spark_submit.py:488} INFO - at java.base/jdk.internal.reflect.NativeMethodAccessorImpl.invoke0(Native Method)
[2023-03-22T08:05:10.187+0000] {spark_submit.py:488} INFO - at java.base/jdk.internal.reflect.NativeMethodAccessorImpl.invoke(NativeMethodAccessorImpl.java:62)
[2023-03-22T08:05:10.187+0000] {spark_submit.py:488} INFO - at java.base/jdk.internal.reflect.DelegatingMethodAccessorImpl.invoke(DelegatingMethodAccessorImpl.java:43)
[2023-03-22T08:05:10.188+0000] {spark_submit.py:488} INFO - at java.base/java.lang.reflect.Method.invoke(Method.java:566)
[2023-03-22T08:05:10.188+0000] {spark_submit.py:488} INFO - at org.apache.spark.deploy.JavaMainApplication.start(SparkApplication.scala:52)
[2023-03-22T08:05:10.188+0000] {spark_submit.py:488} INFO - at org.apache.spark.deploy.SparkSubmit.org$apache$spark$deploy$SparkSubmit$$runMain(SparkSubmit.scala:958)
[2023-03-22T08:05:10.188+0000] {spark_submit.py:488} INFO - at org.apache.spark.deploy.SparkSubmit.doRunMain$1(SparkSubmit.scala:180)
[2023-03-22T08:05:10.188+0000] {spark_submit.py:488} INFO - at org.apache.spark.deploy.SparkSubmit.submit(SparkSubmit.scala:203)
[2023-03-22T08:05:10.188+0000] {spark_submit.py:488} INFO - at org.apache.spark.deploy.SparkSubmit.doSubmit(SparkSubmit.scala:90)
[2023-03-22T08:05:10.188+0000] {spark_submit.py:488} INFO - at org.apache.spark.deploy.SparkSubmit$$anon$2.doSubmit(SparkSubmit.scala:1046)
[2023-03-22T08:05:10.188+0000] {spark_submit.py:488} INFO - at org.apache.spark.deploy.SparkSubmit$.main(SparkSubmit.scala:1055)
[2023-03-22T08:05:10.188+0000] {spark_submit.py:488} INFO - at org.apache.spark.deploy.SparkSubmit.main(SparkSubmit.scala)
[2023-03-22T08:05:10.188+0000] {spark_submit.py:488} INFO - 23/03/22 08:05:10 INFO SparkContext: Invoking stop() from shutdown hook
[2023-03-22T08:05:10.193+0000] {spark_submit.py:488} INFO - 23/03/22 08:05:10 INFO SparkUI: Stopped Spark web UI at http://ed9661b333ec:4040
[2023-03-22T08:05:10.201+0000] {spark_submit.py:488} INFO - 23/03/22 08:05:10 INFO MapOutputTrackerMasterEndpoint: MapOutputTrackerMasterEndpoint stopped!
[2023-03-22T08:05:10.207+0000] {spark_submit.py:488} INFO - 23/03/22 08:05:10 INFO MemoryStore: MemoryStore cleared
[2023-03-22T08:05:10.208+0000] {spark_submit.py:488} INFO - 23/03/22 08:05:10 INFO BlockManager: BlockManager stopped
[2023-03-22T08:05:10.209+0000] {spark_submit.py:488} INFO - 23/03/22 08:05:10 INFO BlockManagerMaster: BlockManagerMaster stopped
[2023-03-22T08:05:10.211+0000] {spark_submit.py:488} INFO - 23/03/22 08:05:10 INFO OutputCommitCoordinator$OutputCommitCoordinatorEndpoint: OutputCommitCoordinator stopped!
[2023-03-22T08:05:10.217+0000] {spark_submit.py:488} INFO - 23/03/22 08:05:10 INFO SparkContext: Successfully stopped SparkContext
[2023-03-22T08:05:10.217+0000] {spark_submit.py:488} INFO - 23/03/22 08:05:10 INFO ShutdownHookManager: Shutdown hook called
[2023-03-22T08:05:10.218+0000] {spark_submit.py:488} INFO - 23/03/22 08:05:10 INFO ShutdownHookManager: Deleting directory /tmp/spark-58a93604-bce9-4dda-bbbb-782f322de8b4
[2023-03-22T08:05:10.219+0000] {spark_submit.py:488} INFO - 23/03/22 08:05:10 INFO ShutdownHookManager: Deleting directory /tmp/spark-005be2bb-691a-41cc-870f-45ac725d441a
[2023-03-22T08:05:10.292+0000] {taskinstance.py:1775} ERROR - Task failed with exception
Traceback (most recent call last):
  File "/home/airflow/.local/lib/python3.7/site-packages/airflow/providers/apache/spark/operators/spark_submit.py", line 157, in execute
    self._hook.submit(self._application)
  File "/home/airflow/.local/lib/python3.7/site-packages/airflow/providers/apache/spark/hooks/spark_submit.py", line 420, in submit
    f"Cannot execute: {self._mask_cmd(spark_submit_cmd)}. Error code is: {returncode}."
airflow.exceptions.AirflowException: Cannot execute: spark-submit --master spark://vtn-truongvq:7077 --name arrow-spark --class com.viettel.truongvq.spark.SparkJob --verbose /opt/***/plugins/big-data-fundamentals.jar. Error code is: 1.
[2023-03-22T08:05:10.295+0000] {taskinstance.py:1326} INFO - Marking task as FAILED. dag_id=CarFine, task_id=spark-save-db, execution_date=20230322T080000, start_date=20230322T080505, end_date=20230322T080510
[2023-03-22T08:05:10.306+0000] {standard_task_runner.py:105} ERROR - Failed to execute job 366 for task spark-save-db (Cannot execute: spark-submit --master spark://vtn-truongvq:7077 --name arrow-spark --class com.viettel.truongvq.spark.SparkJob --verbose /opt/***/plugins/big-data-fundamentals.jar. Error code is: 1.; 4261)
[2023-03-22T08:05:10.349+0000] {local_task_job.py:212} INFO - Task exited with return code 1
[2023-03-22T08:05:10.363+0000] {taskinstance.py:2585} INFO - 0 downstream tasks scheduled from follow-on schedule check
