[2023-03-22T08:00:30.599+0000] {taskinstance.py:1084} INFO - Dependencies all met for dep_context=non-requeueable deps ti=<TaskInstance: CarFine.spark-save-db manual__2023-03-22T08:00:28.277633+00:00 [queued]>
[2023-03-22T08:00:30.607+0000] {taskinstance.py:1084} INFO - Dependencies all met for dep_context=requeueable deps ti=<TaskInstance: CarFine.spark-save-db manual__2023-03-22T08:00:28.277633+00:00 [queued]>
[2023-03-22T08:00:30.607+0000] {taskinstance.py:1282} INFO - 
--------------------------------------------------------------------------------
[2023-03-22T08:00:30.607+0000] {taskinstance.py:1283} INFO - Starting attempt 1 of 1
[2023-03-22T08:00:30.607+0000] {taskinstance.py:1284} INFO - 
--------------------------------------------------------------------------------
[2023-03-22T08:00:30.618+0000] {taskinstance.py:1303} INFO - Executing <Task(SparkSubmitOperator): spark-save-db> on 2023-03-22 08:00:28.277633+00:00
[2023-03-22T08:00:30.622+0000] {standard_task_runner.py:55} INFO - Started process 3857 to run task
[2023-03-22T08:00:30.624+0000] {standard_task_runner.py:82} INFO - Running: ['***', 'tasks', 'run', 'CarFine', 'spark-save-db', 'manual__2023-03-22T08:00:28.277633+00:00', '--job-id', '363', '--raw', '--subdir', 'DAGS_FOLDER/CarFineDAG.py', '--cfg-path', '/tmp/tmp_ie31ro5']
[2023-03-22T08:00:30.625+0000] {standard_task_runner.py:83} INFO - Job 363: Subtask spark-save-db
[2023-03-22T08:00:30.676+0000] {task_command.py:388} INFO - Running <TaskInstance: CarFine.spark-save-db manual__2023-03-22T08:00:28.277633+00:00 [running]> on host ed9661b333ec
[2023-03-22T08:00:30.763+0000] {taskinstance.py:1511} INFO - Exporting the following env vars:
AIRFLOW_CTX_DAG_OWNER=***
AIRFLOW_CTX_DAG_ID=CarFine
AIRFLOW_CTX_TASK_ID=spark-save-db
AIRFLOW_CTX_EXECUTION_DATE=2023-03-22T08:00:28.277633+00:00
AIRFLOW_CTX_TRY_NUMBER=1
AIRFLOW_CTX_DAG_RUN_ID=manual__2023-03-22T08:00:28.277633+00:00
[2023-03-22T08:00:30.774+0000] {base.py:73} INFO - Using connection ID 'spark-connection' for task execution.
[2023-03-22T08:00:30.775+0000] {spark_submit.py:335} INFO - Spark-Submit cmd: spark-submit --master spark://vtn-truongvq:7077 --name arrow-spark --class com.viettel.truongvq.spark.SparkJob --verbose /opt/***/plugins/big-data-fundamentals.jar
[2023-03-22T08:00:30.873+0000] {spark_submit.py:488} INFO - /home/***/.local/lib/python3.7/site-packages/pyspark/bin/load-spark-env.sh: line 68: ps: command not found
[2023-03-22T08:00:32.074+0000] {spark_submit.py:488} INFO - Using properties file: null
[2023-03-22T08:00:32.192+0000] {spark_submit.py:488} INFO - Parsed arguments:
[2023-03-22T08:00:32.192+0000] {spark_submit.py:488} INFO - master                  spark://vtn-truongvq:7077
[2023-03-22T08:00:32.193+0000] {spark_submit.py:488} INFO - deployMode              null
[2023-03-22T08:00:32.193+0000] {spark_submit.py:488} INFO - executorMemory          null
[2023-03-22T08:00:32.193+0000] {spark_submit.py:488} INFO - executorCores           null
[2023-03-22T08:00:32.193+0000] {spark_submit.py:488} INFO - totalExecutorCores      null
[2023-03-22T08:00:32.193+0000] {spark_submit.py:488} INFO - propertiesFile          null
[2023-03-22T08:00:32.193+0000] {spark_submit.py:488} INFO - driverMemory            null
[2023-03-22T08:00:32.193+0000] {spark_submit.py:488} INFO - driverCores             null
[2023-03-22T08:00:32.193+0000] {spark_submit.py:488} INFO - driverExtraClassPath    null
[2023-03-22T08:00:32.193+0000] {spark_submit.py:488} INFO - driverExtraLibraryPath  null
[2023-03-22T08:00:32.193+0000] {spark_submit.py:488} INFO - driverExtraJavaOptions  null
[2023-03-22T08:00:32.193+0000] {spark_submit.py:488} INFO - supervise               false
[2023-03-22T08:00:32.193+0000] {spark_submit.py:488} INFO - queue                   null
[2023-03-22T08:00:32.194+0000] {spark_submit.py:488} INFO - numExecutors            null
[2023-03-22T08:00:32.194+0000] {spark_submit.py:488} INFO - files                   null
[2023-03-22T08:00:32.194+0000] {spark_submit.py:488} INFO - pyFiles                 null
[2023-03-22T08:00:32.194+0000] {spark_submit.py:488} INFO - archives                null
[2023-03-22T08:00:32.194+0000] {spark_submit.py:488} INFO - mainClass               com.viettel.truongvq.spark.SparkJob
[2023-03-22T08:00:32.194+0000] {spark_submit.py:488} INFO - primaryResource         file:/opt/***/plugins/big-data-fundamentals.jar
[2023-03-22T08:00:32.194+0000] {spark_submit.py:488} INFO - name                    arrow-spark
[2023-03-22T08:00:32.194+0000] {spark_submit.py:488} INFO - childArgs               []
[2023-03-22T08:00:32.194+0000] {spark_submit.py:488} INFO - jars                    null
[2023-03-22T08:00:32.194+0000] {spark_submit.py:488} INFO - packages                null
[2023-03-22T08:00:32.194+0000] {spark_submit.py:488} INFO - packagesExclusions      null
[2023-03-22T08:00:32.194+0000] {spark_submit.py:488} INFO - repositories            null
[2023-03-22T08:00:32.194+0000] {spark_submit.py:488} INFO - verbose                 true
[2023-03-22T08:00:32.194+0000] {spark_submit.py:488} INFO - 
[2023-03-22T08:00:32.195+0000] {spark_submit.py:488} INFO - Spark properties used, including those specified through
[2023-03-22T08:00:32.195+0000] {spark_submit.py:488} INFO - --conf and those from the properties file null:
[2023-03-22T08:00:32.195+0000] {spark_submit.py:488} INFO - 
[2023-03-22T08:00:32.195+0000] {spark_submit.py:488} INFO - 
[2023-03-22T08:00:32.195+0000] {spark_submit.py:488} INFO - 
[2023-03-22T08:00:32.455+0000] {spark_submit.py:488} INFO - Main class:
[2023-03-22T08:00:32.456+0000] {spark_submit.py:488} INFO - com.viettel.truongvq.spark.SparkJob
[2023-03-22T08:00:32.456+0000] {spark_submit.py:488} INFO - Arguments:
[2023-03-22T08:00:32.456+0000] {spark_submit.py:488} INFO - 
[2023-03-22T08:00:32.459+0000] {spark_submit.py:488} INFO - Spark config:
[2023-03-22T08:00:32.460+0000] {spark_submit.py:488} INFO - (spark.app.name,arrow-spark)
[2023-03-22T08:00:32.460+0000] {spark_submit.py:488} INFO - (spark.app.submitTime,1679472032438)
[2023-03-22T08:00:32.460+0000] {spark_submit.py:488} INFO - (spark.jars,file:/opt/***/plugins/big-data-fundamentals.jar)
[2023-03-22T08:00:32.460+0000] {spark_submit.py:488} INFO - (spark.master,spark://vtn-truongvq:7077)
[2023-03-22T08:00:32.460+0000] {spark_submit.py:488} INFO - (spark.submit.deployMode,client)
[2023-03-22T08:00:32.460+0000] {spark_submit.py:488} INFO - (spark.submit.pyFiles,)
[2023-03-22T08:00:32.460+0000] {spark_submit.py:488} INFO - Classpath elements:
[2023-03-22T08:00:32.460+0000] {spark_submit.py:488} INFO - file:/opt/***/plugins/big-data-fundamentals.jar
[2023-03-22T08:00:32.460+0000] {spark_submit.py:488} INFO - 
[2023-03-22T08:00:32.460+0000] {spark_submit.py:488} INFO - 
[2023-03-22T08:00:32.507+0000] {spark_submit.py:488} INFO - 23/03/22 08:00:32 INFO SparkContext: Running Spark version 3.3.2
[2023-03-22T08:00:32.569+0000] {spark_submit.py:488} INFO - 23/03/22 08:00:32 WARN NativeCodeLoader: Unable to load native-hadoop library for your platform... using builtin-java classes where applicable
[2023-03-22T08:00:32.656+0000] {spark_submit.py:488} INFO - 23/03/22 08:00:32 INFO ResourceUtils: ==============================================================
[2023-03-22T08:00:32.657+0000] {spark_submit.py:488} INFO - 23/03/22 08:00:32 INFO ResourceUtils: No custom resources configured for spark.driver.
[2023-03-22T08:00:32.657+0000] {spark_submit.py:488} INFO - 23/03/22 08:00:32 INFO ResourceUtils: ==============================================================
[2023-03-22T08:00:32.657+0000] {spark_submit.py:488} INFO - 23/03/22 08:00:32 INFO SparkContext: Submitted application: SparkExample
[2023-03-22T08:00:32.676+0000] {spark_submit.py:488} INFO - 23/03/22 08:00:32 INFO ResourceProfile: Default ResourceProfile created, executor resources: Map(cores -> name: cores, amount: 1, script: , vendor: , memory -> name: memory, amount: 1024, script: , vendor: , offHeap -> name: offHeap, amount: 0, script: , vendor: ), task resources: Map(cpus -> name: cpus, amount: 1.0)
[2023-03-22T08:00:32.691+0000] {spark_submit.py:488} INFO - 23/03/22 08:00:32 INFO ResourceProfile: Limiting resource is cpu
[2023-03-22T08:00:32.692+0000] {spark_submit.py:488} INFO - 23/03/22 08:00:32 INFO ResourceProfileManager: Added ResourceProfile id: 0
[2023-03-22T08:00:32.728+0000] {spark_submit.py:488} INFO - 23/03/22 08:00:32 INFO SecurityManager: Changing view acls to: default
[2023-03-22T08:00:32.728+0000] {spark_submit.py:488} INFO - 23/03/22 08:00:32 INFO SecurityManager: Changing modify acls to: default
[2023-03-22T08:00:32.728+0000] {spark_submit.py:488} INFO - 23/03/22 08:00:32 INFO SecurityManager: Changing view acls groups to:
[2023-03-22T08:00:32.729+0000] {spark_submit.py:488} INFO - 23/03/22 08:00:32 INFO SecurityManager: Changing modify acls groups to:
[2023-03-22T08:00:32.729+0000] {spark_submit.py:488} INFO - 23/03/22 08:00:32 INFO SecurityManager: SecurityManager: authentication disabled; ui acls disabled; users  with view permissions: Set(default); groups with view permissions: Set(); users  with modify permissions: Set(default); groups with modify permissions: Set()
[2023-03-22T08:00:32.988+0000] {spark_submit.py:488} INFO - 23/03/22 08:00:32 INFO Utils: Successfully started service 'sparkDriver' on port 36097.
[2023-03-22T08:00:33.019+0000] {spark_submit.py:488} INFO - 23/03/22 08:00:33 INFO SparkEnv: Registering MapOutputTracker
[2023-03-22T08:00:33.051+0000] {spark_submit.py:488} INFO - 23/03/22 08:00:33 INFO SparkEnv: Registering BlockManagerMaster
[2023-03-22T08:00:33.065+0000] {spark_submit.py:488} INFO - 23/03/22 08:00:33 INFO BlockManagerMasterEndpoint: Using org.apache.spark.storage.DefaultTopologyMapper for getting topology information
[2023-03-22T08:00:33.066+0000] {spark_submit.py:488} INFO - 23/03/22 08:00:33 INFO BlockManagerMasterEndpoint: BlockManagerMasterEndpoint up
[2023-03-22T08:00:33.070+0000] {spark_submit.py:488} INFO - 23/03/22 08:00:33 INFO SparkEnv: Registering BlockManagerMasterHeartbeat
[2023-03-22T08:00:33.087+0000] {spark_submit.py:488} INFO - 23/03/22 08:00:33 INFO DiskBlockManager: Created local directory at /tmp/blockmgr-80e7cc3a-ef9e-4845-a934-5eb94a4ce462
[2023-03-22T08:00:33.102+0000] {spark_submit.py:488} INFO - 23/03/22 08:00:33 INFO MemoryStore: MemoryStore started with capacity 434.4 MiB
[2023-03-22T08:00:33.115+0000] {spark_submit.py:488} INFO - 23/03/22 08:00:33 INFO SparkEnv: Registering OutputCommitCoordinator
[2023-03-22T08:00:33.334+0000] {spark_submit.py:488} INFO - 23/03/22 08:00:33 INFO Utils: Successfully started service 'SparkUI' on port 4040.
[2023-03-22T08:00:33.367+0000] {spark_submit.py:488} INFO - 23/03/22 08:00:33 INFO SparkContext: Added JAR file:/opt/***/plugins/big-data-fundamentals.jar at spark://ed9661b333ec:36097/jars/big-data-fundamentals.jar with timestamp 1679472032494
[2023-03-22T08:00:33.430+0000] {spark_submit.py:488} INFO - 23/03/22 08:00:33 INFO Executor: Starting executor ID driver on host ed9661b333ec
[2023-03-22T08:00:33.436+0000] {spark_submit.py:488} INFO - 23/03/22 08:00:33 INFO Executor: Starting executor with user classpath (userClassPathFirst = false): ''
[2023-03-22T08:00:33.446+0000] {spark_submit.py:488} INFO - 23/03/22 08:00:33 INFO Executor: Fetching spark://ed9661b333ec:36097/jars/big-data-fundamentals.jar with timestamp 1679472032494
[2023-03-22T08:00:33.482+0000] {spark_submit.py:488} INFO - 23/03/22 08:00:33 INFO TransportClientFactory: Successfully created connection to ed9661b333ec/172.29.0.4:36097 after 18 ms (0 ms spent in bootstraps)
[2023-03-22T08:00:33.488+0000] {spark_submit.py:488} INFO - 23/03/22 08:00:33 INFO Utils: Fetching spark://ed9661b333ec:36097/jars/big-data-fundamentals.jar to /tmp/spark-86af11da-93fd-440e-ab2d-2caed0493949/userFiles-965000bf-6dc3-452c-92c5-2fe814823d07/fetchFileTemp15041833995190610253.tmp
[2023-03-22T08:00:33.546+0000] {spark_submit.py:488} INFO - 23/03/22 08:00:33 INFO Executor: Adding file:/tmp/spark-86af11da-93fd-440e-ab2d-2caed0493949/userFiles-965000bf-6dc3-452c-92c5-2fe814823d07/big-data-fundamentals.jar to class loader
[2023-03-22T08:00:33.552+0000] {spark_submit.py:488} INFO - 23/03/22 08:00:33 INFO Utils: Successfully started service 'org.apache.spark.network.netty.NettyBlockTransferService' on port 39355.
[2023-03-22T08:00:33.552+0000] {spark_submit.py:488} INFO - 23/03/22 08:00:33 INFO NettyBlockTransferService: Server created on ed9661b333ec:39355
[2023-03-22T08:00:33.554+0000] {spark_submit.py:488} INFO - 23/03/22 08:00:33 INFO BlockManager: Using org.apache.spark.storage.RandomBlockReplicationPolicy for block replication policy
[2023-03-22T08:00:33.558+0000] {spark_submit.py:488} INFO - 23/03/22 08:00:33 INFO BlockManagerMaster: Registering BlockManager BlockManagerId(driver, ed9661b333ec, 39355, None)
[2023-03-22T08:00:33.561+0000] {spark_submit.py:488} INFO - 23/03/22 08:00:33 INFO BlockManagerMasterEndpoint: Registering block manager ed9661b333ec:39355 with 434.4 MiB RAM, BlockManagerId(driver, ed9661b333ec, 39355, None)
[2023-03-22T08:00:33.563+0000] {spark_submit.py:488} INFO - 23/03/22 08:00:33 INFO BlockManagerMaster: Registered BlockManager BlockManagerId(driver, ed9661b333ec, 39355, None)
[2023-03-22T08:00:33.564+0000] {spark_submit.py:488} INFO - 23/03/22 08:00:33 INFO BlockManager: Initialized BlockManager: BlockManagerId(driver, ed9661b333ec, 39355, None)
[2023-03-22T08:00:33.811+0000] {spark_submit.py:488} INFO - 23/03/22 08:00:33 INFO SharedState: Setting hive.metastore.warehouse.dir ('null') to the value of spark.sql.warehouse.dir.
[2023-03-22T08:00:33.815+0000] {spark_submit.py:488} INFO - 23/03/22 08:00:33 INFO SharedState: Warehouse path is 'file:/opt/***/spark-warehouse'.
[2023-03-22T08:00:34.750+0000] {spark_submit.py:488} INFO - 23/03/22 08:00:34 INFO InMemoryFileIndex: It took 61 ms to list leaf files for 1 paths.
[2023-03-22T08:00:34.932+0000] {spark_submit.py:488} INFO - 23/03/22 08:00:34 INFO MemoryStore: Block broadcast_0 stored as values in memory (estimated size 200.0 KiB, free 434.2 MiB)
[2023-03-22T08:00:34.987+0000] {spark_submit.py:488} INFO - 23/03/22 08:00:34 INFO MemoryStore: Block broadcast_0_piece0 stored as bytes in memory (estimated size 34.1 KiB, free 434.2 MiB)
[2023-03-22T08:00:34.990+0000] {spark_submit.py:488} INFO - 23/03/22 08:00:34 INFO BlockManagerInfo: Added broadcast_0_piece0 in memory on ed9661b333ec:39355 (size: 34.1 KiB, free: 434.4 MiB)
[2023-03-22T08:00:34.997+0000] {spark_submit.py:488} INFO - 23/03/22 08:00:34 INFO SparkContext: Created broadcast 0 from json at SparkJob.scala:15
[2023-03-22T08:00:35.420+0000] {spark_submit.py:488} INFO - 23/03/22 08:00:35 INFO FileInputFormat: Total input files to process : 1
[2023-03-22T08:00:35.423+0000] {spark_submit.py:488} INFO - 23/03/22 08:00:35 INFO FileInputFormat: Total input files to process : 1
[2023-03-22T08:00:35.437+0000] {spark_submit.py:488} INFO - 23/03/22 08:00:35 INFO SparkContext: Starting job: json at SparkJob.scala:15
[2023-03-22T08:00:35.451+0000] {spark_submit.py:488} INFO - 23/03/22 08:00:35 INFO DAGScheduler: Got job 0 (json at SparkJob.scala:15) with 1 output partitions
[2023-03-22T08:00:35.451+0000] {spark_submit.py:488} INFO - 23/03/22 08:00:35 INFO DAGScheduler: Final stage: ResultStage 0 (json at SparkJob.scala:15)
[2023-03-22T08:00:35.452+0000] {spark_submit.py:488} INFO - 23/03/22 08:00:35 INFO DAGScheduler: Parents of final stage: List()
[2023-03-22T08:00:35.453+0000] {spark_submit.py:488} INFO - 23/03/22 08:00:35 INFO DAGScheduler: Missing parents: List()
[2023-03-22T08:00:35.457+0000] {spark_submit.py:488} INFO - 23/03/22 08:00:35 INFO DAGScheduler: Submitting ResultStage 0 (MapPartitionsRDD[2] at json at SparkJob.scala:15), which has no missing parents
[2023-03-22T08:00:35.513+0000] {spark_submit.py:488} INFO - 23/03/22 08:00:35 INFO MemoryStore: Block broadcast_1 stored as values in memory (estimated size 9.0 KiB, free 434.2 MiB)
[2023-03-22T08:00:35.516+0000] {spark_submit.py:488} INFO - 23/03/22 08:00:35 INFO MemoryStore: Block broadcast_1_piece0 stored as bytes in memory (estimated size 4.8 KiB, free 434.2 MiB)
[2023-03-22T08:00:35.517+0000] {spark_submit.py:488} INFO - 23/03/22 08:00:35 INFO BlockManagerInfo: Added broadcast_1_piece0 in memory on ed9661b333ec:39355 (size: 4.8 KiB, free: 434.4 MiB)
[2023-03-22T08:00:35.518+0000] {spark_submit.py:488} INFO - 23/03/22 08:00:35 INFO SparkContext: Created broadcast 1 from broadcast at DAGScheduler.scala:1513
[2023-03-22T08:00:35.528+0000] {spark_submit.py:488} INFO - 23/03/22 08:00:35 INFO DAGScheduler: Submitting 1 missing tasks from ResultStage 0 (MapPartitionsRDD[2] at json at SparkJob.scala:15) (first 15 tasks are for partitions Vector(0))
[2023-03-22T08:00:35.529+0000] {spark_submit.py:488} INFO - 23/03/22 08:00:35 INFO TaskSchedulerImpl: Adding task set 0.0 with 1 tasks resource profile 0
[2023-03-22T08:00:35.569+0000] {spark_submit.py:488} INFO - 23/03/22 08:00:35 INFO TaskSetManager: Starting task 0.0 in stage 0.0 (TID 0) (ed9661b333ec, executor driver, partition 0, PROCESS_LOCAL, 4573 bytes) taskResourceAssignments Map()
[2023-03-22T08:00:35.591+0000] {spark_submit.py:488} INFO - 23/03/22 08:00:35 INFO Executor: Running task 0.0 in stage 0.0 (TID 0)
[2023-03-22T08:00:35.683+0000] {spark_submit.py:488} INFO - 23/03/22 08:00:35 INFO BinaryFileRDD: Input split: Paths:/home/***/data.json:0+259778
[2023-03-22T08:00:35.773+0000] {spark_submit.py:488} INFO - 23/03/22 08:00:35 INFO Executor: Finished task 0.0 in stage 0.0 (TID 0). 2036 bytes result sent to driver
[2023-03-22T08:00:35.778+0000] {spark_submit.py:488} INFO - 23/03/22 08:00:35 INFO TaskSetManager: Finished task 0.0 in stage 0.0 (TID 0) in 221 ms on ed9661b333ec (executor driver) (1/1)
[2023-03-22T08:00:35.780+0000] {spark_submit.py:488} INFO - 23/03/22 08:00:35 INFO TaskSchedulerImpl: Removed TaskSet 0.0, whose tasks have all completed, from pool
[2023-03-22T08:00:35.787+0000] {spark_submit.py:488} INFO - 23/03/22 08:00:35 INFO DAGScheduler: ResultStage 0 (json at SparkJob.scala:15) finished in 0.305 s
[2023-03-22T08:00:35.791+0000] {spark_submit.py:488} INFO - 23/03/22 08:00:35 INFO DAGScheduler: Job 0 is finished. Cancelling potential speculative or zombie tasks for this job
[2023-03-22T08:00:35.791+0000] {spark_submit.py:488} INFO - 23/03/22 08:00:35 INFO TaskSchedulerImpl: Killing all running tasks in stage 0: Stage finished
[2023-03-22T08:00:35.793+0000] {spark_submit.py:488} INFO - 23/03/22 08:00:35 INFO DAGScheduler: Job 0 finished: json at SparkJob.scala:15, took 0.355710 s
[2023-03-22T08:00:36.998+0000] {spark_submit.py:488} INFO - 23/03/22 08:00:36 INFO BlockManagerInfo: Removed broadcast_0_piece0 on ed9661b333ec:39355 in memory (size: 34.1 KiB, free: 434.4 MiB)
[2023-03-22T08:00:37.003+0000] {spark_submit.py:488} INFO - 23/03/22 08:00:37 INFO BlockManagerInfo: Removed broadcast_1_piece0 on ed9661b333ec:39355 in memory (size: 4.8 KiB, free: 434.4 MiB)
[2023-03-22T08:00:37.186+0000] {spark_submit.py:488} INFO - Exception in thread "main" java.lang.ClassNotFoundException: org.postgresql.Driver
[2023-03-22T08:00:37.187+0000] {spark_submit.py:488} INFO - at java.base/java.net.URLClassLoader.findClass(URLClassLoader.java:476)
[2023-03-22T08:00:37.187+0000] {spark_submit.py:488} INFO - at java.base/java.lang.ClassLoader.loadClass(ClassLoader.java:589)
[2023-03-22T08:00:37.187+0000] {spark_submit.py:488} INFO - at java.base/java.lang.ClassLoader.loadClass(ClassLoader.java:522)
[2023-03-22T08:00:37.187+0000] {spark_submit.py:488} INFO - at org.apache.spark.sql.execution.datasources.jdbc.DriverRegistry$.register(DriverRegistry.scala:46)
[2023-03-22T08:00:37.187+0000] {spark_submit.py:488} INFO - at org.apache.spark.sql.execution.datasources.jdbc.JDBCOptions.$anonfun$driverClass$1(JDBCOptions.scala:101)
[2023-03-22T08:00:37.187+0000] {spark_submit.py:488} INFO - at org.apache.spark.sql.execution.datasources.jdbc.JDBCOptions.$anonfun$driverClass$1$adapted(JDBCOptions.scala:101)
[2023-03-22T08:00:37.187+0000] {spark_submit.py:488} INFO - at scala.Option.foreach(Option.scala:407)
[2023-03-22T08:00:37.188+0000] {spark_submit.py:488} INFO - at org.apache.spark.sql.execution.datasources.jdbc.JDBCOptions.<init>(JDBCOptions.scala:101)
[2023-03-22T08:00:37.188+0000] {spark_submit.py:488} INFO - at org.apache.spark.sql.execution.datasources.jdbc.JdbcOptionsInWrite.<init>(JDBCOptions.scala:229)
[2023-03-22T08:00:37.188+0000] {spark_submit.py:488} INFO - at org.apache.spark.sql.execution.datasources.jdbc.JdbcOptionsInWrite.<init>(JDBCOptions.scala:233)
[2023-03-22T08:00:37.188+0000] {spark_submit.py:488} INFO - at org.apache.spark.sql.execution.datasources.jdbc.JdbcRelationProvider.createRelation(JdbcRelationProvider.scala:47)
[2023-03-22T08:00:37.188+0000] {spark_submit.py:488} INFO - at org.apache.spark.sql.execution.datasources.SaveIntoDataSourceCommand.run(SaveIntoDataSourceCommand.scala:47)
[2023-03-22T08:00:37.188+0000] {spark_submit.py:488} INFO - at org.apache.spark.sql.execution.command.ExecutedCommandExec.sideEffectResult$lzycompute(commands.scala:75)
[2023-03-22T08:00:37.188+0000] {spark_submit.py:488} INFO - at org.apache.spark.sql.execution.command.ExecutedCommandExec.sideEffectResult(commands.scala:73)
[2023-03-22T08:00:37.188+0000] {spark_submit.py:488} INFO - at org.apache.spark.sql.execution.command.ExecutedCommandExec.executeCollect(commands.scala:84)
[2023-03-22T08:00:37.188+0000] {spark_submit.py:488} INFO - at org.apache.spark.sql.execution.QueryExecution$$anonfun$eagerlyExecuteCommands$1.$anonfun$applyOrElse$1(QueryExecution.scala:98)
[2023-03-22T08:00:37.188+0000] {spark_submit.py:488} INFO - at org.apache.spark.sql.execution.SQLExecution$.$anonfun$withNewExecutionId$6(SQLExecution.scala:109)
[2023-03-22T08:00:37.188+0000] {spark_submit.py:488} INFO - at org.apache.spark.sql.execution.SQLExecution$.withSQLConfPropagated(SQLExecution.scala:169)
[2023-03-22T08:00:37.188+0000] {spark_submit.py:488} INFO - at org.apache.spark.sql.execution.SQLExecution$.$anonfun$withNewExecutionId$1(SQLExecution.scala:95)
[2023-03-22T08:00:37.188+0000] {spark_submit.py:488} INFO - at org.apache.spark.sql.SparkSession.withActive(SparkSession.scala:779)
[2023-03-22T08:00:37.189+0000] {spark_submit.py:488} INFO - at org.apache.spark.sql.execution.SQLExecution$.withNewExecutionId(SQLExecution.scala:64)
[2023-03-22T08:00:37.189+0000] {spark_submit.py:488} INFO - at org.apache.spark.sql.execution.QueryExecution$$anonfun$eagerlyExecuteCommands$1.applyOrElse(QueryExecution.scala:98)
[2023-03-22T08:00:37.189+0000] {spark_submit.py:488} INFO - at org.apache.spark.sql.execution.QueryExecution$$anonfun$eagerlyExecuteCommands$1.applyOrElse(QueryExecution.scala:94)
[2023-03-22T08:00:37.189+0000] {spark_submit.py:488} INFO - at org.apache.spark.sql.catalyst.trees.TreeNode.$anonfun$transformDownWithPruning$1(TreeNode.scala:584)
[2023-03-22T08:00:37.189+0000] {spark_submit.py:488} INFO - at org.apache.spark.sql.catalyst.trees.CurrentOrigin$.withOrigin(TreeNode.scala:176)
[2023-03-22T08:00:37.189+0000] {spark_submit.py:488} INFO - at org.apache.spark.sql.catalyst.trees.TreeNode.transformDownWithPruning(TreeNode.scala:584)
[2023-03-22T08:00:37.189+0000] {spark_submit.py:488} INFO - at org.apache.spark.sql.catalyst.plans.logical.LogicalPlan.org$apache$spark$sql$catalyst$plans$logical$AnalysisHelper$$super$transformDownWithPruning(LogicalPlan.scala:30)
[2023-03-22T08:00:37.189+0000] {spark_submit.py:488} INFO - at org.apache.spark.sql.catalyst.plans.logical.AnalysisHelper.transformDownWithPruning(AnalysisHelper.scala:267)
[2023-03-22T08:00:37.189+0000] {spark_submit.py:488} INFO - at org.apache.spark.sql.catalyst.plans.logical.AnalysisHelper.transformDownWithPruning$(AnalysisHelper.scala:263)
[2023-03-22T08:00:37.189+0000] {spark_submit.py:488} INFO - at org.apache.spark.sql.catalyst.plans.logical.LogicalPlan.transformDownWithPruning(LogicalPlan.scala:30)
[2023-03-22T08:00:37.189+0000] {spark_submit.py:488} INFO - at org.apache.spark.sql.catalyst.plans.logical.LogicalPlan.transformDownWithPruning(LogicalPlan.scala:30)
[2023-03-22T08:00:37.189+0000] {spark_submit.py:488} INFO - at org.apache.spark.sql.catalyst.trees.TreeNode.transformDown(TreeNode.scala:560)
[2023-03-22T08:00:37.189+0000] {spark_submit.py:488} INFO - at org.apache.spark.sql.execution.QueryExecution.eagerlyExecuteCommands(QueryExecution.scala:94)
[2023-03-22T08:00:37.190+0000] {spark_submit.py:488} INFO - at org.apache.spark.sql.execution.QueryExecution.commandExecuted$lzycompute(QueryExecution.scala:81)
[2023-03-22T08:00:37.190+0000] {spark_submit.py:488} INFO - at org.apache.spark.sql.execution.QueryExecution.commandExecuted(QueryExecution.scala:79)
[2023-03-22T08:00:37.190+0000] {spark_submit.py:488} INFO - at org.apache.spark.sql.execution.QueryExecution.assertCommandExecuted(QueryExecution.scala:116)
[2023-03-22T08:00:37.190+0000] {spark_submit.py:488} INFO - at org.apache.spark.sql.DataFrameWriter.runCommand(DataFrameWriter.scala:860)
[2023-03-22T08:00:37.190+0000] {spark_submit.py:488} INFO - at org.apache.spark.sql.DataFrameWriter.saveToV1Source(DataFrameWriter.scala:390)
[2023-03-22T08:00:37.190+0000] {spark_submit.py:488} INFO - at org.apache.spark.sql.DataFrameWriter.saveInternal(DataFrameWriter.scala:363)
[2023-03-22T08:00:37.190+0000] {spark_submit.py:488} INFO - at org.apache.spark.sql.DataFrameWriter.save(DataFrameWriter.scala:247)
[2023-03-22T08:00:37.190+0000] {spark_submit.py:488} INFO - at com.viettel.truongvq.spark.SparkJob$.main(SparkJob.scala:26)
[2023-03-22T08:00:37.190+0000] {spark_submit.py:488} INFO - at com.viettel.truongvq.spark.SparkJob.main(SparkJob.scala)
[2023-03-22T08:00:37.190+0000] {spark_submit.py:488} INFO - at java.base/jdk.internal.reflect.NativeMethodAccessorImpl.invoke0(Native Method)
[2023-03-22T08:00:37.190+0000] {spark_submit.py:488} INFO - at java.base/jdk.internal.reflect.NativeMethodAccessorImpl.invoke(NativeMethodAccessorImpl.java:62)
[2023-03-22T08:00:37.190+0000] {spark_submit.py:488} INFO - at java.base/jdk.internal.reflect.DelegatingMethodAccessorImpl.invoke(DelegatingMethodAccessorImpl.java:43)
[2023-03-22T08:00:37.191+0000] {spark_submit.py:488} INFO - at java.base/java.lang.reflect.Method.invoke(Method.java:566)
[2023-03-22T08:00:37.191+0000] {spark_submit.py:488} INFO - at org.apache.spark.deploy.JavaMainApplication.start(SparkApplication.scala:52)
[2023-03-22T08:00:37.191+0000] {spark_submit.py:488} INFO - at org.apache.spark.deploy.SparkSubmit.org$apache$spark$deploy$SparkSubmit$$runMain(SparkSubmit.scala:958)
[2023-03-22T08:00:37.191+0000] {spark_submit.py:488} INFO - at org.apache.spark.deploy.SparkSubmit.doRunMain$1(SparkSubmit.scala:180)
[2023-03-22T08:00:37.191+0000] {spark_submit.py:488} INFO - at org.apache.spark.deploy.SparkSubmit.submit(SparkSubmit.scala:203)
[2023-03-22T08:00:37.191+0000] {spark_submit.py:488} INFO - at org.apache.spark.deploy.SparkSubmit.doSubmit(SparkSubmit.scala:90)
[2023-03-22T08:00:37.191+0000] {spark_submit.py:488} INFO - at org.apache.spark.deploy.SparkSubmit$$anon$2.doSubmit(SparkSubmit.scala:1046)
[2023-03-22T08:00:37.191+0000] {spark_submit.py:488} INFO - at org.apache.spark.deploy.SparkSubmit$.main(SparkSubmit.scala:1055)
[2023-03-22T08:00:37.191+0000] {spark_submit.py:488} INFO - at org.apache.spark.deploy.SparkSubmit.main(SparkSubmit.scala)
[2023-03-22T08:00:37.191+0000] {spark_submit.py:488} INFO - 23/03/22 08:00:37 INFO SparkContext: Invoking stop() from shutdown hook
[2023-03-22T08:00:37.199+0000] {spark_submit.py:488} INFO - 23/03/22 08:00:37 INFO SparkUI: Stopped Spark web UI at http://ed9661b333ec:4040
[2023-03-22T08:00:37.206+0000] {spark_submit.py:488} INFO - 23/03/22 08:00:37 INFO MapOutputTrackerMasterEndpoint: MapOutputTrackerMasterEndpoint stopped!
[2023-03-22T08:00:37.213+0000] {spark_submit.py:488} INFO - 23/03/22 08:00:37 INFO MemoryStore: MemoryStore cleared
[2023-03-22T08:00:37.213+0000] {spark_submit.py:488} INFO - 23/03/22 08:00:37 INFO BlockManager: BlockManager stopped
[2023-03-22T08:00:37.216+0000] {spark_submit.py:488} INFO - 23/03/22 08:00:37 INFO BlockManagerMaster: BlockManagerMaster stopped
[2023-03-22T08:00:37.217+0000] {spark_submit.py:488} INFO - 23/03/22 08:00:37 INFO OutputCommitCoordinator$OutputCommitCoordinatorEndpoint: OutputCommitCoordinator stopped!
[2023-03-22T08:00:37.222+0000] {spark_submit.py:488} INFO - 23/03/22 08:00:37 INFO SparkContext: Successfully stopped SparkContext
[2023-03-22T08:00:37.222+0000] {spark_submit.py:488} INFO - 23/03/22 08:00:37 INFO ShutdownHookManager: Shutdown hook called
[2023-03-22T08:00:37.223+0000] {spark_submit.py:488} INFO - 23/03/22 08:00:37 INFO ShutdownHookManager: Deleting directory /tmp/spark-37a64593-0d11-4e6c-9c03-f904cd107b85
[2023-03-22T08:00:37.226+0000] {spark_submit.py:488} INFO - 23/03/22 08:00:37 INFO ShutdownHookManager: Deleting directory /tmp/spark-86af11da-93fd-440e-ab2d-2caed0493949
[2023-03-22T08:00:37.301+0000] {local_task_job.py:212} INFO - Task exited with return code 0
[2023-03-22T08:00:37.312+0000] {taskinstance.py:2585} INFO - 0 downstream tasks scheduled from follow-on schedule check
