[2023-03-22T08:23:24.708+0000] {taskinstance.py:1084} INFO - Dependencies all met for dep_context=non-requeueable deps ti=<TaskInstance: CarFine.spark-save-db manual__2023-03-22T08:23:22.405197+00:00 [queued]>
[2023-03-22T08:23:24.717+0000] {taskinstance.py:1084} INFO - Dependencies all met for dep_context=requeueable deps ti=<TaskInstance: CarFine.spark-save-db manual__2023-03-22T08:23:22.405197+00:00 [queued]>
[2023-03-22T08:23:24.717+0000] {taskinstance.py:1282} INFO - 
--------------------------------------------------------------------------------
[2023-03-22T08:23:24.717+0000] {taskinstance.py:1283} INFO - Starting attempt 1 of 1
[2023-03-22T08:23:24.717+0000] {taskinstance.py:1284} INFO - 
--------------------------------------------------------------------------------
[2023-03-22T08:23:24.730+0000] {taskinstance.py:1303} INFO - Executing <Task(SparkSubmitOperator): spark-save-db> on 2023-03-22 08:23:22.405197+00:00
[2023-03-22T08:23:24.734+0000] {standard_task_runner.py:55} INFO - Started process 100 to run task
[2023-03-22T08:23:24.736+0000] {standard_task_runner.py:82} INFO - Running: ['***', 'tasks', 'run', 'CarFine', 'spark-save-db', 'manual__2023-03-22T08:23:22.405197+00:00', '--job-id', '414', '--raw', '--subdir', 'DAGS_FOLDER/CarFineDAG.py', '--cfg-path', '/tmp/tmpl8_lajgy']
[2023-03-22T08:23:24.736+0000] {standard_task_runner.py:83} INFO - Job 414: Subtask spark-save-db
[2023-03-22T08:23:24.786+0000] {task_command.py:388} INFO - Running <TaskInstance: CarFine.spark-save-db manual__2023-03-22T08:23:22.405197+00:00 [running]> on host e343fe327102
[2023-03-22T08:23:24.853+0000] {taskinstance.py:1511} INFO - Exporting the following env vars:
AIRFLOW_CTX_DAG_OWNER=***
AIRFLOW_CTX_DAG_ID=CarFine
AIRFLOW_CTX_TASK_ID=spark-save-db
AIRFLOW_CTX_EXECUTION_DATE=2023-03-22T08:23:22.405197+00:00
AIRFLOW_CTX_TRY_NUMBER=1
AIRFLOW_CTX_DAG_RUN_ID=manual__2023-03-22T08:23:22.405197+00:00
[2023-03-22T08:23:24.860+0000] {base.py:73} INFO - Using connection ID 'spark-connection' for task execution.
[2023-03-22T08:23:24.861+0000] {spark_submit.py:335} INFO - Spark-Submit cmd: spark-submit --master spark://vtn-truongvq:7077 --driver-class-path /opt/***/plugins/postgresql-42.6.0.jar --jars /opt/***/plugins/postgresql-42.6.0.jar --name arrow-spark --class com.viettel.truongvq.spark.SparkJob --verbose /opt/***/plugins/big-data-fundamentals.jar
[2023-03-22T08:23:24.957+0000] {spark_submit.py:488} INFO - /home/***/.local/lib/python3.7/site-packages/pyspark/bin/load-spark-env.sh: line 68: ps: command not found
[2023-03-22T08:23:26.150+0000] {spark_submit.py:488} INFO - Using properties file: null
[2023-03-22T08:23:26.242+0000] {spark_submit.py:488} INFO - Parsed arguments:
[2023-03-22T08:23:26.243+0000] {spark_submit.py:488} INFO - master                  spark://vtn-truongvq:7077
[2023-03-22T08:23:26.243+0000] {spark_submit.py:488} INFO - deployMode              null
[2023-03-22T08:23:26.243+0000] {spark_submit.py:488} INFO - executorMemory          null
[2023-03-22T08:23:26.243+0000] {spark_submit.py:488} INFO - executorCores           null
[2023-03-22T08:23:26.243+0000] {spark_submit.py:488} INFO - totalExecutorCores      null
[2023-03-22T08:23:26.243+0000] {spark_submit.py:488} INFO - propertiesFile          null
[2023-03-22T08:23:26.243+0000] {spark_submit.py:488} INFO - driverMemory            null
[2023-03-22T08:23:26.243+0000] {spark_submit.py:488} INFO - driverCores             null
[2023-03-22T08:23:26.243+0000] {spark_submit.py:488} INFO - driverExtraClassPath    /opt/***/plugins/postgresql-42.6.0.jar
[2023-03-22T08:23:26.243+0000] {spark_submit.py:488} INFO - driverExtraLibraryPath  null
[2023-03-22T08:23:26.243+0000] {spark_submit.py:488} INFO - driverExtraJavaOptions  null
[2023-03-22T08:23:26.243+0000] {spark_submit.py:488} INFO - supervise               false
[2023-03-22T08:23:26.243+0000] {spark_submit.py:488} INFO - queue                   null
[2023-03-22T08:23:26.243+0000] {spark_submit.py:488} INFO - numExecutors            null
[2023-03-22T08:23:26.244+0000] {spark_submit.py:488} INFO - files                   null
[2023-03-22T08:23:26.244+0000] {spark_submit.py:488} INFO - pyFiles                 null
[2023-03-22T08:23:26.244+0000] {spark_submit.py:488} INFO - archives                null
[2023-03-22T08:23:26.244+0000] {spark_submit.py:488} INFO - mainClass               com.viettel.truongvq.spark.SparkJob
[2023-03-22T08:23:26.244+0000] {spark_submit.py:488} INFO - primaryResource         file:/opt/***/plugins/big-data-fundamentals.jar
[2023-03-22T08:23:26.244+0000] {spark_submit.py:488} INFO - name                    arrow-spark
[2023-03-22T08:23:26.244+0000] {spark_submit.py:488} INFO - childArgs               []
[2023-03-22T08:23:26.244+0000] {spark_submit.py:488} INFO - jars                    file:/opt/***/plugins/postgresql-42.6.0.jar
[2023-03-22T08:23:26.244+0000] {spark_submit.py:488} INFO - packages                null
[2023-03-22T08:23:26.244+0000] {spark_submit.py:488} INFO - packagesExclusions      null
[2023-03-22T08:23:26.244+0000] {spark_submit.py:488} INFO - repositories            null
[2023-03-22T08:23:26.245+0000] {spark_submit.py:488} INFO - verbose                 true
[2023-03-22T08:23:26.245+0000] {spark_submit.py:488} INFO - 
[2023-03-22T08:23:26.245+0000] {spark_submit.py:488} INFO - Spark properties used, including those specified through
[2023-03-22T08:23:26.245+0000] {spark_submit.py:488} INFO - --conf and those from the properties file null:
[2023-03-22T08:23:26.245+0000] {spark_submit.py:488} INFO - (spark.driver.extraClassPath,/opt/***/plugins/postgresql-42.6.0.jar)
[2023-03-22T08:23:26.245+0000] {spark_submit.py:488} INFO - 
[2023-03-22T08:23:26.245+0000] {spark_submit.py:488} INFO - 
[2023-03-22T08:23:26.699+0000] {spark_submit.py:488} INFO - 23/03/22 08:23:26 WARN NativeCodeLoader: Unable to load native-hadoop library for your platform... using builtin-java classes where applicable
[2023-03-22T08:23:26.861+0000] {spark_submit.py:488} INFO - Main class:
[2023-03-22T08:23:26.861+0000] {spark_submit.py:488} INFO - com.viettel.truongvq.spark.SparkJob
[2023-03-22T08:23:26.861+0000] {spark_submit.py:488} INFO - Arguments:
[2023-03-22T08:23:26.861+0000] {spark_submit.py:488} INFO - 
[2023-03-22T08:23:26.863+0000] {spark_submit.py:488} INFO - Spark config:
[2023-03-22T08:23:26.863+0000] {spark_submit.py:488} INFO - (spark.app.name,arrow-spark)
[2023-03-22T08:23:26.863+0000] {spark_submit.py:488} INFO - (spark.app.submitTime,1679473406846)
[2023-03-22T08:23:26.864+0000] {spark_submit.py:488} INFO - (spark.driver.extraClassPath,/opt/***/plugins/postgresql-42.6.0.jar)
[2023-03-22T08:23:26.864+0000] {spark_submit.py:488} INFO - (spark.jars,file:///opt/***/plugins/postgresql-42.6.0.jar,file:/opt/***/plugins/big-data-fundamentals.jar)
[2023-03-22T08:23:26.864+0000] {spark_submit.py:488} INFO - (spark.master,spark://vtn-truongvq:7077)
[2023-03-22T08:23:26.864+0000] {spark_submit.py:488} INFO - (spark.repl.local.jars,file:///opt/***/plugins/postgresql-42.6.0.jar)
[2023-03-22T08:23:26.864+0000] {spark_submit.py:488} INFO - (spark.submit.deployMode,client)
[2023-03-22T08:23:26.864+0000] {spark_submit.py:488} INFO - (spark.submit.pyFiles,)
[2023-03-22T08:23:26.864+0000] {spark_submit.py:488} INFO - Classpath elements:
[2023-03-22T08:23:26.864+0000] {spark_submit.py:488} INFO - file:/opt/***/plugins/big-data-fundamentals.jar
[2023-03-22T08:23:26.864+0000] {spark_submit.py:488} INFO - file:///opt/***/plugins/postgresql-42.6.0.jar
[2023-03-22T08:23:26.864+0000] {spark_submit.py:488} INFO - 
[2023-03-22T08:23:26.864+0000] {spark_submit.py:488} INFO - 
[2023-03-22T08:23:26.891+0000] {spark_submit.py:488} INFO - 23/03/22 08:23:26 INFO SparkContext: Running Spark version 3.3.2
[2023-03-22T08:23:26.917+0000] {spark_submit.py:488} INFO - 23/03/22 08:23:26 INFO ResourceUtils: ==============================================================
[2023-03-22T08:23:26.918+0000] {spark_submit.py:488} INFO - 23/03/22 08:23:26 INFO ResourceUtils: No custom resources configured for spark.driver.
[2023-03-22T08:23:26.918+0000] {spark_submit.py:488} INFO - 23/03/22 08:23:26 INFO ResourceUtils: ==============================================================
[2023-03-22T08:23:26.919+0000] {spark_submit.py:488} INFO - 23/03/22 08:23:26 INFO SparkContext: Submitted application: SparkExample
[2023-03-22T08:23:26.937+0000] {spark_submit.py:488} INFO - 23/03/22 08:23:26 INFO ResourceProfile: Default ResourceProfile created, executor resources: Map(cores -> name: cores, amount: 1, script: , vendor: , memory -> name: memory, amount: 1024, script: , vendor: , offHeap -> name: offHeap, amount: 0, script: , vendor: ), task resources: Map(cpus -> name: cpus, amount: 1.0)
[2023-03-22T08:23:26.950+0000] {spark_submit.py:488} INFO - 23/03/22 08:23:26 INFO ResourceProfile: Limiting resource is cpu
[2023-03-22T08:23:26.951+0000] {spark_submit.py:488} INFO - 23/03/22 08:23:26 INFO ResourceProfileManager: Added ResourceProfile id: 0
[2023-03-22T08:23:27.001+0000] {spark_submit.py:488} INFO - 23/03/22 08:23:27 INFO SecurityManager: Changing view acls to: default
[2023-03-22T08:23:27.001+0000] {spark_submit.py:488} INFO - 23/03/22 08:23:27 INFO SecurityManager: Changing modify acls to: default
[2023-03-22T08:23:27.001+0000] {spark_submit.py:488} INFO - 23/03/22 08:23:27 INFO SecurityManager: Changing view acls groups to:
[2023-03-22T08:23:27.002+0000] {spark_submit.py:488} INFO - 23/03/22 08:23:27 INFO SecurityManager: Changing modify acls groups to:
[2023-03-22T08:23:27.003+0000] {spark_submit.py:488} INFO - 23/03/22 08:23:27 INFO SecurityManager: SecurityManager: authentication disabled; ui acls disabled; users  with view permissions: Set(default); groups with view permissions: Set(); users  with modify permissions: Set(default); groups with modify permissions: Set()
[2023-03-22T08:23:27.225+0000] {spark_submit.py:488} INFO - 23/03/22 08:23:27 INFO Utils: Successfully started service 'sparkDriver' on port 35157.
[2023-03-22T08:23:27.264+0000] {spark_submit.py:488} INFO - 23/03/22 08:23:27 INFO SparkEnv: Registering MapOutputTracker
[2023-03-22T08:23:27.302+0000] {spark_submit.py:488} INFO - 23/03/22 08:23:27 INFO SparkEnv: Registering BlockManagerMaster
[2023-03-22T08:23:27.319+0000] {spark_submit.py:488} INFO - 23/03/22 08:23:27 INFO BlockManagerMasterEndpoint: Using org.apache.spark.storage.DefaultTopologyMapper for getting topology information
[2023-03-22T08:23:27.319+0000] {spark_submit.py:488} INFO - 23/03/22 08:23:27 INFO BlockManagerMasterEndpoint: BlockManagerMasterEndpoint up
[2023-03-22T08:23:27.323+0000] {spark_submit.py:488} INFO - 23/03/22 08:23:27 INFO SparkEnv: Registering BlockManagerMasterHeartbeat
[2023-03-22T08:23:27.345+0000] {spark_submit.py:488} INFO - 23/03/22 08:23:27 INFO DiskBlockManager: Created local directory at /tmp/blockmgr-b3315bd9-0ce6-42c0-8d24-6a8282c3ba74
[2023-03-22T08:23:27.370+0000] {spark_submit.py:488} INFO - 23/03/22 08:23:27 INFO MemoryStore: MemoryStore started with capacity 434.4 MiB
[2023-03-22T08:23:27.383+0000] {spark_submit.py:488} INFO - 23/03/22 08:23:27 INFO SparkEnv: Registering OutputCommitCoordinator
[2023-03-22T08:23:27.540+0000] {spark_submit.py:488} INFO - 23/03/22 08:23:27 INFO Utils: Successfully started service 'SparkUI' on port 4040.
[2023-03-22T08:23:27.568+0000] {spark_submit.py:488} INFO - 23/03/22 08:23:27 INFO SparkContext: Added JAR file:///opt/***/plugins/postgresql-42.6.0.jar at spark://e343fe327102:35157/jars/postgresql-42.6.0.jar with timestamp 1679473406885
[2023-03-22T08:23:27.569+0000] {spark_submit.py:488} INFO - 23/03/22 08:23:27 INFO SparkContext: Added JAR file:/opt/***/plugins/big-data-fundamentals.jar at spark://e343fe327102:35157/jars/big-data-fundamentals.jar with timestamp 1679473406885
[2023-03-22T08:23:27.618+0000] {spark_submit.py:488} INFO - 23/03/22 08:23:27 INFO Executor: Starting executor ID driver on host e343fe327102
[2023-03-22T08:23:27.623+0000] {spark_submit.py:488} INFO - 23/03/22 08:23:27 INFO Executor: Starting executor with user classpath (userClassPathFirst = false): ''
[2023-03-22T08:23:27.632+0000] {spark_submit.py:488} INFO - 23/03/22 08:23:27 INFO Executor: Fetching spark://e343fe327102:35157/jars/big-data-fundamentals.jar with timestamp 1679473406885
[2023-03-22T08:23:27.664+0000] {spark_submit.py:488} INFO - 23/03/22 08:23:27 INFO TransportClientFactory: Successfully created connection to e343fe327102/172.30.0.4:35157 after 16 ms (0 ms spent in bootstraps)
[2023-03-22T08:23:27.669+0000] {spark_submit.py:488} INFO - 23/03/22 08:23:27 INFO Utils: Fetching spark://e343fe327102:35157/jars/big-data-fundamentals.jar to /tmp/spark-75e4cb9e-5bb6-4b13-97bb-ce0425919532/userFiles-01a616c1-5fc5-4e66-97cf-06a1a3712813/fetchFileTemp7379451062655337100.tmp
[2023-03-22T08:23:27.714+0000] {spark_submit.py:488} INFO - 23/03/22 08:23:27 INFO Executor: Adding file:/tmp/spark-75e4cb9e-5bb6-4b13-97bb-ce0425919532/userFiles-01a616c1-5fc5-4e66-97cf-06a1a3712813/big-data-fundamentals.jar to class loader
[2023-03-22T08:23:27.714+0000] {spark_submit.py:488} INFO - 23/03/22 08:23:27 INFO Executor: Fetching spark://e343fe327102:35157/jars/postgresql-42.6.0.jar with timestamp 1679473406885
[2023-03-22T08:23:27.715+0000] {spark_submit.py:488} INFO - 23/03/22 08:23:27 INFO Utils: Fetching spark://e343fe327102:35157/jars/postgresql-42.6.0.jar to /tmp/spark-75e4cb9e-5bb6-4b13-97bb-ce0425919532/userFiles-01a616c1-5fc5-4e66-97cf-06a1a3712813/fetchFileTemp12296100716459440554.tmp
[2023-03-22T08:23:27.720+0000] {spark_submit.py:488} INFO - 23/03/22 08:23:27 INFO Executor: Adding file:/tmp/spark-75e4cb9e-5bb6-4b13-97bb-ce0425919532/userFiles-01a616c1-5fc5-4e66-97cf-06a1a3712813/postgresql-42.6.0.jar to class loader
[2023-03-22T08:23:27.725+0000] {spark_submit.py:488} INFO - 23/03/22 08:23:27 INFO Utils: Successfully started service 'org.apache.spark.network.netty.NettyBlockTransferService' on port 44615.
[2023-03-22T08:23:27.725+0000] {spark_submit.py:488} INFO - 23/03/22 08:23:27 INFO NettyBlockTransferService: Server created on e343fe327102:44615
[2023-03-22T08:23:27.726+0000] {spark_submit.py:488} INFO - 23/03/22 08:23:27 INFO BlockManager: Using org.apache.spark.storage.RandomBlockReplicationPolicy for block replication policy
[2023-03-22T08:23:27.730+0000] {spark_submit.py:488} INFO - 23/03/22 08:23:27 INFO BlockManagerMaster: Registering BlockManager BlockManagerId(driver, e343fe327102, 44615, None)
[2023-03-22T08:23:27.733+0000] {spark_submit.py:488} INFO - 23/03/22 08:23:27 INFO BlockManagerMasterEndpoint: Registering block manager e343fe327102:44615 with 434.4 MiB RAM, BlockManagerId(driver, e343fe327102, 44615, None)
[2023-03-22T08:23:27.735+0000] {spark_submit.py:488} INFO - 23/03/22 08:23:27 INFO BlockManagerMaster: Registered BlockManager BlockManagerId(driver, e343fe327102, 44615, None)
[2023-03-22T08:23:27.736+0000] {spark_submit.py:488} INFO - 23/03/22 08:23:27 INFO BlockManager: Initialized BlockManager: BlockManagerId(driver, e343fe327102, 44615, None)
[2023-03-22T08:23:27.942+0000] {spark_submit.py:488} INFO - 23/03/22 08:23:27 INFO SharedState: Setting hive.metastore.warehouse.dir ('null') to the value of spark.sql.warehouse.dir.
[2023-03-22T08:23:27.944+0000] {spark_submit.py:488} INFO - 23/03/22 08:23:27 INFO SharedState: Warehouse path is 'file:/opt/***/spark-warehouse'.
[2023-03-22T08:23:28.702+0000] {spark_submit.py:488} INFO - 23/03/22 08:23:28 INFO InMemoryFileIndex: It took 49 ms to list leaf files for 1 paths.
[2023-03-22T08:23:28.890+0000] {spark_submit.py:488} INFO - 23/03/22 08:23:28 INFO MemoryStore: Block broadcast_0 stored as values in memory (estimated size 200.3 KiB, free 434.2 MiB)
[2023-03-22T08:23:28.940+0000] {spark_submit.py:488} INFO - 23/03/22 08:23:28 INFO MemoryStore: Block broadcast_0_piece0 stored as bytes in memory (estimated size 34.2 KiB, free 434.2 MiB)
[2023-03-22T08:23:28.943+0000] {spark_submit.py:488} INFO - 23/03/22 08:23:28 INFO BlockManagerInfo: Added broadcast_0_piece0 in memory on e343fe327102:44615 (size: 34.2 KiB, free: 434.4 MiB)
[2023-03-22T08:23:28.946+0000] {spark_submit.py:488} INFO - 23/03/22 08:23:28 INFO SparkContext: Created broadcast 0 from json at SparkJob.scala:15
[2023-03-22T08:23:29.197+0000] {spark_submit.py:488} INFO - 23/03/22 08:23:29 INFO FileInputFormat: Total input files to process : 1
[2023-03-22T08:23:29.198+0000] {spark_submit.py:488} INFO - 23/03/22 08:23:29 INFO FileInputFormat: Total input files to process : 1
[2023-03-22T08:23:29.206+0000] {spark_submit.py:488} INFO - 23/03/22 08:23:29 INFO SparkContext: Starting job: json at SparkJob.scala:15
[2023-03-22T08:23:29.217+0000] {spark_submit.py:488} INFO - 23/03/22 08:23:29 INFO DAGScheduler: Got job 0 (json at SparkJob.scala:15) with 1 output partitions
[2023-03-22T08:23:29.218+0000] {spark_submit.py:488} INFO - 23/03/22 08:23:29 INFO DAGScheduler: Final stage: ResultStage 0 (json at SparkJob.scala:15)
[2023-03-22T08:23:29.218+0000] {spark_submit.py:488} INFO - 23/03/22 08:23:29 INFO DAGScheduler: Parents of final stage: List()
[2023-03-22T08:23:29.219+0000] {spark_submit.py:488} INFO - 23/03/22 08:23:29 INFO DAGScheduler: Missing parents: List()
[2023-03-22T08:23:29.222+0000] {spark_submit.py:488} INFO - 23/03/22 08:23:29 INFO DAGScheduler: Submitting ResultStage 0 (MapPartitionsRDD[2] at json at SparkJob.scala:15), which has no missing parents
[2023-03-22T08:23:29.268+0000] {spark_submit.py:488} INFO - 23/03/22 08:23:29 INFO MemoryStore: Block broadcast_1 stored as values in memory (estimated size 9.0 KiB, free 434.2 MiB)
[2023-03-22T08:23:29.272+0000] {spark_submit.py:488} INFO - 23/03/22 08:23:29 INFO MemoryStore: Block broadcast_1_piece0 stored as bytes in memory (estimated size 4.8 KiB, free 434.2 MiB)
[2023-03-22T08:23:29.272+0000] {spark_submit.py:488} INFO - 23/03/22 08:23:29 INFO BlockManagerInfo: Added broadcast_1_piece0 in memory on e343fe327102:44615 (size: 4.8 KiB, free: 434.4 MiB)
[2023-03-22T08:23:29.273+0000] {spark_submit.py:488} INFO - 23/03/22 08:23:29 INFO SparkContext: Created broadcast 1 from broadcast at DAGScheduler.scala:1513
[2023-03-22T08:23:29.284+0000] {spark_submit.py:488} INFO - 23/03/22 08:23:29 INFO DAGScheduler: Submitting 1 missing tasks from ResultStage 0 (MapPartitionsRDD[2] at json at SparkJob.scala:15) (first 15 tasks are for partitions Vector(0))
[2023-03-22T08:23:29.285+0000] {spark_submit.py:488} INFO - 23/03/22 08:23:29 INFO TaskSchedulerImpl: Adding task set 0.0 with 1 tasks resource profile 0
[2023-03-22T08:23:29.323+0000] {spark_submit.py:488} INFO - 23/03/22 08:23:29 INFO TaskSetManager: Starting task 0.0 in stage 0.0 (TID 0) (e343fe327102, executor driver, partition 0, PROCESS_LOCAL, 4573 bytes) taskResourceAssignments Map()
[2023-03-22T08:23:29.338+0000] {spark_submit.py:488} INFO - 23/03/22 08:23:29 INFO Executor: Running task 0.0 in stage 0.0 (TID 0)
[2023-03-22T08:23:29.389+0000] {spark_submit.py:488} INFO - 23/03/22 08:23:29 INFO BinaryFileRDD: Input split: Paths:/home/***/data.json:0+259778
[2023-03-22T08:23:29.481+0000] {spark_submit.py:488} INFO - 23/03/22 08:23:29 INFO Executor: Finished task 0.0 in stage 0.0 (TID 0). 2036 bytes result sent to driver
[2023-03-22T08:23:29.488+0000] {spark_submit.py:488} INFO - 23/03/22 08:23:29 INFO TaskSetManager: Finished task 0.0 in stage 0.0 (TID 0) in 175 ms on e343fe327102 (executor driver) (1/1)
[2023-03-22T08:23:29.489+0000] {spark_submit.py:488} INFO - 23/03/22 08:23:29 INFO TaskSchedulerImpl: Removed TaskSet 0.0, whose tasks have all completed, from pool
[2023-03-22T08:23:29.494+0000] {spark_submit.py:488} INFO - 23/03/22 08:23:29 INFO DAGScheduler: ResultStage 0 (json at SparkJob.scala:15) finished in 0.259 s
[2023-03-22T08:23:29.497+0000] {spark_submit.py:488} INFO - 23/03/22 08:23:29 INFO DAGScheduler: Job 0 is finished. Cancelling potential speculative or zombie tasks for this job
[2023-03-22T08:23:29.497+0000] {spark_submit.py:488} INFO - 23/03/22 08:23:29 INFO TaskSchedulerImpl: Killing all running tasks in stage 0: Stage finished
[2023-03-22T08:23:29.499+0000] {spark_submit.py:488} INFO - 23/03/22 08:23:29 INFO DAGScheduler: Job 0 finished: json at SparkJob.scala:15, took 0.292836 s
[2023-03-22T08:23:30.480+0000] {spark_submit.py:488} INFO - 23/03/22 08:23:30 INFO BlockManagerInfo: Removed broadcast_1_piece0 on e343fe327102:44615 in memory (size: 4.8 KiB, free: 434.4 MiB)
[2023-03-22T08:23:30.483+0000] {spark_submit.py:488} INFO - 23/03/22 08:23:30 INFO BlockManagerInfo: Removed broadcast_0_piece0 on e343fe327102:44615 in memory (size: 34.2 KiB, free: 434.4 MiB)
[2023-03-22T08:23:40.805+0000] {spark_submit.py:488} INFO - Exception in thread "main" org.postgresql.util.PSQLException: The connection attempt failed.
[2023-03-22T08:23:40.805+0000] {spark_submit.py:488} INFO - at org.postgresql.core.v3.ConnectionFactoryImpl.openConnectionImpl(ConnectionFactoryImpl.java:354)
[2023-03-22T08:23:40.805+0000] {spark_submit.py:488} INFO - at org.postgresql.core.ConnectionFactory.openConnection(ConnectionFactory.java:54)
[2023-03-22T08:23:40.805+0000] {spark_submit.py:488} INFO - at org.postgresql.jdbc.PgConnection.<init>(PgConnection.java:263)
[2023-03-22T08:23:40.805+0000] {spark_submit.py:488} INFO - at org.postgresql.Driver.makeConnection(Driver.java:443)
[2023-03-22T08:23:40.805+0000] {spark_submit.py:488} INFO - at org.postgresql.Driver.connect(Driver.java:297)
[2023-03-22T08:23:40.805+0000] {spark_submit.py:488} INFO - at org.apache.spark.sql.execution.datasources.jdbc.connection.BasicConnectionProvider.getConnection(BasicConnectionProvider.scala:49)
[2023-03-22T08:23:40.806+0000] {spark_submit.py:488} INFO - at org.apache.spark.sql.execution.datasources.jdbc.connection.ConnectionProviderBase.create(ConnectionProvider.scala:102)
[2023-03-22T08:23:40.806+0000] {spark_submit.py:488} INFO - at org.apache.spark.sql.jdbc.JdbcDialect.$anonfun$createConnectionFactory$1(JdbcDialects.scala:122)
[2023-03-22T08:23:40.806+0000] {spark_submit.py:488} INFO - at org.apache.spark.sql.jdbc.JdbcDialect.$anonfun$createConnectionFactory$1$adapted(JdbcDialects.scala:118)
[2023-03-22T08:23:40.806+0000] {spark_submit.py:488} INFO - at org.apache.spark.sql.execution.datasources.jdbc.JdbcRelationProvider.createRelation(JdbcRelationProvider.scala:50)
[2023-03-22T08:23:40.806+0000] {spark_submit.py:488} INFO - at org.apache.spark.sql.execution.datasources.SaveIntoDataSourceCommand.run(SaveIntoDataSourceCommand.scala:47)
[2023-03-22T08:23:40.806+0000] {spark_submit.py:488} INFO - at org.apache.spark.sql.execution.command.ExecutedCommandExec.sideEffectResult$lzycompute(commands.scala:75)
[2023-03-22T08:23:40.806+0000] {spark_submit.py:488} INFO - at org.apache.spark.sql.execution.command.ExecutedCommandExec.sideEffectResult(commands.scala:73)
[2023-03-22T08:23:40.806+0000] {spark_submit.py:488} INFO - at org.apache.spark.sql.execution.command.ExecutedCommandExec.executeCollect(commands.scala:84)
[2023-03-22T08:23:40.806+0000] {spark_submit.py:488} INFO - at org.apache.spark.sql.execution.QueryExecution$$anonfun$eagerlyExecuteCommands$1.$anonfun$applyOrElse$1(QueryExecution.scala:98)
[2023-03-22T08:23:40.806+0000] {spark_submit.py:488} INFO - at org.apache.spark.sql.execution.SQLExecution$.$anonfun$withNewExecutionId$6(SQLExecution.scala:109)
[2023-03-22T08:23:40.806+0000] {spark_submit.py:488} INFO - at org.apache.spark.sql.execution.SQLExecution$.withSQLConfPropagated(SQLExecution.scala:169)
[2023-03-22T08:23:40.806+0000] {spark_submit.py:488} INFO - at org.apache.spark.sql.execution.SQLExecution$.$anonfun$withNewExecutionId$1(SQLExecution.scala:95)
[2023-03-22T08:23:40.806+0000] {spark_submit.py:488} INFO - at org.apache.spark.sql.SparkSession.withActive(SparkSession.scala:779)
[2023-03-22T08:23:40.807+0000] {spark_submit.py:488} INFO - at org.apache.spark.sql.execution.SQLExecution$.withNewExecutionId(SQLExecution.scala:64)
[2023-03-22T08:23:40.807+0000] {spark_submit.py:488} INFO - at org.apache.spark.sql.execution.QueryExecution$$anonfun$eagerlyExecuteCommands$1.applyOrElse(QueryExecution.scala:98)
[2023-03-22T08:23:40.807+0000] {spark_submit.py:488} INFO - at org.apache.spark.sql.execution.QueryExecution$$anonfun$eagerlyExecuteCommands$1.applyOrElse(QueryExecution.scala:94)
[2023-03-22T08:23:40.807+0000] {spark_submit.py:488} INFO - at org.apache.spark.sql.catalyst.trees.TreeNode.$anonfun$transformDownWithPruning$1(TreeNode.scala:584)
[2023-03-22T08:23:40.807+0000] {spark_submit.py:488} INFO - at org.apache.spark.sql.catalyst.trees.CurrentOrigin$.withOrigin(TreeNode.scala:176)
[2023-03-22T08:23:40.807+0000] {spark_submit.py:488} INFO - at org.apache.spark.sql.catalyst.trees.TreeNode.transformDownWithPruning(TreeNode.scala:584)
[2023-03-22T08:23:40.807+0000] {spark_submit.py:488} INFO - at org.apache.spark.sql.catalyst.plans.logical.LogicalPlan.org$apache$spark$sql$catalyst$plans$logical$AnalysisHelper$$super$transformDownWithPruning(LogicalPlan.scala:30)
[2023-03-22T08:23:40.807+0000] {spark_submit.py:488} INFO - at org.apache.spark.sql.catalyst.plans.logical.AnalysisHelper.transformDownWithPruning(AnalysisHelper.scala:267)
[2023-03-22T08:23:40.807+0000] {spark_submit.py:488} INFO - at org.apache.spark.sql.catalyst.plans.logical.AnalysisHelper.transformDownWithPruning$(AnalysisHelper.scala:263)
[2023-03-22T08:23:40.807+0000] {spark_submit.py:488} INFO - at org.apache.spark.sql.catalyst.plans.logical.LogicalPlan.transformDownWithPruning(LogicalPlan.scala:30)
[2023-03-22T08:23:40.808+0000] {spark_submit.py:488} INFO - at org.apache.spark.sql.catalyst.plans.logical.LogicalPlan.transformDownWithPruning(LogicalPlan.scala:30)
[2023-03-22T08:23:40.808+0000] {spark_submit.py:488} INFO - at org.apache.spark.sql.catalyst.trees.TreeNode.transformDown(TreeNode.scala:560)
[2023-03-22T08:23:40.808+0000] {spark_submit.py:488} INFO - at org.apache.spark.sql.execution.QueryExecution.eagerlyExecuteCommands(QueryExecution.scala:94)
[2023-03-22T08:23:40.808+0000] {spark_submit.py:488} INFO - at org.apache.spark.sql.execution.QueryExecution.commandExecuted$lzycompute(QueryExecution.scala:81)
[2023-03-22T08:23:40.808+0000] {spark_submit.py:488} INFO - at org.apache.spark.sql.execution.QueryExecution.commandExecuted(QueryExecution.scala:79)
[2023-03-22T08:23:40.808+0000] {spark_submit.py:488} INFO - at org.apache.spark.sql.execution.QueryExecution.assertCommandExecuted(QueryExecution.scala:116)
[2023-03-22T08:23:40.808+0000] {spark_submit.py:488} INFO - at org.apache.spark.sql.DataFrameWriter.runCommand(DataFrameWriter.scala:860)
[2023-03-22T08:23:40.808+0000] {spark_submit.py:488} INFO - at org.apache.spark.sql.DataFrameWriter.saveToV1Source(DataFrameWriter.scala:390)
[2023-03-22T08:23:40.809+0000] {spark_submit.py:488} INFO - at org.apache.spark.sql.DataFrameWriter.saveInternal(DataFrameWriter.scala:363)
[2023-03-22T08:23:40.809+0000] {spark_submit.py:488} INFO - at org.apache.spark.sql.DataFrameWriter.save(DataFrameWriter.scala:247)
[2023-03-22T08:23:40.809+0000] {spark_submit.py:488} INFO - at com.viettel.truongvq.spark.SparkJob$.main(SparkJob.scala:26)
[2023-03-22T08:23:40.809+0000] {spark_submit.py:488} INFO - at com.viettel.truongvq.spark.SparkJob.main(SparkJob.scala)
[2023-03-22T08:23:40.809+0000] {spark_submit.py:488} INFO - at java.base/jdk.internal.reflect.NativeMethodAccessorImpl.invoke0(Native Method)
[2023-03-22T08:23:40.809+0000] {spark_submit.py:488} INFO - at java.base/jdk.internal.reflect.NativeMethodAccessorImpl.invoke(NativeMethodAccessorImpl.java:62)
[2023-03-22T08:23:40.809+0000] {spark_submit.py:488} INFO - at java.base/jdk.internal.reflect.DelegatingMethodAccessorImpl.invoke(DelegatingMethodAccessorImpl.java:43)
[2023-03-22T08:23:40.809+0000] {spark_submit.py:488} INFO - at java.base/java.lang.reflect.Method.invoke(Method.java:566)
[2023-03-22T08:23:40.809+0000] {spark_submit.py:488} INFO - at org.apache.spark.deploy.JavaMainApplication.start(SparkApplication.scala:52)
[2023-03-22T08:23:40.810+0000] {spark_submit.py:488} INFO - at org.apache.spark.deploy.SparkSubmit.org$apache$spark$deploy$SparkSubmit$$runMain(SparkSubmit.scala:958)
[2023-03-22T08:23:40.810+0000] {spark_submit.py:488} INFO - at org.apache.spark.deploy.SparkSubmit.doRunMain$1(SparkSubmit.scala:180)
[2023-03-22T08:23:40.810+0000] {spark_submit.py:488} INFO - at org.apache.spark.deploy.SparkSubmit.submit(SparkSubmit.scala:203)
[2023-03-22T08:23:40.810+0000] {spark_submit.py:488} INFO - at org.apache.spark.deploy.SparkSubmit.doSubmit(SparkSubmit.scala:90)
[2023-03-22T08:23:40.810+0000] {spark_submit.py:488} INFO - at org.apache.spark.deploy.SparkSubmit$$anon$2.doSubmit(SparkSubmit.scala:1046)
[2023-03-22T08:23:40.810+0000] {spark_submit.py:488} INFO - at org.apache.spark.deploy.SparkSubmit$.main(SparkSubmit.scala:1055)
[2023-03-22T08:23:40.810+0000] {spark_submit.py:488} INFO - at org.apache.spark.deploy.SparkSubmit.main(SparkSubmit.scala)
[2023-03-22T08:23:40.810+0000] {spark_submit.py:488} INFO - Caused by: java.net.SocketTimeoutException: connect timed out
[2023-03-22T08:23:40.810+0000] {spark_submit.py:488} INFO - at java.base/java.net.PlainSocketImpl.socketConnect(Native Method)
[2023-03-22T08:23:40.810+0000] {spark_submit.py:488} INFO - at java.base/java.net.AbstractPlainSocketImpl.doConnect(AbstractPlainSocketImpl.java:412)
[2023-03-22T08:23:40.810+0000] {spark_submit.py:488} INFO - at java.base/java.net.AbstractPlainSocketImpl.connectToAddress(AbstractPlainSocketImpl.java:255)
[2023-03-22T08:23:40.810+0000] {spark_submit.py:488} INFO - at java.base/java.net.AbstractPlainSocketImpl.connect(AbstractPlainSocketImpl.java:237)
[2023-03-22T08:23:40.810+0000] {spark_submit.py:488} INFO - at java.base/java.net.SocksSocketImpl.connect(SocksSocketImpl.java:392)
[2023-03-22T08:23:40.810+0000] {spark_submit.py:488} INFO - at java.base/java.net.Socket.connect(Socket.java:609)
[2023-03-22T08:23:40.811+0000] {spark_submit.py:488} INFO - at org.postgresql.core.PGStream.createSocket(PGStream.java:243)
[2023-03-22T08:23:40.811+0000] {spark_submit.py:488} INFO - at org.postgresql.core.PGStream.<init>(PGStream.java:98)
[2023-03-22T08:23:40.811+0000] {spark_submit.py:488} INFO - at org.postgresql.core.v3.ConnectionFactoryImpl.tryConnect(ConnectionFactoryImpl.java:132)
[2023-03-22T08:23:40.811+0000] {spark_submit.py:488} INFO - at org.postgresql.core.v3.ConnectionFactoryImpl.openConnectionImpl(ConnectionFactoryImpl.java:258)
[2023-03-22T08:23:40.811+0000] {spark_submit.py:488} INFO - ... 52 more
[2023-03-22T08:23:40.811+0000] {spark_submit.py:488} INFO - 23/03/22 08:23:40 INFO SparkContext: Invoking stop() from shutdown hook
[2023-03-22T08:23:40.815+0000] {spark_submit.py:488} INFO - 23/03/22 08:23:40 INFO SparkUI: Stopped Spark web UI at http://e343fe327102:4040
[2023-03-22T08:23:40.822+0000] {spark_submit.py:488} INFO - 23/03/22 08:23:40 INFO MapOutputTrackerMasterEndpoint: MapOutputTrackerMasterEndpoint stopped!
[2023-03-22T08:23:40.828+0000] {spark_submit.py:488} INFO - 23/03/22 08:23:40 INFO MemoryStore: MemoryStore cleared
[2023-03-22T08:23:40.829+0000] {spark_submit.py:488} INFO - 23/03/22 08:23:40 INFO BlockManager: BlockManager stopped
[2023-03-22T08:23:40.830+0000] {spark_submit.py:488} INFO - 23/03/22 08:23:40 INFO BlockManagerMaster: BlockManagerMaster stopped
[2023-03-22T08:23:40.832+0000] {spark_submit.py:488} INFO - 23/03/22 08:23:40 INFO OutputCommitCoordinator$OutputCommitCoordinatorEndpoint: OutputCommitCoordinator stopped!
[2023-03-22T08:23:40.836+0000] {spark_submit.py:488} INFO - 23/03/22 08:23:40 INFO SparkContext: Successfully stopped SparkContext
[2023-03-22T08:23:40.836+0000] {spark_submit.py:488} INFO - 23/03/22 08:23:40 INFO ShutdownHookManager: Shutdown hook called
[2023-03-22T08:23:40.837+0000] {spark_submit.py:488} INFO - 23/03/22 08:23:40 INFO ShutdownHookManager: Deleting directory /tmp/spark-18ee4faf-3b77-40ea-91b8-305c27703e58
[2023-03-22T08:23:40.839+0000] {spark_submit.py:488} INFO - 23/03/22 08:23:40 INFO ShutdownHookManager: Deleting directory /tmp/spark-75e4cb9e-5bb6-4b13-97bb-ce0425919532
[2023-03-22T08:23:40.968+0000] {local_task_job.py:212} INFO - Task exited with return code 0
[2023-03-22T08:23:40.992+0000] {taskinstance.py:2585} INFO - 0 downstream tasks scheduled from follow-on schedule check
