[2023-03-22T08:20:03.255+0000] {taskinstance.py:1084} INFO - Dependencies all met for dep_context=non-requeueable deps ti=<TaskInstance: CarFine.show_file scheduled__2023-03-22T08:15:00+00:00 [queued]>
[2023-03-22T08:20:03.262+0000] {taskinstance.py:1084} INFO - Dependencies all met for dep_context=requeueable deps ti=<TaskInstance: CarFine.show_file scheduled__2023-03-22T08:15:00+00:00 [queued]>
[2023-03-22T08:20:03.262+0000] {taskinstance.py:1282} INFO - 
--------------------------------------------------------------------------------
[2023-03-22T08:20:03.263+0000] {taskinstance.py:1283} INFO - Starting attempt 1 of 1
[2023-03-22T08:20:03.263+0000] {taskinstance.py:1284} INFO - 
--------------------------------------------------------------------------------
[2023-03-22T08:20:03.273+0000] {taskinstance.py:1303} INFO - Executing <Task(BashOperator): show_file> on 2023-03-22 08:15:00+00:00
[2023-03-22T08:20:03.277+0000] {standard_task_runner.py:55} INFO - Started process 5893 to run task
[2023-03-22T08:20:03.279+0000] {standard_task_runner.py:82} INFO - Running: ['***', 'tasks', 'run', 'CarFine', 'show_file', 'scheduled__2023-03-22T08:15:00+00:00', '--job-id', '378', '--raw', '--subdir', 'DAGS_FOLDER/CarFineDAG.py', '--cfg-path', '/tmp/tmpgr5m4n7b']
[2023-03-22T08:20:03.279+0000] {standard_task_runner.py:83} INFO - Job 378: Subtask show_file
[2023-03-22T08:20:03.320+0000] {task_command.py:388} INFO - Running <TaskInstance: CarFine.show_file scheduled__2023-03-22T08:15:00+00:00 [running]> on host ed9661b333ec
[2023-03-22T08:20:03.373+0000] {taskinstance.py:1511} INFO - Exporting the following env vars:
AIRFLOW_CTX_DAG_OWNER=***
AIRFLOW_CTX_DAG_ID=CarFine
AIRFLOW_CTX_TASK_ID=show_file
AIRFLOW_CTX_EXECUTION_DATE=2023-03-22T08:15:00+00:00
AIRFLOW_CTX_TRY_NUMBER=1
AIRFLOW_CTX_DAG_RUN_ID=scheduled__2023-03-22T08:15:00+00:00
[2023-03-22T08:20:03.374+0000] {subprocess.py:63} INFO - Tmp dir root location: 
 /tmp
[2023-03-22T08:20:03.375+0000] {subprocess.py:75} INFO - Running command: ['/bin/bash', '-c', 'cd /home/*** && ls']
[2023-03-22T08:20:03.385+0000] {subprocess.py:86} INFO - Output:
[2023-03-22T08:20:03.387+0000] {subprocess.py:93} INFO - data.json
[2023-03-22T08:20:03.388+0000] {subprocess.py:93} INFO - data.json.1
[2023-03-22T08:20:03.388+0000] {subprocess.py:93} INFO - data.json.2
[2023-03-22T08:20:03.388+0000] {subprocess.py:93} INFO - data.json.3
[2023-03-22T08:20:03.388+0000] {subprocess.py:93} INFO - data.json.4
[2023-03-22T08:20:03.388+0000] {subprocess.py:93} INFO - data.json.5
[2023-03-22T08:20:03.388+0000] {subprocess.py:93} INFO - data.json.6
[2023-03-22T08:20:03.388+0000] {subprocess.py:93} INFO - data.json.7
[2023-03-22T08:20:03.388+0000] {subprocess.py:93} INFO - data.json.8
[2023-03-22T08:20:03.388+0000] {subprocess.py:93} INFO - data.json.9
[2023-03-22T08:20:03.389+0000] {subprocess.py:97} INFO - Command exited with return code 0
[2023-03-22T08:20:03.411+0000] {taskinstance.py:1326} INFO - Marking task as SUCCESS. dag_id=CarFine, task_id=show_file, execution_date=20230322T081500, start_date=20230322T082003, end_date=20230322T082003
[2023-03-22T08:20:03.451+0000] {local_task_job.py:212} INFO - Task exited with return code 0
[2023-03-22T08:20:03.467+0000] {taskinstance.py:2585} INFO - 1 downstream tasks scheduled from follow-on schedule check
