[2023-03-21T07:45:29.261+0000] {taskinstance.py:1084} INFO - Dependencies all met for dep_context=non-requeueable deps ti=<TaskInstance: FirstDAG.print_date scheduled__2023-03-21T06:00:00+00:00 [queued]>
[2023-03-21T07:45:29.269+0000] {taskinstance.py:1084} INFO - Dependencies all met for dep_context=requeueable deps ti=<TaskInstance: FirstDAG.print_date scheduled__2023-03-21T06:00:00+00:00 [queued]>
[2023-03-21T07:45:29.269+0000] {taskinstance.py:1282} INFO - 
--------------------------------------------------------------------------------
[2023-03-21T07:45:29.269+0000] {taskinstance.py:1283} INFO - Starting attempt 1 of 1
[2023-03-21T07:45:29.269+0000] {taskinstance.py:1284} INFO - 
--------------------------------------------------------------------------------
[2023-03-21T07:45:29.279+0000] {taskinstance.py:1303} INFO - Executing <Task(BashOperator): print_date> on 2023-03-21 06:00:00+00:00
[2023-03-21T07:45:29.283+0000] {standard_task_runner.py:55} INFO - Started process 89 to run task
[2023-03-21T07:45:29.286+0000] {standard_task_runner.py:82} INFO - Running: ['***', 'tasks', 'run', 'FirstDAG', 'print_date', 'scheduled__2023-03-21T06:00:00+00:00', '--job-id', '5', '--raw', '--subdir', 'DAGS_FOLDER/FirstDAG.py', '--cfg-path', '/tmp/tmpiylfpdj6']
[2023-03-21T07:45:29.286+0000] {standard_task_runner.py:83} INFO - Job 5: Subtask print_date
[2023-03-21T07:45:29.331+0000] {task_command.py:388} INFO - Running <TaskInstance: FirstDAG.print_date scheduled__2023-03-21T06:00:00+00:00 [running]> on host 4b2640dbf4e4
[2023-03-21T07:45:29.383+0000] {taskinstance.py:1511} INFO - Exporting the following env vars:
AIRFLOW_CTX_DAG_OWNER=***
AIRFLOW_CTX_DAG_ID=FirstDAG
AIRFLOW_CTX_TASK_ID=print_date
AIRFLOW_CTX_EXECUTION_DATE=2023-03-21T06:00:00+00:00
AIRFLOW_CTX_TRY_NUMBER=1
AIRFLOW_CTX_DAG_RUN_ID=scheduled__2023-03-21T06:00:00+00:00
[2023-03-21T07:45:29.384+0000] {subprocess.py:63} INFO - Tmp dir root location: 
 /tmp
[2023-03-21T07:45:29.384+0000] {subprocess.py:75} INFO - Running command: ['/bin/bash', '-c', 'date']
[2023-03-21T07:45:29.391+0000] {subprocess.py:86} INFO - Output:
[2023-03-21T07:45:29.393+0000] {subprocess.py:93} INFO - Tue Mar 21 07:45:29 UTC 2023
[2023-03-21T07:45:29.393+0000] {subprocess.py:97} INFO - Command exited with return code 0
[2023-03-21T07:45:29.413+0000] {taskinstance.py:1326} INFO - Marking task as SUCCESS. dag_id=FirstDAG, task_id=print_date, execution_date=20230321T060000, start_date=20230321T074529, end_date=20230321T074529
[2023-03-21T07:45:29.458+0000] {local_task_job.py:212} INFO - Task exited with return code 0
[2023-03-21T07:45:29.476+0000] {taskinstance.py:2585} INFO - 0 downstream tasks scheduled from follow-on schedule check
