[2023-03-22T07:55:04.748+0000] {taskinstance.py:1084} INFO - Dependencies all met for dep_context=non-requeueable deps ti=<TaskInstance: CarFine.spark-save-db scheduled__2023-03-22T07:50:00+00:00 [queued]>
[2023-03-22T07:55:04.755+0000] {taskinstance.py:1084} INFO - Dependencies all met for dep_context=requeueable deps ti=<TaskInstance: CarFine.spark-save-db scheduled__2023-03-22T07:50:00+00:00 [queued]>
[2023-03-22T07:55:04.755+0000] {taskinstance.py:1282} INFO - 
--------------------------------------------------------------------------------
[2023-03-22T07:55:04.755+0000] {taskinstance.py:1283} INFO - Starting attempt 1 of 1
[2023-03-22T07:55:04.755+0000] {taskinstance.py:1284} INFO - 
--------------------------------------------------------------------------------
[2023-03-22T07:55:04.764+0000] {taskinstance.py:1303} INFO - Executing <Task(SparkSubmitOperator): spark-save-db> on 2023-03-22 07:50:00+00:00
[2023-03-22T07:55:04.768+0000] {standard_task_runner.py:55} INFO - Started process 3275 to run task
[2023-03-22T07:55:04.769+0000] {standard_task_runner.py:82} INFO - Running: ['***', 'tasks', 'run', 'CarFine', 'spark-save-db', 'scheduled__2023-03-22T07:50:00+00:00', '--job-id', '358', '--raw', '--subdir', 'DAGS_FOLDER/CarFineDAG.py', '--cfg-path', '/tmp/tmpensx3aod']
[2023-03-22T07:55:04.770+0000] {standard_task_runner.py:83} INFO - Job 358: Subtask spark-save-db
[2023-03-22T07:55:04.808+0000] {task_command.py:388} INFO - Running <TaskInstance: CarFine.spark-save-db scheduled__2023-03-22T07:50:00+00:00 [running]> on host ed9661b333ec
[2023-03-22T07:55:04.857+0000] {taskinstance.py:1511} INFO - Exporting the following env vars:
AIRFLOW_CTX_DAG_OWNER=***
AIRFLOW_CTX_DAG_ID=CarFine
AIRFLOW_CTX_TASK_ID=spark-save-db
AIRFLOW_CTX_EXECUTION_DATE=2023-03-22T07:50:00+00:00
AIRFLOW_CTX_TRY_NUMBER=1
AIRFLOW_CTX_DAG_RUN_ID=scheduled__2023-03-22T07:50:00+00:00
[2023-03-22T07:55:04.863+0000] {base.py:73} INFO - Using connection ID 'spark-connection' for task execution.
[2023-03-22T07:55:04.864+0000] {spark_submit.py:335} INFO - Spark-Submit cmd: spark-submit --master spark://vtn-truongvq:7077 --name arrow-spark --class com.viettel.truongvq.spark.SparkJob --verbose /opt/***/plugins/big-data-fundamentals.jar
[2023-03-22T07:55:04.944+0000] {spark_submit.py:488} INFO - /home/***/.local/lib/python3.7/site-packages/pyspark/bin/load-spark-env.sh: line 68: ps: command not found
[2023-03-22T07:55:05.797+0000] {spark_submit.py:488} INFO - Using properties file: null
[2023-03-22T07:55:05.884+0000] {spark_submit.py:488} INFO - Parsed arguments:
[2023-03-22T07:55:05.884+0000] {spark_submit.py:488} INFO - master                  spark://vtn-truongvq:7077
[2023-03-22T07:55:05.884+0000] {spark_submit.py:488} INFO - deployMode              null
[2023-03-22T07:55:05.884+0000] {spark_submit.py:488} INFO - executorMemory          null
[2023-03-22T07:55:05.884+0000] {spark_submit.py:488} INFO - executorCores           null
[2023-03-22T07:55:05.885+0000] {spark_submit.py:488} INFO - totalExecutorCores      null
[2023-03-22T07:55:05.885+0000] {spark_submit.py:488} INFO - propertiesFile          null
[2023-03-22T07:55:05.885+0000] {spark_submit.py:488} INFO - driverMemory            null
[2023-03-22T07:55:05.885+0000] {spark_submit.py:488} INFO - driverCores             null
[2023-03-22T07:55:05.885+0000] {spark_submit.py:488} INFO - driverExtraClassPath    null
[2023-03-22T07:55:05.885+0000] {spark_submit.py:488} INFO - driverExtraLibraryPath  null
[2023-03-22T07:55:05.885+0000] {spark_submit.py:488} INFO - driverExtraJavaOptions  null
[2023-03-22T07:55:05.885+0000] {spark_submit.py:488} INFO - supervise               false
[2023-03-22T07:55:05.885+0000] {spark_submit.py:488} INFO - queue                   null
[2023-03-22T07:55:05.885+0000] {spark_submit.py:488} INFO - numExecutors            null
[2023-03-22T07:55:05.885+0000] {spark_submit.py:488} INFO - files                   null
[2023-03-22T07:55:05.885+0000] {spark_submit.py:488} INFO - pyFiles                 null
[2023-03-22T07:55:05.885+0000] {spark_submit.py:488} INFO - archives                null
[2023-03-22T07:55:05.885+0000] {spark_submit.py:488} INFO - mainClass               com.viettel.truongvq.spark.SparkJob
[2023-03-22T07:55:05.886+0000] {spark_submit.py:488} INFO - primaryResource         file:/opt/***/plugins/big-data-fundamentals.jar
[2023-03-22T07:55:05.886+0000] {spark_submit.py:488} INFO - name                    arrow-spark
[2023-03-22T07:55:05.886+0000] {spark_submit.py:488} INFO - childArgs               []
[2023-03-22T07:55:05.886+0000] {spark_submit.py:488} INFO - jars                    null
[2023-03-22T07:55:05.886+0000] {spark_submit.py:488} INFO - packages                null
[2023-03-22T07:55:05.886+0000] {spark_submit.py:488} INFO - packagesExclusions      null
[2023-03-22T07:55:05.886+0000] {spark_submit.py:488} INFO - repositories            null
[2023-03-22T07:55:05.886+0000] {spark_submit.py:488} INFO - verbose                 true
[2023-03-22T07:55:05.886+0000] {spark_submit.py:488} INFO - 
[2023-03-22T07:55:05.886+0000] {spark_submit.py:488} INFO - Spark properties used, including those specified through
[2023-03-22T07:55:05.886+0000] {spark_submit.py:488} INFO - --conf and those from the properties file null:
[2023-03-22T07:55:05.886+0000] {spark_submit.py:488} INFO - 
[2023-03-22T07:55:05.886+0000] {spark_submit.py:488} INFO - 
[2023-03-22T07:55:05.886+0000] {spark_submit.py:488} INFO - 
[2023-03-22T07:55:06.104+0000] {spark_submit.py:488} INFO - Main class:
[2023-03-22T07:55:06.104+0000] {spark_submit.py:488} INFO - com.viettel.truongvq.spark.SparkJob
[2023-03-22T07:55:06.104+0000] {spark_submit.py:488} INFO - Arguments:
[2023-03-22T07:55:06.104+0000] {spark_submit.py:488} INFO - 
[2023-03-22T07:55:06.106+0000] {spark_submit.py:488} INFO - Spark config:
[2023-03-22T07:55:06.106+0000] {spark_submit.py:488} INFO - (spark.app.name,arrow-spark)
[2023-03-22T07:55:06.106+0000] {spark_submit.py:488} INFO - (spark.app.submitTime,1679471706094)
[2023-03-22T07:55:06.107+0000] {spark_submit.py:488} INFO - (spark.jars,file:/opt/***/plugins/big-data-fundamentals.jar)
[2023-03-22T07:55:06.107+0000] {spark_submit.py:488} INFO - (spark.master,spark://vtn-truongvq:7077)
[2023-03-22T07:55:06.107+0000] {spark_submit.py:488} INFO - (spark.submit.deployMode,client)
[2023-03-22T07:55:06.107+0000] {spark_submit.py:488} INFO - (spark.submit.pyFiles,)
[2023-03-22T07:55:06.107+0000] {spark_submit.py:488} INFO - Classpath elements:
[2023-03-22T07:55:06.107+0000] {spark_submit.py:488} INFO - file:/opt/***/plugins/big-data-fundamentals.jar
[2023-03-22T07:55:06.107+0000] {spark_submit.py:488} INFO - 
[2023-03-22T07:55:06.107+0000] {spark_submit.py:488} INFO - 
[2023-03-22T07:55:06.136+0000] {spark_submit.py:488} INFO - 23/03/22 07:55:06 INFO SparkContext: Running Spark version 3.3.2
[2023-03-22T07:55:06.183+0000] {spark_submit.py:488} INFO - 23/03/22 07:55:06 WARN NativeCodeLoader: Unable to load native-hadoop library for your platform... using builtin-java classes where applicable
[2023-03-22T07:55:06.249+0000] {spark_submit.py:488} INFO - 23/03/22 07:55:06 INFO ResourceUtils: ==============================================================
[2023-03-22T07:55:06.249+0000] {spark_submit.py:488} INFO - 23/03/22 07:55:06 INFO ResourceUtils: No custom resources configured for spark.driver.
[2023-03-22T07:55:06.249+0000] {spark_submit.py:488} INFO - 23/03/22 07:55:06 INFO ResourceUtils: ==============================================================
[2023-03-22T07:55:06.250+0000] {spark_submit.py:488} INFO - 23/03/22 07:55:06 INFO SparkContext: Submitted application: SparkExample
[2023-03-22T07:55:06.263+0000] {spark_submit.py:488} INFO - 23/03/22 07:55:06 INFO ResourceProfile: Default ResourceProfile created, executor resources: Map(cores -> name: cores, amount: 1, script: , vendor: , memory -> name: memory, amount: 1024, script: , vendor: , offHeap -> name: offHeap, amount: 0, script: , vendor: ), task resources: Map(cpus -> name: cpus, amount: 1.0)
[2023-03-22T07:55:06.272+0000] {spark_submit.py:488} INFO - 23/03/22 07:55:06 INFO ResourceProfile: Limiting resource is cpu
[2023-03-22T07:55:06.273+0000] {spark_submit.py:488} INFO - 23/03/22 07:55:06 INFO ResourceProfileManager: Added ResourceProfile id: 0
[2023-03-22T07:55:06.300+0000] {spark_submit.py:488} INFO - 23/03/22 07:55:06 INFO SecurityManager: Changing view acls to: default
[2023-03-22T07:55:06.300+0000] {spark_submit.py:488} INFO - 23/03/22 07:55:06 INFO SecurityManager: Changing modify acls to: default
[2023-03-22T07:55:06.301+0000] {spark_submit.py:488} INFO - 23/03/22 07:55:06 INFO SecurityManager: Changing view acls groups to:
[2023-03-22T07:55:06.301+0000] {spark_submit.py:488} INFO - 23/03/22 07:55:06 INFO SecurityManager: Changing modify acls groups to:
[2023-03-22T07:55:06.301+0000] {spark_submit.py:488} INFO - 23/03/22 07:55:06 INFO SecurityManager: SecurityManager: authentication disabled; ui acls disabled; users  with view permissions: Set(default); groups with view permissions: Set(); users  with modify permissions: Set(default); groups with modify permissions: Set()
[2023-03-22T07:55:06.464+0000] {spark_submit.py:488} INFO - 23/03/22 07:55:06 INFO Utils: Successfully started service 'sparkDriver' on port 45711.
[2023-03-22T07:55:06.488+0000] {spark_submit.py:488} INFO - 23/03/22 07:55:06 INFO SparkEnv: Registering MapOutputTracker
[2023-03-22T07:55:06.512+0000] {spark_submit.py:488} INFO - 23/03/22 07:55:06 INFO SparkEnv: Registering BlockManagerMaster
[2023-03-22T07:55:06.524+0000] {spark_submit.py:488} INFO - 23/03/22 07:55:06 INFO BlockManagerMasterEndpoint: Using org.apache.spark.storage.DefaultTopologyMapper for getting topology information
[2023-03-22T07:55:06.524+0000] {spark_submit.py:488} INFO - 23/03/22 07:55:06 INFO BlockManagerMasterEndpoint: BlockManagerMasterEndpoint up
[2023-03-22T07:55:06.527+0000] {spark_submit.py:488} INFO - 23/03/22 07:55:06 INFO SparkEnv: Registering BlockManagerMasterHeartbeat
[2023-03-22T07:55:06.540+0000] {spark_submit.py:488} INFO - 23/03/22 07:55:06 INFO DiskBlockManager: Created local directory at /tmp/blockmgr-b73fd2ea-66fb-48e9-a26b-102bf65bbca7
[2023-03-22T07:55:06.550+0000] {spark_submit.py:488} INFO - 23/03/22 07:55:06 INFO MemoryStore: MemoryStore started with capacity 434.4 MiB
[2023-03-22T07:55:06.560+0000] {spark_submit.py:488} INFO - 23/03/22 07:55:06 INFO SparkEnv: Registering OutputCommitCoordinator
[2023-03-22T07:55:06.707+0000] {spark_submit.py:488} INFO - 23/03/22 07:55:06 INFO Utils: Successfully started service 'SparkUI' on port 4040.
[2023-03-22T07:55:06.731+0000] {spark_submit.py:488} INFO - 23/03/22 07:55:06 INFO SparkContext: Added JAR file:/opt/***/plugins/big-data-fundamentals.jar at spark://ed9661b333ec:45711/jars/big-data-fundamentals.jar with timestamp 1679471706129
[2023-03-22T07:55:06.778+0000] {spark_submit.py:488} INFO - 23/03/22 07:55:06 INFO Executor: Starting executor ID driver on host ed9661b333ec
[2023-03-22T07:55:06.782+0000] {spark_submit.py:488} INFO - 23/03/22 07:55:06 INFO Executor: Starting executor with user classpath (userClassPathFirst = false): ''
[2023-03-22T07:55:06.790+0000] {spark_submit.py:488} INFO - 23/03/22 07:55:06 INFO Executor: Fetching spark://ed9661b333ec:45711/jars/big-data-fundamentals.jar with timestamp 1679471706129
[2023-03-22T07:55:06.819+0000] {spark_submit.py:488} INFO - 23/03/22 07:55:06 INFO TransportClientFactory: Successfully created connection to ed9661b333ec/172.29.0.4:45711 after 15 ms (0 ms spent in bootstraps)
[2023-03-22T07:55:06.822+0000] {spark_submit.py:488} INFO - 23/03/22 07:55:06 INFO Utils: Fetching spark://ed9661b333ec:45711/jars/big-data-fundamentals.jar to /tmp/spark-6245fe89-eabd-4283-a611-52151db07e6f/userFiles-2004dc01-a164-4adb-9633-692ceb2f964d/fetchFileTemp14820340936407905439.tmp
[2023-03-22T07:55:06.861+0000] {spark_submit.py:488} INFO - 23/03/22 07:55:06 INFO Executor: Adding file:/tmp/spark-6245fe89-eabd-4283-a611-52151db07e6f/userFiles-2004dc01-a164-4adb-9633-692ceb2f964d/big-data-fundamentals.jar to class loader
[2023-03-22T07:55:06.865+0000] {spark_submit.py:488} INFO - 23/03/22 07:55:06 INFO Utils: Successfully started service 'org.apache.spark.network.netty.NettyBlockTransferService' on port 34401.
[2023-03-22T07:55:06.866+0000] {spark_submit.py:488} INFO - 23/03/22 07:55:06 INFO NettyBlockTransferService: Server created on ed9661b333ec:34401
[2023-03-22T07:55:06.866+0000] {spark_submit.py:488} INFO - 23/03/22 07:55:06 INFO BlockManager: Using org.apache.spark.storage.RandomBlockReplicationPolicy for block replication policy
[2023-03-22T07:55:06.870+0000] {spark_submit.py:488} INFO - 23/03/22 07:55:06 INFO BlockManagerMaster: Registering BlockManager BlockManagerId(driver, ed9661b333ec, 34401, None)
[2023-03-22T07:55:06.872+0000] {spark_submit.py:488} INFO - 23/03/22 07:55:06 INFO BlockManagerMasterEndpoint: Registering block manager ed9661b333ec:34401 with 434.4 MiB RAM, BlockManagerId(driver, ed9661b333ec, 34401, None)
[2023-03-22T07:55:06.873+0000] {spark_submit.py:488} INFO - 23/03/22 07:55:06 INFO BlockManagerMaster: Registered BlockManager BlockManagerId(driver, ed9661b333ec, 34401, None)
[2023-03-22T07:55:06.874+0000] {spark_submit.py:488} INFO - 23/03/22 07:55:06 INFO BlockManager: Initialized BlockManager: BlockManagerId(driver, ed9661b333ec, 34401, None)
[2023-03-22T07:55:07.091+0000] {spark_submit.py:488} INFO - 23/03/22 07:55:07 INFO SharedState: Setting hive.metastore.warehouse.dir ('null') to the value of spark.sql.warehouse.dir.
[2023-03-22T07:55:07.095+0000] {spark_submit.py:488} INFO - 23/03/22 07:55:07 INFO SharedState: Warehouse path is 'file:/opt/***/spark-warehouse'.
[2023-03-22T07:55:07.626+0000] {spark_submit.py:488} INFO - Exception in thread "main" org.apache.spark.sql.AnalysisException: Path does not exist: file:/opt/***/src/main/resources/data.json
[2023-03-22T07:55:07.626+0000] {spark_submit.py:488} INFO - at org.apache.spark.sql.errors.QueryCompilationErrors$.dataPathNotExistError(QueryCompilationErrors.scala:1011)
[2023-03-22T07:55:07.626+0000] {spark_submit.py:488} INFO - at org.apache.spark.sql.execution.datasources.DataSource$.$anonfun$checkAndGlobPathIfNecessary$4(DataSource.scala:785)
[2023-03-22T07:55:07.627+0000] {spark_submit.py:488} INFO - at org.apache.spark.sql.execution.datasources.DataSource$.$anonfun$checkAndGlobPathIfNecessary$4$adapted(DataSource.scala:782)
[2023-03-22T07:55:07.627+0000] {spark_submit.py:488} INFO - at org.apache.spark.util.ThreadUtils$.$anonfun$parmap$2(ThreadUtils.scala:372)
[2023-03-22T07:55:07.627+0000] {spark_submit.py:488} INFO - at scala.concurrent.Future$.$anonfun$apply$1(Future.scala:659)
[2023-03-22T07:55:07.627+0000] {spark_submit.py:488} INFO - at scala.util.Success.$anonfun$map$1(Try.scala:255)
[2023-03-22T07:55:07.627+0000] {spark_submit.py:488} INFO - at scala.util.Success.map(Try.scala:213)
[2023-03-22T07:55:07.627+0000] {spark_submit.py:488} INFO - at scala.concurrent.Future.$anonfun$map$1(Future.scala:292)
[2023-03-22T07:55:07.627+0000] {spark_submit.py:488} INFO - at scala.concurrent.impl.Promise.liftedTree1$1(Promise.scala:33)
[2023-03-22T07:55:07.627+0000] {spark_submit.py:488} INFO - at scala.concurrent.impl.Promise.$anonfun$transform$1(Promise.scala:33)
[2023-03-22T07:55:07.627+0000] {spark_submit.py:488} INFO - at scala.concurrent.impl.CallbackRunnable.run(Promise.scala:64)
[2023-03-22T07:55:07.627+0000] {spark_submit.py:488} INFO - at java.base/java.util.concurrent.ForkJoinTask$RunnableExecuteAction.exec(ForkJoinTask.java:1426)
[2023-03-22T07:55:07.627+0000] {spark_submit.py:488} INFO - at java.base/java.util.concurrent.ForkJoinTask.doExec(ForkJoinTask.java:290)
[2023-03-22T07:55:07.627+0000] {spark_submit.py:488} INFO - at java.base/java.util.concurrent.ForkJoinPool$WorkQueue.topLevelExec(ForkJoinPool.java:1020)
[2023-03-22T07:55:07.628+0000] {spark_submit.py:488} INFO - at java.base/java.util.concurrent.ForkJoinPool.scan(ForkJoinPool.java:1656)
[2023-03-22T07:55:07.628+0000] {spark_submit.py:488} INFO - at java.base/java.util.concurrent.ForkJoinPool.runWorker(ForkJoinPool.java:1594)
[2023-03-22T07:55:07.628+0000] {spark_submit.py:488} INFO - at java.base/java.util.concurrent.ForkJoinWorkerThread.run(ForkJoinWorkerThread.java:183)
[2023-03-22T07:55:07.630+0000] {spark_submit.py:488} INFO - 23/03/22 07:55:07 INFO SparkContext: Invoking stop() from shutdown hook
[2023-03-22T07:55:07.636+0000] {spark_submit.py:488} INFO - 23/03/22 07:55:07 INFO SparkUI: Stopped Spark web UI at http://ed9661b333ec:4040
[2023-03-22T07:55:07.644+0000] {spark_submit.py:488} INFO - 23/03/22 07:55:07 INFO MapOutputTrackerMasterEndpoint: MapOutputTrackerMasterEndpoint stopped!
[2023-03-22T07:55:07.652+0000] {spark_submit.py:488} INFO - 23/03/22 07:55:07 INFO MemoryStore: MemoryStore cleared
[2023-03-22T07:55:07.652+0000] {spark_submit.py:488} INFO - 23/03/22 07:55:07 INFO BlockManager: BlockManager stopped
[2023-03-22T07:55:07.656+0000] {spark_submit.py:488} INFO - 23/03/22 07:55:07 INFO BlockManagerMaster: BlockManagerMaster stopped
[2023-03-22T07:55:07.659+0000] {spark_submit.py:488} INFO - 23/03/22 07:55:07 INFO OutputCommitCoordinator$OutputCommitCoordinatorEndpoint: OutputCommitCoordinator stopped!
[2023-03-22T07:55:07.665+0000] {spark_submit.py:488} INFO - 23/03/22 07:55:07 INFO SparkContext: Successfully stopped SparkContext
[2023-03-22T07:55:07.665+0000] {spark_submit.py:488} INFO - 23/03/22 07:55:07 INFO ShutdownHookManager: Shutdown hook called
[2023-03-22T07:55:07.665+0000] {spark_submit.py:488} INFO - 23/03/22 07:55:07 INFO ShutdownHookManager: Deleting directory /tmp/spark-6245fe89-eabd-4283-a611-52151db07e6f
[2023-03-22T07:55:07.667+0000] {spark_submit.py:488} INFO - 23/03/22 07:55:07 INFO ShutdownHookManager: Deleting directory /tmp/spark-4a19de2f-3fec-4f2f-af56-a38927bcf517
[2023-03-22T07:55:07.713+0000] {taskinstance.py:1775} ERROR - Task failed with exception
Traceback (most recent call last):
  File "/home/airflow/.local/lib/python3.7/site-packages/airflow/providers/apache/spark/operators/spark_submit.py", line 157, in execute
    self._hook.submit(self._application)
  File "/home/airflow/.local/lib/python3.7/site-packages/airflow/providers/apache/spark/hooks/spark_submit.py", line 420, in submit
    f"Cannot execute: {self._mask_cmd(spark_submit_cmd)}. Error code is: {returncode}."
airflow.exceptions.AirflowException: Cannot execute: spark-submit --master spark://vtn-truongvq:7077 --name arrow-spark --class com.viettel.truongvq.spark.SparkJob --verbose /opt/***/plugins/big-data-fundamentals.jar. Error code is: 1.
[2023-03-22T07:55:07.716+0000] {taskinstance.py:1326} INFO - Marking task as FAILED. dag_id=CarFine, task_id=spark-save-db, execution_date=20230322T075000, start_date=20230322T075504, end_date=20230322T075507
[2023-03-22T07:55:07.724+0000] {standard_task_runner.py:105} ERROR - Failed to execute job 358 for task spark-save-db (Cannot execute: spark-submit --master spark://vtn-truongvq:7077 --name arrow-spark --class com.viettel.truongvq.spark.SparkJob --verbose /opt/***/plugins/big-data-fundamentals.jar. Error code is: 1.; 3275)
[2023-03-22T07:55:07.749+0000] {local_task_job.py:212} INFO - Task exited with return code 1
[2023-03-22T07:55:07.804+0000] {taskinstance.py:2585} INFO - 0 downstream tasks scheduled from follow-on schedule check
