[2023-03-22T04:20:03.106+0000] {taskinstance.py:1084} INFO - Dependencies all met for dep_context=non-requeueable deps ti=<TaskInstance: CarFine.show_file scheduled__2023-03-22T04:15:00+00:00 [queued]>
[2023-03-22T04:20:03.113+0000] {taskinstance.py:1084} INFO - Dependencies all met for dep_context=requeueable deps ti=<TaskInstance: CarFine.show_file scheduled__2023-03-22T04:15:00+00:00 [queued]>
[2023-03-22T04:20:03.113+0000] {taskinstance.py:1282} INFO - 
--------------------------------------------------------------------------------
[2023-03-22T04:20:03.113+0000] {taskinstance.py:1283} INFO - Starting attempt 1 of 1
[2023-03-22T04:20:03.113+0000] {taskinstance.py:1284} INFO - 
--------------------------------------------------------------------------------
[2023-03-22T04:20:03.122+0000] {taskinstance.py:1303} INFO - Executing <Task(BashOperator): show_file> on 2023-03-22 04:15:00+00:00
[2023-03-22T04:20:03.126+0000] {standard_task_runner.py:55} INFO - Started process 1460 to run task
[2023-03-22T04:20:03.127+0000] {standard_task_runner.py:82} INFO - Running: ['***', 'tasks', 'run', 'CarFine', 'show_file', 'scheduled__2023-03-22T04:15:00+00:00', '--job-id', '276', '--raw', '--subdir', 'DAGS_FOLDER/CarFineDAG.py', '--cfg-path', '/tmp/tmp4zpa52rf']
[2023-03-22T04:20:03.128+0000] {standard_task_runner.py:83} INFO - Job 276: Subtask show_file
[2023-03-22T04:20:03.167+0000] {task_command.py:388} INFO - Running <TaskInstance: CarFine.show_file scheduled__2023-03-22T04:15:00+00:00 [running]> on host f331b8a34e72
[2023-03-22T04:20:03.214+0000] {taskinstance.py:1511} INFO - Exporting the following env vars:
AIRFLOW_CTX_DAG_OWNER=***
AIRFLOW_CTX_DAG_ID=CarFine
AIRFLOW_CTX_TASK_ID=show_file
AIRFLOW_CTX_EXECUTION_DATE=2023-03-22T04:15:00+00:00
AIRFLOW_CTX_TRY_NUMBER=1
AIRFLOW_CTX_DAG_RUN_ID=scheduled__2023-03-22T04:15:00+00:00
[2023-03-22T04:20:03.215+0000] {subprocess.py:63} INFO - Tmp dir root location: 
 /tmp
[2023-03-22T04:20:03.215+0000] {subprocess.py:75} INFO - Running command: ['/bin/bash', '-c', 'ls']
[2023-03-22T04:20:03.222+0000] {subprocess.py:86} INFO - Output:
[2023-03-22T04:20:03.224+0000] {subprocess.py:97} INFO - Command exited with return code 0
[2023-03-22T04:20:03.240+0000] {taskinstance.py:1326} INFO - Marking task as SUCCESS. dag_id=CarFine, task_id=show_file, execution_date=20230322T041500, start_date=20230322T042003, end_date=20230322T042003
[2023-03-22T04:20:03.259+0000] {local_task_job.py:212} INFO - Task exited with return code 0
[2023-03-22T04:20:03.297+0000] {taskinstance.py:2585} INFO - 0 downstream tasks scheduled from follow-on schedule check
