[2023-03-22T08:30:04.825+0000] {taskinstance.py:1084} INFO - Dependencies all met for dep_context=non-requeueable deps ti=<TaskInstance: CarFine.spark-save-db scheduled__2023-03-22T08:25:00+00:00 [queued]>
[2023-03-22T08:30:04.832+0000] {taskinstance.py:1084} INFO - Dependencies all met for dep_context=requeueable deps ti=<TaskInstance: CarFine.spark-save-db scheduled__2023-03-22T08:25:00+00:00 [queued]>
[2023-03-22T08:30:04.832+0000] {taskinstance.py:1282} INFO - 
--------------------------------------------------------------------------------
[2023-03-22T08:30:04.832+0000] {taskinstance.py:1283} INFO - Starting attempt 1 of 1
[2023-03-22T08:30:04.832+0000] {taskinstance.py:1284} INFO - 
--------------------------------------------------------------------------------
[2023-03-22T08:30:04.841+0000] {taskinstance.py:1303} INFO - Executing <Task(SparkSubmitOperator): spark-save-db> on 2023-03-22 08:25:00+00:00
[2023-03-22T08:30:04.845+0000] {standard_task_runner.py:55} INFO - Started process 787 to run task
[2023-03-22T08:30:04.846+0000] {standard_task_runner.py:82} INFO - Running: ['***', 'tasks', 'run', 'CarFine', 'spark-save-db', 'scheduled__2023-03-22T08:25:00+00:00', '--job-id', '420', '--raw', '--subdir', 'DAGS_FOLDER/CarFineDAG.py', '--cfg-path', '/tmp/tmpu257skwt']
[2023-03-22T08:30:04.847+0000] {standard_task_runner.py:83} INFO - Job 420: Subtask spark-save-db
[2023-03-22T08:30:04.885+0000] {task_command.py:388} INFO - Running <TaskInstance: CarFine.spark-save-db scheduled__2023-03-22T08:25:00+00:00 [running]> on host e343fe327102
[2023-03-22T08:30:04.934+0000] {taskinstance.py:1511} INFO - Exporting the following env vars:
AIRFLOW_CTX_DAG_OWNER=***
AIRFLOW_CTX_DAG_ID=CarFine
AIRFLOW_CTX_TASK_ID=spark-save-db
AIRFLOW_CTX_EXECUTION_DATE=2023-03-22T08:25:00+00:00
AIRFLOW_CTX_TRY_NUMBER=1
AIRFLOW_CTX_DAG_RUN_ID=scheduled__2023-03-22T08:25:00+00:00
[2023-03-22T08:30:04.939+0000] {base.py:73} INFO - Using connection ID 'spark-connection' for task execution.
[2023-03-22T08:30:04.940+0000] {spark_submit.py:335} INFO - Spark-Submit cmd: spark-submit --master spark://vtn-truongvq:7077 --driver-class-path /opt/***/plugins/postgresql-42.6.0.jar --jars /opt/***/plugins/postgresql-42.6.0.jar --name arrow-spark --class com.viettel.truongvq.spark.SparkJob --verbose /opt/***/plugins/big-data-fundamentals.jar
[2023-03-22T08:30:05.020+0000] {spark_submit.py:488} INFO - /home/***/.local/lib/python3.7/site-packages/pyspark/bin/load-spark-env.sh: line 68: ps: command not found
[2023-03-22T08:30:05.878+0000] {spark_submit.py:488} INFO - Using properties file: null
[2023-03-22T08:30:05.936+0000] {spark_submit.py:488} INFO - Parsed arguments:
[2023-03-22T08:30:05.937+0000] {spark_submit.py:488} INFO - master                  spark://vtn-truongvq:7077
[2023-03-22T08:30:05.937+0000] {spark_submit.py:488} INFO - deployMode              null
[2023-03-22T08:30:05.937+0000] {spark_submit.py:488} INFO - executorMemory          null
[2023-03-22T08:30:05.937+0000] {spark_submit.py:488} INFO - executorCores           null
[2023-03-22T08:30:05.937+0000] {spark_submit.py:488} INFO - totalExecutorCores      null
[2023-03-22T08:30:05.937+0000] {spark_submit.py:488} INFO - propertiesFile          null
[2023-03-22T08:30:05.937+0000] {spark_submit.py:488} INFO - driverMemory            null
[2023-03-22T08:30:05.937+0000] {spark_submit.py:488} INFO - driverCores             null
[2023-03-22T08:30:05.937+0000] {spark_submit.py:488} INFO - driverExtraClassPath    /opt/***/plugins/postgresql-42.6.0.jar
[2023-03-22T08:30:05.937+0000] {spark_submit.py:488} INFO - driverExtraLibraryPath  null
[2023-03-22T08:30:05.937+0000] {spark_submit.py:488} INFO - driverExtraJavaOptions  null
[2023-03-22T08:30:05.937+0000] {spark_submit.py:488} INFO - supervise               false
[2023-03-22T08:30:05.937+0000] {spark_submit.py:488} INFO - queue                   null
[2023-03-22T08:30:05.937+0000] {spark_submit.py:488} INFO - numExecutors            null
[2023-03-22T08:30:05.938+0000] {spark_submit.py:488} INFO - files                   null
[2023-03-22T08:30:05.938+0000] {spark_submit.py:488} INFO - pyFiles                 null
[2023-03-22T08:30:05.938+0000] {spark_submit.py:488} INFO - archives                null
[2023-03-22T08:30:05.938+0000] {spark_submit.py:488} INFO - mainClass               com.viettel.truongvq.spark.SparkJob
[2023-03-22T08:30:05.938+0000] {spark_submit.py:488} INFO - primaryResource         file:/opt/***/plugins/big-data-fundamentals.jar
[2023-03-22T08:30:05.938+0000] {spark_submit.py:488} INFO - name                    arrow-spark
[2023-03-22T08:30:05.938+0000] {spark_submit.py:488} INFO - childArgs               []
[2023-03-22T08:30:05.938+0000] {spark_submit.py:488} INFO - jars                    file:/opt/***/plugins/postgresql-42.6.0.jar
[2023-03-22T08:30:05.938+0000] {spark_submit.py:488} INFO - packages                null
[2023-03-22T08:30:05.938+0000] {spark_submit.py:488} INFO - packagesExclusions      null
[2023-03-22T08:30:05.938+0000] {spark_submit.py:488} INFO - repositories            null
[2023-03-22T08:30:05.938+0000] {spark_submit.py:488} INFO - verbose                 true
[2023-03-22T08:30:05.938+0000] {spark_submit.py:488} INFO - 
[2023-03-22T08:30:05.938+0000] {spark_submit.py:488} INFO - Spark properties used, including those specified through
[2023-03-22T08:30:05.938+0000] {spark_submit.py:488} INFO - --conf and those from the properties file null:
[2023-03-22T08:30:05.938+0000] {spark_submit.py:488} INFO - (spark.driver.extraClassPath,/opt/***/plugins/postgresql-42.6.0.jar)
[2023-03-22T08:30:05.939+0000] {spark_submit.py:488} INFO - 
[2023-03-22T08:30:05.939+0000] {spark_submit.py:488} INFO - 
[2023-03-22T08:30:06.150+0000] {spark_submit.py:488} INFO - 23/03/22 08:30:06 WARN NativeCodeLoader: Unable to load native-hadoop library for your platform... using builtin-java classes where applicable
[2023-03-22T08:30:06.278+0000] {spark_submit.py:488} INFO - Main class:
[2023-03-22T08:30:06.278+0000] {spark_submit.py:488} INFO - com.viettel.truongvq.spark.SparkJob
[2023-03-22T08:30:06.278+0000] {spark_submit.py:488} INFO - Arguments:
[2023-03-22T08:30:06.278+0000] {spark_submit.py:488} INFO - 
[2023-03-22T08:30:06.282+0000] {spark_submit.py:488} INFO - Spark config:
[2023-03-22T08:30:06.282+0000] {spark_submit.py:488} INFO - (spark.app.name,arrow-spark)
[2023-03-22T08:30:06.282+0000] {spark_submit.py:488} INFO - (spark.app.submitTime,1679473806266)
[2023-03-22T08:30:06.282+0000] {spark_submit.py:488} INFO - (spark.driver.extraClassPath,/opt/***/plugins/postgresql-42.6.0.jar)
[2023-03-22T08:30:06.282+0000] {spark_submit.py:488} INFO - (spark.jars,file:///opt/***/plugins/postgresql-42.6.0.jar,file:/opt/***/plugins/big-data-fundamentals.jar)
[2023-03-22T08:30:06.282+0000] {spark_submit.py:488} INFO - (spark.master,spark://vtn-truongvq:7077)
[2023-03-22T08:30:06.282+0000] {spark_submit.py:488} INFO - (spark.repl.local.jars,file:///opt/***/plugins/postgresql-42.6.0.jar)
[2023-03-22T08:30:06.282+0000] {spark_submit.py:488} INFO - (spark.submit.deployMode,client)
[2023-03-22T08:30:06.282+0000] {spark_submit.py:488} INFO - (spark.submit.pyFiles,)
[2023-03-22T08:30:06.283+0000] {spark_submit.py:488} INFO - Classpath elements:
[2023-03-22T08:30:06.283+0000] {spark_submit.py:488} INFO - file:/opt/***/plugins/big-data-fundamentals.jar
[2023-03-22T08:30:06.283+0000] {spark_submit.py:488} INFO - file:///opt/***/plugins/postgresql-42.6.0.jar
[2023-03-22T08:30:06.283+0000] {spark_submit.py:488} INFO - 
[2023-03-22T08:30:06.283+0000] {spark_submit.py:488} INFO - 
[2023-03-22T08:30:06.304+0000] {spark_submit.py:488} INFO - 23/03/22 08:30:06 INFO SparkContext: Running Spark version 3.3.2
[2023-03-22T08:30:06.325+0000] {spark_submit.py:488} INFO - 23/03/22 08:30:06 INFO ResourceUtils: ==============================================================
[2023-03-22T08:30:06.326+0000] {spark_submit.py:488} INFO - 23/03/22 08:30:06 INFO ResourceUtils: No custom resources configured for spark.driver.
[2023-03-22T08:30:06.326+0000] {spark_submit.py:488} INFO - 23/03/22 08:30:06 INFO ResourceUtils: ==============================================================
[2023-03-22T08:30:06.326+0000] {spark_submit.py:488} INFO - 23/03/22 08:30:06 INFO SparkContext: Submitted application: SparkExample
[2023-03-22T08:30:06.341+0000] {spark_submit.py:488} INFO - 23/03/22 08:30:06 INFO ResourceProfile: Default ResourceProfile created, executor resources: Map(cores -> name: cores, amount: 1, script: , vendor: , memory -> name: memory, amount: 1024, script: , vendor: , offHeap -> name: offHeap, amount: 0, script: , vendor: ), task resources: Map(cpus -> name: cpus, amount: 1.0)
[2023-03-22T08:30:06.354+0000] {spark_submit.py:488} INFO - 23/03/22 08:30:06 INFO ResourceProfile: Limiting resource is cpu
[2023-03-22T08:30:06.354+0000] {spark_submit.py:488} INFO - 23/03/22 08:30:06 INFO ResourceProfileManager: Added ResourceProfile id: 0
[2023-03-22T08:30:06.390+0000] {spark_submit.py:488} INFO - 23/03/22 08:30:06 INFO SecurityManager: Changing view acls to: default
[2023-03-22T08:30:06.390+0000] {spark_submit.py:488} INFO - 23/03/22 08:30:06 INFO SecurityManager: Changing modify acls to: default
[2023-03-22T08:30:06.391+0000] {spark_submit.py:488} INFO - 23/03/22 08:30:06 INFO SecurityManager: Changing view acls groups to:
[2023-03-22T08:30:06.391+0000] {spark_submit.py:488} INFO - 23/03/22 08:30:06 INFO SecurityManager: Changing modify acls groups to:
[2023-03-22T08:30:06.391+0000] {spark_submit.py:488} INFO - 23/03/22 08:30:06 INFO SecurityManager: SecurityManager: authentication disabled; ui acls disabled; users  with view permissions: Set(default); groups with view permissions: Set(); users  with modify permissions: Set(default); groups with modify permissions: Set()
[2023-03-22T08:30:06.570+0000] {spark_submit.py:488} INFO - 23/03/22 08:30:06 INFO Utils: Successfully started service 'sparkDriver' on port 35613.
[2023-03-22T08:30:06.590+0000] {spark_submit.py:488} INFO - 23/03/22 08:30:06 INFO SparkEnv: Registering MapOutputTracker
[2023-03-22T08:30:06.612+0000] {spark_submit.py:488} INFO - 23/03/22 08:30:06 INFO SparkEnv: Registering BlockManagerMaster
[2023-03-22T08:30:06.623+0000] {spark_submit.py:488} INFO - 23/03/22 08:30:06 INFO BlockManagerMasterEndpoint: Using org.apache.spark.storage.DefaultTopologyMapper for getting topology information
[2023-03-22T08:30:06.624+0000] {spark_submit.py:488} INFO - 23/03/22 08:30:06 INFO BlockManagerMasterEndpoint: BlockManagerMasterEndpoint up
[2023-03-22T08:30:06.626+0000] {spark_submit.py:488} INFO - 23/03/22 08:30:06 INFO SparkEnv: Registering BlockManagerMasterHeartbeat
[2023-03-22T08:30:06.640+0000] {spark_submit.py:488} INFO - 23/03/22 08:30:06 INFO DiskBlockManager: Created local directory at /tmp/blockmgr-816463ed-08dc-40fb-bf0a-d96d272a41f8
[2023-03-22T08:30:06.650+0000] {spark_submit.py:488} INFO - 23/03/22 08:30:06 INFO MemoryStore: MemoryStore started with capacity 434.4 MiB
[2023-03-22T08:30:06.665+0000] {spark_submit.py:488} INFO - 23/03/22 08:30:06 INFO SparkEnv: Registering OutputCommitCoordinator
[2023-03-22T08:30:06.798+0000] {spark_submit.py:488} INFO - 23/03/22 08:30:06 INFO Utils: Successfully started service 'SparkUI' on port 4040.
[2023-03-22T08:30:06.819+0000] {spark_submit.py:488} INFO - 23/03/22 08:30:06 INFO SparkContext: Added JAR file:///opt/***/plugins/postgresql-42.6.0.jar at spark://e343fe327102:35613/jars/postgresql-42.6.0.jar with timestamp 1679473806299
[2023-03-22T08:30:06.820+0000] {spark_submit.py:488} INFO - 23/03/22 08:30:06 INFO SparkContext: Added JAR file:/opt/***/plugins/big-data-fundamentals.jar at spark://e343fe327102:35613/jars/big-data-fundamentals.jar with timestamp 1679473806299
[2023-03-22T08:30:06.859+0000] {spark_submit.py:488} INFO - 23/03/22 08:30:06 INFO Executor: Starting executor ID driver on host e343fe327102
[2023-03-22T08:30:06.863+0000] {spark_submit.py:488} INFO - 23/03/22 08:30:06 INFO Executor: Starting executor with user classpath (userClassPathFirst = false): ''
[2023-03-22T08:30:06.869+0000] {spark_submit.py:488} INFO - 23/03/22 08:30:06 INFO Executor: Fetching spark://e343fe327102:35613/jars/postgresql-42.6.0.jar with timestamp 1679473806299
[2023-03-22T08:30:06.898+0000] {spark_submit.py:488} INFO - 23/03/22 08:30:06 INFO TransportClientFactory: Successfully created connection to e343fe327102/172.30.0.4:35613 after 16 ms (0 ms spent in bootstraps)
[2023-03-22T08:30:06.901+0000] {spark_submit.py:488} INFO - 23/03/22 08:30:06 INFO Utils: Fetching spark://e343fe327102:35613/jars/postgresql-42.6.0.jar to /tmp/spark-a8567d21-4fc4-4463-9985-aadc6bffeb59/userFiles-ba43dfe4-0ac5-4f8d-9102-a9562928a75a/fetchFileTemp8744833118369011105.tmp
[2023-03-22T08:30:06.927+0000] {spark_submit.py:488} INFO - 23/03/22 08:30:06 INFO Executor: Adding file:/tmp/spark-a8567d21-4fc4-4463-9985-aadc6bffeb59/userFiles-ba43dfe4-0ac5-4f8d-9102-a9562928a75a/postgresql-42.6.0.jar to class loader
[2023-03-22T08:30:06.927+0000] {spark_submit.py:488} INFO - 23/03/22 08:30:06 INFO Executor: Fetching spark://e343fe327102:35613/jars/big-data-fundamentals.jar with timestamp 1679473806299
[2023-03-22T08:30:06.927+0000] {spark_submit.py:488} INFO - 23/03/22 08:30:06 INFO Utils: Fetching spark://e343fe327102:35613/jars/big-data-fundamentals.jar to /tmp/spark-a8567d21-4fc4-4463-9985-aadc6bffeb59/userFiles-ba43dfe4-0ac5-4f8d-9102-a9562928a75a/fetchFileTemp2925845474753173228.tmp
[2023-03-22T08:30:06.944+0000] {spark_submit.py:488} INFO - 23/03/22 08:30:06 INFO Executor: Adding file:/tmp/spark-a8567d21-4fc4-4463-9985-aadc6bffeb59/userFiles-ba43dfe4-0ac5-4f8d-9102-a9562928a75a/big-data-fundamentals.jar to class loader
[2023-03-22T08:30:06.949+0000] {spark_submit.py:488} INFO - 23/03/22 08:30:06 INFO Utils: Successfully started service 'org.apache.spark.network.netty.NettyBlockTransferService' on port 38911.
[2023-03-22T08:30:06.949+0000] {spark_submit.py:488} INFO - 23/03/22 08:30:06 INFO NettyBlockTransferService: Server created on e343fe327102:38911
[2023-03-22T08:30:06.950+0000] {spark_submit.py:488} INFO - 23/03/22 08:30:06 INFO BlockManager: Using org.apache.spark.storage.RandomBlockReplicationPolicy for block replication policy
[2023-03-22T08:30:06.953+0000] {spark_submit.py:488} INFO - 23/03/22 08:30:06 INFO BlockManagerMaster: Registering BlockManager BlockManagerId(driver, e343fe327102, 38911, None)
[2023-03-22T08:30:06.955+0000] {spark_submit.py:488} INFO - 23/03/22 08:30:06 INFO BlockManagerMasterEndpoint: Registering block manager e343fe327102:38911 with 434.4 MiB RAM, BlockManagerId(driver, e343fe327102, 38911, None)
[2023-03-22T08:30:06.956+0000] {spark_submit.py:488} INFO - 23/03/22 08:30:06 INFO BlockManagerMaster: Registered BlockManager BlockManagerId(driver, e343fe327102, 38911, None)
[2023-03-22T08:30:06.957+0000] {spark_submit.py:488} INFO - 23/03/22 08:30:06 INFO BlockManager: Initialized BlockManager: BlockManagerId(driver, e343fe327102, 38911, None)
[2023-03-22T08:30:07.134+0000] {spark_submit.py:488} INFO - 23/03/22 08:30:07 INFO SharedState: Setting hive.metastore.warehouse.dir ('null') to the value of spark.sql.warehouse.dir.
[2023-03-22T08:30:07.136+0000] {spark_submit.py:488} INFO - 23/03/22 08:30:07 INFO SharedState: Warehouse path is 'file:/opt/***/spark-warehouse'.
[2023-03-22T08:30:07.677+0000] {spark_submit.py:488} INFO - 23/03/22 08:30:07 INFO InMemoryFileIndex: It took 24 ms to list leaf files for 1 paths.
[2023-03-22T08:30:07.776+0000] {spark_submit.py:488} INFO - 23/03/22 08:30:07 INFO MemoryStore: Block broadcast_0 stored as values in memory (estimated size 200.3 KiB, free 434.2 MiB)
[2023-03-22T08:30:07.808+0000] {spark_submit.py:488} INFO - 23/03/22 08:30:07 INFO MemoryStore: Block broadcast_0_piece0 stored as bytes in memory (estimated size 34.2 KiB, free 434.2 MiB)
[2023-03-22T08:30:07.810+0000] {spark_submit.py:488} INFO - 23/03/22 08:30:07 INFO BlockManagerInfo: Added broadcast_0_piece0 in memory on e343fe327102:38911 (size: 34.2 KiB, free: 434.4 MiB)
[2023-03-22T08:30:07.812+0000] {spark_submit.py:488} INFO - 23/03/22 08:30:07 INFO SparkContext: Created broadcast 0 from json at SparkJob.scala:15
[2023-03-22T08:30:08.011+0000] {spark_submit.py:488} INFO - 23/03/22 08:30:08 INFO FileInputFormat: Total input files to process : 1
[2023-03-22T08:30:08.012+0000] {spark_submit.py:488} INFO - 23/03/22 08:30:08 INFO FileInputFormat: Total input files to process : 1
[2023-03-22T08:30:08.022+0000] {spark_submit.py:488} INFO - 23/03/22 08:30:08 INFO SparkContext: Starting job: json at SparkJob.scala:15
[2023-03-22T08:30:08.036+0000] {spark_submit.py:488} INFO - 23/03/22 08:30:08 INFO DAGScheduler: Got job 0 (json at SparkJob.scala:15) with 1 output partitions
[2023-03-22T08:30:08.037+0000] {spark_submit.py:488} INFO - 23/03/22 08:30:08 INFO DAGScheduler: Final stage: ResultStage 0 (json at SparkJob.scala:15)
[2023-03-22T08:30:08.037+0000] {spark_submit.py:488} INFO - 23/03/22 08:30:08 INFO DAGScheduler: Parents of final stage: List()
[2023-03-22T08:30:08.038+0000] {spark_submit.py:488} INFO - 23/03/22 08:30:08 INFO DAGScheduler: Missing parents: List()
[2023-03-22T08:30:08.040+0000] {spark_submit.py:488} INFO - 23/03/22 08:30:08 INFO DAGScheduler: Submitting ResultStage 0 (MapPartitionsRDD[2] at json at SparkJob.scala:15), which has no missing parents
[2023-03-22T08:30:08.088+0000] {spark_submit.py:488} INFO - 23/03/22 08:30:08 INFO MemoryStore: Block broadcast_1 stored as values in memory (estimated size 9.0 KiB, free 434.2 MiB)
[2023-03-22T08:30:08.091+0000] {spark_submit.py:488} INFO - 23/03/22 08:30:08 INFO MemoryStore: Block broadcast_1_piece0 stored as bytes in memory (estimated size 4.8 KiB, free 434.2 MiB)
[2023-03-22T08:30:08.091+0000] {spark_submit.py:488} INFO - 23/03/22 08:30:08 INFO BlockManagerInfo: Added broadcast_1_piece0 in memory on e343fe327102:38911 (size: 4.8 KiB, free: 434.4 MiB)
[2023-03-22T08:30:08.092+0000] {spark_submit.py:488} INFO - 23/03/22 08:30:08 INFO SparkContext: Created broadcast 1 from broadcast at DAGScheduler.scala:1513
[2023-03-22T08:30:08.105+0000] {spark_submit.py:488} INFO - 23/03/22 08:30:08 INFO DAGScheduler: Submitting 1 missing tasks from ResultStage 0 (MapPartitionsRDD[2] at json at SparkJob.scala:15) (first 15 tasks are for partitions Vector(0))
[2023-03-22T08:30:08.105+0000] {spark_submit.py:488} INFO - 23/03/22 08:30:08 INFO TaskSchedulerImpl: Adding task set 0.0 with 1 tasks resource profile 0
[2023-03-22T08:30:08.144+0000] {spark_submit.py:488} INFO - 23/03/22 08:30:08 INFO TaskSetManager: Starting task 0.0 in stage 0.0 (TID 0) (e343fe327102, executor driver, partition 0, PROCESS_LOCAL, 4573 bytes) taskResourceAssignments Map()
[2023-03-22T08:30:08.160+0000] {spark_submit.py:488} INFO - 23/03/22 08:30:08 INFO Executor: Running task 0.0 in stage 0.0 (TID 0)
[2023-03-22T08:30:08.228+0000] {spark_submit.py:488} INFO - 23/03/22 08:30:08 INFO BinaryFileRDD: Input split: Paths:/home/***/data.json:0+259778
[2023-03-22T08:30:08.329+0000] {spark_submit.py:488} INFO - 23/03/22 08:30:08 INFO Executor: Finished task 0.0 in stage 0.0 (TID 0). 2036 bytes result sent to driver
[2023-03-22T08:30:08.334+0000] {spark_submit.py:488} INFO - 23/03/22 08:30:08 INFO TaskSetManager: Finished task 0.0 in stage 0.0 (TID 0) in 197 ms on e343fe327102 (executor driver) (1/1)
[2023-03-22T08:30:08.335+0000] {spark_submit.py:488} INFO - 23/03/22 08:30:08 INFO TaskSchedulerImpl: Removed TaskSet 0.0, whose tasks have all completed, from pool
[2023-03-22T08:30:08.340+0000] {spark_submit.py:488} INFO - 23/03/22 08:30:08 INFO DAGScheduler: ResultStage 0 (json at SparkJob.scala:15) finished in 0.284 s
[2023-03-22T08:30:08.343+0000] {spark_submit.py:488} INFO - 23/03/22 08:30:08 INFO DAGScheduler: Job 0 is finished. Cancelling potential speculative or zombie tasks for this job
[2023-03-22T08:30:08.343+0000] {spark_submit.py:488} INFO - 23/03/22 08:30:08 INFO TaskSchedulerImpl: Killing all running tasks in stage 0: Stage finished
[2023-03-22T08:30:08.345+0000] {spark_submit.py:488} INFO - 23/03/22 08:30:08 INFO DAGScheduler: Job 0 finished: json at SparkJob.scala:15, took 0.322775 s
[2023-03-22T08:30:09.337+0000] {spark_submit.py:488} INFO - 23/03/22 08:30:09 INFO BlockManagerInfo: Removed broadcast_1_piece0 on e343fe327102:38911 in memory (size: 4.8 KiB, free: 434.4 MiB)
[2023-03-22T08:30:09.341+0000] {spark_submit.py:488} INFO - 23/03/22 08:30:09 INFO BlockManagerInfo: Removed broadcast_0_piece0 on e343fe327102:38911 in memory (size: 34.2 KiB, free: 434.4 MiB)
[2023-03-22T08:30:19.531+0000] {spark_submit.py:488} INFO - Exception in thread "main" org.postgresql.util.PSQLException: The connection attempt failed.
[2023-03-22T08:30:19.531+0000] {spark_submit.py:488} INFO - at org.postgresql.core.v3.ConnectionFactoryImpl.openConnectionImpl(ConnectionFactoryImpl.java:354)
[2023-03-22T08:30:19.532+0000] {spark_submit.py:488} INFO - at org.postgresql.core.ConnectionFactory.openConnection(ConnectionFactory.java:54)
[2023-03-22T08:30:19.532+0000] {spark_submit.py:488} INFO - at org.postgresql.jdbc.PgConnection.<init>(PgConnection.java:263)
[2023-03-22T08:30:19.532+0000] {spark_submit.py:488} INFO - at org.postgresql.Driver.makeConnection(Driver.java:443)
[2023-03-22T08:30:19.532+0000] {spark_submit.py:488} INFO - at org.postgresql.Driver.connect(Driver.java:297)
[2023-03-22T08:30:19.532+0000] {spark_submit.py:488} INFO - at org.apache.spark.sql.execution.datasources.jdbc.connection.BasicConnectionProvider.getConnection(BasicConnectionProvider.scala:49)
[2023-03-22T08:30:19.532+0000] {spark_submit.py:488} INFO - at org.apache.spark.sql.execution.datasources.jdbc.connection.ConnectionProviderBase.create(ConnectionProvider.scala:102)
[2023-03-22T08:30:19.532+0000] {spark_submit.py:488} INFO - at org.apache.spark.sql.jdbc.JdbcDialect.$anonfun$createConnectionFactory$1(JdbcDialects.scala:122)
[2023-03-22T08:30:19.532+0000] {spark_submit.py:488} INFO - at org.apache.spark.sql.jdbc.JdbcDialect.$anonfun$createConnectionFactory$1$adapted(JdbcDialects.scala:118)
[2023-03-22T08:30:19.532+0000] {spark_submit.py:488} INFO - at org.apache.spark.sql.execution.datasources.jdbc.JdbcRelationProvider.createRelation(JdbcRelationProvider.scala:50)
[2023-03-22T08:30:19.533+0000] {spark_submit.py:488} INFO - at org.apache.spark.sql.execution.datasources.SaveIntoDataSourceCommand.run(SaveIntoDataSourceCommand.scala:47)
[2023-03-22T08:30:19.533+0000] {spark_submit.py:488} INFO - at org.apache.spark.sql.execution.command.ExecutedCommandExec.sideEffectResult$lzycompute(commands.scala:75)
[2023-03-22T08:30:19.533+0000] {spark_submit.py:488} INFO - at org.apache.spark.sql.execution.command.ExecutedCommandExec.sideEffectResult(commands.scala:73)
[2023-03-22T08:30:19.533+0000] {spark_submit.py:488} INFO - at org.apache.spark.sql.execution.command.ExecutedCommandExec.executeCollect(commands.scala:84)
[2023-03-22T08:30:19.533+0000] {spark_submit.py:488} INFO - at org.apache.spark.sql.execution.QueryExecution$$anonfun$eagerlyExecuteCommands$1.$anonfun$applyOrElse$1(QueryExecution.scala:98)
[2023-03-22T08:30:19.533+0000] {spark_submit.py:488} INFO - at org.apache.spark.sql.execution.SQLExecution$.$anonfun$withNewExecutionId$6(SQLExecution.scala:109)
[2023-03-22T08:30:19.533+0000] {spark_submit.py:488} INFO - at org.apache.spark.sql.execution.SQLExecution$.withSQLConfPropagated(SQLExecution.scala:169)
[2023-03-22T08:30:19.533+0000] {spark_submit.py:488} INFO - at org.apache.spark.sql.execution.SQLExecution$.$anonfun$withNewExecutionId$1(SQLExecution.scala:95)
[2023-03-22T08:30:19.533+0000] {spark_submit.py:488} INFO - at org.apache.spark.sql.SparkSession.withActive(SparkSession.scala:779)
[2023-03-22T08:30:19.533+0000] {spark_submit.py:488} INFO - at org.apache.spark.sql.execution.SQLExecution$.withNewExecutionId(SQLExecution.scala:64)
[2023-03-22T08:30:19.533+0000] {spark_submit.py:488} INFO - at org.apache.spark.sql.execution.QueryExecution$$anonfun$eagerlyExecuteCommands$1.applyOrElse(QueryExecution.scala:98)
[2023-03-22T08:30:19.534+0000] {spark_submit.py:488} INFO - at org.apache.spark.sql.execution.QueryExecution$$anonfun$eagerlyExecuteCommands$1.applyOrElse(QueryExecution.scala:94)
[2023-03-22T08:30:19.534+0000] {spark_submit.py:488} INFO - at org.apache.spark.sql.catalyst.trees.TreeNode.$anonfun$transformDownWithPruning$1(TreeNode.scala:584)
[2023-03-22T08:30:19.534+0000] {spark_submit.py:488} INFO - at org.apache.spark.sql.catalyst.trees.CurrentOrigin$.withOrigin(TreeNode.scala:176)
[2023-03-22T08:30:19.534+0000] {spark_submit.py:488} INFO - at org.apache.spark.sql.catalyst.trees.TreeNode.transformDownWithPruning(TreeNode.scala:584)
[2023-03-22T08:30:19.534+0000] {spark_submit.py:488} INFO - at org.apache.spark.sql.catalyst.plans.logical.LogicalPlan.org$apache$spark$sql$catalyst$plans$logical$AnalysisHelper$$super$transformDownWithPruning(LogicalPlan.scala:30)
[2023-03-22T08:30:19.534+0000] {spark_submit.py:488} INFO - at org.apache.spark.sql.catalyst.plans.logical.AnalysisHelper.transformDownWithPruning(AnalysisHelper.scala:267)
[2023-03-22T08:30:19.534+0000] {spark_submit.py:488} INFO - at org.apache.spark.sql.catalyst.plans.logical.AnalysisHelper.transformDownWithPruning$(AnalysisHelper.scala:263)
[2023-03-22T08:30:19.534+0000] {spark_submit.py:488} INFO - at org.apache.spark.sql.catalyst.plans.logical.LogicalPlan.transformDownWithPruning(LogicalPlan.scala:30)
[2023-03-22T08:30:19.534+0000] {spark_submit.py:488} INFO - at org.apache.spark.sql.catalyst.plans.logical.LogicalPlan.transformDownWithPruning(LogicalPlan.scala:30)
[2023-03-22T08:30:19.534+0000] {spark_submit.py:488} INFO - at org.apache.spark.sql.catalyst.trees.TreeNode.transformDown(TreeNode.scala:560)
[2023-03-22T08:30:19.534+0000] {spark_submit.py:488} INFO - at org.apache.spark.sql.execution.QueryExecution.eagerlyExecuteCommands(QueryExecution.scala:94)
[2023-03-22T08:30:19.534+0000] {spark_submit.py:488} INFO - at org.apache.spark.sql.execution.QueryExecution.commandExecuted$lzycompute(QueryExecution.scala:81)
[2023-03-22T08:30:19.534+0000] {spark_submit.py:488} INFO - at org.apache.spark.sql.execution.QueryExecution.commandExecuted(QueryExecution.scala:79)
[2023-03-22T08:30:19.534+0000] {spark_submit.py:488} INFO - at org.apache.spark.sql.execution.QueryExecution.assertCommandExecuted(QueryExecution.scala:116)
[2023-03-22T08:30:19.534+0000] {spark_submit.py:488} INFO - at org.apache.spark.sql.DataFrameWriter.runCommand(DataFrameWriter.scala:860)
[2023-03-22T08:30:19.535+0000] {spark_submit.py:488} INFO - at org.apache.spark.sql.DataFrameWriter.saveToV1Source(DataFrameWriter.scala:390)
[2023-03-22T08:30:19.535+0000] {spark_submit.py:488} INFO - at org.apache.spark.sql.DataFrameWriter.saveInternal(DataFrameWriter.scala:363)
[2023-03-22T08:30:19.535+0000] {spark_submit.py:488} INFO - at org.apache.spark.sql.DataFrameWriter.save(DataFrameWriter.scala:247)
[2023-03-22T08:30:19.535+0000] {spark_submit.py:488} INFO - at com.viettel.truongvq.spark.SparkJob$.main(SparkJob.scala:26)
[2023-03-22T08:30:19.535+0000] {spark_submit.py:488} INFO - at com.viettel.truongvq.spark.SparkJob.main(SparkJob.scala)
[2023-03-22T08:30:19.535+0000] {spark_submit.py:488} INFO - at java.base/jdk.internal.reflect.NativeMethodAccessorImpl.invoke0(Native Method)
[2023-03-22T08:30:19.535+0000] {spark_submit.py:488} INFO - at java.base/jdk.internal.reflect.NativeMethodAccessorImpl.invoke(NativeMethodAccessorImpl.java:62)
[2023-03-22T08:30:19.535+0000] {spark_submit.py:488} INFO - at java.base/jdk.internal.reflect.DelegatingMethodAccessorImpl.invoke(DelegatingMethodAccessorImpl.java:43)
[2023-03-22T08:30:19.535+0000] {spark_submit.py:488} INFO - at java.base/java.lang.reflect.Method.invoke(Method.java:566)
[2023-03-22T08:30:19.535+0000] {spark_submit.py:488} INFO - at org.apache.spark.deploy.JavaMainApplication.start(SparkApplication.scala:52)
[2023-03-22T08:30:19.535+0000] {spark_submit.py:488} INFO - at org.apache.spark.deploy.SparkSubmit.org$apache$spark$deploy$SparkSubmit$$runMain(SparkSubmit.scala:958)
[2023-03-22T08:30:19.535+0000] {spark_submit.py:488} INFO - at org.apache.spark.deploy.SparkSubmit.doRunMain$1(SparkSubmit.scala:180)
[2023-03-22T08:30:19.536+0000] {spark_submit.py:488} INFO - at org.apache.spark.deploy.SparkSubmit.submit(SparkSubmit.scala:203)
[2023-03-22T08:30:19.536+0000] {spark_submit.py:488} INFO - at org.apache.spark.deploy.SparkSubmit.doSubmit(SparkSubmit.scala:90)
[2023-03-22T08:30:19.536+0000] {spark_submit.py:488} INFO - at org.apache.spark.deploy.SparkSubmit$$anon$2.doSubmit(SparkSubmit.scala:1046)
[2023-03-22T08:30:19.536+0000] {spark_submit.py:488} INFO - at org.apache.spark.deploy.SparkSubmit$.main(SparkSubmit.scala:1055)
[2023-03-22T08:30:19.536+0000] {spark_submit.py:488} INFO - at org.apache.spark.deploy.SparkSubmit.main(SparkSubmit.scala)
[2023-03-22T08:30:19.536+0000] {spark_submit.py:488} INFO - Caused by: java.net.SocketTimeoutException: connect timed out
[2023-03-22T08:30:19.536+0000] {spark_submit.py:488} INFO - at java.base/java.net.PlainSocketImpl.socketConnect(Native Method)
[2023-03-22T08:30:19.536+0000] {spark_submit.py:488} INFO - at java.base/java.net.AbstractPlainSocketImpl.doConnect(AbstractPlainSocketImpl.java:412)
[2023-03-22T08:30:19.536+0000] {spark_submit.py:488} INFO - at java.base/java.net.AbstractPlainSocketImpl.connectToAddress(AbstractPlainSocketImpl.java:255)
[2023-03-22T08:30:19.536+0000] {spark_submit.py:488} INFO - at java.base/java.net.AbstractPlainSocketImpl.connect(AbstractPlainSocketImpl.java:237)
[2023-03-22T08:30:19.537+0000] {spark_submit.py:488} INFO - at java.base/java.net.SocksSocketImpl.connect(SocksSocketImpl.java:392)
[2023-03-22T08:30:19.537+0000] {spark_submit.py:488} INFO - at java.base/java.net.Socket.connect(Socket.java:609)
[2023-03-22T08:30:19.537+0000] {spark_submit.py:488} INFO - at org.postgresql.core.PGStream.createSocket(PGStream.java:243)
[2023-03-22T08:30:19.537+0000] {spark_submit.py:488} INFO - at org.postgresql.core.PGStream.<init>(PGStream.java:98)
[2023-03-22T08:30:19.537+0000] {spark_submit.py:488} INFO - at org.postgresql.core.v3.ConnectionFactoryImpl.tryConnect(ConnectionFactoryImpl.java:132)
[2023-03-22T08:30:19.537+0000] {spark_submit.py:488} INFO - at org.postgresql.core.v3.ConnectionFactoryImpl.openConnectionImpl(ConnectionFactoryImpl.java:258)
[2023-03-22T08:30:19.537+0000] {spark_submit.py:488} INFO - ... 52 more
[2023-03-22T08:30:19.537+0000] {spark_submit.py:488} INFO - 23/03/22 08:30:19 INFO SparkContext: Invoking stop() from shutdown hook
[2023-03-22T08:30:19.542+0000] {spark_submit.py:488} INFO - 23/03/22 08:30:19 INFO SparkUI: Stopped Spark web UI at http://e343fe327102:4040
[2023-03-22T08:30:19.550+0000] {spark_submit.py:488} INFO - 23/03/22 08:30:19 INFO MapOutputTrackerMasterEndpoint: MapOutputTrackerMasterEndpoint stopped!
[2023-03-22T08:30:19.559+0000] {spark_submit.py:488} INFO - 23/03/22 08:30:19 INFO MemoryStore: MemoryStore cleared
[2023-03-22T08:30:19.559+0000] {spark_submit.py:488} INFO - 23/03/22 08:30:19 INFO BlockManager: BlockManager stopped
[2023-03-22T08:30:19.561+0000] {spark_submit.py:488} INFO - 23/03/22 08:30:19 INFO BlockManagerMaster: BlockManagerMaster stopped
[2023-03-22T08:30:19.562+0000] {spark_submit.py:488} INFO - 23/03/22 08:30:19 INFO OutputCommitCoordinator$OutputCommitCoordinatorEndpoint: OutputCommitCoordinator stopped!
[2023-03-22T08:30:19.567+0000] {spark_submit.py:488} INFO - 23/03/22 08:30:19 INFO SparkContext: Successfully stopped SparkContext
[2023-03-22T08:30:19.567+0000] {spark_submit.py:488} INFO - 23/03/22 08:30:19 INFO ShutdownHookManager: Shutdown hook called
[2023-03-22T08:30:19.567+0000] {spark_submit.py:488} INFO - 23/03/22 08:30:19 INFO ShutdownHookManager: Deleting directory /tmp/spark-a8567d21-4fc4-4463-9985-aadc6bffeb59
[2023-03-22T08:30:19.570+0000] {spark_submit.py:488} INFO - 23/03/22 08:30:19 INFO ShutdownHookManager: Deleting directory /tmp/spark-c9c4244f-cc6c-4f18-bcdc-b2f58347d4b8
[2023-03-22T08:30:19.689+0000] {taskinstance.py:1775} ERROR - Task failed with exception
Traceback (most recent call last):
  File "/home/airflow/.local/lib/python3.7/site-packages/airflow/providers/apache/spark/operators/spark_submit.py", line 157, in execute
    self._hook.submit(self._application)
  File "/home/airflow/.local/lib/python3.7/site-packages/airflow/providers/apache/spark/hooks/spark_submit.py", line 420, in submit
    f"Cannot execute: {self._mask_cmd(spark_submit_cmd)}. Error code is: {returncode}."
airflow.exceptions.AirflowException: Cannot execute: spark-submit --master spark://vtn-truongvq:7077 --driver-class-path /opt/***/plugins/postgresql-42.6.0.jar --jars /opt/***/plugins/postgresql-42.6.0.jar --name arrow-spark --class com.viettel.truongvq.spark.SparkJob --verbose /opt/***/plugins/big-data-fundamentals.jar. Error code is: 1.
[2023-03-22T08:30:19.696+0000] {taskinstance.py:1326} INFO - Marking task as FAILED. dag_id=CarFine, task_id=spark-save-db, execution_date=20230322T082500, start_date=20230322T083004, end_date=20230322T083019
[2023-03-22T08:30:19.715+0000] {standard_task_runner.py:105} ERROR - Failed to execute job 420 for task spark-save-db (Cannot execute: spark-submit --master spark://vtn-truongvq:7077 --driver-class-path /opt/***/plugins/postgresql-42.6.0.jar --jars /opt/***/plugins/postgresql-42.6.0.jar --name arrow-spark --class com.viettel.truongvq.spark.SparkJob --verbose /opt/***/plugins/big-data-fundamentals.jar. Error code is: 1.; 787)
[2023-03-22T08:30:19.741+0000] {local_task_job.py:212} INFO - Task exited with return code 1
[2023-03-22T08:30:19.760+0000] {taskinstance.py:2585} INFO - 0 downstream tasks scheduled from follow-on schedule check
