[2023-03-22T07:55:01.213+0000] {taskinstance.py:1084} INFO - Dependencies all met for dep_context=non-requeueable deps ti=<TaskInstance: CarFine.get_file scheduled__2023-03-22T07:50:00+00:00 [queued]>
[2023-03-22T07:55:01.219+0000] {taskinstance.py:1084} INFO - Dependencies all met for dep_context=requeueable deps ti=<TaskInstance: CarFine.get_file scheduled__2023-03-22T07:50:00+00:00 [queued]>
[2023-03-22T07:55:01.219+0000] {taskinstance.py:1282} INFO - 
--------------------------------------------------------------------------------
[2023-03-22T07:55:01.219+0000] {taskinstance.py:1283} INFO - Starting attempt 1 of 1
[2023-03-22T07:55:01.219+0000] {taskinstance.py:1284} INFO - 
--------------------------------------------------------------------------------
[2023-03-22T07:55:01.228+0000] {taskinstance.py:1303} INFO - Executing <Task(BashOperator): get_file> on 2023-03-22 07:50:00+00:00
[2023-03-22T07:55:01.232+0000] {standard_task_runner.py:55} INFO - Started process 3269 to run task
[2023-03-22T07:55:01.234+0000] {standard_task_runner.py:82} INFO - Running: ['***', 'tasks', 'run', 'CarFine', 'get_file', 'scheduled__2023-03-22T07:50:00+00:00', '--job-id', '356', '--raw', '--subdir', 'DAGS_FOLDER/CarFineDAG.py', '--cfg-path', '/tmp/tmpwvwemmi8']
[2023-03-22T07:55:01.234+0000] {standard_task_runner.py:83} INFO - Job 356: Subtask get_file
[2023-03-22T07:55:01.273+0000] {task_command.py:388} INFO - Running <TaskInstance: CarFine.get_file scheduled__2023-03-22T07:50:00+00:00 [running]> on host ed9661b333ec
[2023-03-22T07:55:01.321+0000] {taskinstance.py:1511} INFO - Exporting the following env vars:
AIRFLOW_CTX_DAG_OWNER=***
AIRFLOW_CTX_DAG_ID=CarFine
AIRFLOW_CTX_TASK_ID=get_file
AIRFLOW_CTX_EXECUTION_DATE=2023-03-22T07:50:00+00:00
AIRFLOW_CTX_TRY_NUMBER=1
AIRFLOW_CTX_DAG_RUN_ID=scheduled__2023-03-22T07:50:00+00:00
[2023-03-22T07:55:01.321+0000] {subprocess.py:63} INFO - Tmp dir root location: 
 /tmp
[2023-03-22T07:55:01.322+0000] {subprocess.py:75} INFO - Running command: ['/bin/bash', '-c', 'wget -P /home/*** https://www.dl.dropboxusercontent.com/s/q1de0kkhhxp5vo9/data.json']
[2023-03-22T07:55:01.328+0000] {subprocess.py:86} INFO - Output:
[2023-03-22T07:55:01.331+0000] {subprocess.py:93} INFO - --2023-03-22 07:55:01--  https://www.dl.dropboxusercontent.com/s/q1de0kkhhxp5vo9/data.json
[2023-03-22T07:55:01.471+0000] {subprocess.py:93} INFO - Resolving www.dl.dropboxusercontent.com (www.dl.dropboxusercontent.com)... 162.125.81.15, 2620:100:6031:15::a27d:510f
[2023-03-22T07:55:01.570+0000] {subprocess.py:93} INFO - Connecting to www.dl.dropboxusercontent.com (www.dl.dropboxusercontent.com)|162.125.81.15|:443... connected.
[2023-03-22T07:55:02.230+0000] {subprocess.py:93} INFO - HTTP request sent, awaiting response... 200 OK
[2023-03-22T07:55:02.231+0000] {subprocess.py:93} INFO - Length: 259778 (254K) [text/plain]
[2023-03-22T07:55:02.231+0000] {subprocess.py:93} INFO - Saving to: ‘/home/***/data.json.1’
[2023-03-22T07:55:02.232+0000] {subprocess.py:93} INFO - 
[2023-03-22T07:55:02.366+0000] {subprocess.py:93} INFO -      0K .......... .......... .......... .......... .......... 19%  369K 1s
[2023-03-22T07:55:02.427+0000] {subprocess.py:93} INFO -     50K .......... .......... .......... .......... .......... 39%  825K 0s
[2023-03-22T07:55:02.475+0000] {subprocess.py:93} INFO -    100K .......... .......... .......... .......... .......... 59% 1.01M 0s
[2023-03-22T07:55:02.507+0000] {subprocess.py:93} INFO -    150K .......... .......... .......... .......... .......... 78% 1.54M 0s
[2023-03-22T07:55:02.522+0000] {subprocess.py:93} INFO -    200K .......... .......... .......... .......... .......... 98% 3.12M 0s
[2023-03-22T07:55:02.523+0000] {subprocess.py:93} INFO -    250K ...                                                   100% 6.87T=0.3s
[2023-03-22T07:55:02.524+0000] {subprocess.py:93} INFO - 
[2023-03-22T07:55:02.524+0000] {subprocess.py:93} INFO - 2023-03-22 07:55:02 (869 KB/s) - ‘/home/***/data.json.1’ saved [259778/259778]
[2023-03-22T07:55:02.524+0000] {subprocess.py:93} INFO - 
[2023-03-22T07:55:02.525+0000] {subprocess.py:97} INFO - Command exited with return code 0
[2023-03-22T07:55:02.600+0000] {taskinstance.py:1326} INFO - Marking task as SUCCESS. dag_id=CarFine, task_id=get_file, execution_date=20230322T075000, start_date=20230322T075501, end_date=20230322T075502
[2023-03-22T07:55:02.651+0000] {local_task_job.py:212} INFO - Task exited with return code 0
[2023-03-22T07:55:02.685+0000] {taskinstance.py:2585} INFO - 1 downstream tasks scheduled from follow-on schedule check
