[2023-03-22T01:33:36.286+0000] {taskinstance.py:1084} INFO - Dependencies all met for dep_context=non-requeueable deps ti=<TaskInstance: spark_examples.spark-task scheduled__2023-03-21T13:00:00+00:00 [queued]>
[2023-03-22T01:33:36.295+0000] {taskinstance.py:1084} INFO - Dependencies all met for dep_context=requeueable deps ti=<TaskInstance: spark_examples.spark-task scheduled__2023-03-21T13:00:00+00:00 [queued]>
[2023-03-22T01:33:36.296+0000] {taskinstance.py:1282} INFO - 
--------------------------------------------------------------------------------
[2023-03-22T01:33:36.296+0000] {taskinstance.py:1283} INFO - Starting attempt 1 of 1
[2023-03-22T01:33:36.296+0000] {taskinstance.py:1284} INFO - 
--------------------------------------------------------------------------------
[2023-03-22T01:33:36.316+0000] {taskinstance.py:1303} INFO - Executing <Task(SparkSubmitOperator): spark-task> on 2023-03-21 13:00:00+00:00
[2023-03-22T01:33:36.328+0000] {standard_task_runner.py:55} INFO - Started process 100 to run task
[2023-03-22T01:33:36.332+0000] {standard_task_runner.py:82} INFO - Running: ['***', 'tasks', 'run', 'spark_examples', 'spark-task', 'scheduled__2023-03-21T13:00:00+00:00', '--job-id', '248', '--raw', '--subdir', 'DAGS_FOLDER/spark.py', '--cfg-path', '/tmp/tmpw_inb69h']
[2023-03-22T01:33:36.332+0000] {standard_task_runner.py:83} INFO - Job 248: Subtask spark-task
[2023-03-22T01:33:36.391+0000] {task_command.py:388} INFO - Running <TaskInstance: spark_examples.spark-task scheduled__2023-03-21T13:00:00+00:00 [running]> on host c726f8549984
[2023-03-22T01:33:36.475+0000] {taskinstance.py:1511} INFO - Exporting the following env vars:
AIRFLOW_CTX_DAG_OWNER=truongvq
AIRFLOW_CTX_DAG_ID=spark_examples
AIRFLOW_CTX_TASK_ID=spark-task
AIRFLOW_CTX_EXECUTION_DATE=2023-03-21T13:00:00+00:00
AIRFLOW_CTX_TRY_NUMBER=1
AIRFLOW_CTX_DAG_RUN_ID=scheduled__2023-03-21T13:00:00+00:00
[2023-03-22T01:33:36.486+0000] {base.py:73} INFO - Using connection ID 'spark-connection' for task execution.
[2023-03-22T01:33:36.488+0000] {spark_submit.py:335} INFO - Spark-Submit cmd: spark-submit --master spark://vtn-truongvq:7077 --name arrow-spark --class com.viettel.truongvq.spark.Spark --verbose /opt/***/plugins/big-data-fundamentals.jar
[2023-03-22T01:33:36.648+0000] {spark_submit.py:488} INFO - /home/***/.local/lib/python3.7/site-packages/pyspark/bin/load-spark-env.sh: line 68: ps: command not found
[2023-03-22T01:33:42.420+0000] {spark_submit.py:488} INFO - Using properties file: null
[2023-03-22T01:33:42.780+0000] {spark_submit.py:488} INFO - Parsed arguments:
[2023-03-22T01:33:42.780+0000] {spark_submit.py:488} INFO - master                  spark://vtn-truongvq:7077
[2023-03-22T01:33:42.780+0000] {spark_submit.py:488} INFO - deployMode              null
[2023-03-22T01:33:42.781+0000] {spark_submit.py:488} INFO - executorMemory          null
[2023-03-22T01:33:42.781+0000] {spark_submit.py:488} INFO - executorCores           null
[2023-03-22T01:33:42.781+0000] {spark_submit.py:488} INFO - totalExecutorCores      null
[2023-03-22T01:33:42.781+0000] {spark_submit.py:488} INFO - propertiesFile          null
[2023-03-22T01:33:42.781+0000] {spark_submit.py:488} INFO - driverMemory            null
[2023-03-22T01:33:42.781+0000] {spark_submit.py:488} INFO - driverCores             null
[2023-03-22T01:33:42.781+0000] {spark_submit.py:488} INFO - driverExtraClassPath    null
[2023-03-22T01:33:42.781+0000] {spark_submit.py:488} INFO - driverExtraLibraryPath  null
[2023-03-22T01:33:42.781+0000] {spark_submit.py:488} INFO - driverExtraJavaOptions  null
[2023-03-22T01:33:42.781+0000] {spark_submit.py:488} INFO - supervise               false
[2023-03-22T01:33:42.782+0000] {spark_submit.py:488} INFO - queue                   null
[2023-03-22T01:33:42.782+0000] {spark_submit.py:488} INFO - numExecutors            null
[2023-03-22T01:33:42.782+0000] {spark_submit.py:488} INFO - files                   null
[2023-03-22T01:33:42.782+0000] {spark_submit.py:488} INFO - pyFiles                 null
[2023-03-22T01:33:42.782+0000] {spark_submit.py:488} INFO - archives                null
[2023-03-22T01:33:42.782+0000] {spark_submit.py:488} INFO - mainClass               com.viettel.truongvq.spark.Spark
[2023-03-22T01:33:42.782+0000] {spark_submit.py:488} INFO - primaryResource         file:/opt/***/plugins/big-data-fundamentals.jar
[2023-03-22T01:33:42.782+0000] {spark_submit.py:488} INFO - name                    arrow-spark
[2023-03-22T01:33:42.782+0000] {spark_submit.py:488} INFO - childArgs               []
[2023-03-22T01:33:42.782+0000] {spark_submit.py:488} INFO - jars                    null
[2023-03-22T01:33:42.783+0000] {spark_submit.py:488} INFO - packages                null
[2023-03-22T01:33:42.783+0000] {spark_submit.py:488} INFO - packagesExclusions      null
[2023-03-22T01:33:42.783+0000] {spark_submit.py:488} INFO - repositories            null
[2023-03-22T01:33:42.783+0000] {spark_submit.py:488} INFO - verbose                 true
[2023-03-22T01:33:42.783+0000] {spark_submit.py:488} INFO - 
[2023-03-22T01:33:42.783+0000] {spark_submit.py:488} INFO - Spark properties used, including those specified through
[2023-03-22T01:33:42.783+0000] {spark_submit.py:488} INFO - --conf and those from the properties file null:
[2023-03-22T01:33:42.783+0000] {spark_submit.py:488} INFO - 
[2023-03-22T01:33:42.783+0000] {spark_submit.py:488} INFO - 
[2023-03-22T01:33:42.784+0000] {spark_submit.py:488} INFO - 
[2023-03-22T01:33:44.286+0000] {spark_submit.py:488} INFO - Main class:
[2023-03-22T01:33:44.286+0000] {spark_submit.py:488} INFO - com.viettel.truongvq.spark.Spark
[2023-03-22T01:33:44.288+0000] {spark_submit.py:488} INFO - Arguments:
[2023-03-22T01:33:44.289+0000] {spark_submit.py:488} INFO - 
[2023-03-22T01:33:44.298+0000] {spark_submit.py:488} INFO - Spark config:
[2023-03-22T01:33:44.298+0000] {spark_submit.py:488} INFO - (spark.app.name,arrow-spark)
[2023-03-22T01:33:44.298+0000] {spark_submit.py:488} INFO - (spark.app.submitTime,1679448824205)
[2023-03-22T01:33:44.299+0000] {spark_submit.py:488} INFO - (spark.jars,file:/opt/***/plugins/big-data-fundamentals.jar)
[2023-03-22T01:33:44.299+0000] {spark_submit.py:488} INFO - (spark.master,spark://vtn-truongvq:7077)
[2023-03-22T01:33:44.299+0000] {spark_submit.py:488} INFO - (spark.submit.deployMode,client)
[2023-03-22T01:33:44.300+0000] {spark_submit.py:488} INFO - (spark.submit.pyFiles,)
[2023-03-22T01:33:44.301+0000] {spark_submit.py:488} INFO - Classpath elements:
[2023-03-22T01:33:44.302+0000] {spark_submit.py:488} INFO - file:/opt/***/plugins/big-data-fundamentals.jar
[2023-03-22T01:33:44.303+0000] {spark_submit.py:488} INFO - 
[2023-03-22T01:33:44.303+0000] {spark_submit.py:488} INFO - 
[2023-03-22T01:33:44.536+0000] {spark_submit.py:488} INFO - 23/03/22 01:33:44 INFO SparkContext: Running Spark version 3.3.2
[2023-03-22T01:33:45.029+0000] {spark_submit.py:488} INFO - 23/03/22 01:33:45 WARN NativeCodeLoader: Unable to load native-hadoop library for your platform... using builtin-java classes where applicable
[2023-03-22T01:33:45.380+0000] {spark_submit.py:488} INFO - 23/03/22 01:33:45 INFO ResourceUtils: ==============================================================
[2023-03-22T01:33:45.383+0000] {spark_submit.py:488} INFO - 23/03/22 01:33:45 INFO ResourceUtils: No custom resources configured for spark.driver.
[2023-03-22T01:33:45.385+0000] {spark_submit.py:488} INFO - 23/03/22 01:33:45 INFO ResourceUtils: ==============================================================
[2023-03-22T01:33:45.399+0000] {spark_submit.py:488} INFO - 23/03/22 01:33:45 INFO SparkContext: Submitted application: SparkExample
[2023-03-22T01:33:45.522+0000] {spark_submit.py:488} INFO - 23/03/22 01:33:45 INFO ResourceProfile: Default ResourceProfile created, executor resources: Map(cores -> name: cores, amount: 1, script: , vendor: , memory -> name: memory, amount: 1024, script: , vendor: , offHeap -> name: offHeap, amount: 0, script: , vendor: ), task resources: Map(cpus -> name: cpus, amount: 1.0)
[2023-03-22T01:33:45.585+0000] {spark_submit.py:488} INFO - 23/03/22 01:33:45 INFO ResourceProfile: Limiting resource is cpu
[2023-03-22T01:33:45.592+0000] {spark_submit.py:488} INFO - 23/03/22 01:33:45 INFO ResourceProfileManager: Added ResourceProfile id: 0
[2023-03-22T01:33:46.022+0000] {spark_submit.py:488} INFO - 23/03/22 01:33:46 INFO SecurityManager: Changing view acls to: default
[2023-03-22T01:33:46.025+0000] {spark_submit.py:488} INFO - 23/03/22 01:33:46 INFO SecurityManager: Changing modify acls to: default
[2023-03-22T01:33:46.031+0000] {spark_submit.py:488} INFO - 23/03/22 01:33:46 INFO SecurityManager: Changing view acls groups to:
[2023-03-22T01:33:46.033+0000] {spark_submit.py:488} INFO - 23/03/22 01:33:46 INFO SecurityManager: Changing modify acls groups to:
[2023-03-22T01:33:46.036+0000] {spark_submit.py:488} INFO - 23/03/22 01:33:46 INFO SecurityManager: SecurityManager: authentication disabled; ui acls disabled; users  with view permissions: Set(default); groups with view permissions: Set(); users  with modify permissions: Set(default); groups with modify permissions: Set()
[2023-03-22T01:33:47.111+0000] {spark_submit.py:488} INFO - 23/03/22 01:33:47 INFO Utils: Successfully started service 'sparkDriver' on port 33873.
[2023-03-22T01:33:47.335+0000] {spark_submit.py:488} INFO - 23/03/22 01:33:47 INFO SparkEnv: Registering MapOutputTracker
[2023-03-22T01:33:47.597+0000] {spark_submit.py:488} INFO - 23/03/22 01:33:47 INFO SparkEnv: Registering BlockManagerMaster
[2023-03-22T01:33:47.662+0000] {spark_submit.py:488} INFO - 23/03/22 01:33:47 INFO BlockManagerMasterEndpoint: Using org.apache.spark.storage.DefaultTopologyMapper for getting topology information
[2023-03-22T01:33:47.664+0000] {spark_submit.py:488} INFO - 23/03/22 01:33:47 INFO BlockManagerMasterEndpoint: BlockManagerMasterEndpoint up
[2023-03-22T01:33:47.705+0000] {spark_submit.py:488} INFO - 23/03/22 01:33:47 INFO SparkEnv: Registering BlockManagerMasterHeartbeat
[2023-03-22T01:33:47.756+0000] {spark_submit.py:488} INFO - 23/03/22 01:33:47 INFO DiskBlockManager: Created local directory at /tmp/blockmgr-706eda0a-2574-4795-b2ba-4140aa44bf98
[2023-03-22T01:33:47.789+0000] {spark_submit.py:488} INFO - 23/03/22 01:33:47 INFO MemoryStore: MemoryStore started with capacity 434.4 MiB
[2023-03-22T01:33:47.926+0000] {spark_submit.py:488} INFO - 23/03/22 01:33:47 INFO SparkEnv: Registering OutputCommitCoordinator
[2023-03-22T01:33:49.029+0000] {spark_submit.py:488} INFO - 23/03/22 01:33:49 WARN Utils: Service 'SparkUI' could not bind on port 4040. Attempting port 4041.
[2023-03-22T01:33:49.032+0000] {spark_submit.py:488} INFO - 23/03/22 01:33:49 WARN Utils: Service 'SparkUI' could not bind on port 4041. Attempting port 4042.
[2023-03-22T01:33:49.131+0000] {spark_submit.py:488} INFO - 23/03/22 01:33:49 INFO Utils: Successfully started service 'SparkUI' on port 4042.
[2023-03-22T01:33:49.323+0000] {spark_submit.py:488} INFO - 23/03/22 01:33:49 INFO SparkContext: Added JAR file:/opt/***/plugins/big-data-fundamentals.jar at spark://c726f8549984:33873/jars/big-data-fundamentals.jar with timestamp 1679448824469
[2023-03-22T01:33:49.683+0000] {spark_submit.py:488} INFO - 23/03/22 01:33:49 INFO Executor: Starting executor ID driver on host c726f8549984
[2023-03-22T01:33:49.735+0000] {spark_submit.py:488} INFO - 23/03/22 01:33:49 INFO Executor: Starting executor with user classpath (userClassPathFirst = false): ''
[2023-03-22T01:33:49.816+0000] {spark_submit.py:488} INFO - 23/03/22 01:33:49 INFO Executor: Fetching spark://c726f8549984:33873/jars/big-data-fundamentals.jar with timestamp 1679448824469
[2023-03-22T01:33:50.119+0000] {spark_submit.py:488} INFO - 23/03/22 01:33:50 INFO TransportClientFactory: Successfully created connection to c726f8549984/172.23.0.7:33873 after 204 ms (0 ms spent in bootstraps)
[2023-03-22T01:33:50.127+0000] {spark_submit.py:488} INFO - 23/03/22 01:33:50 INFO Utils: Fetching spark://c726f8549984:33873/jars/big-data-fundamentals.jar to /tmp/spark-066368ec-2f4d-409f-a616-e75cc01a2884/userFiles-3968bde3-04b4-4d05-b6a2-041a08ec88ba/fetchFileTemp9457937412192816887.tmp
[2023-03-22T01:33:50.619+0000] {spark_submit.py:488} INFO - 23/03/22 01:33:50 INFO Executor: Adding file:/tmp/spark-066368ec-2f4d-409f-a616-e75cc01a2884/userFiles-3968bde3-04b4-4d05-b6a2-041a08ec88ba/big-data-fundamentals.jar to class loader
[2023-03-22T01:33:50.664+0000] {spark_submit.py:488} INFO - 23/03/22 01:33:50 INFO Utils: Successfully started service 'org.apache.spark.network.netty.NettyBlockTransferService' on port 38643.
[2023-03-22T01:33:50.665+0000] {spark_submit.py:488} INFO - 23/03/22 01:33:50 INFO NettyBlockTransferService: Server created on c726f8549984:38643
[2023-03-22T01:33:50.672+0000] {spark_submit.py:488} INFO - 23/03/22 01:33:50 INFO BlockManager: Using org.apache.spark.storage.RandomBlockReplicationPolicy for block replication policy
[2023-03-22T01:33:50.691+0000] {spark_submit.py:488} INFO - 23/03/22 01:33:50 INFO BlockManagerMaster: Registering BlockManager BlockManagerId(driver, c726f8549984, 38643, None)
[2023-03-22T01:33:50.724+0000] {spark_submit.py:488} INFO - 23/03/22 01:33:50 INFO BlockManagerMasterEndpoint: Registering block manager c726f8549984:38643 with 434.4 MiB RAM, BlockManagerId(driver, c726f8549984, 38643, None)
[2023-03-22T01:33:50.766+0000] {spark_submit.py:488} INFO - 23/03/22 01:33:50 INFO BlockManagerMaster: Registered BlockManager BlockManagerId(driver, c726f8549984, 38643, None)
[2023-03-22T01:33:50.770+0000] {spark_submit.py:488} INFO - 23/03/22 01:33:50 INFO BlockManager: Initialized BlockManager: BlockManagerId(driver, c726f8549984, 38643, None)
[2023-03-22T01:33:55.849+0000] {spark_submit.py:488} INFO - 23/03/22 01:33:55 INFO SparkContext: Starting job: lookup at Spark.scala:15
[2023-03-22T01:33:55.949+0000] {spark_submit.py:488} INFO - 23/03/22 01:33:55 INFO DAGScheduler: Got job 0 (lookup at Spark.scala:15) with 2 output partitions
[2023-03-22T01:33:55.950+0000] {spark_submit.py:488} INFO - 23/03/22 01:33:55 INFO DAGScheduler: Final stage: ResultStage 0 (lookup at Spark.scala:15)
[2023-03-22T01:33:55.951+0000] {spark_submit.py:488} INFO - 23/03/22 01:33:55 INFO DAGScheduler: Parents of final stage: List()
[2023-03-22T01:33:55.973+0000] {spark_submit.py:488} INFO - 23/03/22 01:33:55 INFO DAGScheduler: Missing parents: List()
[2023-03-22T01:33:56.014+0000] {spark_submit.py:488} INFO - 23/03/22 01:33:56 INFO DAGScheduler: Submitting ResultStage 0 (MapPartitionsRDD[3] at lookup at Spark.scala:15), which has no missing parents
[2023-03-22T01:33:56.736+0000] {spark_submit.py:488} INFO - 23/03/22 01:33:56 INFO MemoryStore: Block broadcast_0 stored as values in memory (estimated size 4.7 KiB, free 434.4 MiB)
[2023-03-22T01:33:56.981+0000] {spark_submit.py:488} INFO - 23/03/22 01:33:56 INFO MemoryStore: Block broadcast_0_piece0 stored as bytes in memory (estimated size 2.5 KiB, free 434.4 MiB)
[2023-03-22T01:33:56.992+0000] {spark_submit.py:488} INFO - 23/03/22 01:33:56 INFO BlockManagerInfo: Added broadcast_0_piece0 in memory on c726f8549984:38643 (size: 2.5 KiB, free: 434.4 MiB)
[2023-03-22T01:33:57.015+0000] {spark_submit.py:488} INFO - 23/03/22 01:33:57 INFO SparkContext: Created broadcast 0 from broadcast at DAGScheduler.scala:1513
[2023-03-22T01:33:57.154+0000] {spark_submit.py:488} INFO - 23/03/22 01:33:57 INFO DAGScheduler: Submitting 2 missing tasks from ResultStage 0 (MapPartitionsRDD[3] at lookup at Spark.scala:15) (first 15 tasks are for partitions Vector(0, 1))
[2023-03-22T01:33:57.215+0000] {spark_submit.py:488} INFO - 23/03/22 01:33:57 INFO TaskSchedulerImpl: Adding task set 0.0 with 2 tasks resource profile 0
[2023-03-22T01:33:57.981+0000] {spark_submit.py:488} INFO - 23/03/22 01:33:57 INFO TaskSetManager: Starting task 0.0 in stage 0.0 (TID 0) (c726f8549984, executor driver, partition 0, PROCESS_LOCAL, 4488 bytes) taskResourceAssignments Map()
[2023-03-22T01:33:58.150+0000] {spark_submit.py:488} INFO - 23/03/22 01:33:58 INFO Executor: Running task 0.0 in stage 0.0 (TID 0)
[2023-03-22T01:33:58.659+0000] {spark_submit.py:488} INFO - 23/03/22 01:33:58 INFO Executor: Finished task 0.0 in stage 0.0 (TID 0). 853 bytes result sent to driver
[2023-03-22T01:33:58.687+0000] {spark_submit.py:488} INFO - 23/03/22 01:33:58 INFO TaskSetManager: Starting task 1.0 in stage 0.0 (TID 1) (c726f8549984, executor driver, partition 1, PROCESS_LOCAL, 4491 bytes) taskResourceAssignments Map()
[2023-03-22T01:33:58.693+0000] {spark_submit.py:488} INFO - 23/03/22 01:33:58 INFO Executor: Running task 1.0 in stage 0.0 (TID 1)
[2023-03-22T01:33:58.719+0000] {spark_submit.py:488} INFO - 23/03/22 01:33:58 INFO Executor: Finished task 1.0 in stage 0.0 (TID 1). 854 bytes result sent to driver
[2023-03-22T01:33:58.879+0000] {spark_submit.py:488} INFO - 23/03/22 01:33:58 INFO TaskSetManager: Finished task 0.0 in stage 0.0 (TID 0) in 1255 ms on c726f8549984 (executor driver) (1/2)
[2023-03-22T01:33:58.887+0000] {spark_submit.py:488} INFO - 23/03/22 01:33:58 INFO TaskSetManager: Finished task 1.0 in stage 0.0 (TID 1) in 204 ms on c726f8549984 (executor driver) (2/2)
[2023-03-22T01:33:58.918+0000] {spark_submit.py:488} INFO - 23/03/22 01:33:58 INFO TaskSchedulerImpl: Removed TaskSet 0.0, whose tasks have all completed, from pool
[2023-03-22T01:33:58.964+0000] {spark_submit.py:488} INFO - 23/03/22 01:33:58 INFO DAGScheduler: ResultStage 0 (lookup at Spark.scala:15) finished in 2.833 s
[2023-03-22T01:33:58.983+0000] {spark_submit.py:488} INFO - 23/03/22 01:33:58 INFO DAGScheduler: Job 0 is finished. Cancelling potential speculative or zombie tasks for this job
[2023-03-22T01:33:58.989+0000] {spark_submit.py:488} INFO - 23/03/22 01:33:58 INFO TaskSchedulerImpl: Killing all running tasks in stage 0: Stage finished
[2023-03-22T01:33:59.018+0000] {spark_submit.py:488} INFO - 23/03/22 01:33:59 INFO DAGScheduler: Job 0 finished: lookup at Spark.scala:15, took 3.164172 s
[2023-03-22T01:33:59.158+0000] {spark_submit.py:488} INFO - WrappedArray(Spark, Simple)23/03/22 01:33:59 INFO SparkContext: Invoking stop() from shutdown hook
[2023-03-22T01:33:59.254+0000] {spark_submit.py:488} INFO - 23/03/22 01:33:59 INFO SparkUI: Stopped Spark web UI at http://c726f8549984:4042
[2023-03-22T01:33:59.386+0000] {spark_submit.py:488} INFO - 23/03/22 01:33:59 INFO MapOutputTrackerMasterEndpoint: MapOutputTrackerMasterEndpoint stopped!
[2023-03-22T01:33:59.484+0000] {spark_submit.py:488} INFO - 23/03/22 01:33:59 INFO MemoryStore: MemoryStore cleared
[2023-03-22T01:33:59.490+0000] {spark_submit.py:488} INFO - 23/03/22 01:33:59 INFO BlockManager: BlockManager stopped
[2023-03-22T01:33:59.503+0000] {spark_submit.py:488} INFO - 23/03/22 01:33:59 INFO BlockManagerMaster: BlockManagerMaster stopped
[2023-03-22T01:33:59.527+0000] {spark_submit.py:488} INFO - 23/03/22 01:33:59 INFO OutputCommitCoordinator$OutputCommitCoordinatorEndpoint: OutputCommitCoordinator stopped!
[2023-03-22T01:33:59.636+0000] {spark_submit.py:488} INFO - 23/03/22 01:33:59 INFO SparkContext: Successfully stopped SparkContext
[2023-03-22T01:33:59.638+0000] {spark_submit.py:488} INFO - 23/03/22 01:33:59 INFO ShutdownHookManager: Shutdown hook called
[2023-03-22T01:33:59.655+0000] {spark_submit.py:488} INFO - 23/03/22 01:33:59 INFO ShutdownHookManager: Deleting directory /tmp/spark-066368ec-2f4d-409f-a616-e75cc01a2884
[2023-03-22T01:33:59.707+0000] {spark_submit.py:488} INFO - 23/03/22 01:33:59 INFO ShutdownHookManager: Deleting directory /tmp/spark-6f671a5d-4260-48f5-8281-abf8908e1b8e
[2023-03-22T01:34:00.381+0000] {taskinstance.py:1326} INFO - Marking task as SUCCESS. dag_id=spark_examples, task_id=spark-task, execution_date=20230321T130000, start_date=20230322T013336, end_date=20230322T013400
[2023-03-22T01:34:00.678+0000] {local_task_job.py:212} INFO - Task exited with return code 0
[2023-03-22T01:34:00.729+0000] {taskinstance.py:2585} INFO - 0 downstream tasks scheduled from follow-on schedule check
