[2023-03-22T04:18:28.539+0000] {taskinstance.py:1084} INFO - Dependencies all met for dep_context=non-requeueable deps ti=<TaskInstance: CarFine.show_file scheduled__2023-03-22T04:00:00+00:00 [queued]>
[2023-03-22T04:18:28.546+0000] {taskinstance.py:1084} INFO - Dependencies all met for dep_context=requeueable deps ti=<TaskInstance: CarFine.show_file scheduled__2023-03-22T04:00:00+00:00 [queued]>
[2023-03-22T04:18:28.546+0000] {taskinstance.py:1282} INFO - 
--------------------------------------------------------------------------------
[2023-03-22T04:18:28.546+0000] {taskinstance.py:1283} INFO - Starting attempt 1 of 1
[2023-03-22T04:18:28.546+0000] {taskinstance.py:1284} INFO - 
--------------------------------------------------------------------------------
[2023-03-22T04:18:28.556+0000] {taskinstance.py:1303} INFO - Executing <Task(BashOperator): show_file> on 2023-03-22 04:00:00+00:00
[2023-03-22T04:18:28.560+0000] {standard_task_runner.py:55} INFO - Started process 1375 to run task
[2023-03-22T04:18:28.562+0000] {standard_task_runner.py:82} INFO - Running: ['***', 'tasks', 'run', 'CarFine', 'show_file', 'scheduled__2023-03-22T04:00:00+00:00', '--job-id', '271', '--raw', '--subdir', 'DAGS_FOLDER/CarFineDAG.py', '--cfg-path', '/tmp/tmpnutt3v71']
[2023-03-22T04:18:28.563+0000] {standard_task_runner.py:83} INFO - Job 271: Subtask show_file
[2023-03-22T04:18:28.603+0000] {task_command.py:388} INFO - Running <TaskInstance: CarFine.show_file scheduled__2023-03-22T04:00:00+00:00 [running]> on host f331b8a34e72
[2023-03-22T04:18:28.652+0000] {taskinstance.py:1511} INFO - Exporting the following env vars:
AIRFLOW_CTX_DAG_OWNER=***
AIRFLOW_CTX_DAG_ID=CarFine
AIRFLOW_CTX_TASK_ID=show_file
AIRFLOW_CTX_EXECUTION_DATE=2023-03-22T04:00:00+00:00
AIRFLOW_CTX_TRY_NUMBER=1
AIRFLOW_CTX_DAG_RUN_ID=scheduled__2023-03-22T04:00:00+00:00
[2023-03-22T04:18:28.653+0000] {subprocess.py:63} INFO - Tmp dir root location: 
 /tmp
[2023-03-22T04:18:28.653+0000] {subprocess.py:75} INFO - Running command: ['/bin/bash', '-c', 'ls']
[2023-03-22T04:18:28.661+0000] {subprocess.py:86} INFO - Output:
[2023-03-22T04:18:28.666+0000] {subprocess.py:97} INFO - Command exited with return code 0
[2023-03-22T04:18:28.683+0000] {taskinstance.py:1326} INFO - Marking task as SUCCESS. dag_id=CarFine, task_id=show_file, execution_date=20230322T040000, start_date=20230322T041828, end_date=20230322T041828
[2023-03-22T04:18:28.734+0000] {local_task_job.py:212} INFO - Task exited with return code 0
[2023-03-22T04:18:28.785+0000] {taskinstance.py:2585} INFO - 0 downstream tasks scheduled from follow-on schedule check
