[2023-03-22T06:35:00.606+0000] {taskinstance.py:1084} INFO - Dependencies all met for dep_context=non-requeueable deps ti=<TaskInstance: CarFine.get_file scheduled__2023-03-22T06:30:00+00:00 [queued]>
[2023-03-22T06:35:00.613+0000] {taskinstance.py:1084} INFO - Dependencies all met for dep_context=requeueable deps ti=<TaskInstance: CarFine.get_file scheduled__2023-03-22T06:30:00+00:00 [queued]>
[2023-03-22T06:35:00.613+0000] {taskinstance.py:1282} INFO - 
--------------------------------------------------------------------------------
[2023-03-22T06:35:00.613+0000] {taskinstance.py:1283} INFO - Starting attempt 1 of 1
[2023-03-22T06:35:00.613+0000] {taskinstance.py:1284} INFO - 
--------------------------------------------------------------------------------
[2023-03-22T06:35:00.623+0000] {taskinstance.py:1303} INFO - Executing <Task(BashOperator): get_file> on 2023-03-22 06:30:00+00:00
[2023-03-22T06:35:00.627+0000] {standard_task_runner.py:55} INFO - Started process 7640 to run task
[2023-03-22T06:35:00.629+0000] {standard_task_runner.py:82} INFO - Running: ['***', 'tasks', 'run', 'CarFine', 'get_file', 'scheduled__2023-03-22T06:30:00+00:00', '--job-id', '281', '--raw', '--subdir', 'DAGS_FOLDER/CarFineDAG.py', '--cfg-path', '/tmp/tmp01sldt5h']
[2023-03-22T06:35:00.629+0000] {standard_task_runner.py:83} INFO - Job 281: Subtask get_file
[2023-03-22T06:35:00.670+0000] {task_command.py:388} INFO - Running <TaskInstance: CarFine.get_file scheduled__2023-03-22T06:30:00+00:00 [running]> on host f331b8a34e72
[2023-03-22T06:35:00.719+0000] {taskinstance.py:1511} INFO - Exporting the following env vars:
AIRFLOW_CTX_DAG_OWNER=***
AIRFLOW_CTX_DAG_ID=CarFine
AIRFLOW_CTX_TASK_ID=get_file
AIRFLOW_CTX_EXECUTION_DATE=2023-03-22T06:30:00+00:00
AIRFLOW_CTX_TRY_NUMBER=1
AIRFLOW_CTX_DAG_RUN_ID=scheduled__2023-03-22T06:30:00+00:00
[2023-03-22T06:35:00.719+0000] {subprocess.py:63} INFO - Tmp dir root location: 
 /tmp
[2023-03-22T06:35:00.719+0000] {subprocess.py:75} INFO - Running command: ['/bin/bash', '-c', 'wget -P /home/*** https://www.dl.dropboxusercontent.com/s/q1de0kkhhxp5vo9/data.json']
[2023-03-22T06:35:00.727+0000] {subprocess.py:86} INFO - Output:
[2023-03-22T06:35:00.730+0000] {subprocess.py:93} INFO - --2023-03-22 06:35:00--  https://www.dl.dropboxusercontent.com/s/q1de0kkhhxp5vo9/data.json
[2023-03-22T06:35:00.885+0000] {subprocess.py:93} INFO - Resolving www.dl.dropboxusercontent.com (www.dl.dropboxusercontent.com)... 162.125.81.15, 2620:100:6031:15::a27d:510f
[2023-03-22T06:35:00.987+0000] {subprocess.py:93} INFO - Connecting to www.dl.dropboxusercontent.com (www.dl.dropboxusercontent.com)|162.125.81.15|:443... connected.
[2023-03-22T06:35:02.720+0000] {subprocess.py:93} INFO - HTTP request sent, awaiting response... 200 OK
[2023-03-22T06:35:02.721+0000] {subprocess.py:93} INFO - Length: 259778 (254K) [text/plain]
[2023-03-22T06:35:02.721+0000] {subprocess.py:93} INFO - Saving to: ‘/home/***/data.json.1’
[2023-03-22T06:35:02.953+0000] {subprocess.py:93} INFO - 
[2023-03-22T06:35:03.173+0000] {subprocess.py:93} INFO -      0K .......... .......... .......... .......... .......... 19%  110K 2s
[2023-03-22T06:35:03.325+0000] {subprocess.py:93} INFO -     50K .......... .......... .......... .......... .......... 39%  329K 1s
[2023-03-22T06:35:03.425+0000] {subprocess.py:93} INFO -    100K .......... .......... .......... .......... .......... 59%  501K 0s
[2023-03-22T06:35:03.539+0000] {subprocess.py:93} INFO -    150K .......... .......... .......... .......... .......... 78%  438K 0s
[2023-03-22T06:35:03.541+0000] {subprocess.py:93} INFO -    200K .......... .......... .......... .......... .......... 98% 18.6M 0s
[2023-03-22T06:35:03.542+0000] {subprocess.py:93} INFO -    250K ...                                                   100% 6.87T=0.8s
[2023-03-22T06:35:03.542+0000] {subprocess.py:93} INFO - 
[2023-03-22T06:35:03.542+0000] {subprocess.py:93} INFO - 2023-03-22 06:35:03 (309 KB/s) - ‘/home/***/data.json.1’ saved [259778/259778]
[2023-03-22T06:35:03.542+0000] {subprocess.py:93} INFO - 
[2023-03-22T06:35:03.542+0000] {subprocess.py:97} INFO - Command exited with return code 0
[2023-03-22T06:35:03.561+0000] {taskinstance.py:1326} INFO - Marking task as SUCCESS. dag_id=CarFine, task_id=get_file, execution_date=20230322T063000, start_date=20230322T063500, end_date=20230322T063503
[2023-03-22T06:35:03.613+0000] {local_task_job.py:212} INFO - Task exited with return code 0
[2023-03-22T06:35:03.628+0000] {taskinstance.py:2585} INFO - 0 downstream tasks scheduled from follow-on schedule check
