[2023-03-21 14:00:01,393] {taskinstance.py:1179} INFO - Dependencies all met for <TaskInstance: FirstDAG.task scheduled__2023-03-21T13:00:00+00:00 [queued]>
[2023-03-21 14:00:01,406] {taskinstance.py:1179} INFO - Dependencies all met for <TaskInstance: FirstDAG.task scheduled__2023-03-21T13:00:00+00:00 [queued]>
[2023-03-21 14:00:01,406] {taskinstance.py:1376} INFO - 
--------------------------------------------------------------------------------
[2023-03-21 14:00:01,406] {taskinstance.py:1377} INFO - Starting attempt 1 of 1
[2023-03-21 14:00:01,406] {taskinstance.py:1378} INFO - 
--------------------------------------------------------------------------------
[2023-03-21 14:00:01,426] {taskinstance.py:1397} INFO - Executing <Task(PythonOperator): task> on 2023-03-21 13:00:00+00:00
[2023-03-21 14:00:01,430] {standard_task_runner.py:52} INFO - Started process 930 to run task
[2023-03-21 14:00:01,435] {standard_task_runner.py:79} INFO - Running: ['***', 'tasks', 'run', 'FirstDAG', 'task', 'scheduled__2023-03-21T13:00:00+00:00', '--job-id', '12', '--raw', '--subdir', 'DAGS_FOLDER/BasicDAG.py', '--cfg-path', '/tmp/tmp6gqt0djn', '--error-file', '/tmp/tmpgbe3je2y']
[2023-03-21 14:00:01,436] {standard_task_runner.py:80} INFO - Job 12: Subtask task
[2023-03-21 14:00:01,515] {task_command.py:371} INFO - Running <TaskInstance: FirstDAG.task scheduled__2023-03-21T13:00:00+00:00 [running]> on host e015818566b4
[2023-03-21 14:00:01,646] {taskinstance.py:1591} INFO - Exporting the following env vars:
AIRFLOW_CTX_DAG_OWNER=***
AIRFLOW_CTX_DAG_ID=FirstDAG
AIRFLOW_CTX_TASK_ID=task
AIRFLOW_CTX_EXECUTION_DATE=2023-03-21T13:00:00+00:00
AIRFLOW_CTX_TRY_NUMBER=1
AIRFLOW_CTX_DAG_RUN_ID=scheduled__2023-03-21T13:00:00+00:00
[2023-03-21 14:00:01,647] {logging_mixin.py:115} INFO - First DAG executed Successfully!!
[2023-03-21 14:00:01,647] {python.py:173} INFO - Done. Returned value was: None
[2023-03-21 14:00:01,660] {taskinstance.py:1420} INFO - Marking task as SUCCESS. dag_id=FirstDAG, task_id=task, execution_date=20230321T130000, start_date=20230321T140001, end_date=20230321T140001
[2023-03-21 14:00:01,685] {local_task_job.py:156} INFO - Task exited with return code 0
[2023-03-21 14:00:01,724] {local_task_job.py:273} INFO - 0 downstream tasks scheduled from follow-on schedule check
