[2023-03-22T01:33:36.715+0000] {taskinstance.py:1084} INFO - Dependencies all met for dep_context=non-requeueable deps ti=<TaskInstance: spark_examples.spark-task scheduled__2023-03-21T16:00:00+00:00 [queued]>
[2023-03-22T01:33:36.736+0000] {taskinstance.py:1084} INFO - Dependencies all met for dep_context=requeueable deps ti=<TaskInstance: spark_examples.spark-task scheduled__2023-03-21T16:00:00+00:00 [queued]>
[2023-03-22T01:33:36.737+0000] {taskinstance.py:1282} INFO - 
--------------------------------------------------------------------------------
[2023-03-22T01:33:36.737+0000] {taskinstance.py:1283} INFO - Starting attempt 1 of 1
[2023-03-22T01:33:36.737+0000] {taskinstance.py:1284} INFO - 
--------------------------------------------------------------------------------
[2023-03-22T01:33:36.828+0000] {taskinstance.py:1303} INFO - Executing <Task(SparkSubmitOperator): spark-task> on 2023-03-21 16:00:00+00:00
[2023-03-22T01:33:36.841+0000] {standard_task_runner.py:55} INFO - Started process 265 to run task
[2023-03-22T01:33:36.850+0000] {standard_task_runner.py:82} INFO - Running: ['***', 'tasks', 'run', 'spark_examples', 'spark-task', 'scheduled__2023-03-21T16:00:00+00:00', '--job-id', '251', '--raw', '--subdir', 'DAGS_FOLDER/spark.py', '--cfg-path', '/tmp/tmp4wrp9x06']
[2023-03-22T01:33:36.851+0000] {standard_task_runner.py:83} INFO - Job 251: Subtask spark-task
[2023-03-22T01:33:36.996+0000] {task_command.py:388} INFO - Running <TaskInstance: spark_examples.spark-task scheduled__2023-03-21T16:00:00+00:00 [running]> on host c726f8549984
[2023-03-22T01:33:37.189+0000] {taskinstance.py:1511} INFO - Exporting the following env vars:
AIRFLOW_CTX_DAG_OWNER=truongvq
AIRFLOW_CTX_DAG_ID=spark_examples
AIRFLOW_CTX_TASK_ID=spark-task
AIRFLOW_CTX_EXECUTION_DATE=2023-03-21T16:00:00+00:00
AIRFLOW_CTX_TRY_NUMBER=1
AIRFLOW_CTX_DAG_RUN_ID=scheduled__2023-03-21T16:00:00+00:00
[2023-03-22T01:33:37.218+0000] {base.py:73} INFO - Using connection ID 'spark-connection' for task execution.
[2023-03-22T01:33:37.221+0000] {spark_submit.py:335} INFO - Spark-Submit cmd: spark-submit --master spark://vtn-truongvq:7077 --name arrow-spark --class com.viettel.truongvq.spark.Spark --verbose /opt/***/plugins/big-data-fundamentals.jar
[2023-03-22T01:33:37.636+0000] {spark_submit.py:488} INFO - /home/***/.local/lib/python3.7/site-packages/pyspark/bin/load-spark-env.sh: line 68: ps: command not found
[2023-03-22T01:33:44.208+0000] {spark_submit.py:488} INFO - Using properties file: null
[2023-03-22T01:33:45.123+0000] {spark_submit.py:488} INFO - Parsed arguments:
[2023-03-22T01:33:45.124+0000] {spark_submit.py:488} INFO - master                  spark://vtn-truongvq:7077
[2023-03-22T01:33:45.125+0000] {spark_submit.py:488} INFO - deployMode              null
[2023-03-22T01:33:45.125+0000] {spark_submit.py:488} INFO - executorMemory          null
[2023-03-22T01:33:45.125+0000] {spark_submit.py:488} INFO - executorCores           null
[2023-03-22T01:33:45.125+0000] {spark_submit.py:488} INFO - totalExecutorCores      null
[2023-03-22T01:33:45.125+0000] {spark_submit.py:488} INFO - propertiesFile          null
[2023-03-22T01:33:45.125+0000] {spark_submit.py:488} INFO - driverMemory            null
[2023-03-22T01:33:45.125+0000] {spark_submit.py:488} INFO - driverCores             null
[2023-03-22T01:33:45.126+0000] {spark_submit.py:488} INFO - driverExtraClassPath    null
[2023-03-22T01:33:45.126+0000] {spark_submit.py:488} INFO - driverExtraLibraryPath  null
[2023-03-22T01:33:45.126+0000] {spark_submit.py:488} INFO - driverExtraJavaOptions  null
[2023-03-22T01:33:45.126+0000] {spark_submit.py:488} INFO - supervise               false
[2023-03-22T01:33:45.126+0000] {spark_submit.py:488} INFO - queue                   null
[2023-03-22T01:33:45.126+0000] {spark_submit.py:488} INFO - numExecutors            null
[2023-03-22T01:33:45.126+0000] {spark_submit.py:488} INFO - files                   null
[2023-03-22T01:33:45.127+0000] {spark_submit.py:488} INFO - pyFiles                 null
[2023-03-22T01:33:45.127+0000] {spark_submit.py:488} INFO - archives                null
[2023-03-22T01:33:45.128+0000] {spark_submit.py:488} INFO - mainClass               com.viettel.truongvq.spark.Spark
[2023-03-22T01:33:45.128+0000] {spark_submit.py:488} INFO - primaryResource         file:/opt/***/plugins/big-data-fundamentals.jar
[2023-03-22T01:33:45.128+0000] {spark_submit.py:488} INFO - name                    arrow-spark
[2023-03-22T01:33:45.128+0000] {spark_submit.py:488} INFO - childArgs               []
[2023-03-22T01:33:45.128+0000] {spark_submit.py:488} INFO - jars                    null
[2023-03-22T01:33:45.128+0000] {spark_submit.py:488} INFO - packages                null
[2023-03-22T01:33:45.128+0000] {spark_submit.py:488} INFO - packagesExclusions      null
[2023-03-22T01:33:45.128+0000] {spark_submit.py:488} INFO - repositories            null
[2023-03-22T01:33:45.128+0000] {spark_submit.py:488} INFO - verbose                 true
[2023-03-22T01:33:45.129+0000] {spark_submit.py:488} INFO - 
[2023-03-22T01:33:45.129+0000] {spark_submit.py:488} INFO - Spark properties used, including those specified through
[2023-03-22T01:33:45.129+0000] {spark_submit.py:488} INFO - --conf and those from the properties file null:
[2023-03-22T01:33:45.129+0000] {spark_submit.py:488} INFO - 
[2023-03-22T01:33:45.129+0000] {spark_submit.py:488} INFO - 
[2023-03-22T01:33:45.134+0000] {spark_submit.py:488} INFO - 
[2023-03-22T01:33:46.738+0000] {spark_submit.py:488} INFO - Main class:
[2023-03-22T01:33:46.739+0000] {spark_submit.py:488} INFO - com.viettel.truongvq.spark.Spark
[2023-03-22T01:33:46.739+0000] {spark_submit.py:488} INFO - Arguments:
[2023-03-22T01:33:46.739+0000] {spark_submit.py:488} INFO - 
[2023-03-22T01:33:46.747+0000] {spark_submit.py:488} INFO - Spark config:
[2023-03-22T01:33:46.748+0000] {spark_submit.py:488} INFO - (spark.app.name,arrow-spark)
[2023-03-22T01:33:46.748+0000] {spark_submit.py:488} INFO - (spark.app.submitTime,1679448826672)
[2023-03-22T01:33:46.748+0000] {spark_submit.py:488} INFO - (spark.jars,file:/opt/***/plugins/big-data-fundamentals.jar)
[2023-03-22T01:33:46.748+0000] {spark_submit.py:488} INFO - (spark.master,spark://vtn-truongvq:7077)
[2023-03-22T01:33:46.748+0000] {spark_submit.py:488} INFO - (spark.submit.deployMode,client)
[2023-03-22T01:33:46.748+0000] {spark_submit.py:488} INFO - (spark.submit.pyFiles,)
[2023-03-22T01:33:46.750+0000] {spark_submit.py:488} INFO - Classpath elements:
[2023-03-22T01:33:46.750+0000] {spark_submit.py:488} INFO - file:/opt/***/plugins/big-data-fundamentals.jar
[2023-03-22T01:33:46.751+0000] {spark_submit.py:488} INFO - 
[2023-03-22T01:33:46.752+0000] {spark_submit.py:488} INFO - 
[2023-03-22T01:33:46.921+0000] {spark_submit.py:488} INFO - 23/03/22 01:33:46 INFO SparkContext: Running Spark version 3.3.2
[2023-03-22T01:33:47.055+0000] {spark_submit.py:488} INFO - 23/03/22 01:33:47 WARN NativeCodeLoader: Unable to load native-hadoop library for your platform... using builtin-java classes where applicable
[2023-03-22T01:33:47.285+0000] {spark_submit.py:488} INFO - 23/03/22 01:33:47 INFO ResourceUtils: ==============================================================
[2023-03-22T01:33:47.289+0000] {spark_submit.py:488} INFO - 23/03/22 01:33:47 INFO ResourceUtils: No custom resources configured for spark.driver.
[2023-03-22T01:33:47.291+0000] {spark_submit.py:488} INFO - 23/03/22 01:33:47 INFO ResourceUtils: ==============================================================
[2023-03-22T01:33:47.295+0000] {spark_submit.py:488} INFO - 23/03/22 01:33:47 INFO SparkContext: Submitted application: SparkExample
[2023-03-22T01:33:47.358+0000] {spark_submit.py:488} INFO - 23/03/22 01:33:47 INFO ResourceProfile: Default ResourceProfile created, executor resources: Map(cores -> name: cores, amount: 1, script: , vendor: , memory -> name: memory, amount: 1024, script: , vendor: , offHeap -> name: offHeap, amount: 0, script: , vendor: ), task resources: Map(cpus -> name: cpus, amount: 1.0)
[2023-03-22T01:33:47.398+0000] {spark_submit.py:488} INFO - 23/03/22 01:33:47 INFO ResourceProfile: Limiting resource is cpu
[2023-03-22T01:33:47.401+0000] {spark_submit.py:488} INFO - 23/03/22 01:33:47 INFO ResourceProfileManager: Added ResourceProfile id: 0
[2023-03-22T01:33:47.630+0000] {spark_submit.py:488} INFO - 23/03/22 01:33:47 INFO SecurityManager: Changing view acls to: default
[2023-03-22T01:33:47.640+0000] {spark_submit.py:488} INFO - 23/03/22 01:33:47 INFO SecurityManager: Changing modify acls to: default
[2023-03-22T01:33:47.646+0000] {spark_submit.py:488} INFO - 23/03/22 01:33:47 INFO SecurityManager: Changing view acls groups to:
[2023-03-22T01:33:47.660+0000] {spark_submit.py:488} INFO - 23/03/22 01:33:47 INFO SecurityManager: Changing modify acls groups to:
[2023-03-22T01:33:47.662+0000] {spark_submit.py:488} INFO - 23/03/22 01:33:47 INFO SecurityManager: SecurityManager: authentication disabled; ui acls disabled; users  with view permissions: Set(default); groups with view permissions: Set(); users  with modify permissions: Set(default); groups with modify permissions: Set()
[2023-03-22T01:33:48.675+0000] {spark_submit.py:488} INFO - 23/03/22 01:33:48 INFO Utils: Successfully started service 'sparkDriver' on port 41083.
[2023-03-22T01:33:48.987+0000] {spark_submit.py:488} INFO - 23/03/22 01:33:48 INFO SparkEnv: Registering MapOutputTracker
[2023-03-22T01:33:49.123+0000] {spark_submit.py:488} INFO - 23/03/22 01:33:49 INFO SparkEnv: Registering BlockManagerMaster
[2023-03-22T01:33:49.149+0000] {spark_submit.py:488} INFO - 23/03/22 01:33:49 INFO BlockManagerMasterEndpoint: Using org.apache.spark.storage.DefaultTopologyMapper for getting topology information
[2023-03-22T01:33:49.152+0000] {spark_submit.py:488} INFO - 23/03/22 01:33:49 INFO BlockManagerMasterEndpoint: BlockManagerMasterEndpoint up
[2023-03-22T01:33:49.191+0000] {spark_submit.py:488} INFO - 23/03/22 01:33:49 INFO SparkEnv: Registering BlockManagerMasterHeartbeat
[2023-03-22T01:33:49.349+0000] {spark_submit.py:488} INFO - 23/03/22 01:33:49 INFO DiskBlockManager: Created local directory at /tmp/blockmgr-1dddcec7-2a6a-453a-9f61-e74a0a5d5e17
[2023-03-22T01:33:49.438+0000] {spark_submit.py:488} INFO - 23/03/22 01:33:49 INFO MemoryStore: MemoryStore started with capacity 434.4 MiB
[2023-03-22T01:33:49.540+0000] {spark_submit.py:488} INFO - 23/03/22 01:33:49 INFO SparkEnv: Registering OutputCommitCoordinator
[2023-03-22T01:33:51.045+0000] {spark_submit.py:488} INFO - 23/03/22 01:33:51 WARN Utils: Service 'SparkUI' could not bind on port 4040. Attempting port 4041.
[2023-03-22T01:33:51.053+0000] {spark_submit.py:488} INFO - 23/03/22 01:33:51 WARN Utils: Service 'SparkUI' could not bind on port 4041. Attempting port 4042.
[2023-03-22T01:33:51.065+0000] {spark_submit.py:488} INFO - 23/03/22 01:33:51 WARN Utils: Service 'SparkUI' could not bind on port 4042. Attempting port 4043.
[2023-03-22T01:33:51.075+0000] {spark_submit.py:488} INFO - 23/03/22 01:33:51 WARN Utils: Service 'SparkUI' could not bind on port 4043. Attempting port 4044.
[2023-03-22T01:33:51.101+0000] {spark_submit.py:488} INFO - 23/03/22 01:33:51 WARN Utils: Service 'SparkUI' could not bind on port 4044. Attempting port 4045.
[2023-03-22T01:33:51.106+0000] {spark_submit.py:488} INFO - 23/03/22 01:33:51 WARN Utils: Service 'SparkUI' could not bind on port 4045. Attempting port 4046.
[2023-03-22T01:33:51.219+0000] {spark_submit.py:488} INFO - 23/03/22 01:33:51 INFO Utils: Successfully started service 'SparkUI' on port 4046.
[2023-03-22T01:33:51.453+0000] {spark_submit.py:488} INFO - 23/03/22 01:33:51 INFO SparkContext: Added JAR file:/opt/***/plugins/big-data-fundamentals.jar at spark://c726f8549984:41083/jars/big-data-fundamentals.jar with timestamp 1679448826882
[2023-03-22T01:33:51.900+0000] {spark_submit.py:488} INFO - 23/03/22 01:33:51 INFO Executor: Starting executor ID driver on host c726f8549984
[2023-03-22T01:33:51.952+0000] {spark_submit.py:488} INFO - 23/03/22 01:33:51 INFO Executor: Starting executor with user classpath (userClassPathFirst = false): ''
[2023-03-22T01:33:52.089+0000] {spark_submit.py:488} INFO - 23/03/22 01:33:52 INFO Executor: Fetching spark://c726f8549984:41083/jars/big-data-fundamentals.jar with timestamp 1679448826882
[2023-03-22T01:33:52.411+0000] {spark_submit.py:488} INFO - 23/03/22 01:33:52 INFO TransportClientFactory: Successfully created connection to c726f8549984/172.23.0.7:41083 after 183 ms (0 ms spent in bootstraps)
[2023-03-22T01:33:52.444+0000] {spark_submit.py:488} INFO - 23/03/22 01:33:52 INFO Utils: Fetching spark://c726f8549984:41083/jars/big-data-fundamentals.jar to /tmp/spark-255efda9-fe19-46ac-8730-afa94ffbb2ff/userFiles-642193eb-c16e-45ab-bcd9-a7572fd81d55/fetchFileTemp14569254980185614124.tmp
[2023-03-22T01:33:52.790+0000] {spark_submit.py:488} INFO - 23/03/22 01:33:52 INFO Executor: Adding file:/tmp/spark-255efda9-fe19-46ac-8730-afa94ffbb2ff/userFiles-642193eb-c16e-45ab-bcd9-a7572fd81d55/big-data-fundamentals.jar to class loader
[2023-03-22T01:33:52.825+0000] {spark_submit.py:488} INFO - 23/03/22 01:33:52 INFO Utils: Successfully started service 'org.apache.spark.network.netty.NettyBlockTransferService' on port 39785.
[2023-03-22T01:33:52.827+0000] {spark_submit.py:488} INFO - 23/03/22 01:33:52 INFO NettyBlockTransferService: Server created on c726f8549984:39785
[2023-03-22T01:33:52.853+0000] {spark_submit.py:488} INFO - 23/03/22 01:33:52 INFO BlockManager: Using org.apache.spark.storage.RandomBlockReplicationPolicy for block replication policy
[2023-03-22T01:33:52.887+0000] {spark_submit.py:488} INFO - 23/03/22 01:33:52 INFO BlockManagerMaster: Registering BlockManager BlockManagerId(driver, c726f8549984, 39785, None)
[2023-03-22T01:33:52.897+0000] {spark_submit.py:488} INFO - 23/03/22 01:33:52 INFO BlockManagerMasterEndpoint: Registering block manager c726f8549984:39785 with 434.4 MiB RAM, BlockManagerId(driver, c726f8549984, 39785, None)
[2023-03-22T01:33:52.909+0000] {spark_submit.py:488} INFO - 23/03/22 01:33:52 INFO BlockManagerMaster: Registered BlockManager BlockManagerId(driver, c726f8549984, 39785, None)
[2023-03-22T01:33:52.912+0000] {spark_submit.py:488} INFO - 23/03/22 01:33:52 INFO BlockManager: Initialized BlockManager: BlockManagerId(driver, c726f8549984, 39785, None)
[2023-03-22T01:33:56.277+0000] {spark_submit.py:488} INFO - 23/03/22 01:33:56 INFO SparkContext: Starting job: lookup at Spark.scala:15
[2023-03-22T01:33:56.335+0000] {spark_submit.py:488} INFO - 23/03/22 01:33:56 INFO DAGScheduler: Got job 0 (lookup at Spark.scala:15) with 2 output partitions
[2023-03-22T01:33:56.343+0000] {spark_submit.py:488} INFO - 23/03/22 01:33:56 INFO DAGScheduler: Final stage: ResultStage 0 (lookup at Spark.scala:15)
[2023-03-22T01:33:56.364+0000] {spark_submit.py:488} INFO - 23/03/22 01:33:56 INFO DAGScheduler: Parents of final stage: List()
[2023-03-22T01:33:56.379+0000] {spark_submit.py:488} INFO - 23/03/22 01:33:56 INFO DAGScheduler: Missing parents: List()
[2023-03-22T01:33:56.481+0000] {spark_submit.py:488} INFO - 23/03/22 01:33:56 INFO DAGScheduler: Submitting ResultStage 0 (MapPartitionsRDD[3] at lookup at Spark.scala:15), which has no missing parents
[2023-03-22T01:33:57.203+0000] {spark_submit.py:488} INFO - 23/03/22 01:33:57 INFO MemoryStore: Block broadcast_0 stored as values in memory (estimated size 4.7 KiB, free 434.4 MiB)
[2023-03-22T01:33:57.425+0000] {spark_submit.py:488} INFO - 23/03/22 01:33:57 INFO MemoryStore: Block broadcast_0_piece0 stored as bytes in memory (estimated size 2.5 KiB, free 434.4 MiB)
[2023-03-22T01:33:57.440+0000] {spark_submit.py:488} INFO - 23/03/22 01:33:57 INFO BlockManagerInfo: Added broadcast_0_piece0 in memory on c726f8549984:39785 (size: 2.5 KiB, free: 434.4 MiB)
[2023-03-22T01:33:57.460+0000] {spark_submit.py:488} INFO - 23/03/22 01:33:57 INFO SparkContext: Created broadcast 0 from broadcast at DAGScheduler.scala:1513
[2023-03-22T01:33:57.590+0000] {spark_submit.py:488} INFO - 23/03/22 01:33:57 INFO DAGScheduler: Submitting 2 missing tasks from ResultStage 0 (MapPartitionsRDD[3] at lookup at Spark.scala:15) (first 15 tasks are for partitions Vector(0, 1))
[2023-03-22T01:33:57.595+0000] {spark_submit.py:488} INFO - 23/03/22 01:33:57 INFO TaskSchedulerImpl: Adding task set 0.0 with 2 tasks resource profile 0
[2023-03-22T01:33:57.848+0000] {spark_submit.py:488} INFO - 23/03/22 01:33:57 INFO TaskSetManager: Starting task 0.0 in stage 0.0 (TID 0) (c726f8549984, executor driver, partition 0, PROCESS_LOCAL, 4488 bytes) taskResourceAssignments Map()
[2023-03-22T01:33:58.102+0000] {spark_submit.py:488} INFO - 23/03/22 01:33:58 INFO Executor: Running task 0.0 in stage 0.0 (TID 0)
[2023-03-22T01:33:59.115+0000] {spark_submit.py:488} INFO - 23/03/22 01:33:59 INFO Executor: Finished task 0.0 in stage 0.0 (TID 0). 853 bytes result sent to driver
[2023-03-22T01:33:59.140+0000] {spark_submit.py:488} INFO - 23/03/22 01:33:59 INFO TaskSetManager: Starting task 1.0 in stage 0.0 (TID 1) (c726f8549984, executor driver, partition 1, PROCESS_LOCAL, 4491 bytes) taskResourceAssignments Map()
[2023-03-22T01:33:59.146+0000] {spark_submit.py:488} INFO - 23/03/22 01:33:59 INFO Executor: Running task 1.0 in stage 0.0 (TID 1)
[2023-03-22T01:33:59.220+0000] {spark_submit.py:488} INFO - 23/03/22 01:33:59 INFO TaskSetManager: Finished task 0.0 in stage 0.0 (TID 0) in 1454 ms on c726f8549984 (executor driver) (1/2)
[2023-03-22T01:33:59.224+0000] {spark_submit.py:488} INFO - 23/03/22 01:33:59 INFO Executor: Finished task 1.0 in stage 0.0 (TID 1). 854 bytes result sent to driver
[2023-03-22T01:33:59.313+0000] {spark_submit.py:488} INFO - 23/03/22 01:33:59 INFO TaskSetManager: Finished task 1.0 in stage 0.0 (TID 1) in 151 ms on c726f8549984 (executor driver) (2/2)
[2023-03-22T01:33:59.326+0000] {spark_submit.py:488} INFO - 23/03/22 01:33:59 INFO TaskSchedulerImpl: Removed TaskSet 0.0, whose tasks have all completed, from pool
[2023-03-22T01:33:59.328+0000] {spark_submit.py:488} INFO - 23/03/22 01:33:59 INFO DAGScheduler: ResultStage 0 (lookup at Spark.scala:15) finished in 2.632 s
[2023-03-22T01:33:59.350+0000] {spark_submit.py:488} INFO - 23/03/22 01:33:59 INFO DAGScheduler: Job 0 is finished. Cancelling potential speculative or zombie tasks for this job
[2023-03-22T01:33:59.369+0000] {spark_submit.py:488} INFO - 23/03/22 01:33:59 INFO TaskSchedulerImpl: Killing all running tasks in stage 0: Stage finished
[2023-03-22T01:33:59.407+0000] {spark_submit.py:488} INFO - 23/03/22 01:33:59 INFO DAGScheduler: Job 0 finished: lookup at Spark.scala:15, took 3.121466 s
[2023-03-22T01:33:59.600+0000] {spark_submit.py:488} INFO - WrappedArray(Spark, Simple)23/03/22 01:33:59 INFO SparkContext: Invoking stop() from shutdown hook
[2023-03-22T01:33:59.753+0000] {spark_submit.py:488} INFO - 23/03/22 01:33:59 INFO SparkUI: Stopped Spark web UI at http://c726f8549984:4046
[2023-03-22T01:33:59.896+0000] {spark_submit.py:488} INFO - 23/03/22 01:33:59 INFO MapOutputTrackerMasterEndpoint: MapOutputTrackerMasterEndpoint stopped!
[2023-03-22T01:34:00.010+0000] {spark_submit.py:488} INFO - 23/03/22 01:34:00 INFO MemoryStore: MemoryStore cleared
[2023-03-22T01:34:00.015+0000] {spark_submit.py:488} INFO - 23/03/22 01:34:00 INFO BlockManager: BlockManager stopped
[2023-03-22T01:34:00.100+0000] {spark_submit.py:488} INFO - 23/03/22 01:34:00 INFO BlockManagerMaster: BlockManagerMaster stopped
[2023-03-22T01:34:00.109+0000] {spark_submit.py:488} INFO - 23/03/22 01:34:00 INFO OutputCommitCoordinator$OutputCommitCoordinatorEndpoint: OutputCommitCoordinator stopped!
[2023-03-22T01:34:00.165+0000] {spark_submit.py:488} INFO - 23/03/22 01:34:00 INFO SparkContext: Successfully stopped SparkContext
[2023-03-22T01:34:00.167+0000] {spark_submit.py:488} INFO - 23/03/22 01:34:00 INFO ShutdownHookManager: Shutdown hook called
[2023-03-22T01:34:00.175+0000] {spark_submit.py:488} INFO - 23/03/22 01:34:00 INFO ShutdownHookManager: Deleting directory /tmp/spark-255efda9-fe19-46ac-8730-afa94ffbb2ff
[2023-03-22T01:34:00.187+0000] {spark_submit.py:488} INFO - 23/03/22 01:34:00 INFO ShutdownHookManager: Deleting directory /tmp/spark-2a847a77-8b7d-488d-b931-e5889b47a8a1
[2023-03-22T01:34:00.667+0000] {taskinstance.py:1326} INFO - Marking task as SUCCESS. dag_id=spark_examples, task_id=spark-task, execution_date=20230321T160000, start_date=20230322T013336, end_date=20230322T013400
[2023-03-22T01:34:00.795+0000] {local_task_job.py:212} INFO - Task exited with return code 0
[2023-03-22T01:34:00.839+0000] {taskinstance.py:2585} INFO - 0 downstream tasks scheduled from follow-on schedule check
